[scheduler id] 3
[number of node monitors] 50

[job statistics]
7adea06d-4844-4f9a-8edf-4d423f762a10
 [response time] 1.616
 [number of tasks] 5
 [nm p s]
 [44] 1 0
 [43] 1 0
 [42] 1 0
 [15] 1 1
 [12] 1 1
 [5] 1 1
 [4] 1 1
 [26] 1 0
 [49] 1 0
 [24] 1 1
50ce1f62-50b2-48ab-a07c-e11b92871f04
 [response time] 1.78
 [number of tasks] 5
 [nm p s]
 [22] 1 1
 [44] 1 0
 [39] 1 0
 [37] 1 1
 [36] 1 1
 [33] 1 0
 [4] 1 0
 [27] 1 1
 [25] 1 1
 [23] 1 0
a5f56261-db8a-47c0-b9dd-ac3b00c51755
 [response time] 2.2
 [number of tasks] 5
 [nm p s]
 [43] 1 0
 [19] 1 0
 [18] 1 0
 [16] 1 1
 [15] 1 0
 [13] 1 0
 [33] 1 1
 [31] 1 1
 [27] 1 1
 [0] 1 1
2a615fa8-73f9-403c-8793-bd26aad49fda
 [response time] 2.563
 [number of tasks] 5
 [nm p s]
 [45] 1 1
 [20] 1 1
 [40] 1 0
 [38] 1 1
 [36] 1 0
 [11] 1 1
 [10] 1 0
 [49] 1 0
 [2] 1 1
 [24] 1 0
cc5e9ed4-0e0b-4340-a725-e599950ff394
 [response time] 3.902
 [number of tasks] 5
 [nm p s]
 [20] 1 0
 [41] 1 0
 [14] 1 1
 [34] 1 1
 [30] 1 0
 [28] 1 1
 [27] 1 0
 [25] 1 1
 [1] 1 1
 [0] 1 0
62097f5e-4f4f-4acd-8dea-fa6edd192329
 [response time] 4.534
 [number of tasks] 5
 [nm p s]
 [22] 1 0
 [21] 1 1
 [41] 1 1
 [17] 1 1
 [36] 1 0
 [9] 1 1
 [30] 1 0
 [27] 1 0
 [25] 1 0
 [48] 1 1
ad5e9956-2435-4d0f-a8ef-7e6c2b949675
 [response time] 4.715
 [number of tasks] 5
 [nm p s]
 [18] 1 0
 [41] 1 0
 [39] 1 0
 [15] 1 1
 [12] 1 1
 [35] 1 1
 [3] 1 1
 [25] 1 0
 [48] 1 0
 [47] 1 1
dd6521a2-c9a9-47fe-a9f7-5e129e72b7fe
 [response time] 4.768
 [number of tasks] 5
 [nm p s]
 [22] 1 1
 [21] 1 1
 [14] 1 0
 [36] 1 0
 [9] 1 1
 [30] 1 1
 [5] 1 1
 [27] 1 0
 [49] 1 0
 [24] 1 0
46299391-7e4c-4214-b567-dff9a1ea8497
 [response time] 4.927
 [number of tasks] 5
 [nm p s]
 [19] 1 0
 [18] 1 0
 [14] 1 1
 [10] 1 1
 [32] 1 1
 [7] 1 1
 [6] 1 0
 [26] 1 1
 [24] 1 0
 [23] 1 0
3ae37898-5a8d-4bda-b90e-3036c9b4ec40
 [response time] 5.334
 [number of tasks] 5
 [nm p s]
 [22] 1 0
 [42] 1 1
 [40] 1 1
 [14] 1 0
 [37] 1 1
 [33] 1 1
 [4] 1 0
 [26] 1 0
 [0] 1 1
 [23] 1 0
1e3e8e37-3356-42f3-997d-9d9a126c23eb
 [response time] 5.261
 [number of tasks] 5
 [nm p s]
 [44] 1 1
 [21] 1 0
 [43] 1 0
 [41] 1 0
 [39] 1 0
 [11] 1 0
 [9] 1 1
 [29] 1 1
 [25] 1 1
 [0] 1 1
9fa99021-496d-42ea-839c-52a657fff426
 [response time] 5.66
 [number of tasks] 5
 [nm p s]
 [44] 1 0
 [21] 1 1
 [20] 1 1
 [40] 1 0
 [16] 1 1
 [39] 1 1
 [15] 1 1
 [7] 1 0
 [26] 1 0
 [0] 1 0
f5fca1e3-134e-42a2-9e4e-04d3015d6d8a
 [response time] 5.721
 [number of tasks] 5
 [nm p s]
 [22] 1 1
 [45] 1 0
 [42] 1 0
 [18] 1 1
 [40] 1 0
 [38] 1 1
 [10] 1 0
 [31] 1 1
 [29] 1 1
 [24] 1 0
c34b73ba-bc22-4f10-81c8-06cd1258adb9
 [response time] 6.489
 [number of tasks] 5
 [nm p s]
 [40] 1 0
 [14] 1 1
 [36] 1 0
 [10] 1 0
 [7] 1 0
 [30] 1 1
 [6] 1 0
 [5] 1 1
 [49] 1 1
 [48] 1 1
1c79f840-9a1e-470c-a2aa-85e130ed1bf0
 [response time] 6.382
 [number of tasks] 5
 [nm p s]
 [18] 1 0
 [40] 1 0
 [17] 1 1
 [16] 1 1
 [37] 1 1
 [10] 1 1
 [7] 1 0
 [27] 1 1
 [26] 1 0
 [2] 1 0
6fd8b1f3-9f7f-43f1-9da9-d7a7f9787762
 [response time] 6.917
 [number of tasks] 5
 [nm p s]
 [22] 1 0
 [45] 1 0
 [43] 1 0
 [17] 1 0
 [11] 1 1
 [10] 1 0
 [30] 1 1
 [26] 1 1
 [24] 1 1
 [23] 1 1
c289a98f-7f17-462c-ae6a-a2a91da27d1a
 [response time] 7.159
 [number of tasks] 5
 [nm p s]
 [22] 1 0
 [39] 1 1
 [38] 1 0
 [14] 1 0
 [37] 1 0
 [35] 1 0
 [34] 1 1
 [27] 1 1
 [49] 1 1
 [25] 1 1
add2f906-0757-42fe-afbf-f06fbcfc39c6
 [response time] 7.618
 [number of tasks] 5
 [nm p s]
 [22] 1 1
 [20] 1 1
 [18] 1 0
 [16] 1 0
 [14] 1 1
 [36] 1 1
 [35] 1 0
 [34] 1 0
 [32] 1 0
 [2] 1 1
d826da05-aaee-46fb-9d10-7693b0e04b72
 [response time] 7.631
 [number of tasks] 5
 [nm p s]
 [21] 1 0
 [40] 1 1
 [39] 1 0
 [35] 1 0
 [11] 1 1
 [9] 1 0
 [8] 1 1
 [5] 1 1
 [3] 1 1
 [0] 1 0
144412d6-ef49-4075-848b-c98beb46fee7
 [response time] 8.445
 [number of tasks] 5
 [nm p s]
 [22] 1 0
 [45] 1 1
 [20] 1 0
 [43] 1 0
 [41] 1 0
 [38] 1 1
 [36] 1 1
 [30] 1 1
 [2] 1 1
 [0] 1 0
e0cf915e-3434-4026-85fd-be186ef78839
 [response time] 9.29
 [number of tasks] 5
 [nm p s]
 [20] 1 0
 [42] 1 0
 [41] 1 1
 [15] 1 1
 [10] 1 1
 [31] 1 0
 [30] 1 0
 [5] 1 1
 [27] 1 1
 [26] 1 0
6cf4a50c-aeec-4ac9-8d82-9de44ab79e3a
 [response time] 9.255
 [number of tasks] 5
 [nm p s]
 [44] 1 1
 [20] 1 0
 [42] 1 1
 [39] 1 0
 [15] 1 0
 [11] 1 0
 [8] 1 1
 [5] 1 0
 [47] 1 1
 [46] 1 1
0caab704-0fb1-4b7e-a315-c2c8a83eb41e
 [response time] 8.825
 [number of tasks] 5
 [nm p s]
 [21] 1 1
 [19] 1 1
 [18] 1 0
 [41] 1 1
 [16] 1 0
 [12] 1 0
 [35] 1 0
 [33] 1 1
 [24] 1 0
 [1] 1 1
db239677-e48b-4f9c-99ba-5bfbd1184d8e
 [response time] 9.648
 [number of tasks] 5
 [nm p s]
 [22] 1 1
 [45] 1 1
 [42] 1 0
 [17] 1 1
 [39] 1 0
 [14] 1 1
 [36] 1 0
 [35] 1 0
 [10] 1 1
 [28] 1 0
0a770b19-824b-4fcc-91ba-d3fcf192550a
 [response time] 10.113
 [number of tasks] 5
 [nm p s]
 [22] 1 1
 [44] 1 0
 [43] 1 1
 [42] 1 0
 [17] 1 0
 [40] 1 1
 [38] 1 0
 [6] 1 1
 [4] 1 1
 [46] 1 0
a00d95ad-a147-4255-87c5-6d905ea3e622
 [response time] 10.339
 [number of tasks] 5
 [nm p s]
 [21] 1 1
 [18] 1 1
 [39] 1 1
 [38] 1 0
 [12] 1 1
 [32] 1 1
 [30] 1 0
 [6] 1 0
 [5] 1 0
 [49] 1 0
f532ae2f-6baa-4daf-9219-1e64797554be
 [response time] 10.29
 [number of tasks] 5
 [nm p s]
 [37] 1 0
 [36] 1 0
 [30] 1 1
 [4] 1 0
 [26] 1 0
 [49] 1 1
 [2] 1 1
 [48] 1 1
 [24] 1 0
 [47] 1 1
51b46051-9320-431f-b988-2181febdddce
 [response time] 10.384
 [number of tasks] 5
 [nm p s]
 [21] 1 1
 [43] 1 1
 [40] 1 0
 [16] 1 1
 [14] 1 1
 [13] 1 0
 [34] 1 0
 [11] 1 1
 [32] 1 0
 [30] 1 0
ff1bcce0-632f-424e-ba13-73b41220cc6a
 [response time] 10.569
 [number of tasks] 5
 [nm p s]
 [44] 1 1
 [40] 1 1
 [16] 1 0
 [39] 1 0
 [37] 1 0
 [11] 1 1
 [9] 1 1
 [26] 1 1
 [1] 1 0
 [46] 1 0
3ae946ac-8b55-4370-8797-c5ed2c0b0aea
 [response time] 10.938
 [number of tasks] 5
 [nm p s]
 [45] 1 0
 [21] 1 0
 [44] 1 1
 [42] 1 1
 [39] 1 0
 [14] 1 0
 [12] 1 0
 [9] 1 1
 [25] 1 1
 [23] 1 1
e62452ed-7049-4e36-85b8-aa1cff47d415
 [response time] 11.381
 [number of tasks] 5
 [nm p s]
 [21] 1 0
 [18] 1 0
 [16] 1 1
 [13] 1 1
 [36] 1 1
 [9] 1 0
 [30] 1 0
 [5] 1 1
 [49] 1 1
 [47] 1 0
fcd79433-d414-4927-9ddf-4d964f221c2b
 [response time] 11.134
 [number of tasks] 5
 [nm p s]
 [22] 1 1
 [44] 1 0
 [43] 1 1
 [19] 1 1
 [42] 1 0
 [34] 1 1
 [10] 1 0
 [3] 1 0
 [49] 1 1
 [0] 1 0
f40982cd-acd7-43af-9ebf-4cc4481e092f
 [response time] 11.432
 [number of tasks] 5
 [nm p s]
 [21] 1 0
 [20] 1 1
 [38] 1 0
 [13] 1 0
 [33] 1 0
 [10] 1 1
 [32] 1 0
 [31] 1 1
 [29] 1 1
 [2] 1 1
e76ef7bb-6984-4129-8cd1-28f9cf50579e
 [response time] 11.749
 [number of tasks] 5
 [nm p s]
 [44] 1 1
 [21] 1 0
 [43] 1 0
 [35] 1 1
 [10] 1 1
 [8] 1 1
 [5] 1 0
 [3] 1 1
 [26] 1 0
 [25] 1 0
19127b92-ba8a-45c5-9f65-cccf2e475335
 [response time] 11.87
 [number of tasks] 5
 [nm p s]
 [45] 1 1
 [18] 1 1
 [41] 1 1
 [14] 1 1
 [36] 1 0
 [32] 1 0
 [30] 1 1
 [26] 1 0
 [49] 1 0
 [1] 1 0
53d7e6a5-ef17-4c81-aef9-f20d2902f295
 [response time] 12.454
 [number of tasks] 5
 [nm p s]
 [22] 1 0
 [19] 1 0
 [15] 1 1
 [34] 1 0
 [10] 1 1
 [28] 1 1
 [4] 1 0
 [3] 1 0
 [24] 1 1
 [23] 1 1
5beb943a-9945-473b-aec2-6a1f4e5bdeeb
 [response time] 12.93
 [number of tasks] 5
 [nm p s]
 [20] 1 0
 [42] 1 1
 [41] 1 1
 [37] 1 0
 [12] 1 1
 [33] 1 1
 [28] 1 0
 [4] 1 0
 [0] 1 1
 [23] 1 0
2590c97b-688a-4dbe-9c77-d004c57b499c
 [response time] 13.197
 [number of tasks] 5
 [nm p s]
 [22] 1 1
 [19] 1 0
 [39] 1 0
 [34] 1 1
 [33] 1 0
 [10] 1 1
 [30] 1 0
 [27] 1 1
 [48] 1 1
 [24] 1 0
3371e4a9-89ca-48f1-a4f9-21e953996408
 [response time] 13.287
 [number of tasks] 5
 [nm p s]
 [22] 1 1
 [42] 1 0
 [39] 1 1
 [12] 1 0
 [11] 1 0
 [33] 1 0
 [9] 1 1
 [2] 1 1
 [47] 1 0
 [46] 1 1
10e231b6-cfff-448a-99ec-9537f5114191
 [response time] 14.268
 [number of tasks] 5
 [nm p s]
 [19] 1 1
 [18] 1 1
 [17] 1 1
 [37] 1 1
 [36] 1 0
 [34] 1 1
 [10] 1 0
 [8] 1 0
 [48] 1 0
 [24] 1 0
024b5920-f8e2-44c0-8726-74164c4eaa02
 [response time] 14.602
 [number of tasks] 5
 [nm p s]
 [42] 1 0
 [16] 1 1
 [14] 1 0
 [36] 1 1
 [8] 1 1
 [5] 1 1
 [26] 1 1
 [49] 1 0
 [1] 1 0
 [23] 1 0
d2df86fb-da20-4330-9584-baf16183e071
 [response time] 14.678
 [number of tasks] 5
 [nm p s]
 [22] 1 0
 [19] 1 1
 [42] 1 1
 [18] 1 0
 [14] 1 0
 [12] 1 1
 [7] 1 1
 [49] 1 1
 [26] 1 0
 [48] 1 0
4244dcbd-3ce2-424c-9136-855b91578b3f
 [response time] 14.464
 [number of tasks] 5
 [nm p s]
 [18] 1 0
 [40] 1 1
 [38] 1 1
 [14] 1 0
 [31] 1 1
 [30] 1 1
 [6] 1 0
 [4] 1 0
 [3] 1 1
 [47] 1 0
3edbb4c4-9d71-4b06-9607-891e35101fe2
 [response time] 14.752
 [number of tasks] 5
 [nm p s]
 [17] 1 0
 [40] 1 0
 [16] 1 0
 [35] 1 1
 [34] 1 1
 [33] 1 1
 [30] 1 0
 [6] 1 0
 [49] 1 1
 [2] 1 1
c142767f-7225-4724-babe-d25936be13dd
 [response time] 14.544
 [number of tasks] 5
 [nm p s]
 [20] 1 0
 [43] 1 0
 [41] 1 0
 [36] 1 1
 [12] 1 1
 [34] 1 1
 [33] 1 0
 [5] 1 1
 [25] 1 0
 [1] 1 1
10b68e19-0218-4605-83cb-01b2712411b0
 [response time] 15.438
 [number of tasks] 5
 [nm p s]
 [22] 1 0
 [19] 1 0
 [39] 1 1
 [14] 1 0
 [12] 1 0
 [11] 1 1
 [7] 1 1
 [5] 1 1
 [4] 1 1
 [26] 1 0
c38aee04-41ed-4beb-9c08-a2bf5e2f970a
 [response time] 15.617
 [number of tasks] 5
 [nm p s]
 [45] 1 1
 [43] 1 0
 [41] 1 1
 [16] 1 1
 [37] 1 1
 [33] 1 0
 [31] 1 0
 [5] 1 1
 [48] 1 0
 [0] 1 0
99f0a6e1-8bc3-43d0-bc68-6f255a832743
 [response time] 15.765
 [number of tasks] 5
 [nm p s]
 [45] 1 1
 [41] 1 0
 [40] 1 1
 [14] 1 1
 [13] 1 1
 [35] 1 0
 [34] 1 0
 [33] 1 0
 [10] 1 0
 [26] 1 1
c11a75fd-288b-4602-b630-8d4bbd97c1ca
 [response time] 16.78
 [number of tasks] 5
 [nm p s]
 [20] 1 1
 [42] 1 1
 [17] 1 0
 [39] 1 0
 [15] 1 1
 [31] 1 0
 [7] 1 1
 [48] 1 0
 [1] 1 1
 [47] 1 0
fe692094-3da9-4d07-ba6f-d19a3481570b
 [response time] 17.401
 [number of tasks] 5
 [nm p s]
 [20] 1 1
 [19] 1 0
 [42] 1 1
 [16] 1 0
 [39] 1 1
 [36] 1 0
 [33] 1 0
 [32] 1 1
 [5] 1 0
 [1] 1 1
