[scheduler id] 4
[number of node monitors] 50

[job statistics]
6634e7c5-7ef4-4d09-8afe-9398c0a7539b
 [response time] 2.774
 [number of tasks] 5
 [nm p s]
 [19] 1 0
 [15] 1 1
 [14] 1 0
 [13] 1 1
 [34] 1 0
 [10] 1 1
 [6] 1 1
 [5] 1 1
 [4] 1 0
 [49] 1 0
9068b5d4-2fd5-47bf-9a4b-c2b64617b0de
 [response time] 2.827
 [number of tasks] 5
 [nm p s]
 [43] 1 1
 [18] 1 0
 [37] 1 1
 [12] 1 1
 [32] 1 0
 [1] 1 0
 [24] 1 0
 [47] 1 1
 [23] 1 0
 [46] 1 1
04d7649e-9460-408d-b3d4-75f20f68d915
 [response time] 2.825
 [number of tasks] 5
 [nm p s]
 [22] 1 0
 [41] 1 0
 [40] 1 1
 [14] 1 1
 [36] 1 1
 [34] 1 1
 [10] 1 0
 [31] 1 1
 [5] 1 0
 [0] 1 0
d1f48072-afae-473f-a2a9-02fcff391460
 [response time] 3.411
 [number of tasks] 5
 [nm p s]
 [22] 1 1
 [21] 1 0
 [20] 1 0
 [17] 1 0
 [16] 1 0
 [15] 1 0
 [34] 1 1
 [33] 1 1
 [8] 1 1
 [3] 1 1
09688808-e4a0-409d-8c1e-3b911331580c
 [response time] 3.055
 [number of tasks] 5
 [nm p s]
 [42] 1 0
 [18] 1 1
 [41] 1 1
 [17] 1 1
 [40] 1 0
 [15] 1 1
 [37] 1 1
 [8] 1 0
 [49] 1 0
 [26] 1 0
f7244271-22b4-4a3b-8a84-6678000d85b9
 [response time] 3.43
 [number of tasks] 5
 [nm p s]
 [43] 1 0
 [41] 1 0
 [40] 1 0
 [32] 1 1
 [7] 1 1
 [29] 1 1
 [27] 1 0
 [3] 1 0
 [25] 1 1
 [47] 1 1
3aa4f67f-04b9-4611-a70c-e470afc8fa8e
 [response time] 4.289
 [number of tasks] 5
 [nm p s]
 [44] 1 1
 [20] 1 1
 [17] 1 1
 [39] 1 1
 [15] 1 1
 [13] 1 0
 [12] 1 0
 [11] 1 0
 [32] 1 0
 [7] 1 0
15f3118b-6722-4f22-9c98-ac4ea2e0f919
 [response time] 3.754
 [number of tasks] 5
 [nm p s]
 [45] 1 1
 [43] 1 1
 [19] 1 1
 [17] 1 0
 [16] 1 0
 [12] 1 0
 [11] 1 0
 [28] 1 1
 [49] 1 0
 [0] 1 1
ceb954ae-beef-4136-ad16-554612cbf560
 [response time] 4.73
 [number of tasks] 5
 [nm p s]
 [22] 1 0
 [41] 1 0
 [15] 1 1
 [34] 1 1
 [7] 1 1
 [29] 1 0
 [3] 1 1
 [26] 1 0
 [25] 1 0
 [24] 1 1
c5f04c98-992e-4f35-96e1-d1bdcf7046dc
 [response time] 4.536
 [number of tasks] 5
 [nm p s]
 [22] 1 0
 [41] 1 0
 [18] 1 1
 [40] 1 1
 [15] 1 0
 [14] 1 0
 [37] 1 1
 [31] 1 0
 [24] 1 1
 [0] 1 1
e479166d-2e37-49e6-98e4-dab86d8c4f1e
 [response time] 4.767
 [number of tasks] 5
 [nm p s]
 [43] 1 1
 [40] 1 0
 [39] 1 1
 [37] 1 0
 [13] 1 1
 [35] 1 0
 [10] 1 0
 [7] 1 1
 [28] 1 1
 [0] 1 0
6d2f7805-b59b-4dfa-99d6-13350890c728
 [response time] 5.802
 [number of tasks] 5
 [nm p s]
 [22] 1 0
 [45] 1 1
 [41] 1 0
 [15] 1 0
 [36] 1 0
 [35] 1 1
 [11] 1 1
 [33] 1 0
 [2] 1 1
 [47] 1 1
08c1edbc-13a9-4ca3-8f6d-e739716a8ae0
 [response time] 5.65
 [number of tasks] 5
 [nm p s]
 [43] 1 0
 [19] 1 0
 [42] 1 0
 [17] 1 1
 [38] 1 1
 [37] 1 0
 [30] 1 1
 [3] 1 0
 [26] 1 1
 [23] 1 1
14cbc7f3-a98b-4c28-9f96-d4389fc9f82f
 [response time] 5.611
 [number of tasks] 5
 [nm p s]
 [43] 1 0
 [39] 1 1
 [34] 1 1
 [33] 1 1
 [9] 1 1
 [8] 1 0
 [31] 1 1
 [6] 1 0
 [2] 1 0
 [0] 1 0
bccc9da1-b79d-42e7-b180-24496dbfcf32
 [response time] 5.816
 [number of tasks] 5
 [nm p s]
 [44] 1 1
 [43] 1 0
 [40] 1 0
 [36] 1 1
 [35] 1 0
 [11] 1 0
 [34] 1 1
 [30] 1 0
 [28] 1 1
 [47] 1 1
4ac5f567-37b7-4ddf-8e1e-c7c4b0b49f9d
 [response time] 6.452
 [number of tasks] 5
 [nm p s]
 [15] 1 1
 [37] 1 0
 [35] 1 0
 [11] 1 1
 [8] 1 1
 [28] 1 0
 [3] 1 0
 [26] 1 0
 [2] 1 1
 [46] 1 1
23d003f5-2292-4648-a953-cbb2d293b71b
 [response time] 6.638
 [number of tasks] 5
 [nm p s]
 [22] 1 1
 [19] 1 0
 [17] 1 0
 [16] 1 1
 [14] 1 0
 [35] 1 0
 [7] 1 1
 [4] 1 1
 [25] 1 1
 [0] 1 0
ffee46b2-431e-4a03-9d18-1ac35276d6b6
 [response time] 6.427
 [number of tasks] 5
 [nm p s]
 [22] 1 1
 [39] 1 0
 [15] 1 0
 [14] 1 0
 [31] 1 1
 [30] 1 0
 [3] 1 1
 [25] 1 1
 [2] 1 0
 [46] 1 1
9be01f30-6f17-4ceb-b646-a21cb403c297
 [response time] 7.643
 [number of tasks] 5
 [nm p s]
 [21] 1 0
 [18] 1 0
 [41] 1 1
 [15] 1 0
 [36] 1 0
 [35] 1 1
 [12] 1 1
 [31] 1 1
 [27] 1 1
 [23] 1 0
cd77a6a5-9c92-44ca-ba80-1e6761358057
 [response time] 7.733
 [number of tasks] 5
 [nm p s]
 [42] 1 1
 [13] 1 1
 [34] 1 0
 [29] 1 0
 [28] 1 0
 [26] 1 1
 [1] 1 1
 [24] 1 0
 [46] 1 1
 [23] 1 0
b0afea2e-0ccb-45a1-9187-c4fd019e5953
 [response time] 8.102
 [number of tasks] 5
 [nm p s]
 [21] 1 1
 [20] 1 1
 [14] 1 0
 [32] 1 0
 [29] 1 0
 [28] 1 0
 [5] 1 1
 [26] 1 1
 [23] 1 0
 [46] 1 1
bb4bb9f4-4dcc-44fc-8a95-ec2102554dcf
 [response time] 7.957
 [number of tasks] 5
 [nm p s]
 [21] 1 0
 [20] 1 0
 [43] 1 0
 [15] 1 1
 [37] 1 0
 [14] 1 0
 [7] 1 1
 [6] 1 1
 [5] 1 1
 [0] 1 1
ec880ede-088d-458b-a37a-a5c8db6fe565
 [response time] 8.173
 [number of tasks] 5
 [nm p s]
 [22] 1 1
 [21] 1 0
 [19] 1 0
 [41] 1 1
 [39] 1 0
 [37] 1 0
 [34] 1 1
 [9] 1 1
 [49] 1 0
 [25] 1 1
b4fc4e5c-3e02-426d-a84f-15c935916e95
 [response time] 8.215
 [number of tasks] 5
 [nm p s]
 [45] 1 1
 [43] 1 0
 [17] 1 0
 [39] 1 1
 [9] 1 1
 [32] 1 1
 [28] 1 0
 [2] 1 1
 [48] 1 0
 [24] 1 0
37c588d3-e399-432b-a412-06e572557977
 [response time] 8.633
 [number of tasks] 5
 [nm p s]
 [20] 1 0
 [39] 1 0
 [34] 1 1
 [6] 1 1
 [5] 1 0
 [4] 1 1
 [26] 1 0
 [0] 1 0
 [23] 1 1
 [46] 1 1
493d0a8e-dfa7-43b4-9511-43a33095ba70
 [response time] 8.578
 [number of tasks] 5
 [nm p s]
 [16] 1 1
 [39] 1 0
 [38] 1 1
 [37] 1 1
 [13] 1 1
 [36] 1 0
 [33] 1 1
 [8] 1 0
 [29] 1 0
 [23] 1 0
fed010a8-64ed-45ea-bfd2-52ac7419d55d
 [response time] 9.7
 [number of tasks] 5
 [nm p s]
 [45] 1 0
 [22] 1 0
 [40] 1 1
 [13] 1 1
 [34] 1 1
 [10] 1 0
 [31] 1 0
 [7] 1 1
 [1] 1 0
 [47] 1 1
d52d2459-a1c4-4cd5-bdd6-ed1f40ea5f0f
 [response time] 10.122
 [number of tasks] 5
 [nm p s]
 [20] 1 1
 [37] 1 1
 [33] 1 1
 [10] 1 1
 [32] 1 0
 [6] 1 0
 [28] 1 0
 [27] 1 0
 [49] 1 0
 [0] 1 1
5ca1ef31-ff53-4ef5-a23a-814a6240a7e3
 [response time] 11.031
 [number of tasks] 5
 [nm p s]
 [22] 1 1
 [18] 1 0
 [17] 1 0
 [39] 1 1
 [38] 1 0
 [15] 1 0
 [8] 1 1
 [48] 1 1
 [24] 1 1
 [46] 1 0
d1f841f6-1a40-40f5-8a23-b21dca1ff152
 [response time] 11.114
 [number of tasks] 5
 [nm p s]
 [45] 1 1
 [21] 1 1
 [19] 1 0
 [18] 1 1
 [38] 1 0
 [28] 1 1
 [48] 1 0
 [2] 1 0
 [24] 1 1
 [23] 1 0
a93e81a7-5596-44a2-a9fb-0ac281efac3b
 [response time] 11.235
 [number of tasks] 5
 [nm p s]
 [21] 1 0
 [11] 1 1
 [10] 1 0
 [32] 1 0
 [9] 1 1
 [8] 1 1
 [26] 1 1
 [25] 1 1
 [47] 1 0
 [46] 1 0
4808e02a-983c-49e5-8641-c028892d7dd4
 [response time] 10.785
 [number of tasks] 5
 [nm p s]
 [44] 1 1
 [17] 1 1
 [35] 1 0
 [9] 1 0
 [32] 1 1
 [30] 1 0
 [28] 1 0
 [25] 1 0
 [47] 1 1
 [24] 1 1
0638cf2c-530c-4f09-b9de-899f9a91402c
 [response time] 11.869
 [number of tasks] 5
 [nm p s]
 [42] 1 1
 [16] 1 0
 [38] 1 0
 [32] 1 0
 [31] 1 1
 [30] 1 1
 [28] 1 0
 [3] 1 1
 [1] 1 1
 [23] 1 0
2809f24c-8d62-4f7f-8c1b-a313bae966cb
 [response time] 12.215
 [number of tasks] 5
 [nm p s]
 [45] 1 1
 [40] 1 0
 [13] 1 0
 [36] 1 1
 [12] 1 0
 [9] 1 1
 [8] 1 0
 [5] 1 0
 [28] 1 1
 [4] 1 1
258f6890-1a9c-4832-84d5-78436295ce1e
 [response time] 11.83
 [number of tasks] 5
 [nm p s]
 [22] 1 0
 [21] 1 1
 [43] 1 0
 [37] 1 1
 [8] 1 0
 [30] 1 1
 [26] 1 1
 [2] 1 0
 [25] 1 0
 [0] 1 1
15382899-240e-426e-9561-b29ccaa14732
 [response time] 12.468
 [number of tasks] 5
 [nm p s]
 [44] 1 1
 [18] 1 1
 [39] 1 1
 [15] 1 1
 [38] 1 0
 [6] 1 1
 [28] 1 0
 [26] 1 0
 [48] 1 0
 [46] 1 0
4e831813-51c9-453b-a28a-8bcf480d79a4
 [response time] 12.865
 [number of tasks] 5
 [nm p s]
 [44] 1 0
 [43] 1 1
 [15] 1 0
 [34] 1 0
 [32] 1 0
 [30] 1 0
 [29] 1 1
 [28] 1 1
 [4] 1 1
 [23] 1 1
bffc62ff-5ed9-4236-b422-a10df7290779
 [response time] 13.139
 [number of tasks] 5
 [nm p s]
 [22] 1 0
 [20] 1 1
 [42] 1 0
 [40] 1 0
 [16] 1 1
 [36] 1 1
 [33] 1 0
 [9] 1 0
 [2] 1 1
 [25] 1 1
052050cc-5103-42ab-82b6-32ee167960d1
 [response time] 13.392
 [number of tasks] 5
 [nm p s]
 [44] 1 0
 [43] 1 0
 [14] 1 0
 [36] 1 1
 [11] 1 1
 [9] 1 0
 [31] 1 1
 [4] 1 1
 [25] 1 0
 [46] 1 1
49e0c16f-7f6c-4b1e-9d4d-eb9c68e9df8a
 [response time] 13.363
 [number of tasks] 5
 [nm p s]
 [45] 1 1
 [22] 1 0
 [15] 1 1
 [37] 1 0
 [35] 1 1
 [34] 1 0
 [32] 1 0
 [8] 1 0
 [47] 1 1
 [46] 1 1
7c50fca2-f7ba-4e6d-bccf-af7d0900433d
 [response time] 14.215
 [number of tasks] 5
 [nm p s]
 [43] 1 0
 [20] 1 1
 [40] 1 1
 [16] 1 0
 [15] 1 0
 [11] 1 1
 [32] 1 0
 [31] 1 0
 [5] 1 1
 [47] 1 1
d8676386-67c6-421a-8488-f06ab92972be
 [response time] 14.362
 [number of tasks] 5
 [nm p s]
 [43] 1 0
 [15] 1 0
 [14] 1 1
 [33] 1 1
 [6] 1 1
 [29] 1 1
 [49] 1 0
 [2] 1 1
 [25] 1 0
 [46] 1 0
f15058e3-2a1a-4160-92b1-90b5c79c5463
 [response time] 14.558
 [number of tasks] 5
 [nm p s]
 [43] 1 0
 [41] 1 1
 [39] 1 0
 [14] 1 0
 [35] 1 1
 [32] 1 1
 [7] 1 1
 [23] 1 0
 [0] 1 0
 [46] 1 1
fd1bfad0-203a-4f38-8415-20ab6e9d98fc
 [response time] 14.635
 [number of tasks] 5
 [nm p s]
 [22] 1 1
 [19] 1 0
 [18] 1 1
 [17] 1 0
 [37] 1 1
 [11] 1 0
 [31] 1 0
 [48] 1 1
 [0] 1 1
 [23] 1 0
04273d5e-a552-4683-adcb-2b89c4a323de
 [response time] 15.498
 [number of tasks] 5
 [nm p s]
 [22] 1 0
 [43] 1 1
 [16] 1 1
 [15] 1 0
 [10] 1 0
 [32] 1 0
 [31] 1 1
 [27] 1 1
 [2] 1 0
 [0] 1 1
62edd7a4-e36c-494b-83b1-571288693e2a
 [response time] 15.134
 [number of tasks] 5
 [nm p s]
 [42] 1 1
 [40] 1 1
 [39] 1 0
 [15] 1 0
 [34] 1 1
 [33] 1 1
 [6] 1 0
 [29] 1 0
 [47] 1 0
 [24] 1 1
cc0965f3-0166-4f21-bc98-fcdec92a07dc
 [response time] 14.93
 [number of tasks] 5
 [nm p s]
 [19] 1 1
 [42] 1 0
 [40] 1 0
 [39] 1 0
 [15] 1 1
 [13] 1 0
 [35] 1 1
 [9] 1 1
 [1] 1 1
 [47] 1 0
45aa9397-6c96-4445-86c5-630f1055065e
 [response time] 14.872
 [number of tasks] 5
 [nm p s]
 [39] 1 0
 [15] 1 0
 [38] 1 0
 [36] 1 1
 [32] 1 1
 [6] 1 1
 [3] 1 1
 [49] 1 0
 [2] 1 0
 [24] 1 1
310ecfe7-5622-4a12-bcc8-305ba0cfc2af
 [response time] 16.096
 [number of tasks] 5
 [nm p s]
 [22] 1 1
 [20] 1 0
 [42] 1 1
 [37] 1 1
 [12] 1 0
 [9] 1 1
 [30] 1 0
 [29] 1 1
 [4] 1 0
 [25] 1 0
94324ce9-b503-4f58-9e78-fac723ee8be5
 [response time] 15.96
 [number of tasks] 5
 [nm p s]
 [22] 1 0
 [44] 1 1
 [41] 1 1
 [40] 1 0
 [16] 1 0
 [39] 1 0
 [9] 1 1
 [7] 1 1
 [28] 1 1
 [2] 1 0
