[scheduler id] 0
[number of node monitors] 50

[job statistics]
9143ce35-be81-4488-8430-97b41627693f
 [response time] 1.27
 [number of tasks] 5
 [nm p s]
 [22] 1 1
 [40] 1 0
 [39] 1 0
 [38] 1 0
 [13] 1 0
 [11] 1 1
 [32] 1 1
 [30] 1 1
 [5] 1 0
 [23] 1 1
7af28711-2bef-42cc-af90-6dfae5d99581
 [response time] 1.79
 [number of tasks] 5
 [nm p s]
 [45] 1 0
 [43] 1 1
 [18] 1 0
 [41] 1 1
 [17] 1 0
 [40] 1 1
 [15] 1 0
 [5] 1 0
 [27] 1 1
 [26] 1 1
d110bac1-b76f-45bb-912e-659837f3fcb8
 [response time] 2.206
 [number of tasks] 5
 [nm p s]
 [45] 1 1
 [44] 1 0
 [20] 1 1
 [17] 1 0
 [35] 1 0
 [11] 1 0
 [32] 1 0
 [26] 1 1
 [47] 1 1
 [0] 1 1
7b05a2ac-d9ef-4938-9608-cf9b6b2724ae
 [response time] 2.253
 [number of tasks] 5
 [nm p s]
 [19] 1 1
 [33] 1 0
 [7] 1 1
 [30] 1 0
 [6] 1 0
 [29] 1 1
 [49] 1 0
 [3] 1 0
 [25] 1 1
 [46] 1 1
9e9be143-62bb-4e98-a37e-926f0886aa56
 [response time] 2.695
 [number of tasks] 5
 [nm p s]
 [22] 1 0
 [38] 1 0
 [14] 1 0
 [8] 1 0
 [7] 1 1
 [30] 1 1
 [6] 1 1
 [49] 1 1
 [24] 1 1
 [0] 1 0
90b237ac-a170-469a-ac57-2f7402e9d4e4
 [response time] 2.776
 [number of tasks] 5
 [nm p s]
 [45] 1 0
 [44] 1 0
 [21] 1 1
 [12] 1 1
 [32] 1 1
 [29] 1 0
 [2] 1 1
 [48] 1 1
 [23] 1 0
 [46] 1 0
3675aa13-aff1-46af-bfd8-c36bb94ab162
 [response time] 3.413
 [number of tasks] 5
 [nm p s]
 [44] 1 1
 [43] 1 1
 [42] 1 1
 [15] 1 0
 [11] 1 0
 [32] 1 0
 [8] 1 1
 [6] 1 0
 [5] 1 0
 [46] 1 1
80fb32e8-5ce8-4601-9f08-8da6b2414b0d
 [response time] 3.17
 [number of tasks] 5
 [nm p s]
 [41] 1 1
 [17] 1 1
 [16] 1 1
 [31] 1 1
 [7] 1 0
 [30] 1 0
 [6] 1 0
 [5] 1 0
 [48] 1 1
 [23] 1 0
2774c49c-e6c3-4ffd-92cf-250aba9c0fb6
 [response time] 3.585
 [number of tasks] 5
 [nm p s]
 [22] 1 0
 [21] 1 1
 [20] 1 1
 [43] 1 0
 [37] 1 0
 [35] 1 1
 [10] 1 1
 [28] 1 1
 [27] 1 0
 [47] 1 0
fc69af36-f418-44ea-acfa-e2dbfc66d539
 [response time] 3.83
 [number of tasks] 5
 [nm p s]
 [19] 1 0
 [16] 1 0
 [38] 1 0
 [13] 1 1
 [35] 1 1
 [11] 1 0
 [34] 1 1
 [3] 1 1
 [49] 1 1
 [25] 1 0
3ff2fb05-1d72-4e27-be25-0e5f2647f849
 [response time] 4.408
 [number of tasks] 5
 [nm p s]
 [44] 1 0
 [20] 1 0
 [11] 1 0
 [10] 1 1
 [9] 1 1
 [7] 1 1
 [30] 1 0
 [29] 1 0
 [4] 1 1
 [2] 1 1
fa1d83ef-19f5-480d-b8b8-22d098d8d50d
 [response time] 4.159
 [number of tasks] 5
 [nm p s]
 [39] 1 1
 [14] 1 0
 [12] 1 0
 [33] 1 1
 [32] 1 1
 [29] 1 1
 [3] 1 0
 [26] 1 0
 [1] 1 1
 [24] 1 0
76871d1b-fcd0-4323-94f8-40fd7203ed90
 [response time] 4.618
 [number of tasks] 5
 [nm p s]
 [41] 1 0
 [38] 1 1
 [14] 1 1
 [37] 1 1
 [36] 1 0
 [35] 1 0
 [30] 1 0
 [28] 1 1
 [27] 1 0
 [2] 1 1
12ca491c-1e38-451e-8f9b-bf8e1087fb7b
 [response time] 4.894
 [number of tasks] 5
 [nm p s]
 [44] 1 1
 [42] 1 1
 [36] 1 0
 [12] 1 0
 [6] 1 0
 [28] 1 1
 [27] 1 1
 [3] 1 0
 [49] 1 1
 [23] 1 0
39fd41f4-c1d0-4310-8733-764888098528
 [response time] 5.145
 [number of tasks] 5
 [nm p s]
 [20] 1 0
 [43] 1 0
 [42] 1 1
 [16] 1 1
 [12] 1 1
 [30] 1 0
 [6] 1 1
 [27] 1 0
 [26] 1 0
 [24] 1 1
684784c7-2503-4f34-acf9-542586eaf05e
 [response time] 5.792
 [number of tasks] 5
 [nm p s]
 [42] 1 1
 [17] 1 0
 [38] 1 0
 [33] 1 1
 [8] 1 1
 [7] 1 0
 [30] 1 0
 [26] 1 0
 [48] 1 1
 [24] 1 1
a7e83953-8032-49fb-87d5-8f0fb6dcda75
 [response time] 6.039
 [number of tasks] 5
 [nm p s]
 [22] 1 1
 [44] 1 1
 [40] 1 0
 [14] 1 1
 [37] 1 0
 [32] 1 0
 [7] 1 1
 [6] 1 0
 [28] 1 0
 [5] 1 1
71d8980e-fae6-4e55-88c4-7fa5623c8bf1
 [response time] 5.753
 [number of tasks] 5
 [nm p s]
 [43] 1 1
 [42] 1 1
 [40] 1 0
 [14] 1 0
 [6] 1 0
 [27] 1 0
 [3] 1 1
 [48] 1 1
 [24] 1 0
 [23] 1 1
44215ca7-3e00-48e9-bc03-9ef49bb817aa
 [response time] 6.33
 [number of tasks] 5
 [nm p s]
 [44] 1 0
 [43] 1 0
 [17] 1 1
 [37] 1 1
 [13] 1 1
 [32] 1 0
 [7] 1 0
 [6] 1 1
 [23] 1 1
 [0] 1 0
dcfe0bf6-156a-4101-98e7-0f069c4680bc
 [response time] 6.516
 [number of tasks] 5
 [nm p s]
 [20] 1 0
 [42] 1 0
 [18] 1 0
 [39] 1 1
 [15] 1 0
 [38] 1 0
 [11] 1 1
 [4] 1 1
 [49] 1 1
 [46] 1 1
bcce78b0-5b5f-4174-9f26-411cf26efa8c
 [response time] 6.927
 [number of tasks] 5
 [nm p s]
 [43] 1 0
 [17] 1 1
 [39] 1 0
 [14] 1 0
 [35] 1 1
 [10] 1 1
 [29] 1 0
 [49] 1 1
 [24] 1 0
 [47] 1 1
0f808992-63ba-4cca-a557-beb5109607c4
 [response time] 7.01
 [number of tasks] 5
 [nm p s]
 [21] 1 1
 [33] 1 0
 [31] 1 0
 [30] 1 0
 [4] 1 1
 [49] 1 0
 [25] 1 1
 [1] 1 1
 [0] 1 0
 [46] 1 1
a164665b-cf2f-46fb-b936-c5850b161871
 [response time] 8.424
 [number of tasks] 5
 [nm p s]
 [44] 1 1
 [19] 1 0
 [18] 1 0
 [16] 1 1
 [13] 1 1
 [34] 1 0
 [30] 1 1
 [5] 1 0
 [28] 1 0
 [48] 1 1
1a990f80-0442-408b-8d3b-2a903ce73200
 [response time] 8.445
 [number of tasks] 5
 [nm p s]
 [44] 1 1
 [42] 1 0
 [41] 1 0
 [10] 1 1
 [29] 1 0
 [28] 1 0
 [5] 1 0
 [27] 1 1
 [49] 1 1
 [2] 1 1
a7ed4c45-79e1-4ee9-957a-0907813452e2
 [response time] 8.702
 [number of tasks] 5
 [nm p s]
 [22] 1 1
 [43] 1 1
 [40] 1 0
 [38] 1 1
 [10] 1 0
 [32] 1 0
 [8] 1 1
 [7] 1 1
 [27] 1 0
 [3] 1 0
3cac919a-2c88-40f5-921f-61bcb04b5e9f
 [response time] 9.028
 [number of tasks] 5
 [nm p s]
 [21] 1 1
 [36] 1 1
 [12] 1 1
 [7] 1 0
 [5] 1 1
 [49] 1 0
 [3] 1 1
 [25] 1 0
 [1] 1 0
 [0] 1 0
991fbb84-8f16-4bb4-bebd-6dfdd5b80bbc
 [response time] 9.217
 [number of tasks] 5
 [nm p s]
 [21] 1 0
 [20] 1 0
 [42] 1 0
 [41] 1 1
 [16] 1 1
 [37] 1 1
 [12] 1 1
 [32] 1 0
 [29] 1 1
 [0] 1 0
64b9651c-d4c9-4f05-9b2a-e13e158058af
 [response time] 9.61
 [number of tasks] 5
 [nm p s]
 [18] 1 1
 [39] 1 1
 [15] 1 0
 [38] 1 0
 [35] 1 1
 [10] 1 0
 [31] 1 0
 [7] 1 0
 [6] 1 1
 [3] 1 1
3230696e-a67a-4421-b3f7-8ffb4f4c992d
 [response time] 9.71
 [number of tasks] 5
 [nm p s]
 [22] 1 0
 [43] 1 1
 [41] 1 0
 [36] 1 1
 [34] 1 0
 [33] 1 0
 [30] 1 0
 [27] 1 1
 [49] 1 1
 [0] 1 1
3cbacad1-0408-48c2-a35a-1f8acacac384
 [response time] 10.392
 [number of tasks] 5
 [nm p s]
 [20] 1 0
 [42] 1 1
 [18] 1 1
 [17] 1 1
 [15] 1 0
 [33] 1 1
 [29] 1 0
 [5] 1 1
 [4] 1 0
 [26] 1 0
8e57994c-27b6-4010-8056-7549f840769e
 [response time] 10.68
 [number of tasks] 5
 [nm p s]
 [22] 1 1
 [21] 1 0
 [16] 1 1
 [39] 1 0
 [14] 1 1
 [37] 1 0
 [32] 1 0
 [30] 1 1
 [4] 1 1
 [27] 1 0
3dafe756-5bb5-4a1c-a18c-831479facb71
 [response time] 10.47
 [number of tasks] 5
 [nm p s]
 [18] 1 0
 [41] 1 0
 [32] 1 1
 [26] 1 1
 [3] 1 1
 [2] 1 0
 [48] 1 1
 [47] 1 0
 [24] 1 0
 [0] 1 1
454e4144-d53c-4529-9bca-104db1ef1f17
 [response time] 10.76
 [number of tasks] 5
 [nm p s]
 [21] 1 0
 [17] 1 1
 [13] 1 1
 [36] 1 0
 [35] 1 0
 [33] 1 1
 [2] 1 0
 [25] 1 1
 [1] 1 0
 [46] 1 1
49c254cd-34d0-412b-860d-005146a1297f
 [response time] 11.25
 [number of tasks] 5
 [nm p s]
 [45] 1 0
 [39] 1 0
 [38] 1 1
 [36] 1 0
 [12] 1 0
 [8] 1 0
 [28] 1 1
 [4] 1 1
 [25] 1 1
 [46] 1 1
16dfd671-0569-4041-8a4f-b8afe948ad21
 [response time] 12.086
 [number of tasks] 5
 [nm p s]
 [44] 1 0
 [41] 1 1
 [16] 1 0
 [37] 1 0
 [13] 1 0
 [36] 1 1
 [12] 1 1
 [4] 1 1
 [27] 1 1
 [46] 1 0
08dc3804-d6dc-4767-9214-e90cad2d58a6
 [response time] 12.204
 [number of tasks] 5
 [nm p s]
 [20] 1 1
 [19] 1 0
 [16] 1 0
 [37] 1 1
 [11] 1 1
 [9] 1 1
 [3] 1 0
 [47] 1 0
 [23] 1 0
 [46] 1 1
6ecb5f4a-2ccc-48b7-a239-94d7da377823
 [response time] 12.546
 [number of tasks] 5
 [nm p s]
 [22] 1 0
 [20] 1 0
 [38] 1 1
 [35] 1 0
 [6] 1 1
 [28] 1 0
 [2] 1 1
 [48] 1 1
 [1] 1 1
 [46] 1 0
fceb0cca-41cf-4f4f-b7cd-72790a2a769a
 [response time] 12.405
 [number of tasks] 5
 [nm p s]
 [20] 1 1
 [39] 1 1
 [14] 1 1
 [32] 1 0
 [8] 1 0
 [2] 1 0
 [25] 1 1
 [48] 1 0
 [24] 1 0
 [0] 1 1
eef96eca-57d6-49c0-810f-41b5c8ad232d
 [response time] 13.048
 [number of tasks] 5
 [nm p s]
 [22] 1 1
 [16] 1 0
 [15] 1 0
 [14] 1 1
 [37] 1 1
 [36] 1 0
 [35] 1 1
 [8] 1 1
 [49] 1 0
 [24] 1 0
a56da254-6016-4274-9124-485c4adf1fe4
 [response time] 12.648
 [number of tasks] 5
 [nm p s]
 [21] 1 1
 [44] 1 1
 [18] 1 0
 [37] 1 0
 [13] 1 0
 [36] 1 0
 [29] 1 1
 [27] 1 0
 [3] 1 1
 [25] 1 1
659610e6-612b-4383-87c9-0ddab29a179d
 [response time] 13.275
 [number of tasks] 5
 [nm p s]
 [45] 1 0
 [21] 1 1
 [41] 1 1
 [15] 1 0
 [36] 1 0
 [10] 1 1
 [32] 1 1
 [8] 1 0
 [3] 1 0
 [2] 1 1
9124fa0e-2400-4527-8185-3ef694c462cb
 [response time] 13.252
 [number of tasks] 5
 [nm p s]
 [18] 1 0
 [40] 1 1
 [38] 1 1
 [13] 1 0
 [36] 1 1
 [12] 1 0
 [35] 1 0
 [8] 1 0
 [24] 1 1
 [23] 1 1
2f3fe4bc-d86f-463a-a8cd-69ebc0490051
 [response time] 14.033
 [number of tasks] 5
 [nm p s]
 [44] 1 0
 [42] 1 1
 [16] 1 0
 [38] 1 1
 [12] 1 1
 [34] 1 0
 [31] 1 1
 [30] 1 1
 [3] 1 0
 [25] 1 0
d4749b56-6124-40bf-8eea-47db2e707aa9
 [response time] 14.426
 [number of tasks] 5
 [nm p s]
 [17] 1 0
 [13] 1 0
 [33] 1 0
 [9] 1 1
 [8] 1 1
 [31] 1 1
 [5] 1 0
 [49] 1 1
 [48] 1 1
 [47] 1 0
8db3ddad-6bc4-4243-8211-0066e684597b
 [response time] 14.633
 [number of tasks] 5
 [nm p s]
 [44] 1 1
 [43] 1 0
 [19] 1 0
 [41] 1 0
 [17] 1 0
 [15] 1 0
 [12] 1 1
 [10] 1 1
 [31] 1 1
 [23] 1 1
f2412b1d-a3eb-4be3-9566-c3199eda43d7
 [response time] 15.198
 [number of tasks] 5
 [nm p s]
 [22] 1 0
 [43] 1 1
 [18] 1 1
 [41] 1 0
 [16] 1 1
 [37] 1 1
 [33] 1 0
 [3] 1 0
 [49] 1 1
 [47] 1 0
10b25c61-4f59-4d86-87d3-f967a9e6b2bd
 [response time] 15.583
 [number of tasks] 5
 [nm p s]
 [17] 1 1
 [16] 1 0
 [13] 1 1
 [35] 1 0
 [33] 1 0
 [8] 1 1
 [28] 1 1
 [27] 1 0
 [2] 1 1
 [47] 1 0
59000e93-4417-4bd1-ae52-fdecb5d40212
 [response time] 15.726
 [number of tasks] 5
 [nm p s]
 [43] 1 1
 [19] 1 0
 [17] 1 0
 [35] 1 0
 [31] 1 0
 [30] 1 1
 [7] 1 1
 [27] 1 1
 [0] 1 1
 [23] 1 0
8c97a6ec-9116-4b1f-8def-6ad4abf08df7
 [response time] 16.608
 [number of tasks] 5
 [nm p s]
 [20] 1 0
 [43] 1 0
 [39] 1 0
 [37] 1 0
 [11] 1 1
 [32] 1 1
 [4] 1 1
 [26] 1 1
 [25] 1 1
 [2] 1 0
2f6b0d13-60b4-4cf0-a1c0-f2e0a2179aa7
 [response time] 17.005
 [number of tasks] 5
 [nm p s]
 [21] 1 1
 [43] 1 0
 [19] 1 0
 [42] 1 1
 [41] 1 0
 [17] 1 0
 [38] 1 1
 [10] 1 1
 [8] 1 1
 [4] 1 0
