[scheduler id] 1
[number of node monitors] 50

[job statistics]
30a73005-b0b4-48a7-9626-b8d7aa896161
 [response time] 2.048
 [number of tasks] 5
 [nm p s]
 [42] 1 0
 [18] 1 1
 [37] 1 0
 [13] 1 1
 [8] 1 0
 [6] 1 1
 [5] 1 1
 [28] 1 0
 [25] 1 0
 [24] 1 1
bf1213f9-1834-43ae-a7fa-e00379353604
 [response time] 2.291
 [number of tasks] 5
 [nm p s]
 [12] 1 0
 [11] 1 1
 [10] 1 0
 [32] 1 1
 [30] 1 1
 [28] 1 0
 [5] 1 1
 [27] 1 0
 [25] 1 0
 [23] 1 1
f54bd138-1972-4bde-8de1-59a471009ddf
 [response time] 2.282
 [number of tasks] 5
 [nm p s]
 [19] 1 1
 [18] 1 0
 [32] 1 0
 [30] 1 0
 [4] 1 1
 [3] 1 1
 [49] 1 1
 [25] 1 0
 [48] 1 1
 [46] 1 0
72fbab68-60e3-4876-9a6e-b8dcba212823
 [response time] 2.368
 [number of tasks] 5
 [nm p s]
 [45] 1 0
 [42] 1 1
 [16] 1 1
 [39] 1 1
 [36] 1 0
 [35] 1 1
 [33] 1 0
 [8] 1 0
 [5] 1 0
 [1] 1 1
8724d7ed-fce8-4b6f-b742-8f34461fcf34
 [response time] 2.594
 [number of tasks] 5
 [nm p s]
 [22] 1 0
 [44] 1 1
 [18] 1 0
 [15] 1 0
 [36] 1 0
 [9] 1 1
 [32] 1 0
 [29] 1 1
 [26] 1 1
 [49] 1 1
332fa8bd-6bcd-4ab6-a7f5-a4389f9f7c46
 [response time] 2.79
 [number of tasks] 5
 [nm p s]
 [20] 1 0
 [42] 1 0
 [41] 1 1
 [14] 1 0
 [36] 1 1
 [35] 1 1
 [33] 1 0
 [9] 1 1
 [26] 1 1
 [24] 1 0
c2083a98-bd77-4297-be48-65b0a6d55074
 [response time] 3.054
 [number of tasks] 5
 [nm p s]
 [22] 1 0
 [18] 1 1
 [35] 1 0
 [33] 1 0
 [30] 1 1
 [6] 1 1
 [27] 1 0
 [4] 1 1
 [25] 1 0
 [23] 1 1
d7205a5b-1fe8-4dec-bff5-5ce2737ff72c
 [response time] 3.808
 [number of tasks] 5
 [nm p s]
 [22] 1 0
 [20] 1 0
 [43] 1 0
 [40] 1 1
 [39] 1 0
 [38] 1 1
 [11] 1 1
 [5] 1 0
 [28] 1 1
 [23] 1 1
7a00ceb8-10f4-4077-8283-9b487727a576
 [response time] 4.426
 [number of tasks] 5
 [nm p s]
 [15] 1 0
 [37] 1 1
 [36] 1 0
 [33] 1 1
 [10] 1 1
 [8] 1 1
 [7] 1 1
 [30] 1 0
 [29] 1 0
 [2] 1 0
b76700d2-a540-4dd3-9f96-bc71de70f118
 [response time] 3.993
 [number of tasks] 5
 [nm p s]
 [20] 1 0
 [40] 1 0
 [17] 1 0
 [39] 1 1
 [15] 1 1
 [36] 1 1
 [12] 1 1
 [34] 1 1
 [26] 1 0
 [1] 1 0
43b99bbe-2590-4a62-92e7-097d72a71a32
 [response time] 3.899
 [number of tasks] 5
 [nm p s]
 [44] 1 0
 [21] 1 1
 [34] 1 0
 [7] 1 0
 [4] 1 1
 [27] 1 0
 [49] 1 1
 [1] 1 1
 [47] 1 0
 [0] 1 1
54c07cc1-ca40-4ce8-b0f9-810555c58567
 [response time] 4.386
 [number of tasks] 5
 [nm p s]
 [44] 1 0
 [18] 1 1
 [16] 1 1
 [34] 1 0
 [32] 1 1
 [8] 1 1
 [4] 1 0
 [49] 1 0
 [24] 1 0
 [46] 1 1
f0e67376-170a-42fa-9dd0-162ed5349e90
 [response time] 4.336
 [number of tasks] 5
 [nm p s]
 [19] 1 1
 [18] 1 1
 [38] 1 1
 [35] 1 0
 [31] 1 0
 [6] 1 1
 [28] 1 0
 [27] 1 0
 [3] 1 1
 [26] 1 0
1df21e55-b85b-42e9-a1ea-5d6c86110aa6
 [response time] 4.846
 [number of tasks] 5
 [nm p s]
 [45] 1 1
 [43] 1 0
 [42] 1 0
 [17] 1 0
 [37] 1 0
 [32] 1 1
 [28] 1 1
 [27] 1 1
 [1] 1 0
 [47] 1 1
9ded34ff-8257-40fd-b97a-d105e43c61bc
 [response time] 5.194
 [number of tasks] 5
 [nm p s]
 [41] 1 0
 [37] 1 0
 [34] 1 0
 [10] 1 0
 [6] 1 0
 [29] 1 1
 [5] 1 1
 [26] 1 1
 [47] 1 1
 [23] 1 1
5e3f1c3d-9e1e-4cb4-a69c-a2560be7126f
 [response time] 5.495
 [number of tasks] 5
 [nm p s]
 [43] 1 1
 [15] 1 0
 [37] 1 0
 [11] 1 0
 [10] 1 1
 [9] 1 1
 [8] 1 0
 [30] 1 0
 [25] 1 1
 [0] 1 1
de714ce5-15cd-49d6-a578-8f81a3eb932e
 [response time] 5.665
 [number of tasks] 5
 [nm p s]
 [21] 1 1
 [18] 1 1
 [40] 1 1
 [38] 1 0
 [11] 1 1
 [32] 1 0
 [4] 1 1
 [2] 1 0
 [24] 1 0
 [23] 1 0
1cd9e016-1d3b-40bc-b41c-c3861c3f59a3
 [response time] 6.15
 [number of tasks] 5
 [nm p s]
 [19] 1 1
 [40] 1 1
 [17] 1 0
 [39] 1 1
 [15] 1 0
 [36] 1 0
 [10] 1 0
 [28] 1 0
 [48] 1 1
 [1] 1 1
c12e4307-ff10-4ff2-aa2b-dd5d121ef105
 [response time] 6.426
 [number of tasks] 5
 [nm p s]
 [45] 1 1
 [20] 1 1
 [18] 1 1
 [15] 1 1
 [36] 1 0
 [9] 1 1
 [27] 1 0
 [49] 1 0
 [25] 1 0
 [47] 1 0
0b46c554-c6e1-4fde-8aae-8b6399ee682e
 [response time] 7.049
 [number of tasks] 5
 [nm p s]
 [20] 1 1
 [18] 1 0
 [41] 1 1
 [40] 1 0
 [13] 1 1
 [12] 1 1
 [11] 1 0
 [27] 1 0
 [49] 1 1
 [24] 1 0
92e41ac2-6b29-43ad-9346-732650a019cd
 [response time] 6.929
 [number of tasks] 5
 [nm p s]
 [43] 1 1
 [19] 1 1
 [18] 1 0
 [38] 1 0
 [14] 1 1
 [33] 1 1
 [10] 1 0
 [31] 1 0
 [28] 1 1
 [26] 1 0
145eb66e-cc4c-49af-be17-1ebd8ddc29d0
 [response time] 7.021
 [number of tasks] 5
 [nm p s]
 [42] 1 1
 [16] 1 0
 [15] 1 1
 [14] 1 0
 [13] 1 1
 [31] 1 0
 [6] 1 0
 [28] 1 1
 [24] 1 0
 [0] 1 1
47ed12ae-2390-46f5-84a5-37b17858fe05
 [response time] 7.181
 [number of tasks] 5
 [nm p s]
 [45] 1 1
 [20] 1 0
 [18] 1 1
 [39] 1 0
 [31] 1 1
 [29] 1 1
 [27] 1 0
 [49] 1 0
 [24] 1 0
 [23] 1 1
f7831166-d1c2-4603-8b76-102c1b471c26
 [response time] 7.777
 [number of tasks] 5
 [nm p s]
 [38] 1 1
 [13] 1 1
 [11] 1 0
 [9] 1 0
 [8] 1 1
 [4] 1 1
 [27] 1 0
 [26] 1 0
 [48] 1 1
 [0] 1 0
ad502cfb-741d-43a1-9506-f5815732356b
 [response time] 7.572
 [number of tasks] 5
 [nm p s]
 [44] 1 1
 [20] 1 0
 [42] 1 0
 [18] 1 0
 [14] 1 1
 [11] 1 1
 [31] 1 0
 [29] 1 0
 [3] 1 1
 [24] 1 1
aabf9bca-3a1e-43a2-8ab8-2766265aef53
 [response time] 8.809
 [number of tasks] 5
 [nm p s]
 [22] 1 0
 [45] 1 1
 [17] 1 1
 [36] 1 0
 [35] 1 1
 [33] 1 1
 [7] 1 0
 [28] 1 0
 [4] 1 0
 [24] 1 1
07ed9ae7-f78d-4982-93ed-d3cd11f198f9
 [response time] 8.715
 [number of tasks] 5
 [nm p s]
 [22] 1 0
 [45] 1 0
 [43] 1 1
 [19] 1 1
 [42] 1 0
 [40] 1 1
 [13] 1 1
 [49] 1 0
 [47] 1 1
 [23] 1 0
cdad9856-8bdd-4345-ad5e-fe79d36f9f9c
 [response time] 9.172
 [number of tasks] 5
 [nm p s]
 [45] 1 0
 [44] 1 1
 [20] 1 0
 [17] 1 0
 [40] 1 1
 [35] 1 0
 [32] 1 1
 [31] 1 0
 [27] 1 1
 [26] 1 1
71a72938-be32-468a-b52a-e251ef3960e0
 [response time] 9.33
 [number of tasks] 5
 [nm p s]
 [45] 1 0
 [41] 1 1
 [39] 1 0
 [34] 1 1
 [31] 1 1
 [5] 1 0
 [2] 1 0
 [1] 1 1
 [24] 1 1
 [46] 1 0
befb4f51-8535-48d3-a4c2-b305f07436a4
 [response time] 9.705
 [number of tasks] 5
 [nm p s]
 [22] 1 1
 [45] 1 0
 [44] 1 0
 [16] 1 1
 [39] 1 1
 [34] 1 0
 [9] 1 1
 [24] 1 0
 [0] 1 0
 [23] 1 1
676325a9-3370-4e9f-a78e-b33697bbe9a8
 [response time] 10.095
 [number of tasks] 5
 [nm p s]
 [41] 1 1
 [17] 1 0
 [38] 1 1
 [14] 1 1
 [37] 1 0
 [35] 1 0
 [33] 1 1
 [8] 1 1
 [7] 1 0
 [26] 1 0
00c808f4-d5b8-42a8-b7ea-edb6b0bdcc90
 [response time] 9.863
 [number of tasks] 5
 [nm p s]
 [45] 1 0
 [20] 1 1
 [40] 1 1
 [39] 1 0
 [38] 1 0
 [32] 1 1
 [29] 1 1
 [49] 1 0
 [1] 1 1
 [47] 1 0
21b0593a-7194-4d07-8259-32c2104fc008
 [response time] 10.977
 [number of tasks] 5
 [nm p s]
 [45] 1 0
 [21] 1 0
 [16] 1 0
 [39] 1 0
 [37] 1 1
 [35] 1 1
 [32] 1 1
 [28] 1 1
 [2] 1 0
 [47] 1 1
3eba71d4-1b25-45b1-8155-828b9a3e93fe
 [response time] 10.651
 [number of tasks] 5
 [nm p s]
 [21] 1 0
 [17] 1 1
 [16] 1 0
 [38] 1 0
 [13] 1 1
 [7] 1 1
 [27] 1 0
 [4] 1 0
 [3] 1 1
 [48] 1 1
ea9c43f7-6a3a-4baa-89b3-30e03a7c2e15
 [response time] 10.485
 [number of tasks] 5
 [nm p s]
 [43] 1 1
 [16] 1 0
 [37] 1 1
 [36] 1 0
 [11] 1 0
 [7] 1 1
 [1] 1 1
 [24] 1 0
 [47] 1 1
 [0] 1 0
95570b35-b0a3-41a1-b73d-40be4bcafb7b
 [response time] 11.254
 [number of tasks] 5
 [nm p s]
 [15] 1 1
 [35] 1 0
 [34] 1 1
 [10] 1 0
 [31] 1 0
 [28] 1 1
 [49] 1 0
 [48] 1 0
 [24] 1 1
 [0] 1 1
ff838941-4166-4c3d-b605-3549c7671d1f
 [response time] 11.373
 [number of tasks] 5
 [nm p s]
 [39] 1 0
 [16] 1 0
 [13] 1 1
 [35] 1 0
 [11] 1 1
 [33] 1 1
 [32] 1 0
 [31] 1 1
 [27] 1 0
 [48] 1 1
5b78e98e-1c2f-42cb-a0df-8791bb00a91b
 [response time] 11.904
 [number of tasks] 5
 [nm p s]
 [44] 1 0
 [19] 1 1
 [40] 1 0
 [16] 1 0
 [15] 1 1
 [34] 1 1
 [10] 1 0
 [48] 1 0
 [24] 1 1
 [23] 1 1
c85137bb-eeef-49c5-8eee-6a165aa4d3b5
 [response time] 11.595
 [number of tasks] 5
 [nm p s]
 [14] 1 1
 [13] 1 1
 [12] 1 0
 [33] 1 0
 [10] 1 0
 [32] 1 0
 [31] 1 1
 [29] 1 1
 [26] 1 1
 [48] 1 0
ad8e7dd9-c322-4019-a1f4-19deb56d7c6d
 [response time] 12.031
 [number of tasks] 5
 [nm p s]
 [21] 1 1
 [42] 1 0
 [41] 1 1
 [10] 1 1
 [9] 1 0
 [5] 1 1
 [4] 1 0
 [2] 1 0
 [1] 1 1
 [24] 1 0
5dcad2ef-331e-4349-8a06-194902534696
 [response time] 12.588
 [number of tasks] 5
 [nm p s]
 [45] 1 1
 [18] 1 1
 [16] 1 0
 [38] 1 1
 [37] 1 0
 [35] 1 0
 [6] 1 1
 [4] 1 0
 [49] 1 1
 [46] 1 0
6a3fe86b-6f78-41e3-b869-a1e9d99c10e4
 [response time] 13.151
 [number of tasks] 5
 [nm p s]
 [45] 1 1
 [15] 1 0
 [35] 1 0
 [34] 1 1
 [8] 1 1
 [5] 1 1
 [4] 1 0
 [49] 1 0
 [24] 1 0
 [47] 1 1
eae7f5ea-0890-4981-a93a-36f61d4c99e1
 [response time] 13.456
 [number of tasks] 5
 [nm p s]
 [43] 1 0
 [19] 1 1
 [18] 1 0
 [17] 1 1
 [14] 1 0
 [36] 1 0
 [29] 1 1
 [25] 1 1
 [47] 1 1
 [46] 1 0
00ecdb04-934d-42d5-949e-6433b68a2320
 [response time] 14.09
 [number of tasks] 5
 [nm p s]
 [18] 1 1
 [38] 1 0
 [11] 1 0
 [34] 1 0
 [9] 1 1
 [7] 1 1
 [30] 1 0
 [27] 1 1
 [4] 1 1
 [0] 1 0
b71b0488-f31e-4d70-b45b-e8f1705e803c
 [response time] 14.204
 [number of tasks] 5
 [nm p s]
 [22] 1 0
 [43] 1 1
 [19] 1 1
 [17] 1 1
 [13] 1 1
 [36] 1 0
 [12] 1 0
 [11] 1 0
 [6] 1 1
 [0] 1 0
6f5479dc-11d3-40de-b82d-804fecdee08f
 [response time] 14.535
 [number of tasks] 5
 [nm p s]
 [21] 1 1
 [39] 1 1
 [38] 1 0
 [13] 1 1
 [36] 1 0
 [5] 1 0
 [28] 1 1
 [27] 1 0
 [25] 1 0
 [47] 1 1
76d33e93-6786-40b5-90e7-1761a976e3a9
 [response time] 15.05
 [number of tasks] 5
 [nm p s]
 [40] 1 1
 [15] 1 1
 [14] 1 0
 [12] 1 0
 [34] 1 0
 [9] 1 1
 [32] 1 0
 [30] 1 0
 [4] 1 1
 [46] 1 1
f17b2734-31a5-4eb7-9b96-64c74da9ee9b
 [response time] 14.783
 [number of tasks] 5
 [nm p s]
 [43] 1 1
 [19] 1 0
 [17] 1 1
 [39] 1 0
 [11] 1 1
 [5] 1 0
 [2] 1 1
 [1] 1 1
 [46] 1 0
 [0] 1 0
25339c8d-e537-4956-96fe-963e20f15546
 [response time] 15.13
 [number of tasks] 5
 [nm p s]
 [45] 1 1
 [20] 1 1
 [39] 1 0
 [15] 1 0
 [14] 1 0
 [10] 1 0
 [6] 1 1
 [25] 1 0
 [0] 1 1
 [23] 1 1
722582ea-c834-4150-855a-f734f7ea78be
 [response time] 16.519
 [number of tasks] 5
 [nm p s]
 [22] 1 1
 [43] 1 0
 [16] 1 1
 [13] 1 0
 [11] 1 1
 [8] 1 0
 [4] 1 1
 [27] 1 0
 [48] 1 1
 [0] 1 0
