[scheduler id] 2
[number of node monitors] 50

[job statistics]
6e02e595-5a5a-4871-b773-6b4a96607652
 [response time] 0.81
 [number of tasks] 5
 [nm p s]
 [43] 1 1
 [42] 1 0
 [18] 1 0
 [40] 1 1
 [39] 1 1
 [38] 1 1
 [13] 1 0
 [8] 1 1
 [6] 1 0
 [47] 1 0
02fa17d9-7572-41bf-a768-e9c4b73c3f53
 [response time] 1.153
 [number of tasks] 5
 [nm p s]
 [18] 1 1
 [41] 1 0
 [13] 1 0
 [36] 1 1
 [10] 1 0
 [7] 1 0
 [6] 1 1
 [3] 1 1
 [48] 1 1
 [24] 1 0
eff8626d-8aa6-4719-820b-c38156de7708
 [response time] 1.716
 [number of tasks] 5
 [nm p s]
 [43] 1 0
 [18] 1 0
 [41] 1 0
 [17] 1 1
 [16] 1 1
 [14] 1 1
 [33] 1 0
 [4] 1 0
 [1] 1 1
 [46] 1 1
290b81bc-3e29-4814-ad04-fdf9b01ea378
 [response time] 2.286
 [number of tasks] 5
 [nm p s]
 [22] 1 1
 [41] 1 1
 [38] 1 1
 [33] 1 0
 [8] 1 1
 [31] 1 0
 [28] 1 1
 [3] 1 0
 [48] 1 0
 [2] 1 0
ad9773b8-74c6-4c7c-84d5-e218d79b4842
 [response time] 2.381
 [number of tasks] 5
 [nm p s]
 [45] 1 1
 [20] 1 1
 [42] 1 0
 [40] 1 1
 [16] 1 0
 [35] 1 0
 [33] 1 1
 [32] 1 0
 [6] 1 0
 [2] 1 1
da2ee3b0-a92a-494f-9a69-b1d87be9245d
 [response time] 3.174
 [number of tasks] 5
 [nm p s]
 [22] 1 0
 [45] 1 1
 [44] 1 1
 [42] 1 1
 [40] 1 0
 [39] 1 1
 [14] 1 1
 [12] 1 0
 [32] 1 0
 [46] 1 0
af4cf85a-ac85-4735-a43a-55f1b20e71a7
 [response time] 3.202
 [number of tasks] 5
 [nm p s]
 [45] 1 0
 [43] 1 0
 [39] 1 0
 [38] 1 1
 [13] 1 1
 [11] 1 1
 [33] 1 0
 [29] 1 1
 [6] 1 0
 [27] 1 1
4c9e75e1-1cb0-4f54-9f80-70c9ff29c0c6
 [response time] 3.59
 [number of tasks] 5
 [nm p s]
 [20] 1 0
 [19] 1 1
 [42] 1 1
 [41] 1 1
 [38] 1 0
 [14] 1 0
 [37] 1 1
 [36] 1 1
 [6] 1 0
 [25] 1 0
1407dc1a-f867-4c58-a2fe-fe5b5eb41fe5
 [response time] 3.674
 [number of tasks] 5
 [nm p s]
 [45] 1 0
 [43] 1 0
 [17] 1 0
 [38] 1 0
 [37] 1 0
 [31] 1 1
 [7] 1 1
 [6] 1 1
 [5] 1 1
 [23] 1 1
8c27aa23-3145-47c3-82b9-787ceda1d62a
 [response time] 3.891
 [number of tasks] 5
 [nm p s]
 [44] 1 1
 [20] 1 0
 [19] 1 1
 [41] 1 0
 [13] 1 0
 [10] 1 1
 [31] 1 1
 [3] 1 0
 [47] 1 0
 [23] 1 1
f986e3d4-993b-47ee-8607-e198cf6e5359
 [response time] 4.231
 [number of tasks] 5
 [nm p s]
 [20] 1 0
 [18] 1 0
 [38] 1 0
 [11] 1 1
 [34] 1 0
 [30] 1 1
 [27] 1 1
 [3] 1 0
 [26] 1 1
 [24] 1 1
f53f0ba4-a518-43bf-b6a3-27ccb0bf6eaf
 [response time] 4.4
 [number of tasks] 5
 [nm p s]
 [45] 1 0
 [19] 1 1
 [42] 1 1
 [40] 1 1
 [14] 1 0
 [33] 1 1
 [32] 1 0
 [8] 1 0
 [7] 1 0
 [24] 1 1
829b10f1-d51f-4dde-99d3-a104da9b6a1e
 [response time] 4.669
 [number of tasks] 5
 [nm p s]
 [20] 1 1
 [43] 1 1
 [41] 1 0
 [17] 1 1
 [15] 1 1
 [10] 1 0
 [30] 1 0
 [26] 1 0
 [1] 1 1
 [23] 1 0
62b38391-2052-47b2-a76c-fd03f0c8fe17
 [response time] 5.293
 [number of tasks] 5
 [nm p s]
 [43] 1 1
 [19] 1 0
 [42] 1 0
 [7] 1 1
 [6] 1 0
 [29] 1 1
 [4] 1 1
 [3] 1 0
 [24] 1 0
 [0] 1 1
83a0511a-bb62-4aeb-a8ff-34ffa628d0b9
 [response time] 5.503
 [number of tasks] 5
 [nm p s]
 [19] 1 0
 [42] 1 0
 [41] 1 1
 [15] 1 1
 [38] 1 0
 [14] 1 0
 [36] 1 1
 [32] 1 1
 [6] 1 0
 [2] 1 1
60ace4c7-12af-4227-966d-6af8cea65a7d
 [response time] 5.671
 [number of tasks] 5
 [nm p s]
 [45] 1 1
 [16] 1 0
 [38] 1 0
 [36] 1 1
 [9] 1 1
 [6] 1 0
 [29] 1 0
 [26] 1 0
 [25] 1 1
 [0] 1 1
ae822d58-3efa-47cc-91e9-c58a7223934f
 [response time] 5.738
 [number of tasks] 5
 [nm p s]
 [14] 1 0
 [12] 1 1
 [35] 1 1
 [32] 1 1
 [7] 1 0
 [29] 1 0
 [6] 1 1
 [48] 1 1
 [0] 1 0
 [23] 1 0
0d2a7e81-4501-406a-9473-fb50526f0c75
 [response time] 6.684
 [number of tasks] 5
 [nm p s]
 [21] 1 1
 [17] 1 1
 [40] 1 0
 [38] 1 1
 [14] 1 0
 [9] 1 1
 [26] 1 0
 [25] 1 0
 [1] 1 1
 [24] 1 0
2b4c4542-41c9-4e80-89fe-bf736f81b6a5
 [response time] 6.71
 [number of tasks] 5
 [nm p s]
 [43] 1 1
 [40] 1 0
 [17] 1 0
 [39] 1 0
 [14] 1 0
 [8] 1 1
 [31] 1 1
 [7] 1 0
 [30] 1 1
 [5] 1 1
90c51d00-0708-4162-b44d-c98263eafce2
 [response time] 6.949
 [number of tasks] 5
 [nm p s]
 [19] 1 1
 [18] 1 1
 [16] 1 0
 [37] 1 1
 [10] 1 0
 [28] 1 0
 [26] 1 1
 [1] 1 1
 [47] 1 0
 [0] 1 0
c0f40e23-64d2-4a2f-afbd-fff15ad143a0
 [response time] 7.513
 [number of tasks] 5
 [nm p s]
 [39] 1 0
 [38] 1 1
 [35] 1 0
 [8] 1 0
 [7] 1 1
 [6] 1 1
 [26] 1 0
 [48] 1 1
 [24] 1 0
 [46] 1 1
c0fd209f-4744-4c69-9f92-3d7dcb95c0e9
 [response time] 8.41
 [number of tasks] 5
 [nm p s]
 [43] 1 0
 [19] 1 1
 [18] 1 0
 [14] 1 0
 [35] 1 1
 [34] 1 1
 [8] 1 0
 [31] 1 1
 [47] 1 1
 [0] 1 0
ca426e18-7c50-42cc-bbee-dc70d978b025
 [response time] 7.829
 [number of tasks] 5
 [nm p s]
 [43] 1 1
 [19] 1 0
 [18] 1 1
 [15] 1 0
 [11] 1 0
 [31] 1 0
 [29] 1 1
 [28] 1 1
 [27] 1 0
 [23] 1 1
9abd3b1e-1321-4f91-8238-33f6d510d0c8
 [response time] 8.489
 [number of tasks] 5
 [nm p s]
 [20] 1 1
 [43] 1 0
 [42] 1 0
 [41] 1 0
 [16] 1 0
 [34] 1 0
 [32] 1 1
 [6] 1 1
 [48] 1 1
 [1] 1 1
c71151bc-fc31-4157-8a5d-9b1ac60b3efe
 [response time] 8.525
 [number of tasks] 5
 [nm p s]
 [20] 1 0
 [18] 1 0
 [15] 1 1
 [12] 1 1
 [4] 1 0
 [3] 1 1
 [26] 1 0
 [1] 1 0
 [24] 1 1
 [0] 1 1
28708dd5-925c-49c1-bb10-2303fa841a44
 [response time] 9.148
 [number of tasks] 5
 [nm p s]
 [22] 1 0
 [43] 1 0
 [42] 1 0
 [17] 1 1
 [10] 1 1
 [31] 1 1
 [30] 1 1
 [6] 1 0
 [28] 1 0
 [26] 1 1
51bf6030-9fdc-4f31-9e13-6156878ef1c9
 [response time] 8.965
 [number of tasks] 5
 [nm p s]
 [20] 1 1
 [42] 1 0
 [17] 1 0
 [13] 1 1
 [36] 1 1
 [10] 1 0
 [28] 1 0
 [26] 1 1
 [24] 1 0
 [47] 1 1
b0f8229c-222b-4f55-a818-3f90c7bb13bc
 [response time] 9.046
 [number of tasks] 5
 [nm p s]
 [45] 1 0
 [19] 1 1
 [17] 1 0
 [40] 1 0
 [14] 1 0
 [37] 1 1
 [5] 1 0
 [0] 1 1
 [23] 1 1
 [46] 1 1
271afd67-1869-40cd-b90e-f341e09398c3
 [response time] 9.289
 [number of tasks] 5
 [nm p s]
 [19] 1 1
 [16] 1 0
 [39] 1 0
 [15] 1 1
 [29] 1 1
 [27] 1 1
 [49] 1 1
 [2] 1 0
 [24] 1 0
 [23] 1 0
9436d928-8a8c-45f0-bddf-cbef8266a542
 [response time] 9.898
 [number of tasks] 5
 [nm p s]
 [42] 1 1
 [15] 1 0
 [38] 1 1
 [12] 1 1
 [31] 1 0
 [7] 1 1
 [29] 1 0
 [25] 1 1
 [24] 1 0
 [1] 1 0
029e6538-b398-4f7a-ab01-fb8e7fc4e635
 [response time] 9.881
 [number of tasks] 5
 [nm p s]
 [44] 1 0
 [15] 1 0
 [38] 1 0
 [35] 1 1
 [10] 1 0
 [9] 1 1
 [26] 1 0
 [3] 1 1
 [2] 1 1
 [47] 1 1
6f802126-bf9d-4373-b9cc-1668bb549eab
 [response time] 10.715
 [number of tasks] 5
 [nm p s]
 [21] 1 0
 [19] 1 1
 [39] 1 0
 [14] 1 0
 [11] 1 1
 [8] 1 0
 [30] 1 1
 [27] 1 1
 [47] 1 0
 [23] 1 1
b1747742-9251-44cf-acdf-8362eb34c5be
 [response time] 11.264
 [number of tasks] 5
 [nm p s]
 [22] 1 0
 [42] 1 0
 [19] 1 0
 [15] 1 1
 [14] 1 0
 [35] 1 1
 [12] 1 1
 [11] 1 1
 [32] 1 1
 [26] 1 0
4477af71-aabd-4da9-aad6-8d79c5084f40
 [response time] 11.259
 [number of tasks] 5
 [nm p s]
 [45] 1 1
 [16] 1 0
 [38] 1 0
 [34] 1 0
 [11] 1 0
 [33] 1 1
 [9] 1 1
 [27] 1 1
 [25] 1 0
 [0] 1 1
302b8fea-e8c7-4c57-b2b4-3a29db54502a
 [response time] 11.988
 [number of tasks] 5
 [nm p s]
 [22] 1 0
 [42] 1 1
 [17] 1 0
 [40] 1 1
 [38] 1 1
 [13] 1 0
 [12] 1 1
 [32] 1 0
 [4] 1 0
 [46] 1 1
6d4e649b-ee54-4799-9ff7-444c2cdb60e5
 [response time] 11.974
 [number of tasks] 5
 [nm p s]
 [17] 1 0
 [16] 1 1
 [38] 1 0
 [13] 1 0
 [35] 1 1
 [34] 1 1
 [28] 1 1
 [3] 1 1
 [1] 1 0
 [46] 1 0
feb44de9-59c5-43c3-8f95-cbc38848c913
 [response time] 12.107
 [number of tasks] 5
 [nm p s]
 [19] 1 1
 [17] 1 0
 [40] 1 0
 [39] 1 1
 [36] 1 1
 [8] 1 0
 [30] 1 0
 [26] 1 0
 [49] 1 1
 [48] 1 1
0e0408f5-5286-42c4-a318-45495ee50b8b
 [response time] 12.794
 [number of tasks] 5
 [nm p s]
 [42] 1 1
 [14] 1 1
 [37] 1 0
 [13] 1 0
 [35] 1 1
 [9] 1 0
 [29] 1 1
 [6] 1 1
 [26] 1 0
 [49] 1 0
98b3ceaa-db69-46ed-8c4d-4ac00ccd38f9
 [response time] 12.569
 [number of tasks] 5
 [nm p s]
 [21] 1 1
 [20] 1 1
 [13] 1 1
 [36] 1 0
 [32] 1 0
 [8] 1 0
 [6] 1 1
 [29] 1 1
 [3] 1 0
 [24] 1 0
2b75a3c0-2edc-4862-b361-6e29c8ced137
 [response time] 13.234
 [number of tasks] 5
 [nm p s]
 [45] 1 0
 [44] 1 0
 [14] 1 0
 [12] 1 1
 [33] 1 1
 [32] 1 1
 [8] 1 1
 [49] 1 0
 [48] 1 0
 [47] 1 1
7350561e-13b3-4717-a92f-c5c40ccade9a
 [response time] 13.422
 [number of tasks] 5
 [nm p s]
 [45] 1 0
 [41] 1 0
 [17] 1 1
 [39] 1 1
 [13] 1 1
 [33] 1 0
 [8] 1 0
 [6] 1 1
 [27] 1 1
 [49] 1 0
676e917d-cf89-4cc7-b60b-d34eeb9e4c3b
 [response time] 12.86
 [number of tasks] 5
 [nm p s]
 [20] 1 0
 [14] 1 1
 [36] 1 0
 [34] 1 0
 [33] 1 0
 [32] 1 1
 [7] 1 1
 [26] 1 1
 [48] 1 0
 [24] 1 1
2ba188a3-6a21-4c7a-8c4b-e3873135c204
 [response time] 13.85
 [number of tasks] 5
 [nm p s]
 [44] 1 1
 [39] 1 0
 [16] 1 1
 [35] 1 0
 [11] 1 0
 [10] 1 1
 [9] 1 0
 [3] 1 1
 [49] 1 0
 [2] 1 1
31b82553-d4bb-4c89-8b84-17a3e360207a
 [response time] 13.482
 [number of tasks] 5
 [nm p s]
 [22] 1 0
 [45] 1 0
 [17] 1 0
 [40] 1 1
 [38] 1 1
 [37] 1 0
 [36] 1 0
 [30] 1 1
 [3] 1 1
 [48] 1 1
94b5e547-9756-4ebc-a36f-eee7b1ee4ca7
 [response time] 13.84
 [number of tasks] 5
 [nm p s]
 [45] 1 0
 [20] 1 1
 [19] 1 1
 [41] 1 1
 [15] 1 1
 [13] 1 0
 [35] 1 0
 [30] 1 0
 [5] 1 1
 [24] 1 0
ea7fd186-b946-4541-94f8-0107a8dfe450
 [response time] 13.874
 [number of tasks] 5
 [nm p s]
 [44] 1 0
 [34] 1 0
 [6] 1 0
 [28] 1 1
 [27] 1 1
 [26] 1 1
 [2] 1 0
 [47] 1 1
 [24] 1 1
 [23] 1 0
2110f1df-4783-42f6-a5f2-a34547d5a1e5
 [response time] 14.194
 [number of tasks] 5
 [nm p s]
 [45] 1 0
 [21] 1 1
 [19] 1 0
 [17] 1 0
 [36] 1 1
 [27] 1 1
 [3] 1 1
 [49] 1 1
 [25] 1 0
 [23] 1 0
ff314112-3542-49d6-8357-987f97bff3f9
 [response time] 15.17
 [number of tasks] 5
 [nm p s]
 [41] 1 1
 [16] 1 0
 [38] 1 1
 [35] 1 0
 [33] 1 1
 [10] 1 0
 [8] 1 0
 [31] 1 0
 [25] 1 1
 [23] 1 1
d6faa667-93cd-465f-bca7-298d9eac9fd3
 [response time] 15.021
 [number of tasks] 5
 [nm p s]
 [45] 1 1
 [41] 1 0
 [14] 1 1
 [13] 1 0
 [35] 1 0
 [34] 1 1
 [2] 1 0
 [25] 1 0
 [1] 1 1
 [47] 1 1
8d973839-643d-4773-b907-4db597e836eb
 [response time] 15.121
 [number of tasks] 5
 [nm p s]
 [22] 1 0
 [43] 1 0
 [19] 1 1
 [41] 1 0
 [13] 1 0
 [8] 1 1
 [5] 1 1
 [28] 1 1
 [27] 1 1
 [23] 1 0
