[scheduler id] 1
[number of node monitors] 50

[job statistics]
04b0e6ae-03bd-423e-a170-3448784e2e4d
 [response time] 1.52
 [number of tasks] 5
 [nm p s]
 [18] 1 1
 [16] 1 1
 [36] 1 0
 [11] 1 1
 [34] 1 1
 [10] 1 1
 [8] 1 0
 [30] 1 0
 [48] 1 0
 [0] 1 0
5aa2cb46-b395-4d0a-86cb-ef6342ef66d0
 [response time] 2.315
 [number of tasks] 5
 [nm p s]
 [19] 1 0
 [18] 1 1
 [17] 1 0
 [14] 1 1
 [33] 1 0
 [32] 1 0
 [28] 1 0
 [3] 1 1
 [26] 1 1
 [46] 1 1
25343fb8-290f-4518-829f-073a1de7b469
 [response time] 2.694
 [number of tasks] 5
 [nm p s]
 [15] 1 0
 [38] 1 0
 [36] 1 1
 [11] 1 0
 [10] 1 1
 [30] 1 1
 [25] 2 0
 [24] 1 1
 [46] 1 1
cc5348ac-f8f0-4557-855d-bdd78a9215dd
 [response time] 3.503
 [number of tasks] 5
 [nm p s]
 [43] 1 1
 [40] 1 0
 [38] 1 0
 [12] 1 0
 [31] 1 0
 [7] 1 1
 [4] 1 0
 [3] 1 1
 [24] 1 1
 [46] 1 1
bd9452ca-c215-4e96-a7f3-c22f396c1128
 [response time] 3.722
 [number of tasks] 5
 [nm p s]
 [44] 1 1
 [43] 2 2
 [38] 1 0
 [12] 1 0
 [33] 1 1
 [6] 1 0
 [28] 1 1
 [3] 1 0
 [46] 1 0
37af4750-3abc-42f7-afc9-3e5983990e9d
 [response time] 4.357
 [number of tasks] 5
 [nm p s]
 [44] 1 1
 [20] 1 0
 [14] 1 0
 [13] 2 0
 [8] 1 1
 [31] 1 1
 [25] 1 1
 [47] 1 0
 [23] 1 1
9855a124-5df4-4279-9e9c-d17b8f5a93c5
 [response time] 4.318
 [number of tasks] 5
 [nm p s]
 [42] 1 0
 [17] 1 1
 [40] 1 0
 [39] 1 0
 [10] 1 0
 [7] 1 1
 [25] 1 1
 [1] 1 1
 [47] 1 1
 [23] 1 0
b843eefb-bf45-408f-86fe-9740b07a9c35
 [response time] 5.443
 [number of tasks] 5
 [nm p s]
 [45] 1 0
 [21] 1 1
 [15] 1 1
 [35] 1 0
 [9] 1 0
 [8] 1 1
 [30] 1 1
 [29] 2 0
 [24] 1 1
91c1e20d-368d-4626-93bd-b2b166b64c9c
 [response time] 5.069
 [number of tasks] 5
 [nm p s]
 [44] 1 1
 [20] 1 0
 [17] 1 1
 [12] 1 1
 [35] 1 0
 [34] 1 1
 [10] 1 0
 [30] 2 1
 [5] 1 0
e78c413c-4bcd-4fd1-827f-4d66abf08abc
 [response time] 5.719
 [number of tasks] 5
 [nm p s]
 [44] 1 0
 [20] 1 1
 [38] 1 1
 [34] 1 0
 [9] 1 0
 [32] 2 2
 [2] 1 0
 [47] 1 0
 [46] 1 1
48d36d93-01cb-4c1c-98d9-3be37c0befb2
 [response time] 5.559
 [number of tasks] 5
 [nm p s]
 [45] 1 1
 [21] 1 0
 [35] 2 0
 [25] 1 0
 [48] 1 1
 [47] 1 1
 [1] 1 1
 [24] 1 1
 [23] 1 0
197260e2-73aa-40cb-8ffb-f8a918645d20
 [response time] 5.861
 [number of tasks] 5
 [nm p s]
 [30] 1 1
 [40] 1 0
 [4] 1 1
 [46] 3 1
 [34] 1 1
 [23] 1 1
 [1] 1 0
 [44] 1 0
940fc08f-eac6-489e-8ccf-7acf100da7f9
 [response time] 6.272
 [number of tasks] 5
 [nm p s]
 [10] 1 1
 [18] 1 0
 [39] 1 0
 [37] 1 1
 [48] 1 1
 [14] 2 1
 [46] 1 1
 [11] 2 0
a4af0548-2004-46b2-87b0-b0d1167b37dd
 [response time] 7.381
 [number of tasks] 5
 [nm p s]
 [44] 1 1
 [17] 1 1
 [13] 1 0
 [35] 1 0
 [11] 1 1
 [6] 1 0
 [49] 1 0
 [48] 1 1
 [0] 1 0
 [46] 1 1
dfc8c482-3a94-415f-827e-38df0f853131
 [response time] 8.439
 [number of tasks] 5
 [nm p s]
 [44] 1 1
 [39] 1 1
 [37] 2 0
 [13] 1 0
 [7] 1 1
 [6] 1 1
 [5] 1 0
 [4] 1 0
 [25] 1 1
c6c5ef4d-ea14-4e58-ab50-a6db9de526f9
 [response time] 8.966
 [number of tasks] 5
 [nm p s]
 [44] 1 1
 [20] 1 0
 [19] 1 1
 [42] 1 0
 [12] 1 1
 [33] 2 0
 [32] 1 0
 [25] 1 1
 [46] 1 1
21a3ff93-4e0f-478d-bc2b-0b2054b364a6
 [response time] 8.701
 [number of tasks] 5
 [nm p s]
 [21] 1 1
 [39] 1 1
 [12] 1 0
 [35] 1 0
 [29] 1 1
 [5] 1 1
 [27] 2 1
 [49] 1 0
 [25] 1 0
59dfc9ec-f1e5-4b4e-bc93-4c3c4b07c467
 [response time] 9.029
 [number of tasks] 5
 [nm p s]
 [19] 1 1
 [42] 1 1
 [41] 1 1
 [17] 1 0
 [16] 1 0
 [15] 2 1
 [13] 1 1
 [4] 1 0
 [27] 1 0
0f979fa0-7b5b-4c60-a463-671a93e95743
 [response time] 9.709
 [number of tasks] 5
 [nm p s]
 [10] 1 1
 [9] 1 1
 [41] 1 0
 [19] 1 1
 [18] 1 1
 [25] 1 0
 [3] 2 0
 [23] 2 1
8997da7d-9505-48c5-b127-b452b619bf8f
 [response time] 10.121
 [number of tasks] 5
 [nm p s]
 [20] 1 0
 [17] 1 1
 [38] 1 0
 [12] 1 0
 [35] 1 0
 [34] 1 1
 [10] 1 1
 [9] 1 1
 [30] 1 1
 [26] 1 0
e1efd088-2717-42d7-ba02-8e7f0ba07936
 [response time] 10.258
 [number of tasks] 5
 [nm p s]
 [22] 1 0
 [19] 1 1
 [15] 1 0
 [13] 1 1
 [12] 1 1
 [11] 1 1
 [32] 1 1
 [29] 1 0
 [0] 1 0
 [46] 1 0
3157f833-90ba-4fee-bb8a-676b7383a070
 [response time] 10.622
 [number of tasks] 5
 [nm p s]
 [42] 1 1
 [41] 1 1
 [17] 2 1
 [15] 1 0
 [38] 1 1
 [34] 1 0
 [26] 1 1
 [1] 1 0
 [47] 1 0
79dc0c61-2a44-4e9a-8465-af2c7757fcff
 [response time] 11.442
 [number of tasks] 5
 [nm p s]
 [42] 1 1
 [37] 1 1
 [13] 1 1
 [35] 1 0
 [9] 1 0
 [7] 1 1
 [5] 1 0
 [27] 1 1
 [25] 1 0
 [48] 1 0
280914c9-cd5b-46c2-b943-afc3c5b681c7
 [response time] 11.27
 [number of tasks] 5
 [nm p s]
 [19] 1 0
 [14] 1 1
 [37] 1 0
 [35] 1 1
 [11] 1 0
 [34] 2 2
 [32] 1 0
 [30] 1 0
 [27] 1 1
eaf93be0-1cc1-4548-87ab-30b2ff4cd466
 [response time] 10.899
 [number of tasks] 5
 [nm p s]
 [43] 1 0
 [42] 1 0
 [38] 1 1
 [11] 1 1
 [33] 1 1
 [8] 1 0
 [30] 1 1
 [4] 1 0
 [26] 1 1
 [1] 1 0
0464a094-589b-4afb-996c-322fa6e5451c
 [response time] 11.812
 [number of tasks] 5
 [nm p s]
 [45] 1 0
 [42] 1 1
 [17] 1 0
 [14] 1 0
 [35] 1 0
 [11] 1 1
 [29] 1 1
 [28] 1 0
 [48] 1 1
 [47] 1 1
9ea3262c-271e-4fe2-80e2-f1d46a72ee73
 [response time] 11.883
 [number of tasks] 5
 [nm p s]
 [22] 1 0
 [44] 1 1
 [19] 1 1
 [17] 1 1
 [33] 1 0
 [10] 1 0
 [29] 1 0
 [27] 1 1
 [26] 1 0
 [3] 1 1
0079c52a-6023-4813-9992-cf237aca0876
 [response time] 12.068
 [number of tasks] 5
 [nm p s]
 [22] 1 1
 [21] 1 1
 [42] 1 1
 [16] 1 0
 [39] 1 1
 [15] 1 0
 [11] 1 1
 [33] 1 0
 [26] 1 0
 [46] 1 0
91d11f23-5ea9-43e1-88b9-23a712579317
 [response time] 11.781
 [number of tasks] 5
 [nm p s]
 [16] 1 1
 [39] 1 0
 [14] 1 1
 [10] 1 1
 [32] 1 0
 [5] 1 0
 [4] 1 1
 [3] 1 0
 [0] 1 1
 [46] 1 0
b55cce0d-f6b6-493b-96bf-1d4985f932b9
 [response time] 12.551
 [number of tasks] 5
 [nm p s]
 [22] 1 0
 [45] 1 1
 [20] 1 0
 [36] 1 0
 [30] 1 1
 [29] 1 0
 [28] 1 1
 [2] 1 0
 [24] 1 1
 [1] 1 1
2f5811a5-1dde-4895-96cb-e37552346a89
 [response time] 13.518
 [number of tasks] 5
 [nm p s]
 [45] 1 1
 [43] 1 0
 [40] 1 1
 [13] 1 0
 [31] 1 1
 [6] 1 1
 [29] 1 0
 [28] 1 1
 [5] 1 0
 [47] 1 0
65980108-3470-4aef-9c64-7869132c7bbd
 [response time] 13.081
 [number of tasks] 5
 [nm p s]
 [20] 1 0
 [43] 1 0
 [42] 1 1
 [16] 1 1
 [39] 2 1
 [15] 1 1
 [11] 1 0
 [34] 1 1
 [29] 1 0
bf018462-faaf-45a9-853c-2f195e8d96e6
 [response time] 13.471
 [number of tasks] 5
 [nm p s]
 [42] 1 0
 [19] 1 0
 [17] 1 1
 [40] 1 1
 [29] 1 0
 [4] 1 1
 [3] 1 1
 [48] 1 0
 [24] 1 0
 [47] 1 1
15973e05-eb1c-4966-9171-fe9748d2c4d6
 [response time] 13.719
 [number of tasks] 5
 [nm p s]
 [22] 1 0
 [40] 1 1
 [14] 1 1
 [12] 1 1
 [35] 1 1
 [10] 1 0
 [5] 1 0
 [26] 1 1
 [25] 1 0
 [48] 1 0
67c7b415-34fe-4afa-a051-336536eab61d
 [response time] 14.118
 [number of tasks] 5
 [nm p s]
 [41] 1 0
 [26] 1 1
 [48] 1 1
 [36] 1 0
 [3] 1 1
 [24] 3 1
 [34] 1 0
 [12] 1 1
a250ddcc-71ac-41f8-834b-ccca53ea9d7e
 [response time] 13.761
 [number of tasks] 5
 [nm p s]
 [45] 1 0
 [43] 1 1
 [16] 1 1
 [37] 1 1
 [35] 1 1
 [31] 1 0
 [30] 1 1
 [5] 1 0
 [48] 2 0
e99238ee-0295-4714-bcfb-b4dc42ea3203
 [response time] 15.032
 [number of tasks] 5
 [nm p s]
 [10] 2 0
 [30] 1 0
 [6] 1 1
 [39] 2 2
 [4] 1 1
 [23] 1 1
 [22] 2 0
37f1e84d-4a33-4b4b-a9c7-8b7708571ba8
 [response time] 15.779
 [number of tasks] 5
 [nm p s]
 [17] 1 0
 [4] 1 0
 [46] 1 1
 [35] 1 0
 [23] 2 2
 [12] 1 1
 [34] 2 1
 [44] 1 0
2c438d82-dd51-405d-bfc8-e1a89e305f3a
 [response time] 15.623
 [number of tasks] 5
 [nm p s]
 [45] 1 0
 [21] 1 1
 [41] 1 0
 [15] 1 1
 [37] 1 0
 [5] 1 0
 [3] 2 2
 [24] 1 1
 [0] 1 0
2513ebc2-96d6-4b5d-9dc8-e68576133efc
 [response time] 16.731
 [number of tasks] 5
 [nm p s]
 [10] 1 1
 [43] 2 2
 [9] 1 1
 [29] 1 1
 [17] 1 0
 [49] 1 0
 [38] 2 0
 [45] 1 0
bae3d538-608d-4954-8af8-eea9287bf42c
 [response time] 16.647
 [number of tasks] 5
 [nm p s]
 [18] 1 0
 [16] 1 0
 [37] 1 0
 [13] 2 1
 [32] 1 1
 [28] 1 0
 [27] 1 1
 [24] 1 1
 [23] 1 1
3cba74b8-0ee8-4720-9c73-aa821e120085
 [response time] 15.959
 [number of tasks] 5
 [nm p s]
 [41] 1 1
 [11] 1 1
 [32] 1 1
 [28] 2 0
 [4] 1 0
 [3] 1 1
 [26] 1 1
 [24] 1 0
 [23] 1 0
d8436707-2391-457a-a7fc-e1cd1d207746
 [response time] 15.221
 [number of tasks] 5
 [nm p s]
 [44] 1 0
 [21] 1 0
 [20] 1 1
 [16] 1 0
 [39] 1 1
 [13] 1 0
 [11] 1 1
 [8] 1 1
 [31] 1 0
 [4] 1 1
2fb31c4a-dbe3-4628-8621-65308e7395f5
 [response time] 15.54
 [number of tasks] 5
 [nm p s]
 [22] 1 0
 [43] 1 1
 [40] 1 0
 [16] 1 1
 [37] 1 1
 [36] 1 0
 [34] 2 0
 [4] 1 1
 [49] 1 1
e4f44050-261f-4f95-9c16-93d28eedf7a6
 [response time] 16.14
 [number of tasks] 5
 [nm p s]
 [20] 1 1
 [37] 1 0
 [36] 1 1
 [34] 1 0
 [32] 1 0
 [28] 1 1
 [27] 1 1
 [25] 1 0
 [47] 1 0
 [46] 1 1
8c9a727b-112f-4b9a-8712-d06387afd3e9
 [response time] 17.124
 [number of tasks] 5
 [nm p s]
 [45] 1 0
 [20] 1 1
 [18] 1 0
 [40] 1 1
 [32] 1 1
 [4] 1 0
 [49] 1 0
 [47] 1 1
 [0] 1 1
 [23] 1 0
87f4fb17-6463-410a-ad02-1c414ee8579a
 [response time] 17.52
 [number of tasks] 5
 [nm p s]
 [22] 1 0
 [45] 2 1
 [37] 1 0
 [35] 1 1
 [34] 1 1
 [32] 1 1
 [49] 1 0
 [2] 1 1
 [1] 1 0
2b4c8352-acf3-4c31-8299-420878a7be87
 [response time] 18.454
 [number of tasks] 5
 [nm p s]
 [20] 1 1
 [19] 1 1
 [41] 1 0
 [39] 2 1
 [38] 1 0
 [12] 1 1
 [10] 1 0
 [31] 1 0
 [2] 1 1
942f2455-1703-4c83-bf78-322e6faf0b8d
 [response time] 18.025
 [number of tasks] 5
 [nm p s]
 [21] 2 1
 [43] 1 0
 [42] 1 1
 [31] 2 1
 [19] 1 0
 [35] 2 1
 [34] 1 1
64fc7b42-d6c9-4654-bcd4-efd154dd36a7
 [response time] 22.866
 [number of tasks] 5
 [nm p s]
 [20] 1 1
 [41] 1 1
 [40] 1 0
 [13] 1 1
 [12] 1 0
 [34] 2 0
 [9] 1 1
 [28] 1 0
 [25] 1 1
