[scheduler id] 0
[number of node monitors] 50

[job statistics]
d1d27c4e-4768-44c6-baaa-89de41316660
 [response time] 1.993
 [number of tasks] 5
 [nm p s]
 [45] 1 0
 [41] 1 1
 [17] 1 1
 [15] 1 1
 [36] 1 1
 [31] 1 1
 [30] 1 0
 [49] 1 0
 [23] 1 0
 [0] 1 0
e3a4273e-fd95-4ba8-91e3-a9ae951c9f1f
 [response time] 2.6
 [number of tasks] 5
 [nm p s]
 [19] 1 0
 [17] 1 1
 [40] 1 0
 [12] 1 1
 [5] 1 1
 [4] 1 0
 [27] 1 1
 [26] 1 1
 [2] 1 0
 [0] 1 0
05194ba6-21a5-4376-abb0-f2bf7d063d91
 [response time] 2.858
 [number of tasks] 5
 [nm p s]
 [41] 1 0
 [17] 1 0
 [38] 1 1
 [13] 1 1
 [36] 1 1
 [8] 1 0
 [31] 1 1
 [30] 1 0
 [49] 1 0
 [2] 1 1
6943451d-9cab-4826-9692-8bf1e4c4515a
 [response time] 3.836
 [number of tasks] 5
 [nm p s]
 [17] 1 1
 [16] 1 0
 [36] 1 1
 [9] 1 0
 [8] 1 0
 [31] 1 0
 [5] 1 1
 [25] 1 0
 [1] 2 2
1ffa1f2c-9fb3-4703-8013-a3bbe306e024
 [response time] 3.63
 [number of tasks] 5
 [nm p s]
 [22] 1 0
 [19] 1 0
 [38] 1 1
 [35] 1 1
 [34] 1 0
 [32] 1 1
 [28] 1 0
 [4] 1 1
 [24] 1 1
 [47] 1 0
86131bc8-93d0-4efe-af0c-5ef88fd9a4b5
 [response time] 4.025
 [number of tasks] 5
 [nm p s]
 [45] 1 1
 [44] 1 0
 [39] 1 0
 [35] 1 0
 [9] 1 1
 [6] 1 1
 [27] 1 0
 [25] 1 0
 [0] 1 1
 [23] 1 1
b6db2237-7b6e-46fd-ba92-250296d191c8
 [response time] 3.844
 [number of tasks] 5
 [nm p s]
 [42] 1 1
 [40] 1 1
 [15] 1 0
 [12] 1 0
 [11] 1 0
 [31] 1 1
 [6] 1 1
 [5] 1 0
 [48] 1 0
 [23] 1 1
9cb92925-b3ea-4562-a3e9-478763ad393c
 [response time] 4.233
 [number of tasks] 5
 [nm p s]
 [45] 1 1
 [20] 1 1
 [18] 1 0
 [13] 1 0
 [11] 1 0
 [32] 1 0
 [8] 1 1
 [27] 1 0
 [24] 1 1
 [0] 1 1
48a7e2c0-4ff7-47af-a22d-ff72e7e61eea
 [response time] 4.51
 [number of tasks] 5
 [nm p s]
 [45] 1 0
 [36] 1 1
 [11] 1 0
 [29] 1 0
 [5] 1 1
 [4] 1 1
 [27] 2 1
 [26] 1 0
 [1] 1 1
5ca637e5-1399-45ef-a39f-285c1429acbd
 [response time] 5.362
 [number of tasks] 5
 [nm p s]
 [30] 1 0
 [28] 1 1
 [4] 3 1
 [37] 1 0
 [3] 1 0
 [36] 1 1
 [2] 1 1
 [13] 1 1
c874d344-356b-4068-9c75-e283ba51d0f7
 [response time] 5.235
 [number of tasks] 5
 [nm p s]
 [21] 1 0
 [18] 1 1
 [15] 1 1
 [14] 2 0
 [10] 1 0
 [32] 1 0
 [31] 1 1
 [28] 1 1
 [24] 1 1
a04ce7c8-ba9f-405e-acd2-cf46859c10ac
 [response time] 5.168
 [number of tasks] 5
 [nm p s]
 [22] 1 0
 [45] 1 1
 [38] 1 0
 [14] 1 1
 [13] 1 1
 [7] 1 0
 [4] 1 0
 [49] 1 0
 [23] 1 1
 [46] 1 1
184a3023-5016-41ed-9433-5ad6cda4f412
 [response time] 6.464
 [number of tasks] 5
 [nm p s]
 [41] 1 0
 [16] 1 1
 [15] 1 1
 [37] 1 0
 [13] 1 0
 [9] 1 1
 [5] 2 0
 [25] 1 1
 [0] 1 1
9a21c226-2084-4a80-b551-12c0e890edb8
 [response time] 6.769
 [number of tasks] 5
 [nm p s]
 [20] 2 0
 [41] 1 1
 [39] 1 1
 [48] 1 0
 [46] 2 2
 [2] 1 0
 [22] 1 1
 [44] 1 0
9259beb3-3782-4158-b301-796d23777466
 [response time] 8.298
 [number of tasks] 5
 [nm p s]
 [18] 1 1
 [16] 1 0
 [39] 1 0
 [37] 1 1
 [9] 1 1
 [24] 1 1
 [47] 1 0
 [46] 1 0
 [0] 1 0
 [23] 1 1
29395bac-06f3-4333-8839-d578a8ac55be
 [response time] 7.591
 [number of tasks] 5
 [nm p s]
 [17] 1 0
 [15] 1 1
 [14] 1 1
 [35] 1 0
 [10] 1 1
 [7] 1 1
 [30] 1 1
 [5] 1 0
 [48] 1 0
 [23] 1 0
d244a510-1b72-47b7-8b95-47ca934827a2
 [response time] 8.408
 [number of tasks] 5
 [nm p s]
 [43] 1 0
 [17] 1 1
 [37] 1 1
 [11] 1 0
 [29] 1 0
 [27] 1 1
 [3] 2 1
 [24] 1 0
 [0] 1 1
295775e9-c7c3-470e-ae81-f9ecbcecbc22
 [response time] 8.904
 [number of tasks] 5
 [nm p s]
 [20] 1 0
 [39] 1 0
 [37] 1 0
 [13] 1 1
 [35] 1 1
 [8] 1 1
 [29] 1 1
 [4] 1 1
 [26] 1 0
 [23] 1 0
3657bac4-4786-46ac-bcee-3c41a71bdae3
 [response time] 8.255
 [number of tasks] 5
 [nm p s]
 [38] 1 0
 [15] 1 1
 [36] 1 1
 [12] 1 0
 [11] 2 1
 [34] 1 0
 [30] 1 0
 [29] 1 1
 [23] 1 1
b1b0924a-2650-4e69-922f-c83a210dab8a
 [response time] 9.918
 [number of tasks] 5
 [nm p s]
 [45] 1 1
 [20] 1 1
 [19] 1 0
 [17] 1 1
 [40] 1 1
 [30] 1 1
 [28] 1 0
 [5] 2 0
 [1] 1 0
4e92726d-624b-40ce-ac3b-881c7fe1e6be
 [response time] 9.906
 [number of tasks] 5
 [nm p s]
 [22] 1 0
 [15] 2 0
 [37] 1 1
 [13] 1 1
 [31] 1 0
 [7] 1 1
 [4] 1 0
 [49] 1 1
 [23] 1 1
0524d930-1052-4fb9-9e8d-ef67560d080d
 [response time] 10.813
 [number of tasks] 5
 [nm p s]
 [45] 2 2
 [19] 1 0
 [41] 1 0
 [40] 1 1
 [17] 1 1
 [9] 1 0
 [31] 1 1
 [7] 1 0
 [26] 1 0
7cd664a1-ce60-45ce-941f-929ab3185e06
 [response time] 11.028
 [number of tasks] 5
 [nm p s]
 [42] 2 1
 [41] 1 0
 [28] 1 1
 [14] 2 2
 [24] 1 1
 [13] 1 0
 [44] 2 0
d86b0b6c-c56f-4e56-b4da-a6bd737b73b2
 [response time] 11.958
 [number of tasks] 5
 [nm p s]
 [44] 1 1
 [17] 1 1
 [13] 1 1
 [30] 1 0
 [3] 1 1
 [48] 1 0
 [24] 1 0
 [47] 1 1
 [0] 2 0
dd2e7fcb-9807-45c5-baa8-36a7cc79cb03
 [response time] 11.593
 [number of tasks] 5
 [nm p s]
 [8] 1 1
 [41] 1 1
 [6] 1 0
 [28] 2 1
 [4] 1 1
 [2] 1 0
 [46] 1 0
 [34] 2 1
1f8bfe5d-af2b-47bc-9e25-e66432f61085
 [response time] 11.674
 [number of tasks] 5
 [nm p s]
 [20] 1 1
 [30] 1 0
 [38] 2 0
 [48] 1 1
 [47] 1 1
 [25] 2 1
 [13] 1 0
 [0] 1 1
d7b6dec6-add0-4926-b67c-2942a90aa6fa
 [response time] 13.095
 [number of tasks] 5
 [nm p s]
 [44] 1 1
 [17] 1 0
 [37] 1 0
 [36] 1 0
 [11] 2 2
 [9] 1 1
 [8] 1 0
 [47] 1 0
 [23] 1 1
135fb6ac-49c1-4182-9436-15339a0b2b14
 [response time] 12.664
 [number of tasks] 5
 [nm p s]
 [45] 1 0
 [42] 1 1
 [35] 1 0
 [8] 1 0
 [6] 1 0
 [29] 1 1
 [5] 1 0
 [3] 1 1
 [48] 1 1
 [2] 1 1
66c0f5be-ad2d-4e77-b716-e94006f4958e
 [response time] 13.213
 [number of tasks] 5
 [nm p s]
 [31] 1 0
 [18] 1 1
 [29] 1 1
 [16] 1 1
 [4] 1 1
 [46] 1 1
 [44] 1 0
 [0] 3 0
1a58be20-7396-4068-bbd0-fdb873962620
 [response time] 14.187
 [number of tasks] 5
 [nm p s]
 [45] 1 0
 [41] 1 0
 [40] 1 1
 [39] 1 0
 [13] 1 1
 [33] 1 0
 [7] 2 2
 [25] 1 1
 [23] 1 0
7680fef5-a1eb-465d-93dd-4e3efd9c74c3
 [response time] 14.423
 [number of tasks] 5
 [nm p s]
 [17] 1 1
 [15] 1 0
 [14] 1 1
 [12] 2 1
 [11] 1 0
 [10] 1 1
 [28] 1 1
 [27] 1 0
 [24] 1 0
1e4519a1-c00b-4799-b884-13b813d69202
 [response time] 13.967
 [number of tasks] 5
 [nm p s]
 [41] 1 0
 [15] 1 1
 [37] 1 1
 [34] 1 0
 [10] 1 0
 [7] 1 1
 [3] 1 1
 [24] 1 0
 [47] 1 0
 [0] 1 1
c0ce882b-7ea7-42ad-ac39-d9caf1a50d94
 [response time] 13.899
 [number of tasks] 5
 [nm p s]
 [21] 1 0
 [8] 1 0
 [16] 1 1
 [15] 1 0
 [36] 1 0
 [44] 2 2
 [33] 1 0
 [0] 2 2
30ac34c2-42d9-4afb-8a16-f4c037e22dc9
 [response time] 15.025
 [number of tasks] 5
 [nm p s]
 [44] 1 0
 [42] 1 1
 [17] 1 1
 [34] 1 0
 [10] 1 0
 [5] 1 1
 [27] 1 0
 [48] 1 0
 [24] 1 1
 [46] 1 1
c9568753-bf23-4d5d-b124-63a35e07fd12
 [response time] 14.638
 [number of tasks] 5
 [nm p s]
 [44] 1 1
 [43] 1 0
 [18] 1 1
 [39] 1 0
 [15] 1 1
 [37] 1 0
 [34] 1 1
 [10] 1 1
 [3] 1 0
 [2] 1 0
ae892ae3-2247-46b7-a4e6-9a85fe1c3f5f
 [response time] 13.982
 [number of tasks] 5
 [nm p s]
 [45] 1 0
 [44] 1 0
 [43] 1 0
 [40] 1 0
 [36] 1 1
 [12] 1 1
 [33] 1 1
 [6] 1 1
 [29] 1 1
 [48] 1 0
42db8e76-26eb-455b-b685-ee84c2c9e8d6
 [response time] 14.488
 [number of tasks] 5
 [nm p s]
 [32] 1 1
 [20] 1 0
 [18] 3 3
 [39] 1 0
 [48] 1 0
 [1] 1 1
 [12] 1 0
 [34] 1 0
23fd171d-0109-4d7d-9385-43aacab3484f
 [response time] 15.526
 [number of tasks] 5
 [nm p s]
 [41] 1 1
 [40] 1 0
 [37] 1 0
 [35] 1 0
 [11] 1 1
 [33] 1 0
 [9] 1 0
 [6] 1 1
 [49] 2 2
f82a785b-5eb2-47b8-8eea-83bab10a5eea
 [response time] 16.601
 [number of tasks] 5
 [nm p s]
 [44] 1 1
 [19] 1 0
 [40] 1 1
 [15] 1 0
 [31] 1 1
 [6] 1 0
 [28] 1 1
 [27] 1 0
 [4] 1 0
 [3] 1 1
8291d19a-5c38-4327-bdf8-d60387fc01de
 [response time] 17.619
 [number of tasks] 5
 [nm p s]
 [21] 1 0
 [41] 1 1
 [17] 1 0
 [40] 1 1
 [14] 1 0
 [33] 1 0
 [9] 2 2
 [6] 1 1
 [28] 1 0
c3e2a0d3-7608-4c02-ae2d-4b35ba911582
 [response time] 17.338
 [number of tasks] 5
 [nm p s]
 [45] 1 0
 [42] 1 0
 [15] 1 1
 [13] 1 1
 [6] 1 1
 [27] 1 1
 [4] 1 0
 [2] 1 1
 [47] 1 0
 [0] 1 0
e8c9b3fa-c2b2-4187-a9bf-3c8685ddb7a2
 [response time] 17.368
 [number of tasks] 5
 [nm p s]
 [43] 1 0
 [38] 1 1
 [37] 1 0
 [11] 1 1
 [10] 1 0
 [5] 1 1
 [2] 1 1
 [48] 2 1
 [0] 1 0
f3b8864c-0083-42c9-8284-d5abb67912c5
 [response time] 17.231
 [number of tasks] 5
 [nm p s]
 [32] 1 0
 [42] 3 1
 [49] 1 1
 [37] 1 1
 [4] 1 0
 [3] 1 0
 [14] 2 2
10f2c78a-fac7-49fa-9a36-47d9ecfdd235
 [response time] 17.689
 [number of tasks] 5
 [nm p s]
 [22] 1 1
 [44] 1 1
 [14] 1 0
 [37] 2 2
 [28] 1 0
 [4] 1 0
 [26] 1 1
 [1] 1 0
 [0] 1 0
347ee161-7d1e-4e0e-90a6-87547842df53
 [response time] 17.379
 [number of tasks] 5
 [nm p s]
 [45] 1 1
 [40] 1 1
 [39] 1 0
 [37] 1 0
 [13] 1 0
 [36] 1 0
 [11] 1 1
 [10] 1 1
 [48] 1 0
 [1] 1 1
7647e825-8c13-4a6e-a49b-10cd79c7479c
 [response time] 18.751
 [number of tasks] 5
 [nm p s]
 [45] 1 1
 [21] 1 0
 [15] 1 0
 [37] 1 1
 [12] 1 1
 [8] 1 1
 [30] 1 0
 [5] 1 0
 [48] 1 1
 [1] 1 0
07347a83-9c07-4cb7-affa-1fd94f8f79d4
 [response time] 19.135
 [number of tasks] 5
 [nm p s]
 [45] 1 1
 [21] 1 1
 [39] 1 1
 [15] 1 0
 [12] 1 0
 [33] 1 1
 [7] 1 0
 [26] 1 1
 [49] 1 0
 [47] 1 0
4c7471e6-d263-4eca-a42e-714bb43cfcf6
 [response time] 20.758
 [number of tasks] 5
 [nm p s]
 [20] 1 0
 [19] 1 0
 [39] 1 1
 [38] 1 0
 [13] 1 1
 [29] 1 1
 [49] 1 0
 [47] 1 0
 [23] 2 2
931f1a1c-d8da-4755-92bc-d1d168a64167
 [response time] 21.574
 [number of tasks] 5
 [nm p s]
 [19] 1 1
 [16] 1 0
 [11] 1 1
 [10] 1 1
 [8] 1 0
 [3] 1 0
 [2] 1 0
 [0] 1 1
 [23] 1 1
 [46] 1 0
437ebe7b-832e-49e1-82f3-8c67a8c74285
 [response time] 22.23
 [number of tasks] 5
 [nm p s]
 [22] 1 0
 [44] 1 0
 [14] 1 1
 [37] 1 0
 [33] 1 1
 [9] 1 0
 [32] 1 1
 [28] 1 1
 [27] 1 1
 [49] 1 0
