[scheduler id] 3
[number of node monitors] 50

[job statistics]
dc2b93a8-1837-450f-84aa-595d6b5b787d
 [response time] 2.156
 [number of tasks] 5
 [nm p s]
 [45] 1 0
 [21] 1 1
 [19] 1 0
 [42] 1 0
 [39] 1 1
 [9] 1 1
 [7] 1 1
 [28] 1 0
 [2] 1 0
 [23] 1 1
1bf3a1da-4f44-48b8-9a73-6b4d8b8986ed
 [response time] 2.112
 [number of tasks] 5
 [nm p s]
 [22] 1 1
 [43] 1 1
 [42] 1 0
 [18] 1 0
 [37] 1 0
 [3] 1 1
 [49] 2 1
 [47] 1 0
 [46] 1 1
a50af511-629d-45c6-a223-c8f0b94d692f
 [response time] 2.199
 [number of tasks] 5
 [nm p s]
 [32] 1 1
 [9] 1 1
 [42] 2 1
 [4] 1 0
 [15] 1 0
 [37] 2 2
 [24] 1 0
 [34] 1 0
cab41fec-c3c4-42d1-9a77-1f8e379b7126
 [response time] 2.393
 [number of tasks] 5
 [nm p s]
 [20] 1 1
 [8] 1 0
 [36] 1 0
 [24] 1 1
 [23] 1 0
 [34] 1 0
 [45] 3 2
 [11] 1 1
21f563a6-f5c4-4d46-848f-7fe8034caf5f
 [response time] 2.579
 [number of tasks] 5
 [nm p s]
 [43] 1 1
 [39] 1 0
 [36] 1 0
 [11] 1 1
 [7] 1 1
 [6] 1 1
 [29] 1 0
 [27] 1 0
 [3] 1 1
 [24] 1 0
e53cdcca-1e34-4895-baaf-7bfdfe8066b8
 [response time] 2.976
 [number of tasks] 5
 [nm p s]
 [45] 1 0
 [20] 1 1
 [42] 1 1
 [39] 1 0
 [37] 1 1
 [11] 1 0
 [9] 1 1
 [32] 1 1
 [48] 1 0
 [47] 1 0
ba2e84d8-c791-4170-9e25-8b0eb48a4248
 [response time] 4.004
 [number of tasks] 5
 [nm p s]
 [32] 1 0
 [6] 2 2
 [3] 1 1
 [35] 1 0
 [24] 1 0
 [12] 1 0
 [23] 2 1
 [45] 1 1
16a05c87-37b9-4a2a-baee-87bc572250b3
 [response time] 4.636
 [number of tasks] 5
 [nm p s]
 [43] 1 1
 [19] 2 1
 [3] 1 1
 [14] 1 0
 [12] 1 0
 [1] 1 0
 [11] 1 1
 [33] 2 1
a76904d5-5461-4e3f-a6e2-383e0dce8747
 [response time] 5.372
 [number of tasks] 5
 [nm p s]
 [42] 1 1
 [41] 1 0
 [16] 1 0
 [39] 2 2
 [9] 1 1
 [5] 1 0
 [25] 1 1
 [24] 1 0
 [0] 1 0
8ac215dd-801a-40df-99ab-61e0786e2e76
 [response time] 5.594
 [number of tasks] 5
 [nm p s]
 [21] 1 0
 [17] 1 0
 [8] 1 1
 [6] 1 1
 [28] 1 0
 [2] 1 1
 [48] 1 0
 [1] 1 1
 [47] 1 0
 [23] 1 1
bdd85147-2d22-4bf2-88d0-7e9ba49fab30
 [response time] 6.396
 [number of tasks] 5
 [nm p s]
 [45] 1 1
 [15] 1 0
 [13] 1 0
 [33] 1 0
 [32] 2 2
 [3] 1 1
 [49] 1 0
 [2] 1 0
 [23] 1 1
46f5454f-e649-4e29-88c1-c9a201c08d7f
 [response time] 6.615
 [number of tasks] 5
 [nm p s]
 [19] 2 2
 [40] 1 0
 [6] 1 1
 [48] 2 1
 [25] 1 0
 [1] 2 1
 [33] 1 0
c54da5df-12d8-4136-a71a-2070d1857652
 [response time] 7.046
 [number of tasks] 5
 [nm p s]
 [22] 1 0
 [42] 1 1
 [38] 1 0
 [34] 1 0
 [10] 1 0
 [32] 1 1
 [7] 1 0
 [6] 1 1
 [1] 1 1
 [24] 1 1
d8637df7-2a37-4eda-9185-dbc35dd24091
 [response time] 6.853
 [number of tasks] 5
 [nm p s]
 [10] 1 0
 [29] 2 1
 [37] 1 1
 [3] 1 1
 [2] 1 0
 [24] 1 0
 [45] 1 1
 [44] 2 1
42897a3e-7983-45b0-83e3-d8f38f6d0155
 [response time] 7.287
 [number of tasks] 5
 [nm p s]
 [45] 1 0
 [44] 1 0
 [41] 1 0
 [16] 1 1
 [6] 1 1
 [4] 1 0
 [27] 1 1
 [25] 1 1
 [24] 1 0
 [1] 1 1
c0824107-05cd-4db2-9013-82eff4e27c1e
 [response time] 8.393
 [number of tasks] 5
 [nm p s]
 [43] 1 1
 [42] 1 1
 [19] 1 0
 [41] 1 1
 [39] 1 1
 [14] 1 0
 [12] 1 0
 [35] 1 0
 [32] 1 1
 [23] 1 0
f0b44659-3ca3-4722-8620-076a56adbf6c
 [response time] 8.503
 [number of tasks] 5
 [nm p s]
 [21] 1 1
 [42] 1 0
 [39] 1 1
 [15] 1 0
 [38] 1 0
 [32] 1 0
 [5] 1 1
 [28] 1 0
 [2] 1 1
 [24] 1 1
83b01a72-9301-4d04-a500-7ac3a2ed8f2d
 [response time] 8.707
 [number of tasks] 5
 [nm p s]
 [21] 1 1
 [20] 1 0
 [29] 1 0
 [16] 2 2
 [38] 1 0
 [47] 1 1
 [25] 1 0
 [34] 2 1
fe54ecce-7bff-46a6-8ae5-b4c8e2b90421
 [response time] 9.58
 [number of tasks] 5
 [nm p s]
 [12] 1 0
 [35] 1 1
 [33] 1 0
 [8] 1 1
 [30] 1 0
 [5] 1 0
 [25] 1 1
 [24] 1 1
 [23] 1 0
 [46] 1 1
c6b6a65b-90f9-4f46-af4f-642457f72a50
 [response time] 10.125
 [number of tasks] 5
 [nm p s]
 [39] 1 1
 [10] 1 1
 [9] 1 0
 [31] 1 0
 [6] 1 1
 [29] 1 1
 [3] 1 0
 [26] 2 0
 [24] 1 1
0ab7a21b-1907-4534-9c9a-88d280875a39
 [response time] 9.611
 [number of tasks] 5
 [nm p s]
 [18] 1 0
 [40] 1 0
 [16] 1 1
 [38] 1 1
 [31] 1 1
 [30] 1 0
 [27] 1 1
 [3] 1 0
 [26] 1 1
 [0] 1 0
fdf7be7b-7fb9-4047-a2d2-74aa494ddef1
 [response time] 9.528
 [number of tasks] 5
 [nm p s]
 [45] 1 0
 [22] 1 0
 [21] 1 1
 [42] 1 1
 [36] 1 1
 [31] 1 1
 [28] 1 0
 [49] 1 0
 [2] 1 0
 [1] 1 1
18b7c0d6-85f3-44b3-b9a4-a545ffe7a421
 [response time] 10.851
 [number of tasks] 5
 [nm p s]
 [30] 2 2
 [27] 1 1
 [47] 1 1
 [24] 1 0
 [35] 2 1
 [34] 1 0
 [44] 1 0
 [11] 1 0
379f167a-7059-4344-b518-c762642dfdb4
 [response time] 11.044
 [number of tasks] 5
 [nm p s]
 [42] 1 1
 [19] 1 0
 [17] 2 1
 [14] 1 0
 [11] 1 0
 [5] 1 1
 [28] 1 1
 [47] 1 1
 [46] 1 0
244244a5-2e6d-4dae-a098-8f65a4e897ea
 [response time] 10.147
 [number of tasks] 5
 [nm p s]
 [22] 1 0
 [21] 1 0
 [43] 1 1
 [39] 1 0
 [16] 2 2
 [7] 1 1
 [4] 1 0
 [0] 1 0
 [23] 1 1
13db4f9f-daf4-4baf-818e-f7293573287b
 [response time] 11.647
 [number of tasks] 5
 [nm p s]
 [43] 1 0
 [19] 1 0
 [18] 1 0
 [13] 1 0
 [34] 1 1
 [32] 1 1
 [4] 1 0
 [47] 2 2
 [46] 1 1
35ee7ae8-b98c-4995-a90e-958b8436bc56
 [response time] 10.784
 [number of tasks] 5
 [nm p s]
 [14] 1 1
 [36] 1 1
 [13] 1 0
 [12] 1 0
 [34] 1 0
 [32] 1 1
 [7] 1 1
 [4] 1 0
 [3] 1 1
 [24] 1 0
f6202a30-c9ad-424a-8666-7007c6a3ba94
 [response time] 12.247
 [number of tasks] 5
 [nm p s]
 [22] 1 0
 [44] 1 0
 [43] 1 1
 [19] 1 0
 [16] 1 1
 [14] 1 1
 [34] 1 0
 [9] 1 1
 [28] 1 1
 [46] 1 0
a7df395d-6193-4845-a01c-5452b576bf8c
 [response time] 12.503
 [number of tasks] 5
 [nm p s]
 [21] 1 1
 [18] 1 0
 [40] 1 0
 [36] 1 1
 [35] 1 0
 [28] 1 1
 [26] 1 0
 [48] 1 1
 [1] 1 0
 [23] 1 1
ae845b35-bd37-4c5f-b11b-d8943ee4ba25
 [response time] 13.743
 [number of tasks] 5
 [nm p s]
 [19] 1 1
 [18] 1 1
 [36] 1 1
 [12] 1 1
 [32] 1 1
 [9] 1 0
 [31] 1 0
 [6] 1 0
 [25] 1 0
 [23] 1 0
659f7177-50ff-49fc-861a-d8ac610ea766
 [response time] 13.37
 [number of tasks] 5
 [nm p s]
 [22] 1 1
 [20] 1 0
 [40] 1 0
 [16] 1 1
 [15] 1 1
 [10] 1 0
 [7] 1 0
 [30] 1 1
 [4] 1 0
 [1] 1 1
63ce6552-c45c-4470-b03e-94e55e9450ef
 [response time] 13.473
 [number of tasks] 5
 [nm p s]
 [21] 1 1
 [41] 1 1
 [7] 1 0
 [28] 1 1
 [6] 2 1
 [27] 1 0
 [35] 2 1
 [34] 1 0
bdc4fabd-636b-4e8d-b3f5-9b2b39b5e6d8
 [response time] 12.877
 [number of tasks] 5
 [nm p s]
 [42] 1 1
 [18] 1 1
 [39] 1 0
 [35] 1 1
 [11] 1 0
 [32] 1 0
 [28] 1 1
 [27] 1 0
 [26] 1 0
 [25] 1 1
4a35b4d5-8ec7-499f-b24a-72a348df2cba
 [response time] 14.115
 [number of tasks] 5
 [nm p s]
 [21] 1 1
 [20] 1 0
 [38] 1 1
 [15] 1 0
 [37] 1 0
 [11] 1 1
 [9] 1 0
 [31] 1 1
 [29] 1 1
 [28] 1 0
294d1f97-eb76-4faf-9b28-fd28e77ef218
 [response time] 15.228
 [number of tasks] 5
 [nm p s]
 [22] 1 1
 [43] 1 0
 [19] 1 1
 [16] 1 1
 [13] 1 0
 [12] 1 1
 [7] 1 1
 [26] 1 0
 [2] 1 0
 [46] 1 0
ae124711-43fc-4d3b-92cf-f3adb44b8fb2
 [response time] 14.185
 [number of tasks] 5
 [nm p s]
 [44] 1 0
 [33] 1 1
 [9] 2 0
 [31] 1 1
 [30] 1 0
 [5] 1 1
 [28] 1 1
 [1] 1 0
 [23] 1 1
25e4e697-faeb-4971-9c60-87734c5661e9
 [response time] 15.442
 [number of tasks] 5
 [nm p s]
 [22] 1 0
 [20] 2 1
 [18] 1 0
 [14] 1 1
 [13] 1 0
 [36] 1 1
 [11] 1 0
 [9] 1 1
 [3] 1 1
bdc14a4b-efa5-43a5-b20a-b1c26f3e57b2
 [response time] 15.295
 [number of tasks] 5
 [nm p s]
 [42] 2 1
 [29] 1 0
 [28] 1 0
 [48] 2 2
 [26] 2 0
 [24] 1 1
 [45] 1 1
059917e0-4fe3-421c-9931-3415da3add0b
 [response time] 16.179
 [number of tasks] 5
 [nm p s]
 [17] 1 1
 [40] 1 0
 [13] 1 1
 [36] 1 1
 [34] 1 1
 [11] 1 0
 [31] 1 0
 [4] 1 1
 [1] 1 0
 [23] 1 0
9021ca28-3ad8-4028-b8b4-55cae4c75555
 [response time] 15.806
 [number of tasks] 5
 [nm p s]
 [45] 1 0
 [19] 1 1
 [12] 1 1
 [10] 2 0
 [7] 1 1
 [6] 1 1
 [29] 1 0
 [3] 1 1
 [49] 1 0
14269b1f-945f-477b-970e-5f74b9149d2c
 [response time] 16.441
 [number of tasks] 5
 [nm p s]
 [19] 1 1
 [16] 1 0
 [37] 1 0
 [33] 1 1
 [31] 1 0
 [6] 1 0
 [28] 1 1
 [26] 1 0
 [23] 1 1
 [0] 1 1
185d7c0a-1956-4ee5-a695-ac493a65ffec
 [response time] 16.998
 [number of tasks] 5
 [nm p s]
 [44] 1 0
 [43] 1 1
 [20] 1 0
 [12] 1 0
 [31] 1 0
 [29] 1 0
 [2] 1 1
 [25] 1 1
 [48] 1 1
 [0] 1 1
294f5e90-10e0-4830-801a-368b6a4bbaea
 [response time] 16.869
 [number of tasks] 5
 [nm p s]
 [8] 1 1
 [5] 1 0
 [38] 1 1
 [27] 1 0
 [15] 1 0
 [3] 1 1
 [1] 2 0
 [33] 2 2
39d752cd-786d-452b-b1f7-d1a7a3f2615a
 [response time] 18.594
 [number of tasks] 5
 [nm p s]
 [22] 1 1
 [21] 1 0
 [44] 1 0
 [18] 1 1
 [36] 1 0
 [9] 1 0
 [6] 1 0
 [5] 1 1
 [3] 1 1
 [47] 1 1
2b3ff027-89e8-430e-98fc-8e24a5877522
 [response time] 18.406
 [number of tasks] 5
 [nm p s]
 [45] 1 0
 [17] 1 0
 [40] 1 0
 [16] 2 2
 [15] 1 0
 [38] 1 1
 [32] 1 1
 [5] 1 0
 [0] 1 1
5a21da56-7481-44cd-996d-1d8394d37b4c
 [response time] 17.8
 [number of tasks] 5
 [nm p s]
 [45] 2 1
 [20] 1 0
 [41] 1 0
 [35] 1 1
 [11] 1 1
 [9] 1 0
 [31] 1 1
 [27] 1 1
 [0] 1 0
35ae5410-8d34-4987-aee8-34fb9d8726b0
 [response time] 19.144
 [number of tasks] 5
 [nm p s]
 [18] 1 1
 [37] 1 0
 [36] 1 0
 [6] 1 1
 [5] 1 0
 [4] 1 1
 [3] 1 1
 [24] 1 0
 [0] 1 1
 [23] 1 0
28c71880-5ea3-4806-a0c5-d701588e99bf
 [response time] 19.677
 [number of tasks] 5
 [nm p s]
 [45] 2 1
 [19] 1 0
 [10] 1 1
 [9] 1 1
 [32] 1 1
 [8] 1 0
 [7] 1 0
 [30] 1 1
 [2] 1 0
2a8fcf22-a33d-4890-8ed6-2bf113a215bb
 [response time] 20.959
 [number of tasks] 5
 [nm p s]
 [21] 1 0
 [9] 2 1
 [41] 2 2
 [17] 2 1
 [4] 1 0
 [24] 1 0
 [2] 1 1
ee8c3406-d37a-4869-a6c0-b559525b0634
 [response time] 21.588
 [number of tasks] 5
 [nm p s]
 [21] 1 0
 [20] 1 1
 [16] 1 0
 [38] 1 0
 [14] 1 1
 [9] 1 1
 [8] 1 0
 [4] 1 1
 [2] 1 0
 [47] 1 1
