[scheduler id] 4
[number of node monitors] 50

[job statistics]
4a0da6bc-cf96-47bf-b4a0-393e5d95e829
 [response time] 2.271
 [number of tasks] 5
 [nm p s]
 [44] 1 1
 [20] 2 1
 [16] 1 0
 [14] 1 1
 [12] 1 1
 [33] 1 1
 [27] 1 0
 [25] 1 0
 [0] 1 0
919d76eb-16fd-4486-b291-93d875954456
 [response time] 2.595
 [number of tasks] 5
 [nm p s]
 [21] 1 1
 [20] 1 1
 [19] 1 1
 [41] 1 0
 [39] 1 0
 [15] 1 0
 [14] 1 1
 [26] 1 1
 [48] 1 0
 [23] 1 0
02ed007c-e742-4eff-9f03-23bc7e8b5f35
 [response time] 3.14
 [number of tasks] 5
 [nm p s]
 [10] 1 0
 [20] 1 0
 [19] 1 1
 [40] 2 2
 [29] 1 1
 [17] 2 0
 [16] 1 1
 [37] 1 0
df002e3e-89a7-4087-ba7a-a85d6f87a5f6
 [response time] 3.189
 [number of tasks] 5
 [nm p s]
 [22] 1 0
 [45] 1 0
 [13] 1 1
 [29] 1 1
 [4] 1 0
 [27] 1 1
 [25] 2 1
 [1] 1 1
 [46] 1 0
6bbac8da-9b8c-4abc-b0c9-caf256001158
 [response time] 3.279
 [number of tasks] 5
 [nm p s]
 [21] 1 0
 [43] 1 1
 [19] 1 1
 [18] 1 0
 [16] 1 1
 [15] 1 1
 [36] 1 0
 [4] 1 1
 [48] 1 0
 [47] 1 0
278f49c0-958c-4ab0-9f82-abeb4d1970a0
 [response time] 3.425
 [number of tasks] 5
 [nm p s]
 [43] 1 0
 [15] 1 0
 [14] 1 1
 [13] 1 1
 [32] 1 0
 [4] 1 1
 [3] 1 0
 [26] 1 1
 [24] 1 0
 [0] 1 1
cbb04ecc-b293-41ad-8e2a-0639dcfaec83
 [response time] 3.111
 [number of tasks] 5
 [nm p s]
 [21] 1 1
 [19] 1 0
 [37] 1 1
 [34] 2 1
 [10] 1 1
 [30] 1 0
 [49] 1 0
 [25] 1 1
 [1] 1 0
d76c3a29-1be7-440e-872f-76e81c8a2d62
 [response time] 4.757
 [number of tasks] 5
 [nm p s]
 [40] 1 0
 [39] 1 1
 [13] 1 1
 [34] 1 1
 [7] 1 1
 [6] 1 0
 [5] 1 0
 [28] 1 0
 [3] 1 1
 [1] 1 0
cc61d578-ebf0-4b95-96c3-223e97c8f981
 [response time] 4.781
 [number of tasks] 5
 [nm p s]
 [41] 1 0
 [18] 1 0
 [27] 1 0
 [5] 1 1
 [15] 1 1
 [24] 2 2
 [1] 1 0
 [33] 2 1
4c0cec04-f7da-4704-9be9-9158b737e981
 [response time] 5.122
 [number of tasks] 5
 [nm p s]
 [22] 1 0
 [19] 1 1
 [18] 1 1
 [38] 1 1
 [12] 1 1
 [8] 1 0
 [31] 1 0
 [29] 1 0
 [27] 1 0
 [23] 1 1
dff58ff0-ad03-4b54-9ead-7b83beab0c57
 [response time] 5.198
 [number of tasks] 5
 [nm p s]
 [44] 2 1
 [41] 1 0
 [16] 1 0
 [14] 1 0
 [11] 1 1
 [34] 1 1
 [32] 1 1
 [27] 1 0
 [23] 1 1
730884ba-27cd-4459-a00e-2db95996601f
 [response time] 5.419
 [number of tasks] 5
 [nm p s]
 [19] 1 1
 [41] 1 0
 [17] 1 0
 [39] 1 0
 [12] 1 1
 [33] 1 1
 [9] 1 1
 [31] 1 0
 [49] 1 0
 [46] 1 1
929fff3b-cab1-4d28-9052-9d17dd6c2c43
 [response time] 5.519
 [number of tasks] 5
 [nm p s]
 [43] 1 1
 [40] 1 0
 [37] 1 1
 [35] 1 0
 [33] 1 1
 [10] 1 0
 [31] 1 1
 [47] 1 1
 [0] 1 0
 [23] 1 0
1effa760-fe19-4474-a679-77db2fdac76e
 [response time] 6.011
 [number of tasks] 5
 [nm p s]
 [20] 3 0
 [42] 1 0
 [39] 1 1
 [27] 1 1
 [15] 1 1
 [47] 1 1
 [34] 1 0
 [1] 1 1
a66376d3-a9eb-43d4-bc6d-db739043ce1f
 [response time] 7.519
 [number of tasks] 5
 [nm p s]
 [44] 1 0
 [41] 1 1
 [12] 1 1
 [11] 1 0
 [34] 1 0
 [9] 1 0
 [7] 1 1
 [3] 1 1
 [2] 1 0
 [47] 1 1
e9cb9d9c-b7ac-4a76-b8db-2346ed2ed5de
 [response time] 7.55
 [number of tasks] 5
 [nm p s]
 [21] 1 1
 [44] 1 0
 [19] 1 1
 [11] 1 1
 [34] 1 0
 [33] 1 1
 [30] 1 1
 [28] 1 0
 [2] 1 0
 [47] 1 0
4834b07c-d0b7-401f-be7a-c798d2e9ad3c
 [response time] 7.726
 [number of tasks] 5
 [nm p s]
 [22] 1 0
 [39] 1 1
 [14] 1 0
 [12] 1 0
 [35] 1 0
 [34] 1 0
 [29] 1 1
 [49] 1 1
 [2] 1 1
 [48] 1 1
94682704-00b7-4346-b827-0acdfce9872e
 [response time] 8.066
 [number of tasks] 5
 [nm p s]
 [21] 1 1
 [18] 1 0
 [36] 1 0
 [12] 1 1
 [7] 1 1
 [29] 1 0
 [49] 1 0
 [25] 1 0
 [24] 1 1
 [0] 1 1
770dd1fa-9a4f-4903-b450-175fe908ead1
 [response time] 8.509
 [number of tasks] 5
 [nm p s]
 [21] 1 0
 [19] 1 1
 [40] 1 0
 [12] 2 1
 [11] 1 1
 [10] 1 1
 [27] 1 0
 [25] 1 0
 [46] 1 1
f43250bb-e0c8-4a0a-adf2-916af5b68e6c
 [response time] 8.865
 [number of tasks] 5
 [nm p s]
 [14] 1 0
 [35] 1 0
 [34] 1 1
 [10] 1 0
 [9] 1 1
 [32] 1 0
 [8] 1 1
 [30] 1 1
 [26] 1 0
 [1] 1 1
54c2a899-e5bc-4ff4-9b98-1c013ed6a3e2
 [response time] 7.961
 [number of tasks] 5
 [nm p s]
 [43] 1 0
 [9] 1 1
 [7] 1 0
 [48] 1 0
 [3] 2 2
 [25] 1 0
 [45] 2 1
 [44] 1 1
d606df9a-276a-488a-aba0-735a06f484ee
 [response time] 8.346
 [number of tasks] 5
 [nm p s]
 [20] 1 0
 [42] 1 1
 [40] 1 1
 [35] 1 0
 [33] 1 1
 [8] 1 1
 [31] 1 0
 [7] 1 0
 [6] 1 0
 [23] 1 1
c569f7a2-63f2-4300-8a2e-f63b6e4ac63b
 [response time] 10.552
 [number of tasks] 5
 [nm p s]
 [19] 1 1
 [39] 1 1
 [37] 2 1
 [36] 1 0
 [35] 1 0
 [9] 1 0
 [31] 1 0
 [1] 1 1
 [47] 1 1
08c7313c-0ba1-41ad-beb8-69855f4005ca
 [response time] 10.934
 [number of tasks] 5
 [nm p s]
 [44] 1 0
 [42] 1 0
 [18] 1 0
 [16] 1 1
 [37] 1 1
 [9] 2 1
 [3] 1 1
 [2] 1 0
 [25] 1 1
0d20ad71-d662-40c1-8bb7-3611e6e20901
 [response time] 10.571
 [number of tasks] 5
 [nm p s]
 [40] 1 0
 [38] 1 0
 [15] 1 0
 [33] 1 1
 [31] 1 1
 [6] 1 1
 [25] 1 0
 [1] 1 0
 [24] 1 1
 [23] 1 1
8bf72ee8-69ec-4f32-9366-a64350faf097
 [response time] 10.747
 [number of tasks] 5
 [nm p s]
 [22] 1 1
 [21] 1 1
 [42] 1 1
 [10] 1 0
 [30] 1 0
 [29] 1 0
 [4] 1 0
 [3] 1 1
 [48] 1 0
 [24] 1 1
a701520b-6b63-4355-9e46-37cd824b1660
 [response time] 11.687
 [number of tasks] 5
 [nm p s]
 [21] 2 1
 [42] 1 1
 [14] 1 0
 [13] 1 0
 [12] 1 1
 [28] 1 0
 [26] 1 1
 [49] 1 0
 [24] 1 1
488c1abf-39d2-4716-9323-55e181160164
 [response time] 11.141
 [number of tasks] 5
 [nm p s]
 [21] 1 0
 [16] 2 1
 [39] 1 0
 [36] 1 1
 [9] 1 1
 [8] 1 0
 [29] 1 0
 [5] 1 1
 [24] 1 1
50c66bf4-a1d2-4b42-b0d0-fde08640b792
 [response time] 11.048
 [number of tasks] 5
 [nm p s]
 [20] 1 0
 [17] 1 1
 [39] 1 0
 [36] 1 0
 [5] 1 0
 [4] 1 0
 [49] 1 1
 [1] 1 1
 [0] 1 1
 [46] 1 1
49a18822-ae52-4e32-8165-0f7704788d6a
 [response time] 11.29
 [number of tasks] 5
 [nm p s]
 [20] 1 1
 [37] 1 1
 [36] 1 1
 [34] 1 1
 [30] 1 0
 [7] 1 0
 [6] 1 1
 [28] 1 0
 [49] 1 0
 [48] 1 0
e27c08f2-c0f0-48e9-aaa1-de42cc772744
 [response time] 12.202
 [number of tasks] 5
 [nm p s]
 [45] 1 0
 [41] 1 0
 [13] 1 1
 [35] 1 1
 [9] 1 1
 [31] 1 1
 [27] 2 0
 [26] 1 0
 [0] 1 1
1ed2ba0d-ebec-4aa3-b7f2-11bbe6e82b11
 [response time] 11.551
 [number of tasks] 5
 [nm p s]
 [40] 1 1
 [37] 1 1
 [36] 2 0
 [33] 1 0
 [3] 1 1
 [49] 1 1
 [2] 1 0
 [48] 1 0
 [24] 1 1
d054e3d3-c4f7-4e0c-b0dc-55289f16373e
 [response time] 12.39
 [number of tasks] 5
 [nm p s]
 [42] 1 1
 [41] 1 1
 [40] 1 0
 [13] 1 1
 [36] 1 0
 [11] 1 1
 [6] 1 0
 [5] 1 0
 [25] 1 0
 [47] 1 1
14cfad23-7878-425f-a9d4-afe6583b1908
 [response time] 12.715
 [number of tasks] 5
 [nm p s]
 [16] 1 1
 [15] 1 0
 [38] 1 1
 [14] 1 0
 [12] 1 0
 [34] 1 1
 [10] 1 1
 [4] 1 0
 [47] 1 1
 [23] 1 0
456aa31e-576a-4a11-b767-8721deb8799c
 [response time] 13.517
 [number of tasks] 5
 [nm p s]
 [44] 1 0
 [17] 1 0
 [39] 1 1
 [10] 1 0
 [32] 1 0
 [9] 1 0
 [7] 1 1
 [28] 1 1
 [24] 1 1
 [0] 1 1
0d69d14c-e401-44de-836a-208e159c1ebb
 [response time] 13.026
 [number of tasks] 5
 [nm p s]
 [19] 1 1
 [41] 1 1
 [40] 1 1
 [37] 1 0
 [35] 1 0
 [30] 1 0
 [28] 1 1
 [2] 1 1
 [24] 1 0
 [1] 1 0
5d722208-14de-4199-b920-366761f1709e
 [response time] 13.653
 [number of tasks] 5
 [nm p s]
 [22] 1 0
 [45] 1 1
 [19] 1 0
 [40] 1 0
 [13] 1 0
 [8] 1 1
 [28] 1 0
 [49] 1 1
 [26] 1 1
 [0] 1 1
9baa0d51-c601-4be8-ae70-bdf6ed540533
 [response time] 13.975
 [number of tasks] 5
 [nm p s]
 [20] 1 0
 [19] 1 0
 [39] 1 0
 [37] 1 1
 [8] 1 0
 [30] 2 2
 [2] 1 1
 [23] 1 0
 [46] 1 1
1320c80b-50fd-4641-829e-412a0d365079
 [response time] 16.114
 [number of tasks] 5
 [nm p s]
 [9] 2 1
 [8] 1 1
 [40] 1 0
 [28] 1 1
 [6] 1 1
 [26] 1 0
 [47] 2 1
 [13] 1 0
f221594e-d231-4ad6-a0fd-ec962824230b
 [response time] 15.05
 [number of tasks] 5
 [nm p s]
 [19] 1 1
 [35] 1 0
 [34] 1 0
 [9] 1 0
 [7] 1 1
 [30] 1 1
 [5] 2 0
 [27] 1 1
 [24] 1 1
6e4d0b89-1ece-4f13-b84c-72b831bf19c0
 [response time] 16.058
 [number of tasks] 5
 [nm p s]
 [22] 1 0
 [19] 1 1
 [15] 1 1
 [8] 1 0
 [6] 2 2
 [3] 1 1
 [49] 1 0
 [48] 1 0
 [0] 1 0
2972b48f-ea88-4d5e-a89a-fff566e27065
 [response time] 16.511
 [number of tasks] 5
 [nm p s]
 [19] 1 0
 [41] 1 0
 [17] 1 1
 [14] 1 1
 [34] 1 1
 [10] 1 0
 [5] 1 1
 [4] 1 1
 [49] 1 0
 [0] 1 0
5df7b3bb-e1c6-45c6-9b9d-24525198b827
 [response time] 16.223
 [number of tasks] 5
 [nm p s]
 [44] 1 0
 [16] 1 1
 [32] 1 1
 [31] 1 1
 [8] 1 1
 [6] 1 0
 [5] 1 0
 [3] 1 1
 [48] 2 0
914b3138-2f7f-4a3a-b954-816f9340f504
 [response time] 17.46
 [number of tasks] 5
 [nm p s]
 [43] 1 0
 [38] 1 0
 [33] 1 1
 [6] 2 0
 [3] 1 1
 [24] 1 0
 [0] 1 1
 [23] 1 1
 [46] 1 1
47ffa490-058e-4fee-864e-a640423f2236
 [response time] 17.853
 [number of tasks] 5
 [nm p s]
 [20] 1 0
 [42] 1 1
 [39] 1 1
 [15] 1 0
 [38] 1 1
 [29] 1 0
 [2] 1 0
 [24] 1 1
 [47] 1 0
 [23] 1 1
e0ca5718-c2fb-4c35-b251-6fe45197e5c0
 [response time] 19.4
 [number of tasks] 5
 [nm p s]
 [21] 1 0
 [20] 1 1
 [19] 1 1
 [41] 1 0
 [9] 1 0
 [29] 1 0
 [5] 1 1
 [27] 1 1
 [25] 1 0
 [1] 1 1
693e591b-2c86-41f7-b5fd-e6c63513bff4
 [response time] 19.416
 [number of tasks] 5
 [nm p s]
 [42] 1 1
 [41] 1 1
 [14] 1 0
 [33] 1 0
 [10] 1 0
 [31] 1 1
 [26] 1 1
 [2] 1 1
 [48] 1 0
 [0] 1 0
03ed7f70-6376-43c9-ad21-5c7ad4d46260
 [response time] 19.893
 [number of tasks] 5
 [nm p s]
 [18] 1 1
 [37] 1 0
 [12] 1 0
 [9] 1 0
 [31] 1 1
 [7] 1 1
 [5] 1 0
 [4] 1 1
 [24] 1 0
 [0] 1 1
97455e99-c91f-4bca-a823-2b20a231a1c0
 [response time] 20.321
 [number of tasks] 5
 [nm p s]
 [22] 1 1
 [15] 1 1
 [11] 1 0
 [9] 2 1
 [5] 1 1
 [2] 1 1
 [1] 1 0
 [24] 1 0
 [0] 1 0
c90c48af-f4dd-450c-aa22-c80d6ab5555a
 [response time] 20.901
 [number of tasks] 5
 [nm p s]
 [19] 1 0
 [41] 1 1
 [39] 1 0
 [32] 1 1
 [28] 1 0
 [49] 1 0
 [26] 1 0
 [48] 1 1
 [0] 1 1
 [23] 1 1
