[scheduler id] 2
[number of node monitors] 50

[job statistics]
7e3db441-4ae5-47dd-bd29-cd8d01ef4767
 [response time] 1.371
 [number of tasks] 5
 [nm p s]
 [45] 1 0
 [20] 1 1
 [19] 1 0
 [40] 1 0
 [37] 1 0
 [35] 2 2
 [4] 1 1
 [2] 1 0
 [47] 1 1
2de0889c-bbfd-450e-996a-f42cbe1621ab
 [response time] 1.747
 [number of tasks] 5
 [nm p s]
 [43] 1 1
 [19] 1 1
 [16] 1 1
 [10] 1 0
 [9] 1 0
 [31] 1 0
 [5] 1 0
 [27] 1 1
 [24] 1 1
 [47] 1 0
e862a419-b9e4-4af3-ba80-d12c765bce27
 [response time] 3.198
 [number of tasks] 5
 [nm p s]
 [40] 1 1
 [14] 1 0
 [13] 1 0
 [11] 1 0
 [7] 1 0
 [29] 1 1
 [27] 1 1
 [2] 1 0
 [24] 1 1
 [0] 1 1
9a630f91-91a3-4a3b-93f7-d8c85ab8e78c
 [response time] 2.922
 [number of tasks] 5
 [nm p s]
 [22] 2 1
 [45] 1 1
 [43] 1 0
 [17] 1 0
 [35] 1 1
 [34] 1 0
 [49] 1 0
 [2] 1 1
 [46] 1 1
9816eacb-27f4-4f1f-984d-e17349e69c45
 [response time] 3.094
 [number of tasks] 5
 [nm p s]
 [22] 1 0
 [44] 1 1
 [42] 1 1
 [41] 1 0
 [17] 1 1
 [14] 1 1
 [12] 1 0
 [5] 1 0
 [3] 1 1
 [26] 1 0
0f2d421d-7522-430a-83ab-3cd7c720e1bc
 [response time] 3.299
 [number of tasks] 5
 [nm p s]
 [42] 1 1
 [18] 1 0
 [39] 1 1
 [15] 1 0
 [13] 1 1
 [8] 1 0
 [7] 1 1
 [27] 1 0
 [2] 1 1
 [48] 1 0
8cea77bb-6756-42fc-9df3-ec7c46338250
 [response time] 3.83
 [number of tasks] 5
 [nm p s]
 [32] 1 0
 [31] 1 1
 [5] 3 1
 [4] 1 1
 [37] 1 1
 [46] 1 0
 [13] 1 1
 [2] 1 0
63fcfcf8-26dc-410c-ba91-d1279d34da4f
 [response time] 4.398
 [number of tasks] 5
 [nm p s]
 [21] 1 0
 [44] 1 0
 [20] 1 0
 [37] 1 1
 [11] 1 1
 [10] 1 0
 [9] 1 1
 [5] 1 1
 [4] 1 1
 [27] 1 0
f3fca979-412a-4ab2-b017-26c8bcc8d8ba
 [response time] 5.111
 [number of tasks] 5
 [nm p s]
 [30] 1 0
 [7] 3 3
 [6] 2 0
 [26] 1 0
 [34] 1 1
 [23] 1 1
 [12] 1 0
cc420563-6c87-4244-834e-d29b63a24ee4
 [response time] 5.217
 [number of tasks] 5
 [nm p s]
 [15] 1 0
 [38] 1 0
 [14] 1 0
 [36] 1 1
 [12] 1 1
 [10] 1 0
 [7] 2 2
 [25] 1 0
 [48] 1 1
c0ace0dc-62f2-4299-a0d7-62668299a6cf
 [response time] 5.877
 [number of tasks] 5
 [nm p s]
 [20] 1 0
 [42] 1 1
 [12] 1 0
 [31] 1 0
 [6] 1 0
 [29] 1 1
 [3] 1 1
 [0] 1 1
 [23] 1 0
 [46] 1 1
3bd15db6-9528-46ef-b6d3-f2bdde768bea
 [response time] 6.385
 [number of tasks] 5
 [nm p s]
 [43] 1 0
 [18] 1 1
 [41] 1 0
 [15] 2 2
 [35] 1 1
 [11] 1 0
 [9] 1 0
 [8] 1 1
 [46] 1 0
be97ce8b-e1ca-4d40-a603-6f270fa0287d
 [response time] 6.528
 [number of tasks] 5
 [nm p s]
 [22] 1 0
 [20] 1 1
 [19] 1 0
 [16] 1 1
 [14] 1 1
 [30] 1 1
 [49] 1 0
 [2] 1 0
 [24] 1 1
 [47] 1 0
fc84a836-068e-4c3d-8255-e863adb1d197
 [response time] 6.71
 [number of tasks] 5
 [nm p s]
 [43] 1 0
 [32] 2 1
 [31] 1 0
 [41] 1 1
 [40] 2 1
 [28] 1 0
 [39] 1 1
 [36] 1 1
28c683ad-6439-413d-b83e-5197adbd13f4
 [response time] 7.565
 [number of tasks] 5
 [nm p s]
 [45] 1 0
 [39] 1 1
 [15] 1 0
 [13] 1 1
 [36] 1 0
 [12] 2 1
 [5] 1 0
 [4] 1 1
 [2] 1 1
990a6539-8d6a-4abd-b4ce-f1e757a71bb9
 [response time] 6.654
 [number of tasks] 5
 [nm p s]
 [42] 1 1
 [40] 1 1
 [6] 2 1
 [27] 1 0
 [16] 2 0
 [49] 1 1
 [12] 1 1
 [22] 1 0
408b08e8-d490-49d8-863f-6daf41f29f6a
 [response time] 8.192
 [number of tasks] 5
 [nm p s]
 [44] 1 1
 [20] 1 1
 [19] 2 1
 [40] 1 0
 [37] 1 0
 [8] 1 0
 [28] 1 0
 [4] 1 1
 [26] 1 1
0b643b45-ee94-4e84-9061-f9fe5318dcc9
 [response time] 7.82
 [number of tasks] 5
 [nm p s]
 [43] 2 2
 [27] 1 0
 [15] 1 1
 [4] 1 1
 [35] 1 0
 [24] 1 1
 [45] 1 0
 [33] 2 0
b1a5fdc9-124e-48ca-850c-5ee95938367d
 [response time] 8.191
 [number of tasks] 5
 [nm p s]
 [42] 1 0
 [41] 1 1
 [17] 2 0
 [39] 1 1
 [14] 1 1
 [12] 1 1
 [8] 1 1
 [1] 1 0
 [24] 1 0
39de8e46-494d-454d-947b-afc2a733b7f8
 [response time] 8.28
 [number of tasks] 5
 [nm p s]
 [42] 1 1
 [18] 1 1
 [15] 1 0
 [36] 1 0
 [11] 1 0
 [34] 1 1
 [10] 1 0
 [8] 1 1
 [30] 1 1
 [28] 1 0
6ab495dd-e244-42e8-ad24-1d15bdfa68f3
 [response time] 8.341
 [number of tasks] 5
 [nm p s]
 [42] 2 2
 [29] 2 1
 [6] 1 1
 [16] 1 0
 [47] 1 0
 [45] 1 0
 [12] 1 1
 [11] 1 0
647bb3cc-30cd-4c7d-a819-8a0a34edba59
 [response time] 9.337
 [number of tasks] 5
 [nm p s]
 [19] 1 0
 [17] 1 1
 [40] 1 1
 [15] 1 0
 [12] 1 1
 [35] 1 0
 [9] 1 0
 [8] 1 0
 [49] 1 1
 [2] 1 1
b8ccf5b9-34ce-4f73-a039-d1794a3212cc
 [response time] 9.006
 [number of tasks] 5
 [nm p s]
 [45] 1 1
 [18] 1 0
 [17] 1 1
 [40] 1 0
 [35] 1 1
 [9] 1 0
 [8] 1 0
 [30] 1 1
 [49] 1 0
 [47] 1 1
d6c3b7c8-6085-49ef-887c-c095bd5a90bc
 [response time] 10.056
 [number of tasks] 5
 [nm p s]
 [20] 1 1
 [43] 1 0
 [41] 1 0
 [39] 1 1
 [15] 1 1
 [11] 1 1
 [32] 1 1
 [5] 1 0
 [49] 1 0
 [46] 1 0
d69b6020-f953-40eb-828a-6aa4805e0ac8
 [response time] 10.239
 [number of tasks] 5
 [nm p s]
 [44] 1 1
 [21] 1 0
 [41] 1 0
 [15] 1 0
 [13] 1 0
 [10] 1 0
 [30] 1 1
 [29] 1 1
 [2] 1 1
 [47] 1 1
5ea11e19-d6cf-4b85-96eb-46ae95672828
 [response time] 10.082
 [number of tasks] 5
 [nm p s]
 [45] 1 0
 [43] 1 1
 [40] 1 1
 [16] 1 1
 [12] 1 0
 [30] 1 1
 [28] 1 0
 [26] 1 0
 [1] 1 1
 [47] 1 0
ebaab131-1437-4411-be04-f41f66a2c6a8
 [response time] 10.851
 [number of tasks] 5
 [nm p s]
 [20] 1 0
 [11] 1 0
 [33] 1 1
 [31] 1 0
 [30] 1 1
 [7] 1 0
 [2] 1 0
 [25] 1 1
 [24] 1 1
 [23] 1 1
4a82cf69-cb67-4985-b1ea-427c1b86ca8f
 [response time] 11.859
 [number of tasks] 5
 [nm p s]
 [20] 1 1
 [43] 1 0
 [15] 1 1
 [13] 1 1
 [8] 1 0
 [26] 1 0
 [3] 1 1
 [2] 1 1
 [1] 1 0
 [46] 1 0
02c4215b-1f7a-4de6-99e4-91fa8b37481d
 [response time] 11.268
 [number of tasks] 5
 [nm p s]
 [22] 1 0
 [21] 1 0
 [42] 1 0
 [39] 1 0
 [12] 1 1
 [7] 1 1
 [6] 1 1
 [29] 1 0
 [27] 1 1
 [24] 1 1
17dae209-d64a-4706-adea-9b547c46bdcb
 [response time] 12.542
 [number of tasks] 5
 [nm p s]
 [44] 1 0
 [41] 1 1
 [17] 1 1
 [38] 1 0
 [37] 1 0
 [34] 1 1
 [29] 1 0
 [4] 1 1
 [49] 1 1
 [48] 1 0
5cb79dda-dae0-48ff-a5f3-b254804e0ea9
 [response time] 12.53
 [number of tasks] 5
 [nm p s]
 [45] 2 0
 [44] 1 1
 [21] 1 1
 [37] 1 1
 [32] 1 0
 [31] 1 1
 [3] 1 0
 [49] 1 1
 [2] 1 0
7e99eebb-888c-4a4e-bbd2-77db1e0eceb0
 [response time] 12.228
 [number of tasks] 5
 [nm p s]
 [45] 1 0
 [18] 1 1
 [40] 1 1
 [39] 1 0
 [15] 1 0
 [14] 1 1
 [10] 1 1
 [9] 1 0
 [31] 1 0
 [26] 1 1
0c817ce9-7763-4985-b3e4-1cb2b9a5e04b
 [response time] 12.783
 [number of tasks] 5
 [nm p s]
 [19] 1 0
 [16] 2 1
 [12] 1 0
 [6] 1 1
 [29] 1 0
 [3] 1 1
 [2] 1 1
 [24] 1 1
 [46] 1 0
fca03def-e52d-4844-ad2b-3912b7fe09f0
 [response time] 13.223
 [number of tasks] 5
 [nm p s]
 [41] 1 0
 [40] 1 0
 [36] 1 1
 [33] 1 1
 [8] 1 1
 [7] 1 0
 [27] 1 1
 [26] 1 1
 [2] 1 0
 [23] 1 0
1abbc2b0-cb1b-484f-8ca5-def3acfffd65
 [response time] 13.57
 [number of tasks] 5
 [nm p s]
 [21] 1 1
 [8] 1 1
 [49] 1 0
 [26] 2 0
 [14] 2 2
 [35] 1 0
 [24] 1 0
 [44] 1 1
0ee12a88-562c-4068-882c-2cac24cf9f46
 [response time] 13.682
 [number of tasks] 5
 [nm p s]
 [22] 1 1
 [41] 1 1
 [39] 1 1
 [14] 1 0
 [36] 1 0
 [34] 1 0
 [11] 1 0
 [28] 1 1
 [1] 1 0
 [24] 1 1
adfe4b73-c4c9-4289-89c2-bbfe9e40819e
 [response time] 13.694
 [number of tasks] 5
 [nm p s]
 [44] 1 0
 [11] 1 1
 [34] 1 1
 [27] 1 0
 [49] 1 0
 [25] 2 1
 [24] 1 1
 [0] 1 0
 [46] 1 1
b8eb0427-3068-4f9c-ab49-7c4593aa5de4
 [response time] 15.225
 [number of tasks] 5
 [nm p s]
 [44] 1 1
 [18] 1 0
 [17] 1 0
 [36] 1 0
 [9] 1 1
 [8] 1 0
 [29] 1 1
 [28] 1 1
 [0] 2 1
01f462de-4118-4063-a2a7-f7a8df948de7
 [response time] 13.183
 [number of tasks] 5
 [nm p s]
 [42] 1 0
 [17] 1 0
 [16] 1 0
 [36] 1 1
 [33] 1 1
 [27] 1 1
 [26] 1 0
 [24] 1 0
 [0] 1 1
 [46] 1 1
90419abb-1715-4992-8c44-0e70c87d1ff4
 [response time] 14.547
 [number of tasks] 5
 [nm p s]
 [45] 1 1
 [20] 1 1
 [18] 1 0
 [40] 1 0
 [37] 1 1
 [8] 1 1
 [5] 1 0
 [4] 1 1
 [25] 1 0
 [0] 1 0
507918e4-7c45-4ae3-bbff-d37fc7220a1b
 [response time] 15.229
 [number of tasks] 5
 [nm p s]
 [18] 1 0
 [41] 1 0
 [37] 1 0
 [33] 1 1
 [7] 1 1
 [3] 1 0
 [1] 1 0
 [24] 1 1
 [0] 1 1
 [23] 1 1
16b66d35-9012-4673-bb8c-c9b63371fbf6
 [response time] 15.245
 [number of tasks] 5
 [nm p s]
 [20] 1 0
 [29] 1 0
 [28] 1 1
 [27] 2 1
 [14] 1 1
 [23] 1 1
 [12] 2 0
 [0] 1 1
fe835009-29a7-4150-802e-3118d306f5ed
 [response time] 15.379
 [number of tasks] 5
 [nm p s]
 [21] 1 0
 [20] 1 1
 [19] 1 1
 [40] 1 0
 [16] 1 0
 [29] 1 0
 [27] 1 1
 [4] 1 1
 [25] 1 0
 [23] 1 1
895d8170-21b1-45a6-96c3-d890688f54f1
 [response time] 16.829
 [number of tasks] 5
 [nm p s]
 [20] 1 0
 [41] 2 2
 [11] 1 1
 [9] 1 1
 [31] 1 1
 [49] 1 0
 [48] 1 0
 [24] 1 0
 [46] 1 0
83b6154a-121c-4baa-a8a3-f54b2dda8d08
 [response time] 18.374
 [number of tasks] 5
 [nm p s]
 [45] 1 0
 [19] 1 1
 [39] 1 0
 [38] 1 0
 [11] 1 0
 [33] 1 1
 [30] 1 1
 [24] 1 1
 [47] 1 0
 [23] 1 1
62a6adff-b57f-4082-bf01-cae9f4fe428b
 [response time] 19.197
 [number of tasks] 5
 [nm p s]
 [21] 1 1
 [19] 2 2
 [41] 1 0
 [10] 1 1
 [9] 1 0
 [8] 1 0
 [28] 1 0
 [27] 1 1
 [48] 1 0
25c7bfe1-22c4-4900-b247-d91a90e811d8
 [response time] 19.845
 [number of tasks] 5
 [nm p s]
 [44] 1 1
 [41] 1 0
 [36] 1 1
 [34] 1 0
 [32] 1 0
 [8] 1 1
 [30] 1 1
 [27] 1 0
 [2] 1 0
 [46] 1 1
cc0622c5-e035-426f-9a6c-a29c7a47f5de
 [response time] 19.699
 [number of tasks] 5
 [nm p s]
 [44] 1 0
 [17] 2 0
 [15] 1 1
 [34] 1 1
 [31] 1 1
 [7] 1 1
 [6] 1 1
 [26] 1 0
 [49] 1 0
196db14e-36f6-4b42-8053-afaea063788a
 [response time] 20.068
 [number of tasks] 5
 [nm p s]
 [17] 1 0
 [39] 1 0
 [15] 1 1
 [33] 1 1
 [8] 1 1
 [30] 2 1
 [2] 1 0
 [25] 1 0
 [1] 1 1
00d1c5ae-42b3-4db9-911a-c9bd65297516
 [response time] 21.305
 [number of tasks] 5
 [nm p s]
 [45] 2 2
 [21] 1 0
 [20] 1 0
 [13] 1 0
 [31] 1 1
 [8] 1 1
 [27] 1 0
 [48] 1 0
 [0] 1 1
