[scheduler id] 1
[number of node monitors] 50

[job statistics]
b7ec67a7-f2eb-4e6d-a6c7-987a3fe80b1d
 [response time] 1.222
 [number of tasks] 5
 [nm p s]
 [43] 0 1
 [20] 0 1
 [4] 0 1
 [24] 0 1
 [1] 0 1
2fb7f923-8a32-4751-b459-60a7f5ab7765
 [response time] 1.57
 [number of tasks] 5
 [nm p s]
 [25] 0 1
 [46] 0 1
 [12] 0 1
 [44] 0 2
191d0b69-3333-41dd-bbed-dbe9790a2a02
 [response time] 2.258
 [number of tasks] 5
 [nm p s]
 [28] 0 1
 [6] 0 1
 [39] 0 1
 [46] 0 1
 [34] 0 1
21a94589-d2b8-4370-a9b6-26c135d96fd1
 [response time] 2.562
 [number of tasks] 5
 [nm p s]
 [10] 0 1
 [29] 0 1
 [49] 0 1
 [11] 0 2
ba563c52-9f4b-49b1-8aa9-59930477796e
 [response time] 2.841
 [number of tasks] 5
 [nm p s]
 [32] 0 1
 [29] 0 1
 [48] 0 1
 [14] 0 1
 [36] 0 1
09e96230-e06b-4646-84bc-d05125eeb543
 [response time] 2.749
 [number of tasks] 5
 [nm p s]
 [39] 0 1
 [4] 0 1
 [14] 0 1
 [46] 0 1
 [13] 0 1
a1c5c75f-9f78-488b-91d0-396c9be53e87
 [response time] 3.49
 [number of tasks] 5
 [nm p s]
 [32] 0 1
 [31] 0 1
 [17] 0 1
 [39] 0 1
 [4] 0 1
e47219fa-b38f-448b-b72f-b70ec4af1f30
 [response time] 4.085
 [number of tasks] 5
 [nm p s]
 [20] 0 1
 [39] 0 1
 [4] 0 1
 [3] 0 1
 [33] 0 1
3bf5dffe-01ff-40e2-8708-8417d33d6617
 [response time] 3.725
 [number of tasks] 5
 [nm p s]
 [30] 0 1
 [27] 0 2
 [47] 0 1
 [0] 0 1
23184679-beca-4f3f-a50d-cd5d37c21ace
 [response time] 4.158
 [number of tasks] 5
 [nm p s]
 [5] 0 1
 [4] 0 1
 [12] 0 1
 [45] 0 1
 [44] 0 1
629ea6dd-67e3-45c0-acf5-2c3e8fef1db0
 [response time] 4.43
 [number of tasks] 5
 [nm p s]
 [30] 0 1
 [18] 0 1
 [49] 0 1
 [47] 0 1
 [44] 0 1
1166b54c-081e-4068-9bca-79448d8a5990
 [response time] 5.623
 [number of tasks] 5
 [nm p s]
 [10] 0 2
 [18] 0 1
 [47] 0 1
 [34] 0 1
b012ddcf-4ea4-43a6-9b32-d8ec3d038b5c
 [response time] 5.9
 [number of tasks] 5
 [nm p s]
 [42] 0 1
 [4] 0 1
 [25] 0 1
 [2] 0 1
 [34] 0 1
ef087cda-4db9-4ee1-927c-023f0bd44238
 [response time] 6.003
 [number of tasks] 5
 [nm p s]
 [31] 0 1
 [16] 0 1
 [36] 0 1
 [44] 0 1
 [22] 0 1
01510cee-feb6-4c6a-b382-ae457b9e7e0c
 [response time] 7.019
 [number of tasks] 5
 [nm p s]
 [21] 0 1
 [41] 0 1
 [49] 0 1
 [48] 0 1
 [34] 0 1
7f1b8784-ea66-4876-8246-90ed3126a509
 [response time] 7.725
 [number of tasks] 5
 [nm p s]
 [31] 0 1
 [19] 0 1
 [18] 0 1
 [5] 0 1
 [46] 0 1
51879f7b-9a13-4e47-97c0-bdfa20bcc4c0
 [response time] 7.663
 [number of tasks] 5
 [nm p s]
 [43] 0 1
 [31] 0 1
 [28] 0 1
 [1] 0 1
 [45] 0 1
a5c1bd0d-e017-4310-a5b3-43cf15999a47
 [response time] 8.892
 [number of tasks] 5
 [nm p s]
 [19] 0 1
 [39] 0 1
 [25] 0 1
 [45] 0 1
 [34] 0 1
0871cff7-00b5-443e-8abd-4b8aa20aead4
 [response time] 8.943
 [number of tasks] 5
 [nm p s]
 [30] 0 1
 [48] 0 1
 [4] 0 1
 [24] 0 1
 [34] 0 1
ecccb9e2-b7a2-4965-a58b-df88aa56f0da
 [response time] 8.342
 [number of tasks] 5
 [nm p s]
 [39] 0 2
 [6] 0 1
 [22] 0 2
b2c52846-5028-4c1c-be64-0d44ef40905f
 [response time] 8.635
 [number of tasks] 5
 [nm p s]
 [17] 0 2
 [35] 0 1
 [23] 0 1
 [44] 0 1
fa7638d1-2cef-4f8e-8f38-f804904dec86
 [response time] 10.743
 [number of tasks] 5
 [nm p s]
 [20] 0 1
 [49] 0 1
 [16] 0 1
 [35] 0 1
 [45] 0 1
3843484a-0324-4dd0-bc5a-d5181e6294bf
 [response time] 10.015
 [number of tasks] 5
 [nm p s]
 [42] 0 1
 [20] 0 1
 [28] 0 1
 [24] 0 1
 [11] 0 1
7058b2d2-8ac5-4c28-99c1-75f3bedd3acb
 [response time] 10.922
 [number of tasks] 5
 [nm p s]
 [48] 0 2
 [13] 0 1
 [12] 0 1
 [0] 0 1
98bb648c-d5d0-4846-a585-07fb32d81df0
 [response time] 10.869
 [number of tasks] 5
 [nm p s]
 [32] 0 1
 [43] 0 1
 [5] 0 1
 [4] 0 1
 [1] 0 1
e378bfc8-ff12-4ade-85d9-302d423264ed
 [response time] 10.265
 [number of tasks] 5
 [nm p s]
 [19] 0 1
 [38] 0 1
 [27] 0 1
 [44] 0 1
 [22] 0 1
214701f6-3023-425b-ba3a-11f762e3becf
 [response time] 11.55
 [number of tasks] 5
 [nm p s]
 [41] 0 1
 [16] 0 1
 [13] 0 1
 [45] 0 1
 [22] 0 1
455b5948-bfb4-45a2-b659-6b2863bba66d
 [response time] 11.016
 [number of tasks] 5
 [nm p s]
 [41] 0 1
 [15] 0 1
 [37] 0 1
 [47] 0 1
 [45] 0 1
6f7f751e-fcbe-44b1-86b8-6af0720bce2c
 [response time] 12.509
 [number of tasks] 5
 [nm p s]
 [42] 0 1
 [18] 0 1
 [28] 0 1
 [6] 0 1
 [25] 0 1
52325907-7ebd-41e5-879d-9e0986698e30
 [response time] 11.874
 [number of tasks] 5
 [nm p s]
 [31] 0 1
 [48] 0 1
 [14] 0 1
 [3] 0 1
 [1] 0 1
349842df-b9c8-4c01-92a0-17e0317746fd
 [response time] 11.478
 [number of tasks] 5
 [nm p s]
 [42] 0 1
 [19] 0 1
 [26] 0 1
 [14] 0 1
 [45] 0 1
d8784733-5d77-4df5-9c2d-d92455eaf1a8
 [response time] 12.628
 [number of tasks] 5
 [nm p s]
 [21] 0 1
 [31] 0 1
 [41] 0 1
 [17] 0 1
 [27] 0 1
371b925e-1e30-4521-84e2-604e1fbd56ab
 [response time] 13.565
 [number of tasks] 5
 [nm p s]
 [31] 0 1
 [39] 0 1
 [25] 0 1
 [36] 0 1
 [11] 0 1
dcc0adcb-8167-4a85-bd0a-ca1d3a8e458f
 [response time] 15.021
 [number of tasks] 5
 [nm p s]
 [32] 0 1
 [26] 0 1
 [47] 0 2
 [2] 0 1
af286660-a17d-4cec-99a7-82f1dbfe26e7
 [response time] 14.233
 [number of tasks] 5
 [nm p s]
 [20] 0 1
 [4] 0 1
 [14] 0 1
 [46] 0 1
 [33] 0 1
e53ccb6f-e9c8-4bfb-967b-e6ce29365c85
 [response time] 14.766
 [number of tasks] 5
 [nm p s]
 [40] 0 1
 [39] 0 1
 [49] 0 1
 [4] 0 1
 [22] 0 1
53f567d6-9e27-4a7f-8237-a55b233846cc
 [response time] 15.014
 [number of tasks] 5
 [nm p s]
 [29] 0 1
 [6] 0 1
 [16] 0 1
 [13] 0 1
 [0] 0 1
c3de660b-bb7b-4e7d-848b-e6d4670e6d2c
 [response time] 14.655
 [number of tasks] 5
 [nm p s]
 [9] 0 1
 [15] 0 1
 [46] 0 1
 [13] 0 1
 [1] 0 1
623a1178-848e-4703-97e2-9aa68f358158
 [response time] 15.739
 [number of tasks] 5
 [nm p s]
 [43] 0 1
 [20] 0 1
 [29] 0 1
 [13] 0 1
 [34] 0 1
7aef8f0b-5d91-4ebc-a1fd-47739808246b
 [response time] 15.464
 [number of tasks] 5
 [nm p s]
 [32] 0 1
 [17] 0 1
 [5] 0 2
 [1] 0 1
60a0b5d8-c23b-426b-a52f-ad2265e58559
 [response time] 15.468
 [number of tasks] 5
 [nm p s]
 [21] 0 1
 [39] 0 1
 [4] 0 1
 [45] 0 1
 [12] 0 1
9ddaea51-2974-4398-b080-eb5f798f9954
 [response time] 16.224
 [number of tasks] 5
 [nm p s]
 [21] 0 1
 [31] 0 1
 [27] 0 1
 [13] 0 1
 [33] 0 1
ba370ca9-b3a9-4878-bc22-1210d20c7692
 [response time] 17.673
 [number of tasks] 5
 [nm p s]
 [14] 0 1
 [2] 0 1
 [24] 0 1
 [23] 0 1
 [22] 0 1
1b21687e-d676-460d-a900-e2a2918dc511
 [response time] 16.534
 [number of tasks] 5
 [nm p s]
 [20] 0 1
 [41] 0 1
 [19] 0 1
 [7] 0 1
 [33] 0 1
ec1421f3-c5b5-49e7-8d55-8ed1db1c94f2
 [response time] 17.07
 [number of tasks] 5
 [nm p s]
 [42] 0 1
 [5] 0 1
 [15] 0 1
 [45] 0 1
 [0] 0 1
76dbba09-b092-43a8-ac42-a532f5c151e0
 [response time] 17.937
 [number of tasks] 5
 [nm p s]
 [43] 0 1
 [6] 0 1
 [49] 0 1
 [4] 0 1
 [46] 0 1
4590df1e-4ed5-43d8-a076-2abd9d0950a3
 [response time] 18.265
 [number of tasks] 5
 [nm p s]
 [42] 0 1
 [17] 0 1
 [4] 0 1
 [0] 0 1
 [11] 0 1
9a56e76c-4bda-426f-bfb2-d007fef4fd81
 [response time] 19.893
 [number of tasks] 5
 [nm p s]
 [42] 0 1
 [41] 0 1
 [36] 0 1
 [2] 0 1
 [23] 0 1
d6c3ff19-ea68-40c2-b81f-5d9880e43910
 [response time] 19.794
 [number of tasks] 5
 [nm p s]
 [41] 0 1
 [26] 0 1
 [4] 0 1
 [37] 0 1
 [25] 0 1
00442fc5-314f-42f2-a633-058d5e1094bb
 [response time] 24.755
 [number of tasks] 5
 [nm p s]
 [8] 0 1
 [27] 0 1
 [2] 0 1
 [34] 0 1
 [23] 0 1
