[scheduler id] 2
[number of node monitors] 50

[job statistics]
9407a41e-6809-4311-aaa9-18caa2f22552
 [response time] 2.126
 [number of tasks] 5
 [nm p s]
 [41] 0 1
 [18] 0 1
 [2] 0 1
 [34] 0 2
494e0092-71f7-407d-84df-ede66d5797e5
 [response time] 2.044
 [number of tasks] 5
 [nm p s]
 [10] 0 1
 [20] 0 2
 [9] 0 1
 [29] 0 1
03c2dca3-8f54-44c5-8612-441e73aded55
 [response time] 2.867
 [number of tasks] 5
 [nm p s]
 [42] 0 1
 [8] 0 1
 [36] 0 1
 [24] 0 1
 [44] 0 1
01b13a24-3683-4cd6-b25d-1a2ba373ee8a
 [response time] 3.179
 [number of tasks] 5
 [nm p s]
 [21] 0 1
 [20] 0 1
 [37] 0 1
 [48] 0 1
 [0] 0 1
3529a79e-4fae-4d38-b8b9-58edd3c72db6
 [response time] 2.999
 [number of tasks] 5
 [nm p s]
 [21] 0 1
 [38] 0 1
 [13] 0 1
 [35] 0 1
 [45] 0 1
cfa8a109-bd4e-4ecb-bfba-5e3e96a418d1
 [response time] 4.174
 [number of tasks] 5
 [nm p s]
 [49] 0 1
 [37] 0 1
 [48] 0 1
 [24] 0 1
 [1] 0 1
f1e8fbfc-8589-49ab-9b1c-b0817e0dc491
 [response time] 4.567
 [number of tasks] 5
 [nm p s]
 [39] 0 1
 [48] 0 1
 [46] 0 1
 [2] 0 1
 [34] 0 1
60aee3b3-d8ef-4874-922c-e3abecad4c4e
 [response time] 4.323
 [number of tasks] 5
 [nm p s]
 [20] 0 1
 [29] 0 1
 [7] 0 1
 [26] 0 1
 [3] 0 1
01cfec99-9882-4608-bead-2a615fe84291
 [response time] 5.225
 [number of tasks] 5
 [nm p s]
 [20] 0 1
 [31] 0 1
 [8] 0 1
 [39] 0 1
 [15] 0 1
06be3efb-3e47-4b45-8e9b-39e7270738c4
 [response time] 5.597
 [number of tasks] 5
 [nm p s]
 [42] 0 1
 [6] 0 1
 [26] 0 1
 [48] 0 1
 [23] 0 1
b01de267-aa4b-4d34-bf26-7fed9f477967
 [response time] 5.089
 [number of tasks] 5
 [nm p s]
 [30] 0 1
 [41] 0 1
 [37] 0 1
 [22] 0 1
 [0] 0 1
5359a830-a60c-469b-9b6b-d212f0d44184
 [response time] 5.784
 [number of tasks] 5
 [nm p s]
 [42] 0 1
 [41] 0 2
 [49] 0 1
 [25] 0 1
de0e6def-3c35-4ffe-b944-bbdf2dde31c1
 [response time] 6.112
 [number of tasks] 5
 [nm p s]
 [6] 0 1
 [25] 0 1
 [24] 0 1
 [13] 0 1
 [11] 0 1
fa289ecd-bef5-49f3-928f-6b852764cfc7
 [response time] 6.313
 [number of tasks] 5
 [nm p s]
 [42] 0 1
 [41] 0 1
 [49] 0 1
 [16] 0 1
 [37] 0 1
60d7193b-e13f-43e7-8411-a6c5a016f31a
 [response time] 7.198
 [number of tasks] 5
 [nm p s]
 [16] 0 1
 [2] 0 1
 [45] 0 1
 [1] 0 1
 [23] 0 1
ef37ba1b-c122-460b-8a82-37a2c282aaab
 [response time] 6.786
 [number of tasks] 5
 [nm p s]
 [40] 0 1
 [26] 0 1
 [36] 0 1
 [0] 0 1
 [33] 0 1
84ddc410-03f5-457a-9bce-f3e821fbc5cd
 [response time] 7.314
 [number of tasks] 5
 [nm p s]
 [10] 0 1
 [18] 0 1
 [40] 0 1
 [25] 0 1
 [44] 0 1
d9afb8d0-76de-4255-98d0-7a8aaeeecaf6
 [response time] 7.864
 [number of tasks] 5
 [nm p s]
 [38] 0 1
 [4] 0 1
 [26] 0 1
 [47] 0 1
 [23] 0 1
8c416147-3dc2-46b7-826c-292aa6b2b0bf
 [response time] 8.349
 [number of tasks] 5
 [nm p s]
 [18] 0 1
 [6] 0 1
 [48] 0 1
 [13] 0 1
 [46] 0 1
cd27e49c-884f-4ea6-866d-db3c8f72b586
 [response time] 7.899
 [number of tasks] 5
 [nm p s]
 [42] 0 2
 [7] 0 1
 [49] 0 1
 [0] 0 1
4644efec-89b6-406a-acaf-82dab40a0f32
 [response time] 8.67
 [number of tasks] 5
 [nm p s]
 [7] 0 1
 [28] 0 1
 [14] 0 1
 [34] 0 1
 [11] 0 1
bf11712d-f7a7-4a88-8e50-76801de60a21
 [response time] 8.719
 [number of tasks] 5
 [nm p s]
 [10] 0 1
 [9] 0 1
 [17] 0 1
 [27] 0 1
 [35] 0 1
820db9b5-5219-426a-ba84-2bd3611f07c9
 [response time] 9.729
 [number of tasks] 5
 [nm p s]
 [4] 0 1
 [37] 0 1
 [48] 0 1
 [46] 0 1
 [45] 0 1
636bb368-e229-493b-903f-1f7076c3b471
 [response time] 9.762
 [number of tasks] 5
 [nm p s]
 [19] 0 1
 [5] 0 1
 [49] 0 1
 [37] 0 1
 [3] 0 1
b21cc0ce-d330-49fe-a94b-e43bfdd13d17
 [response time] 10.934
 [number of tasks] 5
 [nm p s]
 [30] 0 1
 [29] 0 1
 [16] 0 1
 [12] 0 1
 [1] 0 1
af7082f5-11e9-4e71-963a-de1003898bab
 [response time] 10.281
 [number of tasks] 5
 [nm p s]
 [39] 0 1
 [26] 0 1
 [35] 0 1
 [33] 0 1
 [0] 0 1
9b18ad68-e379-4576-8c5a-ffd5962c6f21
 [response time] 11.811
 [number of tasks] 5
 [nm p s]
 [20] 0 1
 [6] 0 1
 [2] 0 1
 [34] 0 1
 [22] 0 1
247cd3ef-5ae9-483b-abf0-c674db63182f
 [response time] 11.892
 [number of tasks] 5
 [nm p s]
 [31] 0 1
 [7] 0 1
 [18] 0 1
 [16] 0 1
 [33] 0 1
d5bed57d-c79e-447c-a82e-8ed438a60fff
 [response time] 11.362
 [number of tasks] 5
 [nm p s]
 [37] 0 1
 [4] 0 1
 [13] 0 1
 [45] 0 1
 [11] 0 1
b6b7d414-ee10-4130-831f-9c0b053c807c
 [response time] 11.988
 [number of tasks] 5
 [nm p s]
 [19] 0 1
 [6] 0 1
 [27] 0 1
 [16] 0 1
 [44] 0 1
412981d3-c8cc-475f-a4cd-7d01ef317aff
 [response time] 12.291
 [number of tasks] 5
 [nm p s]
 [19] 0 1
 [41] 0 1
 [3] 0 1
 [35] 0 1
 [22] 0 1
67fcdffc-6d8a-4c15-99df-8e3ea464a016
 [response time] 13.013
 [number of tasks] 5
 [nm p s]
 [8] 0 2
 [7] 0 2
 [33] 0 1
1d1cae74-d4ce-4e5f-8b46-a4d81ae1838e
 [response time] 12.86
 [number of tasks] 5
 [nm p s]
 [30] 0 1
 [19] 0 1
 [39] 0 1
 [49] 0 1
 [26] 0 1
21ea794f-5120-4b01-80ee-bd7375e62341
 [response time] 14.044
 [number of tasks] 5
 [nm p s]
 [41] 0 2
 [49] 0 2
 [2] 0 1
4e747455-a1eb-4e52-8521-da7396903441
 [response time] 13.253
 [number of tasks] 5
 [nm p s]
 [7] 0 1
 [6] 0 1
 [48] 0 1
 [26] 0 1
 [22] 0 1
372a2d5e-4eb7-4607-b6bf-2809fef59dc8
 [response time] 13.114
 [number of tasks] 5
 [nm p s]
 [21] 0 1
 [42] 0 1
 [19] 0 1
 [18] 0 1
 [47] 0 1
26855aa5-458e-4dc5-935a-9a11a571f519
 [response time] 14.053
 [number of tasks] 5
 [nm p s]
 [40] 0 1
 [37] 0 1
 [12] 0 1
 [34] 0 1
 [11] 0 1
30b2058e-95b7-4429-8066-8f3f6298b143
 [response time] 13.892
 [number of tasks] 5
 [nm p s]
 [20] 0 1
 [29] 0 1
 [17] 0 1
 [49] 0 1
 [3] 0 1
f0e4f8a2-7361-4b26-9ace-2a6fdef26b10
 [response time] 15.084
 [number of tasks] 5
 [nm p s]
 [8] 0 1
 [38] 0 2
 [25] 0 1
 [0] 0 1
003bbbc0-1edc-47bc-9d6b-0aab025b921d
 [response time] 14.248
 [number of tasks] 5
 [nm p s]
 [32] 0 1
 [30] 0 1
 [28] 0 1
 [23] 0 1
 [45] 0 1
30bcfa62-eba5-4e35-b986-349f1e1d2b80
 [response time] 14.651
 [number of tasks] 5
 [nm p s]
 [40] 0 1
 [16] 0 1
 [49] 0 1
 [27] 0 1
 [5] 0 1
4be5dd0b-644c-4b8f-8458-cd380c8e05e0
 [response time] 15.185
 [number of tasks] 5
 [nm p s]
 [43] 0 1
 [42] 0 1
 [26] 0 1
 [0] 0 1
 [22] 0 1
7d797ec9-68f3-47ff-bf43-f1d477a81be2
 [response time] 15.148
 [number of tasks] 5
 [nm p s]
 [10] 0 1
 [42] 0 1
 [17] 0 1
 [49] 0 1
 [25] 0 1
ec3f22c3-eac0-4800-9e19-2d62ea33d7d6
 [response time] 14.805
 [number of tasks] 5
 [nm p s]
 [31] 0 1
 [6] 0 1
 [14] 0 1
 [24] 0 1
 [44] 0 1
6e64f0a6-2421-4520-9e69-2f8bb2af25dc
 [response time] 16.12
 [number of tasks] 5
 [nm p s]
 [40] 0 1
 [7] 0 1
 [27] 0 1
 [48] 0 1
 [15] 0 1
6e78fdaa-a942-4247-ad38-80432568bcf2
 [response time] 16.042
 [number of tasks] 5
 [nm p s]
 [21] 0 1
 [32] 0 1
 [7] 0 1
 [46] 0 2
f3e79c62-66a1-4283-abef-45ae302a4623
 [response time] 16.567
 [number of tasks] 5
 [nm p s]
 [43] 0 1
 [21] 0 1
 [4] 0 1
 [45] 0 1
 [23] 0 1
14449360-47d2-4caf-9082-52e8e9827519
 [response time] 16.59
 [number of tasks] 5
 [nm p s]
 [43] 0 1
 [18] 0 1
 [29] 0 1
 [49] 0 1
 [46] 0 1
f3126412-4a79-4a1a-a456-50d99d3bc4cf
 [response time] 16.739
 [number of tasks] 5
 [nm p s]
 [19] 0 1
 [48] 0 1
 [3] 0 1
 [47] 0 1
 [34] 0 1
37abc61f-dbda-41bc-8a21-2bceed11ad87
 [response time] 18.064
 [number of tasks] 5
 [nm p s]
 [19] 0 1
 [6] 0 1
 [3] 0 1
 [2] 0 1
 [44] 0 1
