[scheduler id] 4
[number of node monitors] 50

[job statistics]
15f7f4e7-07db-4f0a-ba4a-f2bb85b43c76
 [response time] 1.345
 [number of tasks] 5
 [nm p s]
 [22] 1 1
 [44] 1 1
 [20] 1 0
 [17] 1 0
 [29] 1 1
 [5] 1 0
 [4] 1 0
 [49] 1 1
 [48] 1 0
 [47] 1 1
5fe5f6db-af33-44c4-9d36-94df5ec93f80
 [response time] 1.316
 [number of tasks] 5
 [nm p s]
 [20] 1 0
 [43] 1 1
 [19] 1 0
 [11] 1 1
 [10] 1 1
 [31] 1 0
 [7] 1 1
 [6] 1 1
 [5] 1 0
 [48] 1 0
b17d4358-4624-426e-bd6b-5755988a27cd
 [response time] 1.274
 [number of tasks] 5
 [nm p s]
 [20] 1 1
 [39] 1 1
 [14] 1 0
 [37] 1 0
 [12] 1 1
 [8] 1 0
 [4] 1 1
 [25] 1 0
 [48] 1 0
 [24] 1 1
68eb7170-4a21-4fa9-9da3-f88060847aca
 [response time] 1.993
 [number of tasks] 5
 [nm p s]
 [21] 1 0
 [20] 1 1
 [17] 1 1
 [13] 1 0
 [31] 1 1
 [7] 1 0
 [6] 1 0
 [48] 1 1
 [23] 1 1
 [46] 1 0
d3643584-e4d9-4c0c-ad87-bc4301513620
 [response time] 2.59
 [number of tasks] 5
 [nm p s]
 [45] 1 1
 [36] 1 0
 [30] 1 0
 [27] 1 0
 [3] 1 1
 [25] 1 0
 [2] 1 1
 [48] 1 1
 [1] 1 0
 [23] 1 1
39c203d5-3940-4fe7-abc3-89212fab1e90
 [response time] 2.957
 [number of tasks] 5
 [nm p s]
 [45] 1 0
 [43] 1 1
 [19] 1 1
 [41] 1 1
 [38] 1 0
 [32] 1 0
 [8] 1 0
 [27] 1 1
 [26] 1 0
 [25] 1 1
abc9d28d-8213-497d-af92-1bffd8af3867
 [response time] 2.861
 [number of tasks] 5
 [nm p s]
 [43] 1 1
 [42] 1 1
 [15] 1 0
 [12] 1 1
 [33] 1 1
 [31] 1 0
 [29] 1 1
 [28] 1 0
 [26] 1 0
 [47] 1 0
fe082a20-67fb-4d9d-bd61-b9b721306ed9
 [response time] 3.356
 [number of tasks] 5
 [nm p s]
 [22] 1 1
 [18] 1 0
 [41] 1 1
 [38] 1 0
 [37] 1 1
 [5] 1 1
 [3] 1 0
 [26] 1 0
 [0] 1 0
 [46] 1 1
38bc800d-2814-451f-987c-b2b4ceb0cbce
 [response time] 3.764
 [number of tasks] 5
 [nm p s]
 [45] 1 0
 [21] 1 1
 [41] 1 0
 [37] 1 1
 [12] 1 0
 [32] 1 0
 [7] 1 1
 [29] 1 1
 [5] 1 0
 [25] 1 1
c9a14d96-2889-4726-b8a4-93ffcffa8a9f
 [response time] 3.888
 [number of tasks] 5
 [nm p s]
 [44] 1 1
 [41] 1 0
 [17] 1 1
 [16] 1 1
 [12] 1 0
 [10] 1 1
 [7] 1 0
 [6] 1 1
 [28] 1 0
 [25] 1 0
c7162099-bb3b-4eba-9432-055a47f27ce2
 [response time] 4.013
 [number of tasks] 5
 [nm p s]
 [18] 1 1
 [37] 1 0
 [12] 1 0
 [33] 1 1
 [9] 1 1
 [7] 1 0
 [30] 1 0
 [2] 1 0
 [48] 1 1
 [46] 1 1
3d19c5b9-5a2f-416b-84d5-610eae3bd6d1
 [response time] 4.798
 [number of tasks] 5
 [nm p s]
 [44] 1 0
 [42] 1 1
 [36] 1 1
 [28] 1 0
 [5] 1 0
 [4] 1 1
 [26] 1 0
 [49] 1 1
 [1] 1 1
 [24] 1 0
97f7d862-4afc-4914-9206-ef79ee68a517
 [response time] 4.909
 [number of tasks] 5
 [nm p s]
 [45] 1 0
 [18] 1 1
 [37] 1 1
 [13] 1 0
 [12] 1 0
 [11] 1 0
 [31] 1 1
 [3] 1 0
 [2] 1 1
 [1] 1 1
f9e801dc-55a3-4762-8417-a5cef45de39a
 [response time] 5.06
 [number of tasks] 5
 [nm p s]
 [14] 1 1
 [11] 1 0
 [34] 1 0
 [30] 1 1
 [29] 1 1
 [5] 1 0
 [2] 1 0
 [1] 1 1
 [47] 1 1
 [0] 1 0
a72d19ed-b2e8-45dc-bdca-8bf75bb15a77
 [response time] 5.297
 [number of tasks] 5
 [nm p s]
 [20] 1 0
 [40] 1 0
 [17] 1 0
 [14] 1 1
 [12] 1 1
 [32] 1 1
 [8] 1 0
 [7] 1 1
 [30] 1 0
 [23] 1 1
f010c94f-2b31-47f3-9eb9-f3b6ca5fd320
 [response time] 5.768
 [number of tasks] 5
 [nm p s]
 [43] 1 1
 [40] 1 0
 [39] 1 1
 [37] 1 0
 [36] 1 0
 [35] 1 0
 [7] 1 1
 [25] 1 1
 [47] 1 1
 [23] 1 0
0171eae3-13d7-4d04-878f-d926c57262fe
 [response time] 5.941
 [number of tasks] 5
 [nm p s]
 [45] 1 0
 [19] 1 1
 [41] 1 1
 [15] 1 1
 [35] 1 0
 [34] 1 0
 [7] 1 1
 [6] 1 0
 [28] 1 1
 [27] 1 0
be5cf677-19c3-4d8b-881c-903f5ed77e37
 [response time] 6.689
 [number of tasks] 5
 [nm p s]
 [44] 1 0
 [43] 1 1
 [19] 1 1
 [39] 1 0
 [14] 1 1
 [12] 1 0
 [10] 1 0
 [30] 1 1
 [49] 1 0
 [23] 1 1
edbff65c-2ec7-41df-a24d-8707c2b78470
 [response time] 7.205
 [number of tasks] 5
 [nm p s]
 [43] 1 1
 [38] 1 1
 [15] 1 0
 [14] 1 0
 [37] 1 0
 [11] 1 0
 [33] 1 0
 [7] 1 1
 [25] 1 1
 [48] 1 1
325f8fcf-7470-47b5-af49-506a3608f948
 [response time] 7.562
 [number of tasks] 5
 [nm p s]
 [21] 1 1
 [42] 1 0
 [18] 1 0
 [15] 1 0
 [38] 1 0
 [14] 1 0
 [11] 1 1
 [34] 1 1
 [1] 1 1
 [24] 1 1
659d1a3c-d905-4423-8a91-0468f1d30945
 [response time] 7.519
 [number of tasks] 5
 [nm p s]
 [21] 1 0
 [42] 1 0
 [16] 1 0
 [14] 1 0
 [36] 1 1
 [34] 1 1
 [10] 1 1
 [47] 1 1
 [46] 1 1
 [23] 1 0
92331495-f2fe-4b89-9267-79803ade66a2
 [response time] 8.135
 [number of tasks] 5
 [nm p s]
 [44] 1 0
 [43] 1 0
 [42] 1 1
 [39] 1 0
 [33] 1 1
 [32] 1 0
 [6] 1 1
 [29] 1 1
 [24] 1 0
 [23] 1 1
b8c07f51-ed5a-4328-b8e3-80c9d607f7e9
 [response time] 8.406
 [number of tasks] 5
 [nm p s]
 [43] 1 0
 [18] 1 1
 [16] 1 1
 [13] 1 0
 [32] 1 0
 [29] 1 0
 [28] 1 1
 [3] 1 0
 [26] 1 1
 [0] 1 1
ebdd1d1b-197a-4872-8717-9aab2a67cb5b
 [response time] 8.61
 [number of tasks] 5
 [nm p s]
 [44] 1 0
 [43] 1 0
 [42] 1 1
 [40] 1 0
 [36] 1 1
 [35] 1 0
 [11] 1 0
 [8] 1 1
 [7] 1 1
 [2] 1 1
0460a554-3eea-4d48-8e77-2ef2eccb8d5e
 [response time] 8.803
 [number of tasks] 5
 [nm p s]
 [44] 1 0
 [43] 1 1
 [41] 1 1
 [37] 1 0
 [12] 1 0
 [34] 1 1
 [33] 1 0
 [28] 1 1
 [26] 1 1
 [49] 1 0
9bb34c11-22d9-457d-b1d6-8726d72d2297
 [response time] 8.841
 [number of tasks] 5
 [nm p s]
 [22] 1 1
 [45] 1 1
 [17] 1 0
 [35] 1 0
 [33] 1 0
 [9] 1 1
 [8] 1 1
 [30] 1 1
 [47] 1 0
 [23] 1 0
c388219a-e8ce-47e2-8248-c5c4f8c6d18c
 [response time] 9.4
 [number of tasks] 5
 [nm p s]
 [21] 1 1
 [17] 1 1
 [40] 1 1
 [39] 1 1
 [15] 1 0
 [35] 1 0
 [11] 1 0
 [5] 1 0
 [48] 1 1
 [25] 1 0
3e89e34e-3b73-45fb-bc8f-31a9ec988a29
 [response time] 9.643
 [number of tasks] 5
 [nm p s]
 [22] 1 1
 [21] 1 1
 [20] 1 1
 [13] 1 1
 [32] 1 0
 [28] 1 1
 [4] 1 0
 [26] 1 0
 [48] 1 0
 [23] 1 0
ea93a964-455e-4780-a1ef-f593fcbd3ca4
 [response time] 10.035
 [number of tasks] 5
 [nm p s]
 [44] 1 1
 [18] 1 0
 [40] 1 0
 [15] 1 0
 [37] 1 1
 [36] 1 1
 [10] 1 1
 [32] 1 0
 [29] 1 1
 [26] 1 0
46e8b4a6-7e6f-4ce8-8d8e-88c6281fbb3c
 [response time] 9.994
 [number of tasks] 5
 [nm p s]
 [15] 1 1
 [13] 1 0
 [36] 1 1
 [11] 1 1
 [8] 1 1
 [6] 1 0
 [25] 1 0
 [24] 1 1
 [47] 1 0
 [23] 1 0
74f0a033-8950-484d-b210-eb320c8fe266
 [response time] 10.533
 [number of tasks] 5
 [nm p s]
 [22] 1 1
 [44] 1 1
 [20] 1 0
 [41] 1 0
 [39] 1 1
 [6] 1 0
 [26] 1 1
 [48] 1 0
 [24] 1 0
 [47] 1 1
e53cb5bc-3a40-42b7-a9cd-3de60cbabc54
 [response time] 10.892
 [number of tasks] 5
 [nm p s]
 [22] 1 1
 [41] 1 0
 [16] 1 1
 [39] 1 0
 [36] 1 1
 [13] 1 0
 [33] 1 0
 [30] 1 0
 [4] 1 1
 [23] 1 1
8641124f-9291-4d20-8103-d8c17047be25
 [response time] 11.114
 [number of tasks] 5
 [nm p s]
 [44] 1 1
 [15] 1 1
 [13] 1 0
 [8] 1 0
 [31] 1 1
 [7] 1 0
 [28] 1 0
 [4] 1 1
 [24] 1 1
 [23] 1 0
0cdea710-b682-4bf9-936d-9b3d25c90199
 [response time] 11.255
 [number of tasks] 5
 [nm p s]
 [45] 1 0
 [21] 1 1
 [9] 1 1
 [32] 1 0
 [31] 1 1
 [7] 1 1
 [29] 1 1
 [4] 1 0
 [47] 1 0
 [46] 1 0
d90b7946-180f-4314-91a4-ee3f50e2a038
 [response time] 11.853
 [number of tasks] 5
 [nm p s]
 [22] 1 0
 [45] 1 0
 [43] 1 1
 [16] 1 1
 [39] 1 1
 [37] 1 0
 [32] 1 0
 [27] 1 0
 [49] 1 1
 [48] 1 1
5ec26fda-b2d4-477c-8878-98d016fee5b0
 [response time] 12.194
 [number of tasks] 5
 [nm p s]
 [20] 1 0
 [41] 1 0
 [37] 1 0
 [13] 1 1
 [11] 1 1
 [33] 1 1
 [29] 1 0
 [49] 1 1
 [2] 1 0
 [0] 1 1
f3eee345-e1dd-4393-b54e-e7f1799e9a07
 [response time] 12.212
 [number of tasks] 5
 [nm p s]
 [21] 1 0
 [39] 1 1
 [38] 1 0
 [14] 1 1
 [35] 1 0
 [34] 1 1
 [29] 1 1
 [5] 1 1
 [25] 1 0
 [47] 1 0
8f71aa40-33e1-4323-9f11-e59a7bff348c
 [response time] 12.46
 [number of tasks] 5
 [nm p s]
 [44] 1 1
 [21] 1 1
 [17] 1 1
 [37] 1 0
 [34] 1 0
 [33] 1 0
 [7] 1 0
 [3] 1 1
 [25] 1 0
 [1] 1 1
b476d91a-405a-4835-81d0-aa0bc4a7ceca
 [response time] 12.594
 [number of tasks] 5
 [nm p s]
 [44] 1 0
 [15] 1 0
 [38] 1 0
 [37] 1 1
 [7] 1 1
 [27] 1 0
 [24] 1 1
 [47] 1 1
 [46] 1 1
 [0] 1 0
11659914-ba06-4946-a01b-735e9d1801ec
 [response time] 12.534
 [number of tasks] 5
 [nm p s]
 [22] 1 1
 [18] 1 0
 [16] 1 1
 [37] 1 0
 [13] 1 0
 [10] 1 1
 [6] 1 0
 [5] 1 0
 [27] 1 1
 [0] 1 1
7d64e9f1-1a75-49dd-9f59-712de2c624cb
 [response time] 13.285
 [number of tasks] 5
 [nm p s]
 [19] 1 1
 [17] 1 0
 [13] 1 0
 [33] 1 1
 [6] 1 1
 [2] 1 1
 [24] 1 0
 [0] 1 0
 [23] 1 0
 [46] 1 1
9eb2c879-2634-461a-b7a7-d2e0369c4e0c
 [response time] 13.207
 [number of tasks] 5
 [nm p s]
 [45] 1 1
 [21] 1 0
 [42] 1 1
 [18] 1 1
 [41] 1 1
 [16] 1 0
 [13] 1 0
 [3] 1 1
 [24] 1 0
 [23] 1 0
db8157a7-ba33-4ef2-bdae-5da27fedbeab
 [response time] 13.485
 [number of tasks] 5
 [nm p s]
 [42] 1 1
 [18] 1 0
 [41] 1 1
 [36] 1 1
 [35] 1 1
 [11] 1 0
 [32] 1 0
 [26] 1 0
 [25] 1 0
 [1] 1 1
0a5c16c3-f232-4905-b273-770c46f02404
 [response time] 13.801
 [number of tasks] 5
 [nm p s]
 [20] 1 0
 [42] 1 0
 [41] 1 0
 [17] 1 1
 [38] 1 1
 [32] 1 0
 [7] 1 1
 [6] 1 1
 [27] 1 1
 [25] 1 0
90e6802b-28a1-41ab-9baf-e97571dc110f
 [response time] 14.229
 [number of tasks] 5
 [nm p s]
 [20] 1 0
 [42] 1 0
 [16] 1 1
 [14] 1 1
 [34] 1 0
 [33] 1 0
 [32] 1 1
 [25] 1 1
 [24] 1 1
 [0] 1 0
8f0e8047-50f6-4329-b6e1-fa84f583555f
 [response time] 14.45
 [number of tasks] 5
 [nm p s]
 [21] 1 0
 [15] 1 1
 [36] 1 1
 [12] 1 1
 [32] 1 0
 [6] 1 0
 [3] 1 1
 [25] 1 0
 [0] 1 0
 [23] 1 1
07d3b780-a915-4ccd-a4af-09759f3415c5
 [response time] 14.72
 [number of tasks] 5
 [nm p s]
 [22] 1 1
 [41] 1 0
 [14] 1 1
 [12] 1 0
 [6] 1 1
 [28] 1 1
 [27] 1 0
 [4] 1 0
 [25] 1 1
 [24] 1 0
46e3c90f-5ade-4723-8168-4c1c3cf32d58
 [response time] 15.095
 [number of tasks] 5
 [nm p s]
 [44] 1 1
 [39] 1 0
 [38] 1 0
 [13] 1 0
 [35] 1 1
 [7] 1 1
 [30] 1 0
 [4] 1 0
 [27] 1 1
 [25] 1 1
403608ba-1cae-467d-9917-081463047c4c
 [response time] 15.116
 [number of tasks] 5
 [nm p s]
 [16] 1 0
 [11] 1 1
 [8] 1 0
 [31] 1 0
 [29] 1 0
 [28] 1 1
 [3] 1 1
 [49] 1 1
 [25] 1 0
 [48] 1 1
8ce7a3a9-95b6-4a10-9905-1f637596e6e2
 [response time] 15.759
 [number of tasks] 5
 [nm p s]
 [19] 1 1
 [42] 1 1
 [40] 1 0
 [16] 1 1
 [39] 1 0
 [15] 1 1
 [30] 1 0
 [5] 1 0
 [4] 1 0
 [2] 1 1
