[scheduler id] 3
[number of node monitors] 50

[job statistics]
f6e05e83-f933-4ba0-bb16-2ba1864d90c3
 [response time] 1.146
 [number of tasks] 5
 [nm p s]
 [44] 1 0
 [40] 1 1
 [16] 1 1
 [15] 1 0
 [14] 1 1
 [12] 1 1
 [33] 1 1
 [9] 1 0
 [26] 1 0
 [47] 1 0
acb301e2-5a9e-402f-8580-109a3d6bc018
 [response time] 1.818
 [number of tasks] 5
 [nm p s]
 [42] 1 0
 [16] 1 1
 [13] 1 0
 [35] 1 0
 [10] 1 1
 [32] 1 1
 [8] 1 0
 [7] 1 1
 [3] 1 1
 [46] 1 0
403b029e-9523-479e-882d-1026e7d5216b
 [response time] 1.96
 [number of tasks] 5
 [nm p s]
 [22] 1 1
 [21] 1 1
 [42] 1 1
 [17] 1 0
 [40] 1 0
 [14] 1 1
 [11] 1 1
 [9] 1 0
 [6] 1 0
 [28] 1 0
fb932e64-21c4-44c6-ae95-30555e71c852
 [response time] 2.018
 [number of tasks] 5
 [nm p s]
 [22] 1 1
 [21] 1 0
 [43] 1 1
 [38] 1 1
 [14] 1 0
 [10] 1 1
 [30] 1 1
 [3] 1 0
 [49] 1 0
 [0] 1 0
13e8c9b9-3c57-416e-a798-d0a6b5742dbd
 [response time] 2.405
 [number of tasks] 5
 [nm p s]
 [22] 1 0
 [45] 1 1
 [41] 1 0
 [17] 1 0
 [38] 1 0
 [35] 1 1
 [7] 1 0
 [5] 1 1
 [25] 1 1
 [0] 1 1
10cd014c-76da-4e29-9b14-97682b6883ee
 [response time] 2.992
 [number of tasks] 5
 [nm p s]
 [22] 1 1
 [44] 1 0
 [39] 1 1
 [15] 1 1
 [14] 1 1
 [34] 1 0
 [30] 1 1
 [28] 1 0
 [26] 1 0
 [23] 1 0
8ba05ace-8ab2-4096-b0f6-0541fa3eef4c
 [response time] 2.899
 [number of tasks] 5
 [nm p s]
 [21] 1 0
 [41] 1 0
 [17] 1 1
 [16] 1 1
 [13] 1 1
 [11] 1 1
 [10] 1 0
 [4] 1 0
 [26] 1 0
 [2] 1 1
c31079e7-6ebe-45a8-8cd8-2a8fd4a5dbb5
 [response time] 3.525
 [number of tasks] 5
 [nm p s]
 [45] 1 1
 [21] 1 1
 [38] 1 1
 [14] 1 0
 [36] 1 1
 [13] 1 0
 [34] 1 1
 [5] 1 0
 [27] 1 0
 [49] 1 0
e72173da-8130-49e2-a3ad-c40066e39feb
 [response time] 3.581
 [number of tasks] 5
 [nm p s]
 [44] 1 0
 [42] 1 1
 [41] 1 1
 [40] 1 0
 [35] 1 0
 [31] 1 0
 [30] 1 1
 [26] 1 1
 [24] 1 1
 [23] 1 0
d9e6bfda-058a-47fa-8414-d670f27eeec2
 [response time] 3.691
 [number of tasks] 5
 [nm p s]
 [45] 1 0
 [41] 1 0
 [40] 1 0
 [14] 1 1
 [13] 1 1
 [35] 1 0
 [31] 1 1
 [30] 1 1
 [3] 1 0
 [23] 1 1
4a7083c1-adbf-4dcb-9b3e-7e77bcd381d9
 [response time] 4.006
 [number of tasks] 5
 [nm p s]
 [22] 1 0
 [45] 1 0
 [44] 1 0
 [42] 1 0
 [38] 1 1
 [13] 1 1
 [34] 1 1
 [8] 1 1
 [6] 1 1
 [25] 1 0
d1173201-49d6-4542-a270-1aedb1683263
 [response time] 4.292
 [number of tasks] 5
 [nm p s]
 [45] 1 1
 [21] 1 0
 [44] 1 1
 [42] 1 0
 [18] 1 1
 [9] 1 0
 [8] 1 1
 [3] 1 1
 [48] 1 0
 [0] 1 0
a8cb6c61-7fcd-4602-8823-e9f6d279efd5
 [response time] 4.801
 [number of tasks] 5
 [nm p s]
 [44] 1 0
 [20] 1 0
 [19] 1 1
 [16] 1 1
 [15] 1 1
 [37] 1 0
 [8] 1 0
 [2] 1 0
 [48] 1 1
 [0] 1 1
6dfd6d15-eb40-4637-a8b3-0cbace5c26fc
 [response time] 5.063
 [number of tasks] 5
 [nm p s]
 [21] 1 1
 [19] 1 1
 [40] 1 1
 [13] 1 0
 [31] 1 0
 [6] 1 1
 [5] 1 0
 [25] 1 0
 [48] 1 0
 [23] 1 1
997ccc1d-34aa-453c-9ae4-fa6e8c97d87e
 [response time] 5.661
 [number of tasks] 5
 [nm p s]
 [44] 1 1
 [16] 1 0
 [15] 1 1
 [12] 1 0
 [35] 1 0
 [34] 1 0
 [11] 1 1
 [10] 1 1
 [6] 1 1
 [3] 1 0
61fde7bb-ac68-4b7c-9b0f-256d100aa610
 [response time] 5.558
 [number of tasks] 5
 [nm p s]
 [22] 1 0
 [43] 1 1
 [40] 1 0
 [38] 1 1
 [36] 1 0
 [33] 1 1
 [32] 1 0
 [5] 1 0
 [27] 1 1
 [46] 1 1
c7a86fda-72b9-4bb5-85c1-34eacd6f7b98
 [response time] 5.971
 [number of tasks] 5
 [nm p s]
 [22] 1 0
 [21] 1 1
 [43] 1 0
 [39] 1 0
 [14] 1 0
 [13] 1 1
 [6] 1 1
 [29] 1 1
 [2] 1 1
 [1] 1 0
a3696aa4-6bc3-4cb3-8920-2a115b026dcf
 [response time] 6.041
 [number of tasks] 5
 [nm p s]
 [22] 1 0
 [44] 1 0
 [21] 1 0
 [16] 1 1
 [15] 1 1
 [14] 1 1
 [9] 1 0
 [49] 1 1
 [25] 1 0
 [0] 1 1
602729c3-e9ee-49ea-8b58-b29c4801472b
 [response time] 6.1
 [number of tasks] 5
 [nm p s]
 [21] 1 0
 [18] 1 1
 [41] 1 0
 [17] 1 1
 [14] 1 0
 [37] 1 1
 [8] 1 0
 [31] 1 0
 [30] 1 1
 [49] 1 1
a2699033-39fe-4ac2-a114-56508331e7e2
 [response time] 7.085
 [number of tasks] 5
 [nm p s]
 [41] 1 1
 [40] 1 1
 [39] 1 1
 [37] 1 1
 [14] 1 0
 [13] 1 1
 [9] 1 0
 [29] 1 0
 [5] 1 0
 [23] 1 0
981ad93a-6a5f-4e79-9937-c59e24bca180
 [response time] 7.23
 [number of tasks] 5
 [nm p s]
 [22] 1 1
 [44] 1 1
 [19] 1 1
 [16] 1 0
 [39] 1 0
 [35] 1 0
 [9] 1 1
 [6] 1 0
 [2] 1 0
 [48] 1 1
83af050c-78d1-40a9-a4a0-2bec908d4290
 [response time] 7.5
 [number of tasks] 5
 [nm p s]
 [42] 1 0
 [15] 1 0
 [38] 1 0
 [31] 1 1
 [8] 1 1
 [30] 1 1
 [28] 1 1
 [3] 1 0
 [25] 1 1
 [24] 1 0
ad43c464-fe92-4a02-9865-470f0899f841
 [response time] 7.621
 [number of tasks] 5
 [nm p s]
 [37] 1 1
 [12] 1 1
 [34] 1 0
 [33] 1 1
 [32] 1 0
 [31] 1 0
 [4] 1 1
 [48] 1 0
 [25] 1 1
 [0] 1 0
d9a9968b-0814-4551-8d33-bf5ed22e14bd
 [response time] 7.872
 [number of tasks] 5
 [nm p s]
 [19] 1 0
 [18] 1 0
 [39] 1 0
 [38] 1 1
 [37] 1 0
 [31] 1 0
 [27] 1 1
 [26] 1 1
 [24] 1 1
 [46] 1 1
c7ae0322-f065-493a-8992-4af26d938ee4
 [response time] 8.288
 [number of tasks] 5
 [nm p s]
 [18] 1 0
 [15] 1 1
 [14] 1 1
 [11] 1 1
 [6] 1 0
 [28] 1 0
 [3] 1 0
 [48] 1 1
 [23] 1 0
 [46] 1 1
0c48f3fe-a458-456f-85fc-e17ed7910559
 [response time] 8.459
 [number of tasks] 5
 [nm p s]
 [44] 1 0
 [40] 1 1
 [15] 1 1
 [12] 1 1
 [33] 1 1
 [9] 1 1
 [29] 1 0
 [27] 1 0
 [49] 1 0
 [23] 1 0
df7decf7-1004-4ee7-ae2b-68f506568546
 [response time] 8.81
 [number of tasks] 5
 [nm p s]
 [22] 1 1
 [44] 1 0
 [20] 1 1
 [37] 1 0
 [8] 1 0
 [5] 1 0
 [4] 1 1
 [26] 1 0
 [25] 1 1
 [23] 1 1
6183e638-f351-4967-877b-09d1d97d3f03
 [response time] 9.254
 [number of tasks] 5
 [nm p s]
 [45] 1 1
 [19] 1 1
 [42] 1 0
 [41] 1 1
 [16] 1 0
 [35] 1 0
 [31] 1 0
 [29] 1 1
 [5] 1 0
 [0] 1 1
a295be3d-514f-42d5-a221-40fb135e57e5
 [response time] 9.474
 [number of tasks] 5
 [nm p s]
 [19] 1 0
 [42] 1 0
 [14] 1 1
 [37] 1 0
 [12] 1 1
 [6] 1 1
 [25] 1 0
 [47] 1 1
 [0] 1 0
 [46] 1 1
44b32e88-31d6-4995-af18-30cfc5e8c0fc
 [response time] 9.639
 [number of tasks] 5
 [nm p s]
 [19] 1 1
 [40] 1 0
 [15] 1 1
 [9] 1 1
 [32] 1 0
 [30] 1 1
 [6] 1 0
 [26] 1 0
 [3] 1 1
 [48] 1 0
101f595f-6fb0-499c-8b8e-01666f42db1d
 [response time] 9.805
 [number of tasks] 5
 [nm p s]
 [44] 1 0
 [43] 1 0
 [16] 1 1
 [13] 1 0
 [36] 1 0
 [34] 1 1
 [30] 1 1
 [49] 1 1
 [25] 1 1
 [46] 1 0
0949bdc8-b4c9-44df-8c9f-20f20943f5ed
 [response time] 10.07
 [number of tasks] 5
 [nm p s]
 [19] 1 0
 [42] 1 1
 [18] 1 0
 [40] 1 0
 [16] 1 1
 [29] 1 0
 [5] 1 1
 [4] 1 1
 [27] 1 0
 [3] 1 1
8b90f685-13ab-4c2b-9aba-5e78fe54960f
 [response time] 10.75
 [number of tasks] 5
 [nm p s]
 [18] 1 1
 [41] 1 0
 [17] 1 1
 [38] 1 0
 [10] 1 1
 [9] 1 0
 [32] 1 1
 [31] 1 0
 [6] 1 0
 [1] 1 1
c9ad29b9-0976-4f88-a162-fdb6d2cf4f98
 [response time] 11.044
 [number of tasks] 5
 [nm p s]
 [45] 1 0
 [42] 1 1
 [41] 1 1
 [38] 1 0
 [12] 1 0
 [8] 1 1
 [7] 1 1
 [5] 1 1
 [26] 1 0
 [2] 1 0
f5dde04a-c5d4-4681-bd3d-608fbf1257fb
 [response time] 11.319
 [number of tasks] 5
 [nm p s]
 [45] 1 1
 [44] 1 1
 [18] 1 1
 [16] 1 0
 [39] 1 0
 [15] 1 0
 [8] 1 0
 [29] 1 0
 [46] 1 1
 [0] 1 1
5248d066-a217-41ee-9634-ea25a68108ac
 [response time] 11.462
 [number of tasks] 5
 [nm p s]
 [19] 1 1
 [16] 1 0
 [38] 1 1
 [36] 1 0
 [9] 1 1
 [32] 1 1
 [29] 1 0
 [27] 1 1
 [0] 1 0
 [23] 1 0
a73aa025-3f01-474f-bd9a-4c93399d4319
 [response time] 11.734
 [number of tasks] 5
 [nm p s]
 [21] 1 1
 [18] 1 1
 [41] 1 1
 [16] 1 0
 [11] 1 0
 [3] 1 0
 [26] 1 0
 [2] 1 1
 [24] 1 1
 [46] 1 0
c01783a1-658a-4ec1-ac1d-4bbfdbff719b
 [response time] 11.737
 [number of tasks] 5
 [nm p s]
 [43] 1 1
 [19] 1 1
 [39] 1 1
 [38] 1 0
 [37] 1 0
 [35] 1 1
 [12] 1 0
 [32] 1 0
 [27] 1 1
 [49] 1 0
083a0aa3-2a05-4a18-9bdb-687e4cb82b98
 [response time] 12.233
 [number of tasks] 5
 [nm p s]
 [22] 1 0
 [20] 1 0
 [43] 1 0
 [15] 1 1
 [37] 1 1
 [31] 1 1
 [8] 1 1
 [7] 1 1
 [28] 1 0
 [0] 1 0
4842fd0b-0d0d-4a1d-b768-2e10622f761b
 [response time] 12.459
 [number of tasks] 5
 [nm p s]
 [45] 1 1
 [44] 1 0
 [39] 1 0
 [38] 1 0
 [13] 1 1
 [34] 1 1
 [31] 1 1
 [6] 1 1
 [25] 1 0
 [2] 1 0
0371c2ec-0bdf-4765-8e2f-39236b8ac863
 [response time] 12.789
 [number of tasks] 5
 [nm p s]
 [44] 1 0
 [42] 1 0
 [17] 1 1
 [39] 1 0
 [15] 1 1
 [9] 1 1
 [3] 1 0
 [49] 1 1
 [25] 1 0
 [1] 1 1
16120ff6-f638-451f-ab49-f7c109f3b3f7
 [response time] 12.764
 [number of tasks] 5
 [nm p s]
 [17] 1 0
 [37] 1 0
 [13] 1 1
 [12] 1 1
 [10] 1 1
 [32] 1 0
 [5] 1 0
 [28] 1 1
 [26] 1 0
 [48] 1 1
1cdcd268-ee4e-4715-b6b2-527d5535c76d
 [response time] 13.118
 [number of tasks] 5
 [nm p s]
 [22] 1 1
 [45] 1 1
 [19] 1 1
 [40] 1 1
 [37] 1 0
 [35] 1 0
 [34] 1 1
 [9] 1 0
 [49] 1 0
 [24] 1 0
db8f91a6-c51b-4007-8f26-1d5a1c64bc39
 [response time] 13.304
 [number of tasks] 5
 [nm p s]
 [39] 1 1
 [11] 1 1
 [33] 1 0
 [32] 1 1
 [8] 1 0
 [7] 1 0
 [6] 1 0
 [48] 1 1
 [2] 1 0
 [25] 1 1
48d845e5-5c30-4df9-b628-068283864dfa
 [response time] 13.759
 [number of tasks] 5
 [nm p s]
 [22] 1 1
 [45] 1 1
 [21] 1 0
 [20] 1 0
 [14] 1 1
 [36] 1 0
 [12] 1 0
 [32] 1 0
 [8] 1 1
 [2] 1 1
5875040b-f3b6-4067-a9ed-0b99b969f76e
 [response time] 14.404
 [number of tasks] 5
 [nm p s]
 [22] 1 1
 [45] 1 1
 [39] 1 1
 [13] 1 0
 [36] 1 0
 [34] 1 1
 [7] 1 0
 [30] 1 1
 [6] 1 0
 [46] 1 0
07b87168-21e2-4987-9a79-c90c5df9c254
 [response time] 14.601
 [number of tasks] 5
 [nm p s]
 [21] 1 0
 [43] 1 0
 [41] 1 0
 [40] 1 1
 [15] 1 1
 [36] 1 1
 [34] 1 0
 [33] 1 1
 [27] 1 0
 [49] 1 1
1a6e874d-7e5d-4fe7-9388-eb144ef0ace3
 [response time] 14.533
 [number of tasks] 5
 [nm p s]
 [19] 1 0
 [42] 1 1
 [40] 1 0
 [13] 1 1
 [11] 1 1
 [33] 1 0
 [31] 1 0
 [26] 1 1
 [2] 1 1
 [48] 1 0
4a2f1dbd-41f9-41fd-8f43-43a95976fd6f
 [response time] 14.773
 [number of tasks] 5
 [nm p s]
 [19] 1 0
 [12] 1 0
 [35] 1 0
 [33] 1 0
 [9] 1 1
 [32] 1 1
 [8] 1 1
 [7] 1 1
 [3] 1 0
 [48] 1 1
4ab65f66-714a-439d-a453-c920625c785f
 [response time] 15.172
 [number of tasks] 5
 [nm p s]
 [22] 1 1
 [44] 1 0
 [16] 1 1
 [38] 1 0
 [13] 1 0
 [7] 1 1
 [5] 1 0
 [4] 1 0
 [26] 1 1
 [24] 1 1
