[scheduler id] 2
[number of node monitors] 50

[job statistics]
f62b76d1-3c6c-43ed-be77-d2ab2bd61a78
 [response time] 1.026
 [number of tasks] 5
 [nm p s]
 [19] 1 1
 [42] 1 0
 [38] 1 1
 [31] 1 0
 [29] 1 0
 [27] 1 1
 [49] 1 0
 [25] 1 0
 [1] 1 1
 [46] 1 1
ddf6917f-5ef7-49ad-85f2-c1ccebe1da2d
 [response time] 1.234
 [number of tasks] 5
 [nm p s]
 [13] 1 1
 [34] 1 1
 [31] 1 0
 [30] 1 1
 [6] 1 0
 [5] 1 0
 [1] 1 1
 [24] 1 1
 [47] 1 0
 [46] 1 0
4ceb6ca3-799e-47ad-8b4e-4a3867b9ec9d
 [response time] 1.924
 [number of tasks] 5
 [nm p s]
 [19] 1 1
 [18] 1 1
 [37] 1 0
 [36] 1 1
 [12] 1 0
 [8] 1 0
 [7] 1 0
 [27] 1 0
 [49] 1 1
 [2] 1 1
d9b01887-6f4f-4895-90b8-9edf4ca85da8
 [response time] 2.757
 [number of tasks] 5
 [nm p s]
 [44] 1 1
 [39] 1 0
 [38] 1 1
 [13] 1 1
 [11] 1 1
 [8] 1 1
 [7] 1 0
 [30] 1 0
 [29] 1 0
 [24] 1 0
8c7e3b83-bd65-4555-a72b-44c077c5aded
 [response time] 2.629
 [number of tasks] 5
 [nm p s]
 [45] 1 0
 [40] 1 1
 [15] 1 1
 [13] 1 0
 [34] 1 1
 [32] 1 1
 [7] 1 0
 [27] 1 0
 [48] 1 1
 [1] 1 0
b17c77a7-af0d-4712-825c-822f8ce4fb00
 [response time] 2.907
 [number of tasks] 5
 [nm p s]
 [22] 1 0
 [20] 1 1
 [18] 1 1
 [35] 1 0
 [34] 1 0
 [33] 1 1
 [10] 1 1
 [7] 1 0
 [4] 1 0
 [47] 1 1
80e1a9d9-9a61-42ab-a29b-6a1828d86363
 [response time] 3.364
 [number of tasks] 5
 [nm p s]
 [45] 1 1
 [43] 1 0
 [40] 1 0
 [16] 1 1
 [35] 1 0
 [6] 1 1
 [29] 1 1
 [26] 1 0
 [25] 1 0
 [48] 1 1
dc4fcaf9-cbed-4481-875b-8f84e0cdf335
 [response time] 3.79
 [number of tasks] 5
 [nm p s]
 [22] 1 0
 [16] 1 1
 [38] 1 0
 [35] 1 0
 [11] 1 1
 [31] 1 0
 [27] 1 1
 [4] 1 1
 [26] 1 1
 [25] 1 0
bc61110c-6434-4720-9f17-6747391a6596
 [response time] 4.684
 [number of tasks] 5
 [nm p s]
 [22] 1 0
 [35] 1 0
 [10] 1 0
 [9] 1 1
 [30] 1 1
 [5] 1 1
 [28] 1 0
 [49] 1 1
 [2] 1 0
 [46] 1 1
f054f4c1-13eb-4893-a0ca-50d120d47359
 [response time] 4.614
 [number of tasks] 5
 [nm p s]
 [22] 1 0
 [20] 1 1
 [19] 1 1
 [41] 1 1
 [37] 1 0
 [5] 1 0
 [27] 1 0
 [2] 1 0
 [47] 1 1
 [24] 1 1
666c6794-539b-4b73-8863-c3360016087a
 [response time] 4.807
 [number of tasks] 5
 [nm p s]
 [20] 1 0
 [12] 1 1
 [33] 1 0
 [9] 1 0
 [31] 1 1
 [6] 1 0
 [27] 1 1
 [25] 1 1
 [1] 1 1
 [24] 1 0
d5db01d7-7934-4b7a-96c3-e89f5be1c4d6
 [response time] 4.915
 [number of tasks] 5
 [nm p s]
 [20] 1 0
 [40] 1 1
 [39] 1 1
 [38] 1 1
 [13] 1 1
 [35] 1 0
 [11] 1 0
 [34] 1 1
 [3] 1 0
 [0] 1 0
c253e65b-d568-4b5e-bc2a-dc91ac7a3197
 [response time] 5.174
 [number of tasks] 5
 [nm p s]
 [22] 1 1
 [20] 1 0
 [43] 1 1
 [18] 1 0
 [16] 1 0
 [14] 1 1
 [8] 1 0
 [5] 1 1
 [48] 1 0
 [0] 1 1
b898f931-f24a-4d8e-a31c-f451080f48a2
 [response time] 5.815
 [number of tasks] 5
 [nm p s]
 [44] 1 0
 [42] 1 1
 [10] 1 1
 [32] 1 1
 [31] 1 0
 [6] 1 0
 [4] 1 0
 [49] 1 1
 [24] 1 1
 [46] 1 0
67c56bb9-ee1f-4347-9072-286edd6a752b
 [response time] 6.142
 [number of tasks] 5
 [nm p s]
 [44] 1 0
 [19] 1 0
 [16] 1 0
 [14] 1 0
 [35] 1 1
 [34] 1 0
 [33] 1 1
 [9] 1 1
 [26] 1 1
 [24] 1 1
1ebb5ac3-c29b-4215-b0d6-96675b448b54
 [response time] 6.126
 [number of tasks] 5
 [nm p s]
 [40] 1 1
 [39] 1 1
 [38] 1 0
 [9] 1 0
 [6] 1 0
 [28] 1 1
 [27] 1 1
 [2] 1 0
 [47] 1 1
 [23] 1 0
f1c68fdb-bd4f-4212-80c7-3c5f6c35ee15
 [response time] 6.331
 [number of tasks] 5
 [nm p s]
 [16] 1 0
 [39] 1 0
 [36] 1 1
 [33] 1 1
 [32] 1 1
 [9] 1 0
 [30] 1 0
 [29] 1 1
 [27] 1 1
 [49] 1 0
99cb5eba-5923-4f27-9fb8-8fe8409033d3
 [response time] 6.953
 [number of tasks] 5
 [nm p s]
 [12] 1 1
 [11] 1 0
 [33] 1 1
 [32] 1 0
 [8] 1 1
 [7] 1 0
 [29] 1 0
 [4] 1 0
 [49] 1 1
 [24] 1 1
d7385689-31cb-4931-9536-31ec87aa5cb8
 [response time] 7.054
 [number of tasks] 5
 [nm p s]
 [44] 1 0
 [20] 1 1
 [18] 1 1
 [32] 1 1
 [31] 1 0
 [6] 1 0
 [27] 1 0
 [3] 1 1
 [26] 1 1
 [23] 1 0
fef0744f-8c74-4958-94b9-4301e3d328e8
 [response time] 7.5
 [number of tasks] 5
 [nm p s]
 [18] 1 0
 [16] 1 1
 [15] 1 0
 [13] 1 0
 [35] 1 1
 [31] 1 0
 [6] 1 1
 [29] 1 0
 [26] 1 1
 [23] 1 1
1c17b208-9e7b-47e4-856e-d5230cf752d4
 [response time] 7.946
 [number of tasks] 5
 [nm p s]
 [20] 1 1
 [43] 1 0
 [13] 1 1
 [12] 1 0
 [35] 1 1
 [33] 1 0
 [8] 1 0
 [30] 1 0
 [1] 1 1
 [47] 1 1
e5ac6470-6661-4570-84ec-0d4cf3e75092
 [response time] 8.022
 [number of tasks] 5
 [nm p s]
 [43] 1 0
 [42] 1 0
 [41] 1 1
 [39] 1 1
 [11] 1 0
 [30] 1 0
 [49] 1 1
 [1] 1 1
 [24] 1 0
 [23] 1 1
cdacf477-d23a-416b-81d7-15860af15e5b
 [response time] 8.128
 [number of tasks] 5
 [nm p s]
 [45] 1 1
 [43] 1 0
 [42] 1 0
 [13] 1 1
 [34] 1 0
 [33] 1 1
 [5] 1 0
 [3] 1 0
 [1] 1 1
 [0] 1 1
9c0ebdc9-b02c-4bcf-8dc2-5a130702594c
 [response time] 8.329
 [number of tasks] 5
 [nm p s]
 [40] 1 0
 [37] 1 1
 [35] 1 1
 [12] 1 0
 [9] 1 1
 [29] 1 0
 [28] 1 1
 [27] 1 0
 [2] 1 0
 [48] 1 1
fdd49695-723c-49c7-8581-44d8e49b7324
 [response time] 9.127
 [number of tasks] 5
 [nm p s]
 [43] 1 1
 [19] 1 0
 [15] 1 1
 [33] 1 1
 [32] 1 1
 [8] 1 0
 [30] 1 0
 [28] 1 0
 [3] 1 0
 [47] 1 1
b37af274-a850-4b93-b588-307b23a29b39
 [response time] 9.359
 [number of tasks] 5
 [nm p s]
 [43] 1 0
 [17] 1 1
 [15] 1 1
 [14] 1 1
 [32] 1 0
 [29] 1 0
 [27] 1 0
 [26] 1 0
 [25] 1 1
 [46] 1 1
d36f8b55-59c6-4751-a43f-ced7dad43db7
 [response time] 9.637
 [number of tasks] 5
 [nm p s]
 [21] 1 0
 [20] 1 1
 [17] 1 0
 [12] 1 1
 [33] 1 0
 [8] 1 0
 [49] 1 1
 [24] 1 1
 [46] 1 0
 [23] 1 1
be9c690b-b02d-4cf9-90d4-8cac8070f407
 [response time] 9.818
 [number of tasks] 5
 [nm p s]
 [45] 1 1
 [41] 1 1
 [16] 1 1
 [38] 1 1
 [13] 1 0
 [6] 1 1
 [29] 1 0
 [4] 1 0
 [1] 1 0
 [46] 1 0
f70959b8-ca6d-434e-8879-2c1e9cd23fd8
 [response time] 10.359
 [number of tasks] 5
 [nm p s]
 [20] 1 1
 [19] 1 0
 [15] 1 0
 [13] 1 0
 [8] 1 0
 [29] 1 0
 [27] 1 1
 [49] 1 1
 [2] 1 1
 [48] 1 1
fd9667ec-e38d-4851-950f-0738391a37a8
 [response time] 10.498
 [number of tasks] 5
 [nm p s]
 [45] 1 0
 [38] 1 1
 [13] 1 0
 [12] 1 1
 [33] 1 1
 [32] 1 1
 [8] 1 0
 [6] 1 0
 [47] 1 0
 [46] 1 1
36646335-22f0-4f17-9cae-8b58c3e2a1a8
 [response time] 10.436
 [number of tasks] 5
 [nm p s]
 [45] 1 0
 [20] 1 0
 [43] 1 1
 [11] 1 1
 [31] 1 1
 [7] 1 0
 [28] 1 0
 [49] 1 0
 [48] 1 1
 [46] 1 1
3bf0bb5b-90c2-43f7-85bd-df9812cb5c05
 [response time] 10.788
 [number of tasks] 5
 [nm p s]
 [21] 1 1
 [20] 1 0
 [40] 1 1
 [39] 1 0
 [36] 1 1
 [34] 1 0
 [31] 1 0
 [29] 1 1
 [26] 1 0
 [48] 1 1
de3290cc-fb62-42bc-b83b-c4384058fbac
 [response time] 11.222
 [number of tasks] 5
 [nm p s]
 [22] 1 1
 [45] 1 0
 [44] 1 0
 [18] 1 0
 [37] 1 1
 [34] 1 1
 [32] 1 0
 [8] 1 0
 [28] 1 1
 [0] 1 1
f1c2f9bb-b8ea-4ac2-8078-f792ec8489f3
 [response time] 11.697
 [number of tasks] 5
 [nm p s]
 [22] 1 1
 [41] 1 0
 [14] 1 1
 [36] 1 1
 [11] 1 0
 [10] 1 1
 [32] 1 0
 [4] 1 0
 [26] 1 0
 [1] 1 1
4dac5db2-b41f-41b5-91b7-4f897d99764c
 [response time] 11.843
 [number of tasks] 5
 [nm p s]
 [44] 1 1
 [20] 1 1
 [18] 1 0
 [37] 1 0
 [11] 1 0
 [33] 1 1
 [10] 1 1
 [9] 1 0
 [49] 1 0
 [47] 1 1
574d7796-e61c-4dda-ba11-f46bfb117633
 [response time] 11.918
 [number of tasks] 5
 [nm p s]
 [44] 1 1
 [43] 1 1
 [42] 1 0
 [41] 1 0
 [35] 1 1
 [12] 1 1
 [8] 1 0
 [26] 1 0
 [48] 1 1
 [24] 1 0
5222e72b-adc8-4b56-b66d-18be5391cc05
 [response time] 12.194
 [number of tasks] 5
 [nm p s]
 [22] 1 0
 [44] 1 0
 [18] 1 1
 [39] 1 0
 [9] 1 1
 [30] 1 1
 [6] 1 0
 [28] 1 1
 [49] 1 0
 [1] 1 1
ea0680bb-7df0-40dd-b1e4-f3450420aa4b
 [response time] 12.538
 [number of tasks] 5
 [nm p s]
 [41] 1 1
 [15] 1 0
 [38] 1 0
 [37] 1 0
 [13] 1 0
 [33] 1 1
 [7] 1 0
 [5] 1 1
 [26] 1 1
 [47] 1 1
3d809a8a-f6d1-4f62-80f0-7763e028e1d9
 [response time] 12.834
 [number of tasks] 5
 [nm p s]
 [43] 1 1
 [17] 1 0
 [16] 1 1
 [39] 1 1
 [35] 1 0
 [33] 1 1
 [9] 1 0
 [32] 1 1
 [29] 1 0
 [23] 1 0
ce29e1c7-3455-4913-9d38-4d6dc5c0aba0
 [response time] 13.124
 [number of tasks] 5
 [nm p s]
 [21] 1 1
 [44] 1 1
 [18] 1 1
 [37] 1 1
 [32] 1 1
 [8] 1 0
 [31] 1 0
 [28] 1 0
 [2] 1 0
 [46] 1 0
f4842bac-ee54-448d-b057-7769b4d631fd
 [response time] 13.6
 [number of tasks] 5
 [nm p s]
 [20] 1 0
 [18] 1 0
 [37] 1 1
 [13] 1 1
 [34] 1 0
 [6] 1 0
 [5] 1 1
 [26] 1 1
 [24] 1 0
 [47] 1 1
38d531e9-d8ae-4ec0-9b84-7c4c83ffcd22
 [response time] 13.663
 [number of tasks] 5
 [nm p s]
 [40] 1 1
 [39] 1 0
 [16] 1 1
 [13] 1 1
 [12] 1 0
 [34] 1 1
 [10] 1 0
 [31] 1 1
 [5] 1 0
 [25] 1 0
464c56e5-6def-4b28-a8f0-b3b36fdc477f
 [response time] 13.865
 [number of tasks] 5
 [nm p s]
 [22] 1 1
 [45] 1 0
 [20] 1 1
 [43] 1 1
 [41] 1 0
 [13] 1 0
 [33] 1 1
 [3] 1 0
 [48] 1 0
 [24] 1 1
d9df8c51-0f9d-4a23-b86b-23a4a93cfe7a
 [response time] 14.408
 [number of tasks] 5
 [nm p s]
 [20] 1 0
 [19] 1 1
 [18] 1 0
 [41] 1 1
 [39] 1 0
 [35] 1 1
 [30] 1 1
 [27] 1 1
 [49] 1 0
 [2] 1 0
d84ee3db-d910-4572-9247-375d8c547cd1
 [response time] 14.888
 [number of tasks] 5
 [nm p s]
 [21] 1 1
 [20] 1 1
 [19] 1 1
 [41] 1 0
 [40] 1 0
 [39] 1 1
 [38] 1 1
 [4] 1 0
 [27] 1 0
 [49] 1 0
4fd760e2-90d7-441e-9db3-d6346affba2f
 [response time] 14.897
 [number of tasks] 5
 [nm p s]
 [21] 1 1
 [43] 1 1
 [20] 1 0
 [41] 1 1
 [40] 1 0
 [34] 1 1
 [8] 1 0
 [6] 1 0
 [27] 1 0
 [47] 1 1
f6556ed3-94a2-4e45-b289-9fdaec6f39d5
 [response time] 15.064
 [number of tasks] 5
 [nm p s]
 [38] 1 1
 [15] 1 0
 [31] 1 1
 [30] 1 0
 [29] 1 1
 [27] 1 0
 [3] 1 0
 [2] 1 0
 [47] 1 1
 [23] 1 1
6dffcde9-1049-4449-8474-9e7519743b03
 [response time] 15.334
 [number of tasks] 5
 [nm p s]
 [44] 1 1
 [43] 1 0
 [16] 1 1
 [11] 1 1
 [32] 1 1
 [30] 1 1
 [7] 1 0
 [5] 1 0
 [26] 1 0
 [48] 1 0
aef60180-8076-40e6-b6d1-7067c44fa70c
 [response time] 15.63
 [number of tasks] 5
 [nm p s]
 [22] 1 0
 [19] 1 0
 [17] 1 1
 [35] 1 0
 [9] 1 1
 [8] 1 0
 [31] 1 1
 [5] 1 0
 [26] 1 1
 [23] 1 1
5bd62688-ee2e-4d92-8d24-451fdef59c53
 [response time] 15.879
 [number of tasks] 5
 [nm p s]
 [21] 1 0
 [39] 1 1
 [37] 1 1
 [35] 1 0
 [34] 1 1
 [32] 1 0
 [31] 1 0
 [8] 1 1
 [29] 1 0
 [23] 1 1
