[scheduler id] 1
[number of node monitors] 50

[job statistics]
5164a2cb-4da9-4ede-b720-cd055f07689a
 [response time] 1.122
 [number of tasks] 5
 [nm p s]
 [21] 1 1
 [40] 1 0
 [39] 1 1
 [15] 1 1
 [34] 1 0
 [31] 1 1
 [5] 1 0
 [3] 1 0
 [2] 1 0
 [25] 1 1
438b2911-037e-45c4-80a7-8fc9df82912e
 [response time] 1.309
 [number of tasks] 5
 [nm p s]
 [41] 1 0
 [17] 1 1
 [16] 1 0
 [37] 1 0
 [36] 1 1
 [13] 1 1
 [32] 1 1
 [8] 1 0
 [7] 1 1
 [25] 1 0
eb3337f8-f537-41d2-b1b5-4f596952c6e9
 [response time] 1.489
 [number of tasks] 5
 [nm p s]
 [45] 1 1
 [44] 1 1
 [39] 1 0
 [35] 1 1
 [34] 1 0
 [33] 1 0
 [29] 1 0
 [28] 1 1
 [27] 1 0
 [0] 1 1
8650fe74-b02d-4e65-a738-07a82ab395c4
 [response time] 1.779
 [number of tasks] 5
 [nm p s]
 [40] 1 1
 [17] 1 0
 [15] 1 0
 [34] 1 0
 [8] 1 1
 [30] 1 0
 [26] 1 1
 [1] 1 1
 [0] 1 1
 [46] 1 0
dd0e4670-dcce-4a0a-abfd-ce2dc4b22393
 [response time] 2.02
 [number of tasks] 5
 [nm p s]
 [45] 1 1
 [21] 1 0
 [43] 1 1
 [40] 1 0
 [39] 1 0
 [16] 1 1
 [37] 1 1
 [5] 1 1
 [47] 1 0
 [46] 1 0
d7699005-ac63-49f1-995d-79ecbb31ce74
 [response time] 2.481
 [number of tasks] 5
 [nm p s]
 [18] 1 0
 [36] 1 1
 [11] 1 1
 [10] 1 0
 [28] 1 1
 [4] 1 1
 [26] 1 0
 [2] 1 0
 [24] 1 1
 [0] 1 0
18fa5a7a-15c4-42e7-a150-9294a3d9e53e
 [response time] 2.67
 [number of tasks] 5
 [nm p s]
 [44] 1 0
 [20] 1 0
 [18] 1 1
 [17] 1 0
 [38] 1 1
 [13] 1 1
 [8] 1 0
 [27] 1 1
 [26] 1 1
 [24] 1 0
8d00b85a-df0a-4c75-839f-5362f95c71b5
 [response time] 3.072
 [number of tasks] 5
 [nm p s]
 [20] 1 0
 [37] 1 1
 [34] 1 0
 [33] 1 1
 [10] 1 0
 [9] 1 1
 [31] 1 1
 [30] 1 1
 [4] 1 0
 [47] 1 0
e7ad9682-bca1-44f2-968e-7db043c148ac
 [response time] 3.218
 [number of tasks] 5
 [nm p s]
 [19] 1 1
 [17] 1 0
 [40] 1 0
 [12] 1 1
 [4] 1 1
 [27] 1 0
 [3] 1 0
 [2] 1 1
 [0] 1 0
 [23] 1 1
2afe4200-5a69-400f-bd59-5e0f36c8e963
 [response time] 3.95
 [number of tasks] 5
 [nm p s]
 [35] 1 1
 [12] 1 0
 [34] 1 0
 [7] 1 0
 [6] 1 1
 [29] 1 1
 [5] 1 0
 [28] 1 1
 [3] 1 1
 [48] 1 0
dc3c9678-4f01-45d7-a17d-771c839846c5
 [response time] 4.132
 [number of tasks] 5
 [nm p s]
 [21] 1 0
 [40] 1 0
 [39] 1 1
 [37] 1 1
 [11] 1 1
 [7] 1 0
 [29] 1 0
 [25] 1 0
 [23] 1 1
 [0] 1 1
6c827a76-718c-4b36-aa72-fc445efd76db
 [response time] 4.281
 [number of tasks] 5
 [nm p s]
 [45] 1 0
 [15] 1 1
 [38] 1 1
 [13] 1 0
 [30] 1 0
 [6] 1 1
 [4] 1 0
 [25] 1 1
 [48] 1 0
 [1] 1 1
673f6fd8-eca0-46ac-84ee-25167a448025
 [response time] 4.405
 [number of tasks] 5
 [nm p s]
 [20] 1 1
 [17] 1 0
 [16] 1 1
 [38] 1 0
 [7] 1 0
 [29] 1 0
 [27] 1 1
 [26] 1 0
 [2] 1 1
 [0] 1 1
2cf1d2c4-e8e1-4df8-872a-ec7232efdde5
 [response time] 4.503
 [number of tasks] 5
 [nm p s]
 [20] 1 0
 [18] 1 0
 [39] 1 1
 [35] 1 0
 [33] 1 1
 [9] 1 0
 [8] 1 1
 [6] 1 1
 [27] 1 0
 [23] 1 1
968f577d-1065-48c0-982b-3703669ff978
 [response time] 5.214
 [number of tasks] 5
 [nm p s]
 [44] 1 1
 [39] 1 1
 [13] 1 0
 [31] 1 1
 [30] 1 0
 [5] 1 0
 [4] 1 1
 [25] 1 0
 [2] 1 1
 [46] 1 0
3d5151f6-ebb5-4371-a447-8607318c5bd0
 [response time] 5.393
 [number of tasks] 5
 [nm p s]
 [45] 1 1
 [20] 1 1
 [17] 1 0
 [16] 1 1
 [13] 1 0
 [35] 1 0
 [11] 1 1
 [33] 1 1
 [49] 1 0
 [24] 1 0
363b2e23-bd9c-410d-8d6a-f1d888894283
 [response time] 5.597
 [number of tasks] 5
 [nm p s]
 [45] 1 0
 [20] 1 1
 [14] 1 0
 [37] 1 1
 [13] 1 0
 [36] 1 1
 [5] 1 0
 [48] 1 1
 [1] 1 1
 [23] 1 0
eede2c81-895d-4241-a469-41b80481160f
 [response time] 5.846
 [number of tasks] 5
 [nm p s]
 [41] 1 1
 [17] 1 0
 [39] 1 0
 [36] 1 1
 [12] 1 1
 [34] 1 1
 [9] 1 0
 [5] 1 0
 [4] 1 0
 [23] 1 1
5809f6d8-771e-4c78-be13-f928691ac578
 [response time] 6.124
 [number of tasks] 5
 [nm p s]
 [42] 1 0
 [39] 1 0
 [11] 1 1
 [10] 1 1
 [9] 1 0
 [31] 1 0
 [7] 1 1
 [4] 1 0
 [3] 1 1
 [0] 1 1
1f3a7624-e7c1-44bc-8fcc-7a9e938a0880
 [response time] 6.548
 [number of tasks] 5
 [nm p s]
 [45] 1 1
 [21] 1 0
 [12] 1 1
 [33] 1 0
 [8] 1 0
 [31] 1 1
 [30] 1 1
 [5] 1 1
 [2] 1 0
 [25] 1 0
839617a1-d3f3-4b18-8fc1-25560e010fe3
 [response time] 6.637
 [number of tasks] 5
 [nm p s]
 [42] 1 1
 [40] 1 0
 [16] 1 0
 [15] 1 1
 [37] 1 0
 [35] 1 1
 [8] 1 0
 [5] 1 0
 [4] 1 1
 [48] 1 1
1f6195fc-cb8e-47a2-870b-bfb59df6526f
 [response time] 6.747
 [number of tasks] 5
 [nm p s]
 [21] 1 1
 [37] 1 0
 [13] 1 1
 [33] 1 0
 [9] 1 0
 [30] 1 0
 [26] 1 1
 [2] 1 1
 [47] 1 0
 [46] 1 1
bfdd350b-85f9-4583-8eb0-fa504352df35
 [response time] 6.977
 [number of tasks] 5
 [nm p s]
 [19] 1 0
 [18] 1 0
 [17] 1 1
 [34] 1 1
 [33] 1 0
 [31] 1 0
 [7] 1 0
 [29] 1 1
 [5] 1 1
 [28] 1 1
e7f06f84-75c8-4e13-bd2e-0b3effefff2f
 [response time] 7.618
 [number of tasks] 5
 [nm p s]
 [44] 1 1
 [43] 1 1
 [42] 1 0
 [40] 1 1
 [16] 1 0
 [14] 1 0
 [8] 1 0
 [30] 1 1
 [6] 1 0
 [29] 1 1
4b1fa1ea-0995-4936-9f76-38252de164ae
 [response time] 7.728
 [number of tasks] 5
 [nm p s]
 [22] 1 1
 [45] 1 1
 [20] 1 1
 [43] 1 0
 [19] 1 1
 [40] 1 0
 [37] 1 0
 [12] 1 0
 [31] 1 1
 [25] 1 0
4ab08d98-7bd6-46b3-9d95-136391d2e28b
 [response time] 7.945
 [number of tasks] 5
 [nm p s]
 [21] 1 1
 [20] 1 1
 [17] 1 1
 [12] 1 0
 [32] 1 1
 [30] 1 0
 [2] 1 0
 [24] 1 0
 [23] 1 0
 [46] 1 1
f9e7f68f-3fc5-47c9-a57a-777cad624050
 [response time] 7.931
 [number of tasks] 5
 [nm p s]
 [45] 1 1
 [42] 1 0
 [13] 1 0
 [11] 1 1
 [4] 1 1
 [27] 1 0
 [25] 1 1
 [47] 1 0
 [23] 1 0
 [46] 1 1
684fea26-b14c-4320-aba3-f2f5876c37ce
 [response time] 8.61
 [number of tasks] 5
 [nm p s]
 [44] 1 1
 [43] 1 0
 [42] 1 0
 [35] 1 1
 [33] 1 0
 [30] 1 0
 [6] 1 1
 [5] 1 0
 [48] 1 1
 [1] 1 1
7c662de7-03b1-4aec-8869-2376236bb7b0
 [response time] 8.753
 [number of tasks] 5
 [nm p s]
 [21] 1 1
 [13] 1 0
 [11] 1 0
 [33] 1 1
 [31] 1 1
 [30] 1 1
 [5] 1 1
 [3] 1 0
 [24] 1 0
 [0] 1 0
b042cf5c-9bf7-4f76-b436-4ca90e1a52dd
 [response time] 9.535
 [number of tasks] 5
 [nm p s]
 [43] 1 1
 [41] 1 1
 [33] 1 0
 [28] 1 0
 [27] 1 1
 [49] 1 1
 [26] 1 1
 [25] 1 0
 [0] 1 0
 [23] 1 0
7de733a4-f0df-45a3-bcd2-ee75fa71005d
 [response time] 9.581
 [number of tasks] 5
 [nm p s]
 [20] 1 0
 [19] 1 0
 [42] 1 1
 [39] 1 1
 [14] 1 0
 [5] 1 1
 [27] 1 1
 [26] 1 1
 [1] 1 0
 [46] 1 0
cc66cbbe-ada2-4364-a020-2b65f976080c
 [response time] 9.749
 [number of tasks] 5
 [nm p s]
 [21] 1 0
 [41] 1 0
 [40] 1 1
 [13] 1 0
 [11] 1 1
 [34] 1 1
 [7] 1 1
 [29] 1 0
 [5] 1 1
 [0] 1 0
dbe986f9-343d-4681-9229-576aa4f7b1c4
 [response time] 10.043
 [number of tasks] 5
 [nm p s]
 [44] 1 0
 [43] 1 0
 [41] 1 0
 [18] 1 1
 [17] 1 1
 [38] 1 1
 [14] 1 1
 [8] 1 0
 [31] 1 1
 [29] 1 0
a8d3f394-471f-4e6c-9174-f801de455b48
 [response time] 10.161
 [number of tasks] 5
 [nm p s]
 [13] 1 1
 [36] 1 1
 [35] 1 1
 [9] 1 1
 [29] 1 0
 [28] 1 0
 [2] 1 0
 [25] 1 0
 [24] 1 1
 [23] 1 0
539a3979-a08f-466a-9339-847b244c0008
 [response time] 10.108
 [number of tasks] 5
 [nm p s]
 [40] 1 0
 [16] 1 0
 [39] 1 0
 [35] 1 1
 [11] 1 0
 [34] 1 1
 [9] 1 1
 [49] 1 0
 [1] 1 1
 [24] 1 1
e80fc324-ff0a-485e-8f85-28a016248e84
 [response time] 10.499
 [number of tasks] 5
 [nm p s]
 [45] 1 1
 [41] 1 1
 [15] 1 1
 [14] 1 0
 [37] 1 1
 [36] 1 0
 [13] 1 0
 [28] 1 1
 [49] 1 0
 [23] 1 0
a78ac122-5319-4802-a6ff-c87a8bf09769
 [response time] 11.193
 [number of tasks] 5
 [nm p s]
 [42] 1 1
 [16] 1 0
 [15] 1 0
 [11] 1 1
 [7] 1 0
 [29] 1 0
 [27] 1 1
 [26] 1 1
 [2] 1 1
 [23] 1 0
0be7f0c3-e3e7-4d44-a626-164bf1519930
 [response time] 11.399
 [number of tasks] 5
 [nm p s]
 [22] 1 0
 [21] 1 0
 [19] 1 1
 [40] 1 1
 [7] 1 0
 [6] 1 1
 [49] 1 0
 [25] 1 1
 [1] 1 1
 [46] 1 0
7f05b90e-144b-4553-a69b-334d773f262e
 [response time] 11.822
 [number of tasks] 5
 [nm p s]
 [38] 1 0
 [36] 1 0
 [35] 1 1
 [11] 1 0
 [34] 1 1
 [31] 1 0
 [7] 1 0
 [6] 1 1
 [3] 1 1
 [25] 1 1
f6c57e81-c6e4-4afd-988c-abedca8be18a
 [response time] 11.753
 [number of tasks] 5
 [nm p s]
 [21] 1 1
 [42] 1 1
 [15] 1 0
 [12] 1 1
 [32] 1 0
 [4] 1 1
 [27] 1 0
 [3] 1 0
 [25] 1 1
 [0] 1 0
aa268281-834b-425e-8386-307a18faf823
 [response time] 12.472
 [number of tasks] 5
 [nm p s]
 [20] 1 1
 [38] 1 0
 [35] 1 1
 [10] 1 1
 [31] 1 0
 [4] 1 1
 [49] 1 0
 [48] 1 0
 [25] 1 1
 [46] 1 0
5dc855b2-c29a-493e-9625-27fafb7fcb4e
 [response time] 12.939
 [number of tasks] 5
 [nm p s]
 [42] 1 1
 [40] 1 1
 [35] 1 1
 [11] 1 0
 [32] 1 1
 [7] 1 0
 [6] 1 1
 [3] 1 0
 [25] 1 0
 [47] 1 0
46bec28d-0523-4ae3-827c-81630305ae35
 [response time] 13.367
 [number of tasks] 5
 [nm p s]
 [38] 1 0
 [12] 1 1
 [10] 1 1
 [8] 1 0
 [7] 1 1
 [49] 1 0
 [1] 1 0
 [24] 1 1
 [46] 1 1
 [0] 1 0
d4adddc0-0ddf-4452-a419-fb843c655188
 [response time] 13.495
 [number of tasks] 5
 [nm p s]
 [20] 1 0
 [37] 1 0
 [36] 1 1
 [35] 1 0
 [31] 1 0
 [6] 1 1
 [5] 1 1
 [28] 1 0
 [4] 1 1
 [0] 1 1
7d1d97e7-4796-410a-9dfa-3422ffe60d51
 [response time] 13.791
 [number of tasks] 5
 [nm p s]
 [43] 1 1
 [18] 1 1
 [39] 1 0
 [15] 1 0
 [33] 1 1
 [30] 1 0
 [49] 1 1
 [25] 1 1
 [0] 1 0
 [23] 1 0
df127113-f548-43dc-8920-f5f0b43cdfc6
 [response time] 14.144
 [number of tasks] 5
 [nm p s]
 [21] 1 1
 [41] 1 0
 [37] 1 1
 [11] 1 0
 [7] 1 1
 [6] 1 0
 [27] 1 1
 [2] 1 0
 [24] 1 0
 [46] 1 1
8b91bfec-877c-46bf-b0c0-bcbbd4a71d59
 [response time] 14.036
 [number of tasks] 5
 [nm p s]
 [20] 1 0
 [40] 1 1
 [36] 1 0
 [35] 1 1
 [34] 1 0
 [33] 1 0
 [9] 1 1
 [8] 1 1
 [48] 1 1
 [24] 1 0
b89e1fa1-9fff-403c-8426-e2413727862e
 [response time] 14.536
 [number of tasks] 5
 [nm p s]
 [20] 1 1
 [13] 1 0
 [33] 1 0
 [10] 1 1
 [32] 1 1
 [30] 1 0
 [29] 1 1
 [5] 1 0
 [27] 1 0
 [1] 1 1
d917c11a-6fd7-40c0-bc78-8e107b926137
 [response time] 14.899
 [number of tasks] 5
 [nm p s]
 [22] 1 0
 [20] 1 0
 [16] 1 1
 [39] 1 1
 [15] 1 1
 [37] 1 0
 [33] 1 0
 [10] 1 1
 [28] 1 1
 [49] 1 0
2b8e883c-8bde-40cf-9625-b9023c6a5f61
 [response time] 15.118
 [number of tasks] 5
 [nm p s]
 [20] 1 0
 [40] 1 1
 [39] 1 0
 [38] 1 1
 [14] 1 1
 [34] 1 0
 [8] 1 0
 [29] 1 1
 [5] 1 1
 [48] 1 0
