[scheduler id] 0
[number of node monitors] 50

[job statistics]
b28c23c4-04f5-4177-bbac-02930933f144
 [response time] 1.142
 [number of tasks] 5
 [nm p s]
 [22] 1 0
 [45] 1 0
 [44] 1 0
 [42] 1 1
 [37] 1 1
 [35] 1 1
 [8] 1 1
 [30] 1 0
 [5] 1 1
 [27] 1 0
d3e0725c-4061-433b-9cba-6abbedb9f76c
 [response time] 1.295
 [number of tasks] 5
 [nm p s]
 [41] 1 1
 [38] 1 0
 [32] 1 0
 [9] 1 1
 [5] 1 0
 [28] 1 0
 [3] 1 1
 [26] 1 1
 [48] 1 1
 [24] 1 0
8ce738fb-6a5d-45c5-a47e-d188e3f46546
 [response time] 1.737
 [number of tasks] 5
 [nm p s]
 [41] 1 1
 [17] 1 0
 [15] 1 1
 [29] 1 0
 [27] 1 0
 [4] 1 1
 [49] 1 0
 [48] 1 0
 [2] 1 1
 [46] 1 1
2b430455-63fb-4e6c-a491-6e2ea388975e
 [response time] 1.789
 [number of tasks] 5
 [nm p s]
 [44] 1 1
 [21] 1 0
 [14] 1 0
 [37] 1 1
 [8] 1 1
 [7] 1 0
 [27] 1 1
 [24] 1 1
 [0] 1 0
 [46] 1 0
0282f88d-ac1e-42f2-8439-795fe05d10d7
 [response time] 1.95
 [number of tasks] 5
 [nm p s]
 [19] 1 0
 [39] 1 1
 [15] 1 0
 [34] 1 1
 [29] 1 1
 [6] 1 0
 [3] 1 0
 [1] 1 0
 [47] 1 1
 [23] 1 1
755e8f75-b2da-480c-9c91-4ac051a88a53
 [response time] 2.183
 [number of tasks] 5
 [nm p s]
 [22] 1 0
 [20] 1 1
 [39] 1 0
 [12] 1 1
 [31] 1 1
 [7] 1 0
 [5] 1 1
 [48] 1 0
 [1] 1 0
 [47] 1 1
d610141b-2ba9-4611-8a56-fbf6de5c1cae
 [response time] 2.649
 [number of tasks] 5
 [nm p s]
 [21] 1 0
 [37] 1 0
 [14] 1 1
 [7] 1 1
 [28] 1 1
 [27] 1 0
 [4] 1 1
 [49] 1 0
 [1] 1 1
 [24] 1 0
e76495e8-010a-4ff7-99f0-bc2b641799e7
 [response time] 2.678
 [number of tasks] 5
 [nm p s]
 [44] 1 0
 [21] 1 1
 [42] 1 1
 [40] 1 0
 [38] 1 0
 [34] 1 1
 [9] 1 1
 [4] 1 0
 [49] 1 1
 [24] 1 0
09c92db3-c0e9-464c-8ed4-d969acaea206
 [response time] 3.186
 [number of tasks] 5
 [nm p s]
 [18] 1 1
 [40] 1 0
 [35] 1 1
 [10] 1 0
 [8] 1 1
 [31] 1 0
 [4] 1 0
 [48] 1 0
 [0] 1 1
 [23] 1 1
69366fa6-6efc-462a-b709-a977377ec609
 [response time] 3.468
 [number of tasks] 5
 [nm p s]
 [22] 1 0
 [20] 1 0
 [18] 1 0
 [40] 1 1
 [10] 1 0
 [32] 1 1
 [3] 1 1
 [26] 1 1
 [2] 1 0
 [24] 1 1
a4b56333-e2e3-4e95-86a2-a8e41d8ce721
 [response time] 3.93
 [number of tasks] 5
 [nm p s]
 [22] 1 1
 [21] 1 0
 [43] 1 1
 [42] 1 1
 [41] 1 1
 [16] 1 0
 [37] 1 0
 [30] 1 0
 [24] 1 0
 [0] 1 1
0a4ce011-6a51-4ebb-9b53-68a4e7f70157
 [response time] 4.164
 [number of tasks] 5
 [nm p s]
 [21] 1 0
 [14] 1 1
 [37] 1 1
 [35] 1 0
 [12] 1 1
 [10] 1 0
 [7] 1 0
 [28] 1 1
 [4] 1 0
 [47] 1 1
a050bdc4-dd71-4d2d-a501-3acd50dcaa4d
 [response time] 4.001
 [number of tasks] 5
 [nm p s]
 [44] 1 0
 [21] 1 1
 [35] 1 0
 [34] 1 1
 [33] 1 0
 [32] 1 1
 [7] 1 1
 [6] 1 1
 [49] 1 0
 [1] 1 0
22a1ce64-fe94-4ff0-8fe8-0b5571797a7a
 [response time] 4.647
 [number of tasks] 5
 [nm p s]
 [22] 1 0
 [44] 1 0
 [16] 1 0
 [13] 1 1
 [12] 1 0
 [35] 1 1
 [31] 1 1
 [28] 1 0
 [26] 1 1
 [49] 1 1
9069f6b9-c62f-49ee-ae2b-8545a5400a8a
 [response time] 4.771
 [number of tasks] 5
 [nm p s]
 [42] 1 0
 [17] 1 1
 [16] 1 0
 [36] 1 1
 [35] 1 0
 [11] 1 1
 [4] 1 0
 [48] 1 0
 [1] 1 1
 [46] 1 1
5df51c47-2be8-4429-afc4-ef83c0eb3c6e
 [response time] 5.282
 [number of tasks] 5
 [nm p s]
 [22] 1 1
 [44] 1 0
 [19] 1 1
 [42] 1 0
 [17] 1 1
 [39] 1 0
 [9] 1 1
 [6] 1 0
 [1] 1 1
 [24] 1 0
f3c9b5bc-c66f-442f-8951-0c9ad33e0ab0
 [response time] 5.657
 [number of tasks] 5
 [nm p s]
 [43] 1 1
 [42] 1 0
 [40] 1 1
 [16] 1 0
 [12] 1 0
 [34] 1 0
 [8] 1 1
 [4] 1 0
 [3] 1 1
 [46] 1 1
f2064fd7-424a-404c-8b30-5dd1eddbcdab
 [response time] 6.06
 [number of tasks] 5
 [nm p s]
 [43] 1 0
 [38] 1 1
 [33] 1 0
 [8] 1 1
 [31] 1 1
 [7] 1 1
 [6] 1 0
 [29] 1 1
 [27] 1 0
 [4] 1 0
8e53ebb1-6b8d-4e56-8e52-441319af51ef
 [response time] 6.381
 [number of tasks] 5
 [nm p s]
 [21] 1 0
 [18] 1 1
 [41] 1 1
 [39] 1 0
 [12] 1 0
 [32] 1 1
 [8] 1 0
 [5] 1 0
 [24] 1 1
 [47] 1 1
53682612-adec-4521-8e6b-79650863784e
 [response time] 6.704
 [number of tasks] 5
 [nm p s]
 [44] 1 1
 [42] 1 0
 [16] 1 1
 [15] 1 0
 [12] 1 0
 [32] 1 0
 [8] 1 0
 [6] 1 1
 [5] 1 1
 [24] 1 1
3411718a-2552-43e1-bb7e-9e1065c741d6
 [response time] 6.591
 [number of tasks] 5
 [nm p s]
 [22] 1 1
 [45] 1 1
 [44] 1 0
 [19] 1 0
 [39] 1 0
 [16] 1 0
 [15] 1 1
 [13] 1 0
 [11] 1 1
 [27] 1 1
f8f17294-7536-4293-8be4-8b4c8877d207
 [response time] 7.13
 [number of tasks] 5
 [nm p s]
 [43] 1 0
 [42] 1 1
 [17] 1 1
 [36] 1 1
 [10] 1 1
 [4] 1 0
 [3] 1 1
 [2] 1 0
 [23] 1 0
 [0] 1 0
211b664c-2b1c-4554-87c4-a30e1ece6212
 [response time] 7.154
 [number of tasks] 5
 [nm p s]
 [20] 1 1
 [42] 1 0
 [18] 1 1
 [40] 1 1
 [13] 1 0
 [28] 1 1
 [27] 1 0
 [48] 1 0
 [47] 1 0
 [0] 1 1
a90bb026-36d1-4792-bf84-e82c71750495
 [response time] 7.543
 [number of tasks] 5
 [nm p s]
 [43] 1 0
 [15] 1 1
 [14] 1 1
 [35] 1 0
 [32] 1 1
 [28] 1 0
 [49] 1 0
 [2] 1 1
 [25] 1 1
 [23] 1 0
7f26c678-bbc4-42cd-a59a-3391ea27be75
 [response time] 8.1
 [number of tasks] 5
 [nm p s]
 [44] 1 1
 [39] 1 0
 [34] 1 0
 [30] 1 0
 [6] 1 0
 [26] 1 1
 [3] 1 1
 [49] 1 1
 [2] 1 1
 [24] 1 0
30403bc1-7892-46f8-bb4a-c35485d8aa60
 [response time] 8.293
 [number of tasks] 5
 [nm p s]
 [44] 1 0
 [43] 1 0
 [17] 1 1
 [40] 1 1
 [8] 1 0
 [5] 1 1
 [27] 1 1
 [3] 1 1
 [25] 1 0
 [23] 1 0
d0a71d47-f334-4356-92c5-19bf9fa55884
 [response time] 8.299
 [number of tasks] 5
 [nm p s]
 [19] 1 1
 [18] 1 1
 [17] 1 1
 [37] 1 0
 [12] 1 0
 [6] 1 1
 [28] 1 0
 [27] 1 0
 [24] 1 1
 [0] 1 0
3c07e754-02b1-434e-8804-cbd8ad47b7d7
 [response time] 8.386
 [number of tasks] 5
 [nm p s]
 [21] 1 0
 [20] 1 1
 [17] 1 1
 [36] 1 1
 [12] 1 0
 [10] 1 1
 [31] 1 0
 [29] 1 0
 [3] 1 0
 [1] 1 1
94c81d43-6cc4-489e-8650-0e4050c5ecef
 [response time] 8.742
 [number of tasks] 5
 [nm p s]
 [45] 1 0
 [41] 1 0
 [17] 1 0
 [38] 1 1
 [14] 1 0
 [13] 1 1
 [10] 1 1
 [3] 1 1
 [2] 1 1
 [1] 1 0
9bc83378-e0fd-46c0-8216-a42f1ae67401
 [response time] 9.19
 [number of tasks] 5
 [nm p s]
 [16] 1 1
 [14] 1 1
 [37] 1 1
 [11] 1 1
 [32] 1 0
 [31] 1 0
 [6] 1 0
 [5] 1 0
 [4] 1 1
 [1] 1 0
750adae7-2f4e-499f-87d3-2beca06febf6
 [response time] 9.266
 [number of tasks] 5
 [nm p s]
 [43] 1 0
 [18] 1 1
 [38] 1 1
 [30] 1 0
 [7] 1 1
 [5] 1 0
 [25] 1 0
 [1] 1 1
 [47] 1 1
 [0] 1 0
2b493d69-6271-47f6-b9e9-a711f64dbeae
 [response time] 9.773
 [number of tasks] 5
 [nm p s]
 [18] 1 0
 [39] 1 1
 [11] 1 0
 [10] 1 1
 [9] 1 0
 [7] 1 1
 [3] 1 1
 [2] 1 0
 [0] 1 1
 [46] 1 0
d599c3ea-e987-48d1-9eaa-03b8399b7df2
 [response time] 10.188
 [number of tasks] 5
 [nm p s]
 [42] 1 0
 [40] 1 0
 [16] 1 1
 [32] 1 1
 [27] 1 0
 [26] 1 0
 [2] 1 1
 [48] 1 0
 [47] 1 1
 [23] 1 1
0dd712c0-61c7-4811-b0d4-7b912531f223
 [response time] 10.298
 [number of tasks] 5
 [nm p s]
 [45] 1 0
 [42] 1 0
 [39] 1 1
 [14] 1 1
 [12] 1 0
 [33] 1 1
 [32] 1 0
 [30] 1 1
 [28] 1 1
 [23] 1 0
e95631fe-8249-476b-87d5-47d03655997b
 [response time] 10.812
 [number of tasks] 5
 [nm p s]
 [40] 1 1
 [39] 1 1
 [11] 1 0
 [9] 1 0
 [6] 1 1
 [4] 1 0
 [3] 1 1
 [49] 1 1
 [46] 1 0
 [23] 1 0
24668341-5a97-4702-8c91-68dc57e5bbf8
 [response time] 10.941
 [number of tasks] 5
 [nm p s]
 [41] 1 0
 [15] 1 0
 [37] 1 1
 [13] 1 1
 [36] 1 0
 [12] 1 1
 [11] 1 0
 [9] 1 0
 [30] 1 1
 [47] 1 1
f1c55535-d3df-44c2-965e-43c1485ff2a3
 [response time] 10.997
 [number of tasks] 5
 [nm p s]
 [45] 1 0
 [20] 1 1
 [17] 1 1
 [15] 1 0
 [38] 1 0
 [10] 1 1
 [31] 1 0
 [5] 1 1
 [3] 1 0
 [24] 1 1
996750cf-2230-48b5-bc2d-57647991552c
 [response time] 11.695
 [number of tasks] 5
 [nm p s]
 [17] 1 1
 [9] 1 0
 [32] 1 0
 [8] 1 1
 [30] 1 1
 [27] 1 0
 [26] 1 1
 [3] 1 0
 [23] 1 1
 [46] 1 0
1c9f2a40-4c88-4694-afef-6c00305806ee
 [response time] 11.946
 [number of tasks] 5
 [nm p s]
 [21] 1 0
 [42] 1 1
 [16] 1 0
 [38] 1 1
 [28] 1 1
 [26] 1 0
 [25] 1 0
 [1] 1 1
 [0] 1 0
 [23] 1 1
3b92aa99-5598-401f-b226-5e3d0dbd2652
 [response time] 12.556
 [number of tasks] 5
 [nm p s]
 [44] 1 0
 [19] 1 1
 [17] 1 1
 [39] 1 0
 [38] 1 0
 [9] 1 1
 [30] 1 1
 [29] 1 0
 [5] 1 1
 [48] 1 0
c1c62833-0b4c-474a-ab8c-c7a1e61f8e6a
 [response time] 12.56
 [number of tasks] 5
 [nm p s]
 [21] 1 0
 [42] 1 0
 [38] 1 1
 [37] 1 1
 [35] 1 0
 [11] 1 1
 [9] 1 0
 [29] 1 1
 [28] 1 0
 [23] 1 1
e59d3cd8-4beb-44c2-8c1b-7a1048d84196
 [response time] 12.845
 [number of tasks] 5
 [nm p s]
 [43] 1 0
 [19] 1 1
 [37] 1 0
 [36] 1 1
 [34] 1 0
 [8] 1 1
 [31] 1 1
 [6] 1 0
 [27] 1 0
 [2] 1 1
1d34daa8-8e16-49f7-b31e-97b1e099c2f0
 [response time] 13.244
 [number of tasks] 5
 [nm p s]
 [21] 1 0
 [20] 1 1
 [37] 1 0
 [12] 1 0
 [32] 1 0
 [30] 1 1
 [4] 1 1
 [27] 1 1
 [2] 1 0
 [23] 1 1
eb656140-d985-4819-9909-2de5c4ee42f5
 [response time] 13.406
 [number of tasks] 5
 [nm p s]
 [44] 1 0
 [20] 1 0
 [19] 1 0
 [41] 1 0
 [17] 1 1
 [15] 1 1
 [36] 1 1
 [12] 1 1
 [28] 1 1
 [25] 1 0
af6cdd94-e488-4bd8-b005-c7d463159c39
 [response time] 14.045
 [number of tasks] 5
 [nm p s]
 [45] 1 0
 [41] 1 0
 [40] 1 1
 [37] 1 1
 [14] 1 1
 [35] 1 0
 [34] 1 0
 [3] 1 1
 [2] 1 0
 [47] 1 1
9fc23c48-96eb-46e7-8da9-f3ff2638c6e6
 [response time] 14.201
 [number of tasks] 5
 [nm p s]
 [42] 1 0
 [18] 1 0
 [41] 1 0
 [9] 1 1
 [31] 1 1
 [5] 1 0
 [4] 1 1
 [49] 1 0
 [1] 1 1
 [0] 1 1
cc3c01c8-3ba5-474c-bffa-9739d6fd7781
 [response time] 14.313
 [number of tasks] 5
 [nm p s]
 [21] 1 0
 [40] 1 1
 [14] 1 1
 [12] 1 1
 [35] 1 0
 [8] 1 0
 [29] 1 1
 [4] 1 1
 [27] 1 0
 [49] 1 0
e4532dfe-1af3-4bfc-a9fa-d6c4b32a3c81
 [response time] 14.402
 [number of tasks] 5
 [nm p s]
 [45] 1 1
 [44] 1 1
 [20] 1 0
 [19] 1 0
 [39] 1 0
 [35] 1 0
 [5] 1 1
 [1] 1 1
 [24] 1 0
 [23] 1 1
c8441b0f-6abc-4332-9e74-377e83f03b36
 [response time] 15.445
 [number of tasks] 5
 [nm p s]
 [45] 1 1
 [17] 1 1
 [13] 1 1
 [35] 1 0
 [34] 1 0
 [10] 1 1
 [8] 1 0
 [7] 1 0
 [4] 1 1
 [26] 1 0
d705731b-7979-4e67-8e14-2c95b9bf1530
 [response time] 15.635
 [number of tasks] 5
 [nm p s]
 [44] 1 1
 [43] 1 1
 [19] 1 0
 [40] 1 1
 [39] 1 0
 [15] 1 1
 [38] 1 0
 [31] 1 0
 [5] 1 0
 [0] 1 1
