[scheduler id] 2
[number of node monitors] 50

[job statistics]
1cd42188-d3e8-4c83-b01c-ddf637cf5110
 [response time] 1.508
 [number of tasks] 5
 [nm p s]
 [44] 1 0
 [43] 1 0
 [41] 1 0
 [38] 1 0
 [8] 1 1
 [31] 1 1
 [28] 1 1
 [1] 1 1
 [47] 1 0
 [23] 1 1
cad18473-a573-4094-aea6-8c0898a739ef
 [response time] 2.109
 [number of tasks] 5
 [nm p s]
 [45] 1 0
 [41] 1 0
 [14] 1 1
 [13] 1 0
 [9] 1 1
 [7] 1 0
 [26] 1 1
 [3] 1 1
 [49] 1 0
 [24] 1 1
ec517cb1-9f65-4383-89be-c38e3a024b5e
 [response time] 2.634
 [number of tasks] 5
 [nm p s]
 [39] 1 0
 [37] 1 0
 [13] 1 1
 [35] 1 0
 [33] 1 0
 [31] 1 1
 [7] 1 1
 [28] 1 1
 [48] 1 1
 [46] 1 0
33f94831-b83e-4ae3-b8da-fc18629b4ada
 [response time] 3.0
 [number of tasks] 5
 [nm p s]
 [22] 1 0
 [41] 1 1
 [18] 1 0
 [39] 1 0
 [12] 1 1
 [29] 1 1
 [27] 1 1
 [47] 1 0
 [0] 1 0
 [46] 1 1
bdf2fbc9-2804-4361-9829-d4eb9479a859
 [response time] 3.199
 [number of tasks] 5
 [nm p s]
 [45] 1 0
 [21] 1 1
 [43] 1 1
 [41] 1 0
 [40] 1 1
 [9] 1 1
 [31] 1 0
 [28] 1 0
 [48] 1 0
 [0] 1 1
f0b2df56-ac99-40b4-b0b9-b242eb531859
 [response time] 3.127
 [number of tasks] 5
 [nm p s]
 [21] 1 0
 [44] 1 1
 [16] 1 0
 [15] 1 1
 [38] 1 1
 [13] 1 0
 [6] 1 0
 [4] 1 1
 [1] 1 1
 [47] 1 0
4f9a979c-df56-4a45-bda9-952ba27aac93
 [response time] 3.943
 [number of tasks] 5
 [nm p s]
 [45] 1 0
 [21] 1 1
 [43] 1 0
 [16] 1 0
 [10] 1 1
 [9] 1 0
 [5] 1 0
 [3] 1 1
 [26] 1 1
 [23] 1 1
de2f4b3e-8cf2-41bd-a2a3-0691e0cabd9d
 [response time] 3.955
 [number of tasks] 5
 [nm p s]
 [21] 1 1
 [43] 1 0
 [18] 1 1
 [15] 1 0
 [14] 1 1
 [12] 1 0
 [33] 1 0
 [9] 1 1
 [4] 1 0
 [2] 1 1
435bfb0d-c224-44c8-b245-1e3cbf1a8242
 [response time] 4.796
 [number of tasks] 5
 [nm p s]
 [45] 1 1
 [44] 1 0
 [42] 1 0
 [39] 1 1
 [38] 1 1
 [37] 1 0
 [35] 1 1
 [27] 1 0
 [49] 1 0
 [2] 1 1
f60dde7d-988c-44ee-840d-684c936f22a7
 [response time] 4.812
 [number of tasks] 5
 [nm p s]
 [45] 1 1
 [18] 1 1
 [16] 1 0
 [39] 1 0
 [38] 1 0
 [11] 1 1
 [33] 1 0
 [29] 1 1
 [1] 1 1
 [47] 1 0
055d961a-bf69-4459-b4f2-807d50acf5a1
 [response time] 4.688
 [number of tasks] 5
 [nm p s]
 [22] 1 0
 [38] 1 0
 [37] 1 0
 [35] 1 1
 [8] 1 1
 [6] 1 1
 [5] 1 1
 [27] 1 1
 [4] 1 0
 [49] 1 0
43058ee2-da59-48ff-bd5e-4f50f77a5bbd
 [response time] 4.844
 [number of tasks] 5
 [nm p s]
 [45] 1 0
 [43] 1 1
 [41] 1 1
 [40] 1 1
 [39] 1 1
 [15] 1 0
 [9] 1 1
 [6] 1 0
 [2] 1 0
 [47] 1 0
58a2012b-2be6-4209-8693-e37765fc9f83
 [response time] 5.24
 [number of tasks] 5
 [nm p s]
 [45] 1 0
 [41] 1 0
 [38] 1 0
 [13] 1 1
 [35] 1 1
 [11] 1 1
 [5] 1 0
 [4] 1 1
 [3] 1 1
 [2] 1 0
987ab32c-6c4d-4501-acc3-6d17459da565
 [response time] 5.45
 [number of tasks] 5
 [nm p s]
 [43] 1 0
 [17] 1 0
 [12] 1 1
 [11] 1 1
 [32] 1 1
 [6] 1 0
 [49] 1 1
 [48] 1 1
 [47] 1 0
 [23] 1 0
555fc4dc-0f61-4b13-abd3-b9e325de396c
 [response time] 5.832
 [number of tasks] 5
 [nm p s]
 [22] 1 1
 [20] 1 0
 [19] 1 1
 [42] 1 1
 [41] 1 0
 [33] 1 1
 [10] 1 0
 [31] 1 0
 [1] 1 0
 [24] 1 1
25cb9697-1839-47d9-b95f-05c96551abb2
 [response time] 5.737
 [number of tasks] 5
 [nm p s]
 [45] 1 0
 [20] 1 0
 [13] 1 1
 [36] 1 1
 [11] 1 0
 [9] 1 1
 [32] 1 1
 [28] 1 1
 [25] 1 0
 [48] 1 0
ba2f2a91-2815-408d-8a80-b13487f191d6
 [response time] 6.552
 [number of tasks] 5
 [nm p s]
 [22] 1 0
 [16] 1 1
 [37] 1 0
 [34] 1 1
 [33] 1 0
 [29] 1 1
 [26] 1 1
 [25] 1 1
 [48] 1 0
 [23] 1 0
75578a30-4f0e-4e61-b620-a7855f7efb53
 [response time] 6.794
 [number of tasks] 5
 [nm p s]
 [22] 1 0
 [45] 1 0
 [43] 1 1
 [18] 1 1
 [16] 1 0
 [12] 1 0
 [11] 1 1
 [8] 1 0
 [30] 1 1
 [2] 1 1
3c34a6bb-a8a4-401c-9af3-d8261ee1612b
 [response time] 6.579
 [number of tasks] 5
 [nm p s]
 [42] 1 0
 [40] 1 0
 [39] 1 1
 [14] 1 1
 [12] 1 0
 [33] 1 1
 [3] 1 1
 [25] 1 0
 [0] 1 1
 [46] 1 0
1bca0ae4-9a91-4153-87e3-3e564f7bbe9e
 [response time] 7.559
 [number of tasks] 5
 [nm p s]
 [21] 1 1
 [41] 1 0
 [38] 1 0
 [33] 1 0
 [32] 1 0
 [29] 1 0
 [1] 1 1
 [47] 1 1
 [0] 1 1
 [46] 1 1
eb831e68-225a-4f79-a86e-8950d5348709
 [response time] 7.832
 [number of tasks] 5
 [nm p s]
 [45] 1 0
 [44] 1 1
 [18] 1 0
 [41] 1 1
 [14] 1 1
 [34] 1 0
 [9] 1 1
 [31] 1 0
 [28] 1 0
 [25] 1 1
eae299d6-62c9-4b45-925e-b357f82187b5
 [response time] 8.178
 [number of tasks] 5
 [nm p s]
 [44] 1 1
 [42] 1 1
 [17] 1 1
 [14] 1 0
 [10] 1 0
 [9] 1 0
 [32] 1 1
 [28] 1 1
 [3] 1 0
 [1] 1 0
97e46f89-3f00-4572-a243-e402fdbcc25c
 [response time] 8.182
 [number of tasks] 5
 [nm p s]
 [22] 1 1
 [20] 1 1
 [35] 1 1
 [10] 1 0
 [32] 1 1
 [31] 1 0
 [29] 1 0
 [3] 1 0
 [26] 1 1
 [47] 1 0
5044fc6a-7df8-4e92-80da-7873db6a7524
 [response time] 8.378
 [number of tasks] 5
 [nm p s]
 [45] 1 0
 [44] 1 0
 [40] 1 0
 [36] 1 1
 [11] 1 1
 [34] 1 1
 [32] 1 0
 [8] 1 1
 [31] 1 0
 [5] 1 1
ba1527b0-2e43-4a74-9c9b-ab53e869c954
 [response time] 8.997
 [number of tasks] 5
 [nm p s]
 [16] 1 1
 [39] 1 1
 [38] 1 0
 [37] 1 0
 [34] 1 0
 [33] 1 1
 [49] 1 1
 [3] 1 1
 [2] 1 0
 [1] 1 0
70d22685-26f6-43ef-bfab-512e076e7837
 [response time] 9.419
 [number of tasks] 5
 [nm p s]
 [44] 1 0
 [41] 1 1
 [15] 1 0
 [38] 1 1
 [34] 1 0
 [10] 1 1
 [8] 1 0
 [7] 1 1
 [5] 1 0
 [47] 1 1
b850a4cc-f6a9-4c3d-beea-92e6bc6bf344
 [response time] 9.207
 [number of tasks] 5
 [nm p s]
 [42] 1 0
 [17] 1 1
 [40] 1 1
 [15] 1 0
 [12] 1 0
 [10] 1 1
 [5] 1 1
 [28] 1 1
 [4] 1 0
 [3] 1 0
284135b8-63d6-482d-90ff-c83a034d20b4
 [response time] 9.438
 [number of tasks] 5
 [nm p s]
 [42] 1 1
 [41] 1 0
 [12] 1 0
 [9] 1 0
 [6] 1 1
 [26] 1 1
 [3] 1 0
 [48] 1 0
 [23] 1 1
 [46] 1 1
a383273c-aa15-4bcf-add4-e34105fb645e
 [response time] 10.133
 [number of tasks] 5
 [nm p s]
 [21] 1 1
 [44] 1 0
 [40] 1 0
 [15] 1 1
 [14] 1 0
 [8] 1 1
 [27] 1 0
 [26] 1 1
 [24] 1 1
 [46] 1 0
1b96f1c3-6831-4662-83e6-1ceafef160f0
 [response time] 11.14
 [number of tasks] 5
 [nm p s]
 [44] 1 0
 [40] 1 0
 [16] 1 1
 [38] 1 1
 [13] 1 1
 [9] 1 1
 [31] 1 1
 [28] 1 0
 [26] 1 0
 [2] 1 0
d89efe4c-fb35-455b-98e0-a5455f4d366e
 [response time] 11.183
 [number of tasks] 5
 [nm p s]
 [21] 1 0
 [43] 1 1
 [42] 1 1
 [16] 1 0
 [37] 1 1
 [36] 1 0
 [32] 1 0
 [31] 1 1
 [47] 1 0
 [0] 1 1
d42ac923-7b1f-40df-b458-d051746ae26d
 [response time] 11.304
 [number of tasks] 5
 [nm p s]
 [45] 1 1
 [20] 1 1
 [12] 1 0
 [30] 1 0
 [4] 1 1
 [49] 1 1
 [2] 1 0
 [48] 1 0
 [0] 1 0
 [46] 1 1
57f11f90-53c3-47dd-b61d-0058dbabb212
 [response time] 11.265
 [number of tasks] 5
 [nm p s]
 [22] 1 0
 [15] 1 0
 [37] 1 1
 [12] 1 0
 [11] 1 1
 [10] 1 0
 [9] 1 0
 [8] 1 1
 [7] 1 1
 [3] 1 1
0ec2a766-9951-4281-bf76-26ebfb188f97
 [response time] 11.601
 [number of tasks] 5
 [nm p s]
 [40] 1 0
 [35] 1 1
 [9] 1 0
 [7] 1 0
 [30] 1 0
 [4] 1 1
 [3] 1 0
 [49] 1 1
 [24] 1 1
 [46] 1 1
920b5994-35b0-450c-8133-d3bae22244ea
 [response time] 13.499
 [number of tasks] 5
 [nm p s]
 [21] 1 1
 [19] 1 0
 [42] 1 1
 [16] 1 0
 [10] 1 0
 [9] 1 1
 [7] 1 1
 [30] 1 0
 [4] 1 1
 [46] 1 0
05ff15d3-6151-4f7f-96ba-74535e4bf570
 [response time] 13.369
 [number of tasks] 5
 [nm p s]
 [21] 1 1
 [20] 1 1
 [19] 1 1
 [41] 1 0
 [13] 1 0
 [36] 1 0
 [12] 1 1
 [48] 1 0
 [1] 1 1
 [23] 1 0
ca4c0438-e18b-4a0b-9163-4aafbf70c7ed
 [response time] 13.132
 [number of tasks] 5
 [nm p s]
 [22] 1 0
 [43] 1 1
 [16] 1 0
 [14] 1 1
 [36] 1 0
 [33] 1 0
 [10] 1 1
 [49] 1 0
 [48] 1 1
 [46] 1 1
6007e58d-673b-4834-8225-9683dae12bc9
 [response time] 13.079
 [number of tasks] 5
 [nm p s]
 [45] 1 0
 [21] 1 0
 [17] 1 1
 [16] 1 1
 [15] 1 1
 [10] 1 0
 [4] 1 0
 [48] 1 0
 [24] 1 1
 [46] 1 1
ac3aec01-06be-4312-a6b1-4463d7167ca9
 [response time] 13.226
 [number of tasks] 5
 [nm p s]
 [22] 1 1
 [44] 1 1
 [18] 1 1
 [17] 1 0
 [35] 1 0
 [7] 1 0
 [28] 1 1
 [4] 1 0
 [25] 1 0
 [47] 1 1
1480c013-9f15-432f-b8a3-aee2526f0d54
 [response time] 14.125
 [number of tasks] 5
 [nm p s]
 [22] 1 1
 [21] 1 1
 [43] 1 1
 [15] 1 0
 [13] 1 0
 [35] 1 1
 [28] 1 0
 [1] 1 1
 [23] 1 0
 [46] 1 0
0f752842-9728-4146-98c4-e5f323bd3f3a
 [response time] 14.699
 [number of tasks] 5
 [nm p s]
 [43] 1 1
 [19] 1 0
 [40] 1 1
 [14] 1 0
 [10] 1 0
 [9] 1 1
 [7] 1 0
 [6] 1 1
 [28] 1 1
 [2] 1 0
70f1aaa5-c896-4cea-bce3-579a27e87d59
 [response time] 14.764
 [number of tasks] 5
 [nm p s]
 [38] 1 0
 [15] 1 0
 [13] 1 1
 [10] 1 0
 [31] 1 0
 [7] 1 1
 [5] 1 1
 [24] 1 1
 [23] 1 1
 [46] 1 0
e4a3cf8f-db1b-4f30-a270-74947161f6b3
 [response time] 14.494
 [number of tasks] 5
 [nm p s]
 [44] 1 1
 [43] 1 0
 [37] 1 1
 [13] 1 0
 [35] 1 0
 [11] 1 1
 [31] 1 0
 [28] 1 1
 [26] 1 1
 [24] 1 0
a7851563-e2b6-475c-836f-2c2e813216c3
 [response time] 15.882
 [number of tasks] 5
 [nm p s]
 [43] 1 0
 [13] 1 1
 [36] 1 0
 [34] 1 1
 [8] 1 1
 [30] 1 0
 [6] 1 0
 [3] 1 0
 [47] 1 1
 [0] 1 1
49e36fd8-ba84-4d67-9b2b-4e4b198b9775
 [response time] 15.469
 [number of tasks] 5
 [nm p s]
 [22] 1 1
 [44] 1 1
 [20] 1 0
 [15] 1 0
 [12] 1 0
 [10] 1 0
 [32] 1 1
 [6] 1 1
 [1] 1 0
 [46] 1 1
a069f1dc-7d68-418e-8da6-4fac60d811af
 [response time] 15.618
 [number of tasks] 5
 [nm p s]
 [22] 1 0
 [40] 1 1
 [12] 1 0
 [33] 1 1
 [9] 1 0
 [7] 1 1
 [30] 1 1
 [5] 1 0
 [25] 1 0
 [48] 1 1
4d02d7d1-fcd0-4264-b359-7bfeb03a23f7
 [response time] 16.979
 [number of tasks] 5
 [nm p s]
 [22] 1 1
 [38] 1 0
 [10] 1 1
 [33] 1 0
 [31] 1 0
 [29] 1 1
 [28] 1 1
 [3] 1 1
 [2] 1 0
 [48] 1 0
a8a2244d-72c6-428c-89ce-4a4005d0c7fe
 [response time] 15.892
 [number of tasks] 5
 [nm p s]
 [41] 1 0
 [39] 1 0
 [38] 1 0
 [12] 1 0
 [8] 1 1
 [29] 1 1
 [26] 1 1
 [1] 1 1
 [0] 1 0
 [46] 1 1
3814068e-50b1-4358-be92-05b5c076a2ec
 [response time] 16.552
 [number of tasks] 5
 [nm p s]
 [44] 1 0
 [43] 1 1
 [20] 1 1
 [17] 1 1
 [15] 1 0
 [12] 1 0
 [10] 1 0
 [9] 1 1
 [7] 1 0
 [0] 1 1
35ea67a2-862d-4534-a905-e84974393c57
 [response time] 16.574
 [number of tasks] 5
 [nm p s]
 [19] 1 0
 [39] 1 1
 [13] 1 1
 [10] 1 0
 [31] 1 0
 [5] 1 0
 [4] 1 1
 [26] 1 0
 [25] 1 1
 [46] 1 1
438bbfb7-79fa-4870-8f87-ecc87a9ea25f
 [response time] 17.16
 [number of tasks] 5
 [nm p s]
 [42] 1 1
 [41] 1 1
 [39] 1 0
 [34] 1 1
 [10] 1 1
 [33] 1 1
 [4] 1 0
 [27] 1 0
 [26] 1 0
 [3] 1 0
7b02a289-f917-4b19-b137-2221f66be868
 [response time] 17.099
 [number of tasks] 5
 [nm p s]
 [22] 1 1
 [21] 1 1
 [43] 1 0
 [17] 1 0
 [36] 1 1
 [33] 1 0
 [6] 1 0
 [2] 1 1
 [24] 1 0
 [23] 1 1
76df0b6d-c684-4c29-851e-13b472a2ec81
 [response time] 17.79
 [number of tasks] 5
 [nm p s]
 [45] 1 0
 [37] 1 1
 [13] 1 1
 [12] 1 0
 [10] 1 0
 [8] 1 1
 [5] 1 1
 [26] 1 0
 [25] 1 1
 [1] 1 0
2a4d3e46-deae-4336-8a7b-085a51b31984
 [response time] 17.658
 [number of tasks] 5
 [nm p s]
 [20] 1 0
 [17] 1 1
 [39] 1 0
 [36] 1 1
 [7] 1 1
 [5] 1 0
 [4] 1 1
 [27] 1 0
 [25] 1 0
 [46] 1 1
cfdceaf6-b111-4e71-a966-256d3fabc48f
 [response time] 18.088
 [number of tasks] 5
 [nm p s]
 [45] 1 1
 [20] 1 0
 [42] 1 0
 [41] 1 0
 [38] 1 1
 [35] 1 0
 [34] 1 1
 [30] 1 1
 [4] 1 1
 [46] 1 0
44f251cb-36e0-4c13-93e7-7a2144b29b62
 [response time] 18.078
 [number of tasks] 5
 [nm p s]
 [45] 1 1
 [42] 1 0
 [14] 1 1
 [36] 1 1
 [35] 1 0
 [7] 1 1
 [28] 1 1
 [4] 1 0
 [26] 1 0
 [2] 1 0
148ccd8d-2d83-44c6-b16b-eb45fd41be49
 [response time] 18.033
 [number of tasks] 5
 [nm p s]
 [20] 1 0
 [41] 1 0
 [39] 1 1
 [15] 1 1
 [9] 1 0
 [8] 1 1
 [29] 1 0
 [5] 1 0
 [49] 1 1
 [48] 1 1
ff819e26-7e9c-461f-ba10-d6874cecadb1
 [response time] 18.411
 [number of tasks] 5
 [nm p s]
 [18] 1 0
 [14] 1 1
 [13] 1 0
 [8] 1 1
 [30] 1 0
 [5] 1 1
 [4] 1 1
 [2] 1 0
 [25] 1 0
 [1] 1 1
348057b6-ceef-4132-a517-65b39815cd84
 [response time] 18.65
 [number of tasks] 5
 [nm p s]
 [44] 1 1
 [19] 1 1
 [42] 1 0
 [15] 1 1
 [13] 1 0
 [12] 1 1
 [11] 1 0
 [29] 1 0
 [26] 1 1
 [0] 1 0
b8d4ef73-d8a6-4cc2-89f1-07ed7900bc2a
 [response time] 18.527
 [number of tasks] 5
 [nm p s]
 [44] 1 1
 [16] 1 1
 [15] 1 0
 [38] 1 1
 [13] 1 0
 [5] 1 0
 [2] 1 1
 [48] 1 1
 [24] 1 0
 [46] 1 0
8d79a91a-b280-41ec-b307-7e17c26f7c5f
 [response time] 18.479
 [number of tasks] 5
 [nm p s]
 [45] 1 0
 [20] 1 1
 [42] 1 0
 [41] 1 1
 [12] 1 0
 [35] 1 1
 [11] 1 1
 [9] 1 0
 [25] 1 1
 [24] 1 0
5c6f31a3-10a8-4ae6-8f61-55b0f2e99fd8
 [response time] 19.089
 [number of tasks] 5
 [nm p s]
 [43] 1 1
 [39] 1 0
 [13] 1 1
 [12] 1 0
 [11] 1 0
 [34] 1 1
 [7] 1 0
 [4] 1 0
 [24] 1 1
 [23] 1 1
436a1a31-5b38-4f65-8056-6b677f36564f
 [response time] 19.317
 [number of tasks] 5
 [nm p s]
 [20] 1 0
 [11] 1 0
 [33] 1 1
 [7] 1 1
 [29] 1 0
 [28] 1 1
 [27] 1 0
 [3] 1 1
 [47] 1 1
 [46] 1 0
66424980-ad0d-44b5-b8d0-cd43646fbdc2
 [response time] 19.838
 [number of tasks] 5
 [nm p s]
 [20] 1 0
 [43] 1 1
 [41] 1 1
 [40] 1 1
 [39] 1 0
 [15] 1 0
 [11] 1 0
 [33] 1 1
 [9] 1 1
 [28] 1 0
d9ba55c2-c941-43a5-a68b-3ce6859da3f2
 [response time] 20.037
 [number of tasks] 5
 [nm p s]
 [43] 1 0
 [17] 1 1
 [38] 1 0
 [35] 1 1
 [34] 1 0
 [10] 1 0
 [8] 1 1
 [6] 1 0
 [29] 1 1
 [4] 1 1
4042ec40-0783-4c56-9897-57af2e350207
 [response time] 19.992
 [number of tasks] 5
 [nm p s]
 [44] 1 1
 [19] 1 0
 [40] 1 1
 [14] 1 0
 [11] 1 1
 [9] 1 0
 [8] 1 1
 [29] 1 0
 [25] 1 1
 [0] 1 0
c6f9c486-a009-4859-aef8-547fea2ec9c4
 [response time] 20.775
 [number of tasks] 5
 [nm p s]
 [22] 1 0
 [42] 1 1
 [38] 1 0
 [14] 1 0
 [34] 1 1
 [9] 1 0
 [7] 1 1
 [28] 1 1
 [26] 1 0
 [0] 1 1
b2034859-a3e0-44aa-af86-a5528bf8841c
 [response time] 20.646
 [number of tasks] 5
 [nm p s]
 [44] 1 1
 [20] 1 1
 [43] 1 0
 [41] 1 1
 [11] 1 0
 [7] 1 0
 [29] 1 1
 [28] 1 1
 [47] 1 0
 [23] 1 0
e4053341-4488-4859-ac84-a82e6b51acb6
 [response time] 20.887
 [number of tasks] 5
 [nm p s]
 [41] 1 1
 [39] 1 1
 [15] 1 0
 [33] 1 0
 [32] 1 1
 [8] 1 0
 [6] 1 1
 [29] 1 0
 [4] 1 0
 [1] 1 1
6bdac4ba-c37f-4c8b-83f3-fe155e2ef4d6
 [response time] 21.986
 [number of tasks] 5
 [nm p s]
 [43] 1 0
 [19] 1 1
 [15] 1 1
 [35] 1 1
 [34] 1 0
 [33] 1 0
 [8] 1 0
 [28] 1 0
 [1] 1 1
 [24] 1 1
a22536b2-017a-41c1-8b98-ae32fd8b7995
 [response time] 21.654
 [number of tasks] 5
 [nm p s]
 [15] 1 1
 [13] 1 1
 [35] 1 0
 [34] 1 0
 [33] 1 0
 [7] 1 1
 [6] 1 0
 [4] 1 0
 [47] 1 1
 [46] 1 1
b6264fb5-ae71-40a3-b03b-ddb31b03d688
 [response time] 22.77
 [number of tasks] 5
 [nm p s]
 [43] 1 1
 [39] 1 0
 [14] 1 1
 [37] 1 1
 [35] 1 0
 [10] 1 0
 [32] 1 1
 [8] 1 1
 [6] 1 0
 [0] 1 0
a2f55a54-febb-4ec9-92f3-c9a50468edff
 [response time] 22.069
 [number of tasks] 5
 [nm p s]
 [41] 1 1
 [12] 1 0
 [35] 1 1
 [31] 1 0
 [29] 1 1
 [6] 1 0
 [4] 1 0
 [2] 1 1
 [24] 1 1
 [23] 1 0
a4e60746-b14e-4d24-9fdb-0dd297ec7942
 [response time] 23.214
 [number of tasks] 5
 [nm p s]
 [43] 1 1
 [10] 1 1
 [28] 1 1
 [5] 1 1
 [4] 1 0
 [27] 1 0
 [25] 1 1
 [24] 1 0
 [0] 1 0
 [23] 1 0
69726b3d-4b00-4022-b883-08dc675d0ca9
 [response time] 22.836
 [number of tasks] 5
 [nm p s]
 [44] 1 0
 [20] 1 1
 [19] 1 0
 [18] 1 0
 [16] 1 1
 [15] 1 0
 [38] 1 1
 [12] 1 1
 [29] 1 1
 [47] 1 0
db6aa391-7900-4c40-b7a1-9f9cbd2df19c
 [response time] 24.009
 [number of tasks] 5
 [nm p s]
 [45] 1 0
 [40] 1 0
 [38] 1 1
 [37] 1 0
 [10] 1 1
 [32] 1 0
 [8] 1 1
 [6] 1 0
 [4] 1 1
 [2] 1 1
5fef8ea8-7727-490e-80c5-7df47a4c7aa6
 [response time] 23.728
 [number of tasks] 5
 [nm p s]
 [20] 1 0
 [17] 1 0
 [40] 1 1
 [16] 1 0
 [31] 1 1
 [29] 1 1
 [28] 1 1
 [47] 1 0
 [0] 1 0
 [46] 1 1
844d3cf5-c649-4782-bec9-b59f2b2e5707
 [response time] 23.672
 [number of tasks] 5
 [nm p s]
 [18] 1 0
 [41] 1 0
 [37] 1 1
 [36] 1 1
 [34] 1 1
 [9] 1 0
 [31] 1 1
 [5] 1 0
 [3] 1 1
 [1] 1 0
0c7868ba-b0c7-4903-ac26-39a044a5cce0
 [response time] 23.971
 [number of tasks] 5
 [nm p s]
 [21] 1 0
 [16] 1 0
 [34] 1 0
 [33] 1 1
 [30] 1 0
 [4] 1 1
 [49] 1 1
 [25] 1 1
 [23] 1 1
 [46] 1 0
07ae34bf-137d-4a7c-9780-c1ed62b1dcdc
 [response time] 25.615
 [number of tasks] 5
 [nm p s]
 [43] 1 1
 [15] 1 0
 [12] 1 0
 [34] 1 0
 [10] 1 1
 [4] 1 0
 [27] 1 0
 [2] 1 1
 [48] 1 1
 [1] 1 1
17b0f0f3-8fce-4a9f-ade5-3cb441eac317
 [response time] 24.999
 [number of tasks] 5
 [nm p s]
 [45] 1 1
 [20] 1 0
 [41] 1 0
 [17] 1 0
 [39] 1 1
 [15] 1 0
 [36] 1 1
 [33] 1 1
 [5] 1 0
 [24] 1 1
631d6668-30df-4303-b0cd-b68b94d1f2d8
 [response time] 25.712
 [number of tasks] 5
 [nm p s]
 [42] 1 0
 [18] 1 0
 [39] 1 1
 [37] 1 1
 [13] 1 1
 [31] 1 1
 [30] 1 0
 [29] 1 0
 [1] 1 1
 [24] 1 0
b83f15ab-d62b-4dcd-b0ea-9a5ac5cdfa89
 [response time] 25.924
 [number of tasks] 5
 [nm p s]
 [22] 1 1
 [20] 1 0
 [17] 1 1
 [37] 1 1
 [13] 1 0
 [36] 1 0
 [30] 1 1
 [5] 1 0
 [48] 1 1
 [23] 1 0
711aa2ca-fea1-4181-881e-556fb685961f
 [response time] 25.883
 [number of tasks] 5
 [nm p s]
 [45] 1 0
 [38] 1 0
 [37] 1 0
 [36] 1 1
 [34] 1 0
 [30] 1 0
 [28] 1 1
 [2] 1 1
 [46] 1 1
 [23] 1 1
a504c949-7758-4685-90af-dc3f116da6e0
 [response time] 26.38
 [number of tasks] 5
 [nm p s]
 [19] 1 0
 [13] 1 1
 [12] 1 0
 [10] 1 0
 [8] 1 1
 [28] 1 1
 [27] 1 0
 [3] 1 1
 [48] 1 1
 [46] 1 0
7ea5f824-ab72-46ee-aabe-773ed75f082f
 [response time] 26.331
 [number of tasks] 5
 [nm p s]
 [45] 1 0
 [21] 1 1
 [20] 1 0
 [18] 1 1
 [40] 1 0
 [16] 1 1
 [13] 1 1
 [12] 1 0
 [7] 1 1
 [29] 1 0
ae6ff722-26d6-4e19-840e-301f127e64d7
 [response time] 27.251
 [number of tasks] 5
 [nm p s]
 [21] 1 1
 [18] 1 1
 [15] 1 1
 [12] 1 0
 [34] 1 0
 [10] 1 1
 [9] 1 1
 [8] 1 0
 [31] 1 0
 [27] 1 0
63b37ac8-ae52-4238-a680-c75ce230d687
 [response time] 27.594
 [number of tasks] 5
 [nm p s]
 [18] 1 1
 [17] 1 0
 [10] 1 1
 [8] 1 1
 [31] 1 1
 [29] 1 0
 [4] 1 0
 [48] 1 0
 [25] 1 1
 [2] 1 0
d1a7d020-ced1-4c6f-9f2f-0c2d1ce8a42c
 [response time] 27.03
 [number of tasks] 5
 [nm p s]
 [20] 1 1
 [19] 1 0
 [41] 1 1
 [37] 1 1
 [36] 1 0
 [35] 1 1
 [9] 1 1
 [32] 1 0
 [31] 1 0
 [26] 1 0
1a38f875-9ec4-4579-ba0b-9e5f9b90cc46
 [response time] 27.232
 [number of tasks] 5
 [nm p s]
 [19] 1 1
 [17] 1 0
 [38] 1 0
 [11] 1 1
 [9] 1 1
 [31] 1 1
 [30] 1 0
 [48] 1 0
 [47] 1 1
 [1] 1 0
f8957a99-e8d6-4de7-b9fe-488ed274a9a5
 [response time] 27.007
 [number of tasks] 5
 [nm p s]
 [21] 1 0
 [44] 1 1
 [43] 1 0
 [17] 1 0
 [15] 1 1
 [35] 1 0
 [31] 1 1
 [30] 1 1
 [6] 1 1
 [47] 1 0
37470eb6-96f0-4ce8-9f5f-a6ba1372c1b5
 [response time] 27.662
 [number of tasks] 5
 [nm p s]
 [20] 1 0
 [43] 1 0
 [18] 1 0
 [15] 1 0
 [14] 1 1
 [33] 1 1
 [4] 1 1
 [26] 1 1
 [2] 1 0
 [0] 1 1
62036d3f-94c1-4525-a42b-280e4edf597d
 [response time] 28.307
 [number of tasks] 5
 [nm p s]
 [20] 1 0
 [17] 1 1
 [14] 1 1
 [37] 1 0
 [13] 1 0
 [12] 1 1
 [9] 1 1
 [31] 1 0
 [5] 1 0
 [26] 1 1
bb2c6efc-629e-49a8-a29a-3f82f91e7ccf
 [response time] 27.907
 [number of tasks] 5
 [nm p s]
 [21] 1 1
 [19] 1 0
 [16] 1 0
 [37] 1 1
 [36] 1 1
 [11] 1 1
 [9] 1 0
 [6] 1 1
 [26] 1 0
 [25] 1 0
61675344-1622-434e-b51c-58a1211dd4b7
 [response time] 28.588
 [number of tasks] 5
 [nm p s]
 [19] 1 1
 [18] 1 1
 [16] 1 1
 [37] 1 0
 [12] 1 0
 [31] 1 0
 [30] 1 0
 [29] 1 1
 [27] 1 0
 [48] 1 1
aee5f356-d562-450a-bbe2-60b0e397c65f
 [response time] 28.897
 [number of tasks] 5
 [nm p s]
 [40] 1 1
 [39] 1 0
 [37] 1 1
 [36] 1 0
 [10] 1 0
 [30] 1 0
 [6] 1 0
 [29] 1 1
 [5] 1 1
 [25] 1 1
c3d3dc8e-7cb5-4784-9aba-a505c38a6a48
 [response time] 28.809
 [number of tasks] 5
 [nm p s]
 [19] 1 0
 [41] 1 1
 [40] 1 1
 [32] 1 0
 [28] 1 1
 [4] 1 0
 [27] 1 0
 [26] 1 1
 [46] 1 1
 [0] 1 0
598e6e42-90a8-49ee-b2f3-c2c8fc3fa6c9
 [response time] 29.728
 [number of tasks] 5
 [nm p s]
 [22] 1 1
 [44] 1 0
 [18] 1 0
 [36] 1 0
 [35] 1 1
 [12] 1 1
 [33] 1 1
 [6] 1 0
 [24] 1 0
 [46] 1 1
8d353fb8-6820-498f-a0c9-fb1b86a76d67
 [response time] 29.734
 [number of tasks] 5
 [nm p s]
 [22] 1 1
 [43] 1 0
 [39] 1 0
 [38] 1 1
 [11] 1 1
 [34] 1 1
 [30] 1 0
 [5] 1 0
 [49] 1 1
 [25] 1 0
f75cdcca-04fe-4a61-8a94-fe067cf814ac
 [response time] 30.756
 [number of tasks] 5
 [nm p s]
 [44] 1 1
 [14] 1 0
 [13] 1 1
 [10] 1 1
 [9] 1 0
 [8] 1 0
 [7] 1 0
 [30] 1 1
 [25] 1 1
 [1] 1 0
