[scheduler id] 1
[number of node monitors] 50

[job statistics]
557db18d-c493-4a57-ad88-f234cbe0e95f
 [response time] 1.631
 [number of tasks] 5
 [nm p s]
 [22] 1 0
 [18] 1 0
 [39] 1 1
 [36] 1 1
 [7] 1 0
 [4] 1 0
 [3] 1 0
 [25] 1 1
 [47] 1 1
 [46] 1 1
613d133a-e6d6-40ba-952c-81d2afe86e6f
 [response time] 2.042
 [number of tasks] 5
 [nm p s]
 [45] 1 1
 [19] 1 1
 [39] 1 0
 [38] 1 0
 [37] 1 0
 [36] 1 0
 [35] 1 0
 [4] 1 1
 [2] 1 1
 [1] 1 1
e7ea4736-fe86-4e69-a6e7-624e1370aa75
 [response time] 2.268
 [number of tasks] 5
 [nm p s]
 [45] 1 0
 [42] 1 0
 [18] 1 1
 [38] 1 0
 [13] 1 1
 [32] 1 0
 [4] 1 1
 [49] 1 0
 [25] 1 1
 [23] 1 1
0e9c8866-e86d-40c0-b57e-1c5a291592f6
 [response time] 3.012
 [number of tasks] 5
 [nm p s]
 [22] 1 1
 [16] 1 0
 [37] 1 0
 [11] 1 1
 [33] 1 0
 [8] 1 1
 [27] 1 1
 [47] 1 0
 [23] 1 1
 [0] 1 0
b8f01b25-455d-4e85-be0e-c4e8f99f427e
 [response time] 3.031
 [number of tasks] 5
 [nm p s]
 [20] 1 0
 [19] 1 0
 [16] 1 1
 [37] 1 1
 [10] 1 1
 [5] 1 1
 [26] 1 0
 [25] 1 0
 [47] 1 0
 [0] 1 1
d299cf2d-27c9-4d0e-b52c-a97df71cc432
 [response time] 3.263
 [number of tasks] 5
 [nm p s]
 [21] 1 0
 [41] 1 1
 [15] 1 0
 [37] 1 0
 [12] 1 1
 [33] 1 1
 [29] 1 1
 [5] 1 1
 [3] 1 0
 [49] 1 0
1c72b288-1765-47e4-85ae-aae517d088b5
 [response time] 3.497
 [number of tasks] 5
 [nm p s]
 [44] 1 1
 [19] 1 0
 [42] 1 1
 [18] 1 1
 [39] 1 0
 [14] 1 1
 [13] 1 0
 [36] 1 0
 [29] 1 0
 [47] 1 1
db5f88b0-db75-4143-9d99-adb7985835f2
 [response time] 3.75
 [number of tasks] 5
 [nm p s]
 [45] 1 1
 [44] 1 0
 [20] 1 1
 [14] 1 0
 [36] 1 1
 [9] 1 1
 [32] 1 1
 [28] 1 0
 [49] 1 0
 [1] 1 0
adb95a95-e891-4d2f-af9a-652f0c28f4b4
 [response time] 3.885
 [number of tasks] 5
 [nm p s]
 [45] 1 0
 [20] 1 1
 [19] 1 1
 [39] 1 0
 [15] 1 1
 [30] 1 1
 [5] 1 0
 [4] 1 0
 [2] 1 0
 [48] 1 1
1e5b9ed5-57bb-434d-88ac-750c6a612c8a
 [response time] 4.341
 [number of tasks] 5
 [nm p s]
 [45] 1 0
 [20] 1 1
 [19] 1 0
 [14] 1 1
 [13] 1 0
 [36] 1 1
 [11] 1 0
 [6] 1 1
 [4] 1 0
 [27] 1 1
2b2ad117-d221-467e-9e54-8545d138fcb0
 [response time] 4.606
 [number of tasks] 5
 [nm p s]
 [20] 1 0
 [43] 1 1
 [41] 1 1
 [17] 1 1
 [15] 1 0
 [11] 1 0
 [33] 1 1
 [30] 1 1
 [4] 1 0
 [2] 1 0
3d16f11b-fc6e-41e4-964d-1c9302742fbc
 [response time] 4.978
 [number of tasks] 5
 [nm p s]
 [44] 1 1
 [43] 1 0
 [19] 1 1
 [15] 1 0
 [38] 1 0
 [33] 1 0
 [30] 1 1
 [5] 1 1
 [26] 1 0
 [23] 1 1
12256059-debc-46a5-99da-391515575aeb
 [response time] 5.154
 [number of tasks] 5
 [nm p s]
 [20] 1 1
 [18] 1 1
 [16] 1 1
 [13] 1 0
 [36] 1 1
 [11] 1 0
 [27] 1 1
 [48] 1 0
 [1] 1 0
 [46] 1 0
993a73b8-88e8-4647-aba5-e0f12c3a241c
 [response time] 6.089
 [number of tasks] 5
 [nm p s]
 [45] 1 0
 [39] 1 1
 [38] 1 1
 [10] 1 0
 [31] 1 0
 [27] 1 0
 [49] 1 1
 [47] 1 0
 [0] 1 1
 [46] 1 1
a6d82d38-fb81-4c5b-b308-51599bfbb897
 [response time] 6.312
 [number of tasks] 5
 [nm p s]
 [44] 1 1
 [39] 1 0
 [38] 1 0
 [8] 1 1
 [31] 1 0
 [6] 1 1
 [5] 1 0
 [4] 1 0
 [27] 1 1
 [24] 1 1
9ea286f8-4a89-4e3b-b397-17db81a972c1
 [response time] 7.317
 [number of tasks] 5
 [nm p s]
 [45] 1 0
 [40] 1 1
 [15] 1 0
 [14] 1 1
 [35] 1 0
 [31] 1 1
 [6] 1 1
 [3] 1 1
 [2] 1 0
 [1] 1 0
8b7b9573-157e-435f-9fb2-6897fdf16b69
 [response time] 6.536
 [number of tasks] 5
 [nm p s]
 [22] 1 1
 [18] 1 1
 [36] 1 0
 [30] 1 1
 [29] 1 0
 [4] 1 0
 [3] 1 0
 [26] 1 0
 [49] 1 1
 [48] 1 1
23fd97db-4bf9-4ba2-a297-ca3408fe4676
 [response time] 6.832
 [number of tasks] 5
 [nm p s]
 [18] 1 0
 [41] 1 1
 [14] 1 0
 [12] 1 0
 [31] 1 1
 [7] 1 1
 [28] 1 1
 [3] 1 0
 [2] 1 0
 [47] 1 1
f61516d2-ca44-4739-b131-b0dfbf13117f
 [response time] 6.951
 [number of tasks] 5
 [nm p s]
 [45] 1 0
 [19] 1 0
 [36] 1 1
 [12] 1 1
 [32] 1 0
 [8] 1 0
 [31] 1 0
 [5] 1 1
 [3] 1 1
 [2] 1 1
e4da8b01-ee22-41b9-8091-ce404ca38762
 [response time] 7.711
 [number of tasks] 5
 [nm p s]
 [44] 1 1
 [18] 1 1
 [16] 1 1
 [15] 1 0
 [12] 1 0
 [35] 1 1
 [34] 1 1
 [8] 1 0
 [26] 1 0
 [49] 1 0
12c73850-827a-46b0-8878-d8d7be711095
 [response time] 7.331
 [number of tasks] 5
 [nm p s]
 [21] 1 0
 [37] 1 0
 [13] 1 1
 [8] 1 0
 [27] 1 1
 [26] 1 0
 [48] 1 1
 [25] 1 0
 [24] 1 1
 [46] 1 1
97b52184-1fec-4e6a-9eec-ebe44c9ca2ee
 [response time] 7.324
 [number of tasks] 5
 [nm p s]
 [21] 1 0
 [20] 1 1
 [18] 1 1
 [37] 1 0
 [36] 1 0
 [11] 1 1
 [7] 1 1
 [29] 1 0
 [4] 1 1
 [46] 1 0
fad61fd6-e39a-40d3-9e80-db43e98192d8
 [response time] 7.738
 [number of tasks] 5
 [nm p s]
 [22] 1 0
 [45] 1 1
 [37] 1 0
 [33] 1 1
 [32] 1 0
 [7] 1 1
 [5] 1 0
 [28] 1 1
 [23] 1 0
 [0] 1 1
f472db73-dada-48b3-b9ef-f50a42d36a9e
 [response time] 7.802
 [number of tasks] 5
 [nm p s]
 [18] 1 0
 [14] 1 1
 [37] 1 0
 [35] 1 1
 [8] 1 1
 [28] 1 1
 [49] 1 0
 [3] 1 0
 [23] 1 1
 [46] 1 0
1bb0d94d-3fc5-40fb-9a6c-758cd1986dcf
 [response time] 8.943
 [number of tasks] 5
 [nm p s]
 [44] 1 1
 [39] 1 1
 [38] 1 1
 [14] 1 0
 [37] 1 1
 [12] 1 0
 [34] 1 0
 [32] 1 0
 [29] 1 1
 [1] 1 0
885150fe-b95d-40d2-bc57-f75b2387dd09
 [response time] 9.757
 [number of tasks] 5
 [nm p s]
 [22] 1 1
 [21] 1 1
 [20] 1 1
 [15] 1 1
 [12] 1 0
 [33] 1 1
 [48] 1 0
 [1] 1 0
 [24] 1 0
 [23] 1 0
ddb061bd-1d6a-4e37-83a3-c74ae6b9bb7e
 [response time] 9.544
 [number of tasks] 5
 [nm p s]
 [43] 1 1
 [41] 1 1
 [17] 1 1
 [12] 1 0
 [9] 1 1
 [32] 1 0
 [8] 1 0
 [3] 1 0
 [48] 1 1
 [23] 1 0
86548eb5-1b89-4838-96b6-5d2a06ed86c6
 [response time] 10.255
 [number of tasks] 5
 [nm p s]
 [44] 1 1
 [41] 1 0
 [15] 1 0
 [37] 1 0
 [13] 1 0
 [36] 1 1
 [9] 1 1
 [4] 1 1
 [25] 1 0
 [47] 1 1
0c84f481-6c31-4fee-b323-e41b6b6b04f7
 [response time] 10.122
 [number of tasks] 5
 [nm p s]
 [45] 1 1
 [17] 1 1
 [40] 1 1
 [37] 1 0
 [13] 1 0
 [12] 1 0
 [9] 1 0
 [2] 1 1
 [48] 1 0
 [46] 1 1
6d6408c1-aeea-4da6-8de5-6f6e37e4a331
 [response time] 10.43
 [number of tasks] 5
 [nm p s]
 [22] 1 0
 [20] 1 1
 [39] 1 0
 [13] 1 1
 [10] 1 0
 [32] 1 1
 [5] 1 0
 [26] 1 1
 [48] 1 0
 [47] 1 1
ff0d9f51-17b8-418f-96a6-bc2585d8bed2
 [response time] 10.758
 [number of tasks] 5
 [nm p s]
 [22] 1 1
 [18] 1 1
 [15] 1 1
 [37] 1 0
 [29] 1 1
 [27] 1 0
 [3] 1 0
 [2] 1 0
 [0] 1 1
 [46] 1 0
9c2ce64b-7ea1-4396-a2d8-23cf1473689f
 [response time] 10.918
 [number of tasks] 5
 [nm p s]
 [42] 1 0
 [38] 1 1
 [36] 1 1
 [9] 1 0
 [6] 1 1
 [27] 1 1
 [2] 1 1
 [48] 1 0
 [1] 1 0
 [23] 1 0
d0244ca1-c82d-4db1-a754-07ba618cd1b1
 [response time] 11.997
 [number of tasks] 5
 [nm p s]
 [44] 1 0
 [41] 1 0
 [13] 1 0
 [35] 1 0
 [11] 1 1
 [33] 1 1
 [29] 1 0
 [25] 1 1
 [1] 1 1
 [0] 1 1
1f2cfe4a-6bfc-45c1-ab90-032cf1f5f31d
 [response time] 11.922
 [number of tasks] 5
 [nm p s]
 [22] 1 1
 [20] 1 1
 [42] 1 0
 [34] 1 1
 [9] 1 0
 [29] 1 0
 [5] 1 1
 [4] 1 0
 [47] 1 1
 [46] 1 0
cafcce38-0bf8-4297-b909-a3fb9503e660
 [response time] 11.493
 [number of tasks] 5
 [nm p s]
 [45] 1 0
 [43] 1 0
 [17] 1 1
 [14] 1 0
 [35] 1 0
 [11] 1 1
 [32] 1 1
 [7] 1 0
 [26] 1 1
 [48] 1 1
fff9edf5-99a0-44bc-a40a-3399c509d3a0
 [response time] 12.342
 [number of tasks] 5
 [nm p s]
 [44] 1 1
 [15] 1 0
 [12] 1 0
 [35] 1 1
 [34] 1 1
 [9] 1 0
 [31] 1 1
 [8] 1 1
 [4] 1 0
 [0] 1 0
0022e8e8-9c1d-4199-90a0-b83b7e452cd1
 [response time] 12.798
 [number of tasks] 5
 [nm p s]
 [19] 1 1
 [39] 1 0
 [10] 1 0
 [7] 1 1
 [30] 1 1
 [28] 1 1
 [26] 1 0
 [25] 1 1
 [47] 1 0
 [46] 1 0
41a1bbed-15ff-4337-997f-634e6dd8d3cb
 [response time] 12.444
 [number of tasks] 5
 [nm p s]
 [42] 1 0
 [16] 1 1
 [38] 1 1
 [11] 1 1
 [34] 1 0
 [7] 1 1
 [49] 1 0
 [25] 1 1
 [48] 1 0
 [0] 1 0
8b6e970e-8a3d-4b2f-a618-ab8e81c8a2cb
 [response time] 12.915
 [number of tasks] 5
 [nm p s]
 [44] 1 1
 [19] 1 0
 [17] 1 1
 [14] 1 0
 [12] 1 1
 [7] 1 0
 [29] 1 1
 [49] 1 0
 [2] 1 1
 [0] 1 0
b504902e-7207-4908-bcb3-304abae1338d
 [response time] 13.11
 [number of tasks] 5
 [nm p s]
 [45] 1 0
 [20] 1 1
 [41] 1 0
 [37] 1 1
 [13] 1 1
 [11] 1 0
 [33] 1 1
 [7] 1 0
 [5] 1 0
 [4] 1 1
fa4c458d-f895-4d49-af03-8e68b968db1b
 [response time] 12.906
 [number of tasks] 5
 [nm p s]
 [22] 1 0
 [44] 1 1
 [21] 1 0
 [39] 1 1
 [34] 1 0
 [10] 1 0
 [8] 1 0
 [30] 1 1
 [26] 1 1
 [23] 1 1
7278fa60-5024-42ba-93f0-082d4bf8eead
 [response time] 13.046
 [number of tasks] 5
 [nm p s]
 [20] 1 1
 [43] 1 0
 [41] 1 1
 [17] 1 1
 [40] 1 0
 [35] 1 0
 [34] 1 1
 [8] 1 0
 [31] 1 0
 [47] 1 1
4325be7f-db96-4303-b6c9-d4bd8719dc71
 [response time] 13.926
 [number of tasks] 5
 [nm p s]
 [43] 1 0
 [15] 1 1
 [13] 1 1
 [36] 1 1
 [34] 1 0
 [10] 1 0
 [9] 1 0
 [6] 1 0
 [29] 1 1
 [25] 1 1
24808119-9839-44ee-98fe-d1c8d86119e4
 [response time] 14.276
 [number of tasks] 5
 [nm p s]
 [19] 1 1
 [17] 1 0
 [38] 1 0
 [14] 1 0
 [37] 1 1
 [32] 1 1
 [29] 1 1
 [6] 1 1
 [1] 1 0
 [24] 1 0
21ff2fd1-938a-4aa4-a057-dc8cda0a51c2
 [response time] 14.059
 [number of tasks] 5
 [nm p s]
 [16] 1 0
 [36] 1 1
 [9] 1 1
 [7] 1 0
 [5] 1 0
 [27] 1 1
 [3] 1 0
 [1] 1 1
 [24] 1 1
 [46] 1 0
8d2f505d-4aa8-414f-b6d6-84972769615d
 [response time] 16.038
 [number of tasks] 5
 [nm p s]
 [21] 1 1
 [19] 1 1
 [41] 1 0
 [16] 1 0
 [15] 1 0
 [38] 1 0
 [33] 1 1
 [10] 1 1
 [3] 1 1
 [46] 1 0
aa1a9816-b956-4b7a-a020-52871c1b7dff
 [response time] 15.653
 [number of tasks] 5
 [nm p s]
 [43] 1 0
 [18] 1 1
 [16] 1 0
 [14] 1 0
 [37] 1 1
 [32] 1 1
 [30] 1 1
 [27] 1 0
 [3] 1 1
 [46] 1 0
b97c6206-4b84-4909-b3e8-a56aa9924bbb
 [response time] 15.778
 [number of tasks] 5
 [nm p s]
 [42] 1 1
 [40] 1 0
 [39] 1 1
 [15] 1 0
 [38] 1 1
 [35] 1 1
 [9] 1 0
 [31] 1 0
 [28] 1 1
 [26] 1 0
700e184f-1da2-496b-abed-85f615a8cc06
 [response time] 16.041
 [number of tasks] 5
 [nm p s]
 [21] 1 1
 [42] 1 1
 [13] 1 0
 [36] 1 0
 [8] 1 0
 [30] 1 1
 [5] 1 1
 [2] 1 0
 [1] 1 1
 [24] 1 0
63dda4c2-bb9a-4361-b8ed-8ddf3d296541
 [response time] 16.734
 [number of tasks] 5
 [nm p s]
 [19] 1 1
 [15] 1 1
 [11] 1 1
 [9] 1 0
 [5] 1 1
 [26] 1 0
 [25] 1 0
 [2] 1 0
 [0] 1 1
 [46] 1 0
f7d2b89d-48bb-4d07-8a3d-860796aabda3
 [response time] 16.42
 [number of tasks] 5
 [nm p s]
 [20] 1 1
 [19] 1 0
 [42] 1 0
 [11] 1 1
 [33] 1 1
 [9] 1 0
 [27] 1 0
 [25] 1 1
 [24] 1 1
 [46] 1 0
6613c37f-f63d-4631-985e-b2ab4de364fc
 [response time] 16.995
 [number of tasks] 5
 [nm p s]
 [38] 1 0
 [14] 1 1
 [37] 1 1
 [13] 1 0
 [33] 1 1
 [7] 1 0
 [5] 1 0
 [4] 1 1
 [3] 1 0
 [23] 1 1
2886a7ad-520f-4566-9f34-48289658bed3
 [response time] 16.982
 [number of tasks] 5
 [nm p s]
 [42] 1 0
 [18] 1 0
 [16] 1 1
 [13] 1 0
 [12] 1 1
 [34] 1 1
 [6] 1 1
 [5] 1 0
 [25] 1 1
 [24] 1 0
07b58a02-0d76-4692-9cb1-230c2ea7bbb1
 [response time] 18.323
 [number of tasks] 5
 [nm p s]
 [16] 1 0
 [13] 1 0
 [12] 1 1
 [34] 1 0
 [10] 1 1
 [32] 1 1
 [29] 1 1
 [1] 1 1
 [24] 1 0
 [23] 1 0
4b72a09a-109c-4110-92e4-9f0bacd906e2
 [response time] 17.27
 [number of tasks] 5
 [nm p s]
 [45] 1 0
 [44] 1 1
 [42] 1 0
 [11] 1 1
 [30] 1 1
 [28] 1 0
 [2] 1 1
 [25] 1 0
 [24] 1 0
 [46] 1 1
5db5e19b-266b-45bb-bc5d-51e226e015e5
 [response time] 17.942
 [number of tasks] 5
 [nm p s]
 [22] 1 0
 [20] 1 1
 [42] 1 1
 [18] 1 0
 [41] 1 1
 [14] 1 0
 [32] 1 1
 [27] 1 0
 [48] 1 1
 [0] 1 0
96bd0488-28dd-4da0-a61d-2c9f3642d628
 [response time] 18.0
 [number of tasks] 5
 [nm p s]
 [40] 1 0
 [11] 1 0
 [30] 1 1
 [29] 1 1
 [6] 1 1
 [28] 1 1
 [4] 1 0
 [27] 1 0
 [3] 1 1
 [26] 1 0
30482ee7-206a-4037-a178-677e3816f8a6
 [response time] 19.012
 [number of tasks] 5
 [nm p s]
 [45] 1 1
 [19] 1 0
 [15] 1 0
 [14] 1 0
 [11] 1 0
 [10] 1 1
 [31] 1 1
 [49] 1 1
 [47] 1 0
 [46] 1 1
d035b3d8-dacb-4b9c-8a12-79b722a79216
 [response time] 18.438
 [number of tasks] 5
 [nm p s]
 [20] 1 1
 [19] 1 0
 [41] 1 1
 [40] 1 1
 [12] 1 0
 [31] 1 0
 [30] 1 0
 [6] 1 0
 [48] 1 1
 [0] 1 1
6364e022-c119-4879-bf60-446d39f3581b
 [response time] 19.103
 [number of tasks] 5
 [nm p s]
 [44] 1 1
 [17] 1 0
 [40] 1 0
 [38] 1 0
 [35] 1 1
 [6] 1 1
 [27] 1 0
 [49] 1 0
 [1] 1 1
 [46] 1 1
a5671b90-f76a-4b4e-858d-65e26446b0d5
 [response time] 19.538
 [number of tasks] 5
 [nm p s]
 [43] 1 1
 [19] 1 0
 [15] 1 0
 [33] 1 1
 [32] 1 1
 [31] 1 1
 [26] 1 1
 [49] 1 0
 [24] 1 0
 [23] 1 0
69996e42-7cc8-43a0-ac0f-abeb380f8886
 [response time] 19.539
 [number of tasks] 5
 [nm p s]
 [45] 1 1
 [42] 1 0
 [14] 1 1
 [32] 1 1
 [31] 1 0
 [7] 1 0
 [29] 1 0
 [5] 1 1
 [28] 1 0
 [4] 1 1
2a928772-506a-4cea-8289-b89dd7505e59
 [response time] 19.962
 [number of tasks] 5
 [nm p s]
 [15] 1 0
 [13] 1 1
 [36] 1 1
 [12] 1 1
 [30] 1 1
 [6] 1 0
 [29] 1 0
 [5] 1 0
 [23] 1 0
 [46] 1 1
a044b999-af27-4e67-ad66-4756f876f4be
 [response time] 19.847
 [number of tasks] 5
 [nm p s]
 [45] 1 1
 [20] 1 0
 [19] 1 0
 [41] 1 0
 [15] 1 1
 [32] 1 1
 [7] 1 1
 [6] 1 1
 [49] 1 0
 [1] 1 0
62d83c19-f073-4c0c-ab52-eeeaa40a1e9b
 [response time] 20.604
 [number of tasks] 5
 [nm p s]
 [22] 1 1
 [44] 1 0
 [20] 1 0
 [38] 1 1
 [14] 1 0
 [33] 1 1
 [9] 1 0
 [6] 1 1
 [27] 1 1
 [25] 1 0
7d62c521-05d8-422c-a415-ad4c79c1496e
 [response time] 20.425
 [number of tasks] 5
 [nm p s]
 [44] 1 1
 [43] 1 0
 [12] 1 1
 [35] 1 1
 [34] 1 0
 [30] 1 1
 [26] 1 0
 [0] 1 1
 [23] 1 0
 [46] 1 0
158013b1-4d45-4d94-9908-070566efdc89
 [response time] 21.39
 [number of tasks] 5
 [nm p s]
 [21] 1 1
 [41] 1 1
 [40] 1 1
 [16] 1 1
 [38] 1 0
 [33] 1 0
 [30] 1 0
 [6] 1 0
 [26] 1 0
 [25] 1 1
b88c707d-92f4-47e0-ae77-a2cc80704e36
 [response time] 22.004
 [number of tasks] 5
 [nm p s]
 [19] 1 0
 [42] 1 1
 [40] 1 0
 [38] 1 0
 [35] 1 0
 [6] 1 1
 [29] 1 1
 [4] 1 1
 [25] 1 0
 [0] 1 1
c1145cbd-a1cf-4b7e-8cab-24dbd4e1a3dc
 [response time] 21.778
 [number of tasks] 5
 [nm p s]
 [45] 1 0
 [20] 1 0
 [18] 1 1
 [17] 1 0
 [35] 1 0
 [9] 1 1
 [8] 1 1
 [31] 1 0
 [6] 1 1
 [46] 1 1
6271a91b-795a-433c-bf8e-9a6db5e63588
 [response time] 22.311
 [number of tasks] 5
 [nm p s]
 [22] 1 0
 [19] 1 0
 [41] 1 0
 [40] 1 1
 [30] 1 1
 [28] 1 1
 [1] 1 0
 [24] 1 1
 [0] 1 0
 [46] 1 1
6683cd67-985f-4952-b6f3-e6090aed1f85
 [response time] 23.322
 [number of tasks] 5
 [nm p s]
 [45] 1 1
 [17] 1 0
 [33] 1 1
 [7] 1 0
 [6] 1 0
 [5] 1 0
 [4] 1 0
 [48] 1 1
 [0] 1 1
 [23] 1 1
2b8df6c7-a5ff-4f42-9869-846dbf21dd07
 [response time] 23.926
 [number of tasks] 5
 [nm p s]
 [19] 1 1
 [41] 1 0
 [36] 1 1
 [12] 1 0
 [10] 1 0
 [9] 1 1
 [7] 1 1
 [29] 1 1
 [6] 1 0
 [2] 1 0
70a84e4a-693c-439a-a7c9-1bfe08062329
 [response time] 23.204
 [number of tasks] 5
 [nm p s]
 [22] 1 0
 [44] 1 0
 [21] 1 0
 [18] 1 1
 [41] 1 1
 [29] 1 1
 [4] 1 0
 [49] 1 1
 [2] 1 0
 [47] 1 1
33051646-844b-4e5a-941f-fc3d59149c57
 [response time] 23.55
 [number of tasks] 5
 [nm p s]
 [20] 1 0
 [18] 1 1
 [41] 1 0
 [16] 1 1
 [38] 1 0
 [36] 1 1
 [30] 1 0
 [5] 1 0
 [28] 1 1
 [48] 1 1
361940aa-1e8b-44ea-87b4-bd2fdb8c7643
 [response time] 24.406
 [number of tasks] 5
 [nm p s]
 [17] 1 1
 [40] 1 0
 [16] 1 1
 [39] 1 1
 [14] 1 1
 [13] 1 0
 [33] 1 0
 [31] 1 0
 [28] 1 0
 [27] 1 1
c2ac22f0-5220-4a26-8c93-392306c0dd76
 [response time] 24.292
 [number of tasks] 5
 [nm p s]
 [45] 1 1
 [20] 1 1
 [19] 1 1
 [17] 1 1
 [36] 1 1
 [34] 1 0
 [7] 1 0
 [47] 1 0
 [23] 1 0
 [46] 1 0
b6bfe701-0f7b-49ad-8116-3e18c3d83e80
 [response time] 24.423
 [number of tasks] 5
 [nm p s]
 [43] 1 1
 [42] 1 0
 [33] 1 1
 [4] 1 1
 [2] 1 0
 [48] 1 0
 [1] 1 0
 [24] 1 1
 [23] 1 1
 [46] 1 0
97c3a9e7-8100-40f7-ad38-20ac54894700
 [response time] 24.644
 [number of tasks] 5
 [nm p s]
 [45] 1 1
 [18] 1 0
 [36] 1 1
 [11] 1 1
 [10] 1 0
 [7] 1 0
 [30] 1 1
 [6] 1 1
 [1] 1 0
 [46] 1 0
3fa22586-3281-44d4-970e-5a708690716d
 [response time] 25.905
 [number of tasks] 5
 [nm p s]
 [45] 1 0
 [44] 1 0
 [14] 1 1
 [37] 1 1
 [11] 1 0
 [33] 1 0
 [4] 1 1
 [27] 1 1
 [3] 1 1
 [23] 1 0
a3eae670-fb04-4d36-865d-0389f433289a
 [response time] 25.05
 [number of tasks] 5
 [nm p s]
 [44] 1 0
 [20] 1 1
 [43] 1 0
 [18] 1 0
 [11] 1 1
 [6] 1 1
 [4] 1 0
 [1] 1 1
 [23] 1 0
 [46] 1 1
6932be24-6104-43d4-82dd-39ba5846b985
 [response time] 25.289
 [number of tasks] 5
 [nm p s]
 [22] 1 1
 [44] 1 0
 [43] 1 1
 [42] 1 0
 [41] 1 1
 [17] 1 0
 [32] 1 0
 [7] 1 1
 [5] 1 1
 [47] 1 0
40676cc6-405a-435d-8a5f-766c4205160c
 [response time] 26.364
 [number of tasks] 5
 [nm p s]
 [22] 1 0
 [42] 1 1
 [17] 1 0
 [40] 1 0
 [13] 1 0
 [34] 1 1
 [32] 1 1
 [30] 1 1
 [27] 1 1
 [2] 1 0
38ed2492-cacf-437a-b72a-3e9c7905a8a7
 [response time] 26.239
 [number of tasks] 5
 [nm p s]
 [21] 1 0
 [19] 1 1
 [16] 1 1
 [9] 1 0
 [32] 1 1
 [30] 1 0
 [5] 1 0
 [3] 1 1
 [49] 1 1
 [2] 1 0
c981e076-6a9b-4ce8-aa3a-acb8cdaa3011
 [response time] 26.387
 [number of tasks] 5
 [nm p s]
 [20] 1 0
 [41] 1 0
 [18] 1 0
 [38] 1 1
 [37] 1 1
 [36] 1 0
 [8] 1 0
 [29] 1 1
 [26] 1 1
 [25] 1 1
54cd9dab-0793-4df8-bf0c-a437c245ed1d
 [response time] 26.834
 [number of tasks] 5
 [nm p s]
 [44] 1 0
 [19] 1 1
 [16] 1 1
 [39] 1 1
 [34] 1 0
 [8] 1 0
 [31] 1 1
 [6] 1 1
 [27] 1 0
 [23] 1 0
21d6cb99-e321-4c16-a171-2816f0cbdaea
 [response time] 26.925
 [number of tasks] 5
 [nm p s]
 [44] 1 0
 [21] 1 0
 [42] 1 1
 [41] 1 1
 [14] 1 1
 [10] 1 0
 [9] 1 1
 [30] 1 0
 [48] 1 1
 [1] 1 0
8fbe3f22-aa23-42af-8a9e-17398ebd266e
 [response time] 27.351
 [number of tasks] 5
 [nm p s]
 [45] 1 0
 [21] 1 0
 [43] 1 1
 [42] 1 1
 [13] 1 0
 [12] 1 1
 [33] 1 0
 [5] 1 0
 [0] 1 1
 [46] 1 1
7dcdcd5f-ed01-4bbc-8c54-5495f537c269
 [response time] 27.105
 [number of tasks] 5
 [nm p s]
 [21] 1 0
 [20] 1 0
 [38] 1 1
 [37] 1 0
 [35] 1 1
 [10] 1 0
 [32] 1 1
 [7] 1 1
 [1] 1 0
 [23] 1 1
4b77392d-a519-4e21-8116-05d2377f2886
 [response time] 27.465
 [number of tasks] 5
 [nm p s]
 [38] 1 0
 [14] 1 0
 [34] 1 0
 [33] 1 1
 [8] 1 1
 [7] 1 1
 [30] 1 1
 [4] 1 1
 [49] 1 0
 [48] 1 0
4a46196f-0459-431f-b4db-7c0220c03c07
 [response time] 28.628
 [number of tasks] 5
 [nm p s]
 [39] 1 1
 [15] 1 0
 [33] 1 1
 [30] 1 0
 [28] 1 1
 [27] 1 1
 [26] 1 1
 [1] 1 0
 [0] 1 0
 [46] 1 0
dfd83129-0c08-4dd3-804e-e615a08b92b9
 [response time] 28.019
 [number of tasks] 5
 [nm p s]
 [20] 1 1
 [19] 1 1
 [42] 1 0
 [41] 1 0
 [39] 1 0
 [15] 1 1
 [36] 1 1
 [33] 1 0
 [5] 1 0
 [3] 1 1
22de7b74-4750-4017-837b-3f551fbb0df3
 [response time] 28.189
 [number of tasks] 5
 [nm p s]
 [21] 1 0
 [18] 1 1
 [36] 1 0
 [12] 1 0
 [11] 1 1
 [33] 1 0
 [9] 1 1
 [24] 1 1
 [47] 1 0
 [0] 1 1
bd328334-a58d-42dc-abd3-81102bcd9bea
 [response time] 27.995
 [number of tasks] 5
 [nm p s]
 [40] 1 0
 [39] 1 0
 [14] 1 1
 [32] 1 0
 [31] 1 0
 [7] 1 0
 [49] 1 1
 [48] 1 1
 [24] 1 1
 [46] 1 1
55405c73-d0e5-4ec1-b88c-e768bfb52fa7
 [response time] 28.662
 [number of tasks] 5
 [nm p s]
 [21] 1 1
 [43] 1 1
 [42] 1 0
 [37] 1 1
 [12] 1 0
 [35] 1 0
 [34] 1 1
 [48] 1 0
 [47] 1 1
 [0] 1 0
db623e8e-041d-4ca9-9f77-d5dfb74f153f
 [response time] 28.7
 [number of tasks] 5
 [nm p s]
 [45] 1 1
 [17] 1 1
 [34] 1 1
 [33] 1 1
 [5] 1 0
 [28] 1 0
 [48] 1 0
 [24] 1 1
 [0] 1 0
 [46] 1 0
90af212f-09f1-4cdd-81d1-2b2a2376dd63
 [response time] 29.884
 [number of tasks] 5
 [nm p s]
 [22] 1 0
 [20] 1 0
 [43] 1 0
 [13] 1 1
 [36] 1 0
 [10] 1 1
 [5] 1 1
 [49] 1 1
 [2] 1 1
 [46] 1 0
3af2371c-1786-4dfa-a396-9dc76907c001
 [response time] 28.97
 [number of tasks] 5
 [nm p s]
 [43] 1 1
 [17] 1 1
 [39] 1 0
 [14] 1 0
 [8] 1 1
 [49] 1 1
 [25] 1 0
 [24] 1 0
 [0] 1 0
 [23] 1 1
473cfcf4-a867-415b-a273-6b3d30b31e5c
 [response time] 29.522
 [number of tasks] 5
 [nm p s]
 [42] 1 1
 [16] 1 1
 [13] 1 0
 [11] 1 1
 [10] 1 0
 [7] 1 1
 [30] 1 0
 [29] 1 0
 [27] 1 0
 [3] 1 1
948318de-73ca-422e-9187-4ba83236e234
 [response time] 30.15
 [number of tasks] 5
 [nm p s]
 [41] 1 0
 [16] 1 0
 [14] 1 1
 [36] 1 0
 [12] 1 1
 [32] 1 1
 [8] 1 1
 [7] 1 0
 [5] 1 0
 [23] 1 1
17f15321-6509-4676-b690-4ebd71d51c1b
 [response time] 30.482
 [number of tasks] 5
 [nm p s]
 [45] 1 1
 [44] 1 1
 [21] 1 1
 [20] 1 0
 [42] 1 0
 [37] 1 0
 [34] 1 0
 [7] 1 1
 [4] 1 0
 [1] 1 1
