[scheduler id] 4
[number of node monitors] 50

[job statistics]
b1e75bec-9d2a-4138-b799-f37555226d2e
 [response time] 2.257
 [number of tasks] 5
 [nm p s]
 [19] 1 1
 [41] 1 0
 [39] 1 0
 [34] 1 0
 [9] 1 0
 [30] 1 0
 [6] 1 1
 [29] 1 1
 [28] 1 1
 [3] 1 1
5bc66ad6-4214-4d15-9ff7-6ba6bc04f17a
 [response time] 2.42
 [number of tasks] 5
 [nm p s]
 [22] 1 1
 [42] 1 1
 [17] 1 1
 [40] 1 0
 [37] 1 1
 [33] 1 0
 [7] 1 0
 [29] 1 0
 [28] 1 0
 [49] 1 1
d8db22d7-b4e7-4af1-8abb-18ce7ff92bf7
 [response time] 2.522
 [number of tasks] 5
 [nm p s]
 [21] 1 1
 [42] 1 0
 [16] 1 1
 [39] 1 0
 [37] 1 0
 [10] 1 1
 [9] 1 0
 [32] 1 1
 [4] 1 0
 [49] 1 1
a6cfbf9c-968c-4eb4-a56f-551e90c3bb18
 [response time] 3.142
 [number of tasks] 5
 [nm p s]
 [41] 1 0
 [39] 1 1
 [38] 1 1
 [35] 1 1
 [33] 1 1
 [9] 1 0
 [32] 1 1
 [7] 1 0
 [48] 1 0
 [0] 1 0
3a4b991c-c6fc-439e-9944-2adc6df7dcca
 [response time] 3.972
 [number of tasks] 5
 [nm p s]
 [22] 1 0
 [44] 1 1
 [43] 1 0
 [41] 1 1
 [14] 1 0
 [12] 1 1
 [8] 1 1
 [31] 1 0
 [28] 1 0
 [5] 1 1
bb33e6a3-48da-462c-884c-e8b62fcf1bf9
 [response time] 5.053
 [number of tasks] 5
 [nm p s]
 [44] 1 0
 [40] 1 0
 [38] 1 0
 [34] 1 0
 [33] 1 0
 [31] 1 1
 [7] 1 1
 [30] 1 1
 [26] 1 1
 [24] 1 1
1dab3c41-97a8-4c17-af39-aa11cc253346
 [response time] 4.073
 [number of tasks] 5
 [nm p s]
 [45] 1 0
 [43] 1 0
 [40] 1 0
 [14] 1 0
 [10] 1 1
 [29] 1 0
 [28] 1 1
 [5] 1 1
 [4] 1 1
 [25] 1 1
33d47103-5e35-49f3-8d6a-fdbcd1aef0a7
 [response time] 4.759
 [number of tasks] 5
 [nm p s]
 [21] 1 1
 [20] 1 1
 [19] 1 1
 [13] 1 0
 [11] 1 0
 [5] 1 0
 [26] 1 1
 [48] 1 0
 [24] 1 0
 [0] 1 1
6d31ff12-2f49-4c77-a6f4-76e3812080c6
 [response time] 5.78
 [number of tasks] 5
 [nm p s]
 [42] 1 0
 [18] 1 1
 [15] 1 1
 [35] 1 0
 [11] 1 1
 [34] 1 0
 [33] 1 0
 [31] 1 1
 [30] 1 0
 [24] 1 1
7217e113-b0da-4df1-a91c-645d0660777d
 [response time] 5.49
 [number of tasks] 5
 [nm p s]
 [18] 1 1
 [40] 1 1
 [16] 1 0
 [38] 1 1
 [13] 1 1
 [31] 1 0
 [5] 1 0
 [4] 1 0
 [26] 1 1
 [46] 1 0
b2f10d58-e58a-490a-9cc1-b8224d7857b4
 [response time] 5.305
 [number of tasks] 5
 [nm p s]
 [45] 1 1
 [43] 1 1
 [19] 1 0
 [41] 1 1
 [17] 1 1
 [15] 1 0
 [37] 1 1
 [11] 1 0
 [31] 1 0
 [29] 1 0
c2aa7e97-5031-4d2e-9201-9725c52fa57d
 [response time] 4.979
 [number of tasks] 5
 [nm p s]
 [21] 1 1
 [41] 1 0
 [16] 1 1
 [13] 1 1
 [32] 1 1
 [31] 1 0
 [4] 1 0
 [26] 1 0
 [25] 1 1
 [23] 1 0
959d693d-73b0-4df7-9975-0092766f2982
 [response time] 5.745
 [number of tasks] 5
 [nm p s]
 [41] 1 0
 [39] 1 0
 [14] 1 0
 [37] 1 1
 [13] 1 1
 [10] 1 1
 [32] 1 1
 [29] 1 0
 [3] 1 0
 [23] 1 1
1a0436dd-144f-49c3-9442-5a57b4d888da
 [response time] 5.89
 [number of tasks] 5
 [nm p s]
 [22] 1 1
 [45] 1 0
 [43] 1 0
 [42] 1 1
 [18] 1 0
 [40] 1 0
 [15] 1 1
 [38] 1 0
 [30] 1 1
 [3] 1 1
daa587cf-e27f-48d6-89f6-57e0c6fd43d3
 [response time] 6.329
 [number of tasks] 5
 [nm p s]
 [22] 1 0
 [45] 1 0
 [40] 1 1
 [15] 1 1
 [37] 1 0
 [12] 1 1
 [9] 1 1
 [29] 1 1
 [3] 1 0
 [46] 1 0
31eface8-2380-42f8-b5be-548f7786f1bb
 [response time] 6.547
 [number of tasks] 5
 [nm p s]
 [21] 1 1
 [42] 1 1
 [41] 1 0
 [14] 1 0
 [35] 1 1
 [31] 1 0
 [7] 1 0
 [30] 1 1
 [6] 1 1
 [46] 1 0
52828e62-d0c7-4028-9e5a-9ae8510dd634
 [response time] 6.561
 [number of tasks] 5
 [nm p s]
 [44] 1 0
 [40] 1 0
 [39] 1 0
 [35] 1 1
 [11] 1 0
 [34] 1 1
 [10] 1 1
 [32] 1 1
 [28] 1 0
 [24] 1 1
0d742e2d-1e10-49c4-82a6-99a74a8a73fe
 [response time] 7.177
 [number of tasks] 5
 [nm p s]
 [21] 1 1
 [43] 1 1
 [19] 1 1
 [42] 1 1
 [18] 1 0
 [11] 1 0
 [5] 1 0
 [26] 1 0
 [49] 1 1
 [23] 1 0
c7bd4536-3a02-4a29-8e4d-8c0b1fba0247
 [response time] 7.277
 [number of tasks] 5
 [nm p s]
 [19] 1 0
 [42] 1 1
 [40] 1 1
 [15] 1 1
 [33] 1 0
 [10] 1 1
 [7] 1 0
 [6] 1 1
 [49] 1 0
 [46] 1 0
cdc60113-b71e-4a90-97d6-03cfefd04320
 [response time] 7.664
 [number of tasks] 5
 [nm p s]
 [21] 1 0
 [40] 1 0
 [38] 1 1
 [36] 1 1
 [12] 1 0
 [28] 1 0
 [4] 1 1
 [3] 1 1
 [49] 1 1
 [1] 1 0
b1e0dbf9-bc87-4fc0-adf9-515af73f276e
 [response time] 8.452
 [number of tasks] 5
 [nm p s]
 [45] 1 1
 [19] 1 0
 [37] 1 1
 [34] 1 0
 [32] 1 0
 [31] 1 1
 [29] 1 0
 [26] 1 1
 [49] 1 0
 [24] 1 1
aac67632-bcc1-4739-bce7-02a82928c7cf
 [response time] 8.301
 [number of tasks] 5
 [nm p s]
 [22] 1 0
 [18] 1 1
 [40] 1 0
 [16] 1 1
 [14] 1 1
 [13] 1 0
 [36] 1 0
 [34] 1 0
 [8] 1 1
 [47] 1 1
fb64db1c-40f1-46f4-94af-d9f8d78a2970
 [response time] 8.594
 [number of tasks] 5
 [nm p s]
 [22] 1 1
 [44] 1 0
 [13] 1 1
 [11] 1 0
 [32] 1 0
 [31] 1 0
 [6] 1 1
 [28] 1 0
 [2] 1 1
 [0] 1 1
54466472-0857-4d72-9b70-8a8e97de2f2e
 [response time] 8.915
 [number of tasks] 5
 [nm p s]
 [19] 1 1
 [42] 1 0
 [40] 1 0
 [15] 1 1
 [38] 1 0
 [37] 1 1
 [12] 1 1
 [34] 1 0
 [8] 1 0
 [46] 1 1
2dc93fcb-de40-40e1-8e26-755608ce5ab4
 [response time] 9.135
 [number of tasks] 5
 [nm p s]
 [21] 1 1
 [19] 1 0
 [14] 1 1
 [13] 1 1
 [34] 1 0
 [32] 1 0
 [28] 1 0
 [49] 1 0
 [1] 1 1
 [23] 1 1
cb075ff7-37fa-495a-9146-5df9eacb0981
 [response time] 8.48
 [number of tasks] 5
 [nm p s]
 [22] 1 0
 [42] 1 0
 [36] 1 0
 [12] 1 1
 [33] 1 0
 [8] 1 0
 [30] 1 1
 [28] 1 1
 [2] 1 1
 [46] 1 1
a3a082ee-dbf9-4b13-980d-5fbb08424283
 [response time] 8.952
 [number of tasks] 5
 [nm p s]
 [16] 1 1
 [37] 1 1
 [36] 1 0
 [34] 1 0
 [10] 1 1
 [9] 1 0
 [30] 1 0
 [29] 1 1
 [25] 1 0
 [0] 1 1
10d36537-a18d-4f31-be6b-6c6d381aade0
 [response time] 9.045
 [number of tasks] 5
 [nm p s]
 [43] 1 0
 [20] 1 1
 [41] 1 1
 [40] 1 1
 [13] 1 1
 [33] 1 0
 [31] 1 1
 [6] 1 0
 [5] 1 0
 [24] 1 0
fadbc7e2-46ba-4397-a182-bf99c7bc48fd
 [response time] 9.322
 [number of tasks] 5
 [nm p s]
 [20] 1 0
 [41] 1 0
 [9] 1 1
 [30] 1 1
 [7] 1 0
 [27] 1 1
 [26] 1 0
 [2] 1 0
 [47] 1 1
 [23] 1 1
ff7af43d-dbc9-478f-85c1-9cd5084e4203
 [response time] 9.69
 [number of tasks] 5
 [nm p s]
 [22] 1 1
 [19] 1 0
 [17] 1 0
 [39] 1 0
 [14] 1 1
 [30] 1 0
 [28] 1 1
 [26] 1 1
 [2] 1 0
 [25] 1 1
50e0d135-f2e4-4bfb-ba39-0bb2eb5a356e
 [response time] 10.454
 [number of tasks] 5
 [nm p s]
 [44] 1 0
 [17] 1 0
 [14] 1 1
 [36] 1 1
 [35] 1 0
 [11] 1 1
 [10] 1 0
 [8] 1 1
 [28] 1 0
 [24] 1 1
c0951f77-0b54-4d61-ae09-a9d9d2fa3847
 [response time] 10.33
 [number of tasks] 5
 [nm p s]
 [22] 1 0
 [20] 1 1
 [42] 1 0
 [41] 1 1
 [17] 1 1
 [40] 1 1
 [33] 1 0
 [30] 1 0
 [3] 1 1
 [47] 1 0
efab22d4-040b-44e8-9532-1c1bd28d238f
 [response time] 11.207
 [number of tasks] 5
 [nm p s]
 [19] 1 1
 [18] 1 1
 [14] 1 0
 [37] 1 0
 [13] 1 0
 [35] 1 1
 [8] 1 0
 [31] 1 1
 [29] 1 0
 [27] 1 1
5fa394a5-d3e4-4b1f-8ca5-82f9516e431a
 [response time] 11.658
 [number of tasks] 5
 [nm p s]
 [43] 1 1
 [42] 1 0
 [18] 1 0
 [13] 1 0
 [34] 1 1
 [33] 1 1
 [10] 1 0
 [31] 1 0
 [25] 1 1
 [23] 1 1
30107641-062c-45a5-8c59-645e64283bab
 [response time] 12.058
 [number of tasks] 5
 [nm p s]
 [22] 1 0
 [19] 1 1
 [17] 1 0
 [39] 1 1
 [38] 1 1
 [13] 1 0
 [34] 1 0
 [33] 1 1
 [24] 1 0
 [47] 1 1
296e80ea-b50c-4547-87ff-3186f6fb3fd1
 [response time] 12.016
 [number of tasks] 5
 [nm p s]
 [21] 1 0
 [44] 1 1
 [20] 1 0
 [41] 1 1
 [12] 1 0
 [35] 1 1
 [31] 1 1
 [30] 1 0
 [7] 1 0
 [48] 1 1
4d64377f-367f-4721-be3e-643b47b9ab8e
 [response time] 12.234
 [number of tasks] 5
 [nm p s]
 [45] 1 1
 [20] 1 0
 [43] 1 1
 [19] 1 0
 [18] 1 1
 [14] 1 1
 [29] 1 0
 [1] 1 1
 [47] 1 0
 [0] 1 0
354941ce-a7ba-4b0a-906e-5c3648ad58ce
 [response time] 12.239
 [number of tasks] 5
 [nm p s]
 [45] 1 0
 [21] 1 0
 [43] 1 1
 [18] 1 1
 [15] 1 1
 [3] 1 1
 [49] 1 1
 [1] 1 0
 [47] 1 0
 [46] 1 0
9a8a427b-91fd-4abd-92fd-35475d504fc3
 [response time] 12.882
 [number of tasks] 5
 [nm p s]
 [21] 1 0
 [42] 1 0
 [40] 1 1
 [39] 1 1
 [13] 1 0
 [36] 1 0
 [9] 1 1
 [8] 1 1
 [31] 1 1
 [4] 1 0
398cb4ff-d09a-4e66-a043-4e7ea04262f4
 [response time] 13.86
 [number of tasks] 5
 [nm p s]
 [20] 1 0
 [19] 1 0
 [42] 1 1
 [14] 1 1
 [36] 1 0
 [33] 1 0
 [8] 1 1
 [2] 1 1
 [25] 1 1
 [48] 1 0
92bce003-a631-4aba-af5b-11ca8f604f3d
 [response time] 13.958
 [number of tasks] 5
 [nm p s]
 [43] 1 1
 [41] 1 1
 [40] 1 0
 [39] 1 1
 [15] 1 0
 [38] 1 0
 [14] 1 1
 [8] 1 0
 [31] 1 0
 [30] 1 1
7afb0117-6ebd-4d72-afa7-cf0b876b1d91
 [response time] 13.65
 [number of tasks] 5
 [nm p s]
 [20] 1 0
 [40] 1 1
 [16] 1 1
 [15] 1 1
 [36] 1 1
 [35] 1 0
 [11] 1 0
 [31] 1 1
 [25] 1 0
 [48] 1 0
e49a5e29-0d4f-461d-93db-6da4fc1d6f34
 [response time] 14.053
 [number of tasks] 5
 [nm p s]
 [44] 1 0
 [20] 1 0
 [42] 1 1
 [15] 1 0
 [37] 1 1
 [10] 1 1
 [32] 1 1
 [31] 1 0
 [30] 1 0
 [27] 1 1
f89ffd2f-3045-4e7c-9b2f-175b0ef3249b
 [response time] 13.821
 [number of tasks] 5
 [nm p s]
 [42] 1 0
 [16] 1 0
 [38] 1 1
 [37] 1 0
 [12] 1 1
 [10] 1 0
 [7] 1 0
 [29] 1 1
 [26] 1 1
 [2] 1 1
5abe4f24-78c0-4b87-a576-b2e34c2a3641
 [response time] 14.192
 [number of tasks] 5
 [nm p s]
 [45] 1 1
 [20] 1 0
 [40] 1 1
 [12] 1 0
 [34] 1 1
 [7] 1 0
 [6] 1 1
 [25] 1 0
 [1] 1 0
 [0] 1 1
f88d8be7-0752-4077-bae9-eaf91cee15a1
 [response time] 14.849
 [number of tasks] 5
 [nm p s]
 [16] 1 1
 [15] 1 1
 [38] 1 0
 [12] 1 0
 [10] 1 1
 [31] 1 0
 [4] 1 1
 [26] 1 1
 [2] 1 0
 [24] 1 0
11f4138b-2f7d-419b-9968-c41cf5739fbe
 [response time] 14.365
 [number of tasks] 5
 [nm p s]
 [40] 1 0
 [39] 1 1
 [15] 1 0
 [11] 1 1
 [32] 1 0
 [27] 1 1
 [25] 1 1
 [1] 1 0
 [23] 1 1
 [46] 1 0
17a352d9-3e56-45ab-b8f6-4489b49f1e6f
 [response time] 14.524
 [number of tasks] 5
 [nm p s]
 [22] 1 1
 [44] 1 1
 [38] 1 1
 [9] 1 0
 [31] 1 0
 [7] 1 1
 [1] 1 0
 [47] 1 1
 [23] 1 0
 [46] 1 0
4427dfcd-df1b-4a65-bcef-7aca6b625126
 [response time] 14.865
 [number of tasks] 5
 [nm p s]
 [43] 1 0
 [41] 1 1
 [40] 1 0
 [13] 1 0
 [11] 1 0
 [9] 1 1
 [6] 1 0
 [5] 1 1
 [49] 1 1
 [48] 1 1
d0017efb-bc20-4959-94e3-90703114154b
 [response time] 15.613
 [number of tasks] 5
 [nm p s]
 [22] 1 1
 [43] 1 1
 [40] 1 0
 [14] 1 0
 [31] 1 1
 [5] 1 1
 [28] 1 0
 [25] 1 0
 [1] 1 0
 [46] 1 1
f6a7e270-a80b-48ff-8412-e8e30029e94d
 [response time] 15.293
 [number of tasks] 5
 [nm p s]
 [36] 1 0
 [33] 1 1
 [30] 1 0
 [6] 1 0
 [4] 1 1
 [3] 1 1
 [2] 1 1
 [1] 1 1
 [47] 1 0
 [46] 1 0
750f4b66-6988-4b9f-adf3-0e1987d1e4f3
 [response time] 15.702
 [number of tasks] 5
 [nm p s]
 [22] 1 0
 [44] 1 0
 [19] 1 0
 [18] 1 1
 [13] 1 0
 [10] 1 0
 [8] 1 1
 [5] 1 1
 [3] 1 1
 [47] 1 1
43a50d08-333f-4a94-980f-7bfeeb57563c
 [response time] 15.961
 [number of tasks] 5
 [nm p s]
 [20] 1 1
 [42] 1 1
 [40] 1 1
 [14] 1 0
 [12] 1 1
 [11] 1 0
 [9] 1 0
 [27] 1 0
 [26] 1 1
 [23] 1 0
01928a1f-b565-4724-835d-7c179e6591e3
 [response time] 16.592
 [number of tasks] 5
 [nm p s]
 [22] 1 1
 [21] 1 1
 [43] 1 0
 [41] 1 1
 [10] 1 0
 [31] 1 0
 [49] 1 1
 [26] 1 1
 [2] 1 0
 [24] 1 0
9d904421-261a-44cf-b15f-861da144ad7b
 [response time] 16.941
 [number of tasks] 5
 [nm p s]
 [21] 1 0
 [43] 1 0
 [17] 1 1
 [13] 1 0
 [12] 1 1
 [11] 1 0
 [28] 1 1
 [27] 1 1
 [3] 1 0
 [23] 1 1
8e44497d-27e7-4b75-b277-54c9839fcf03
 [response time] 17.386
 [number of tasks] 5
 [nm p s]
 [22] 1 0
 [14] 1 1
 [35] 1 0
 [8] 1 0
 [28] 1 0
 [27] 1 1
 [3] 1 0
 [2] 1 1
 [1] 1 1
 [0] 1 1
cdac7f8c-792e-417d-a550-febb86a9c273
 [response time] 17.147
 [number of tasks] 5
 [nm p s]
 [20] 1 1
 [16] 1 1
 [14] 1 0
 [5] 1 1
 [3] 1 0
 [49] 1 0
 [25] 1 1
 [24] 1 1
 [23] 1 0
 [46] 1 0
2d5c24d9-cfc3-4920-bb4b-da5c3544f181
 [response time] 17.466
 [number of tasks] 5
 [nm p s]
 [22] 1 0
 [38] 1 1
 [37] 1 1
 [9] 1 0
 [32] 1 0
 [30] 1 1
 [5] 1 0
 [49] 1 1
 [48] 1 1
 [46] 1 0
3a651def-036a-4b9e-9d5c-eb324c00b31d
 [response time] 17.872
 [number of tasks] 5
 [nm p s]
 [43] 1 1
 [41] 1 0
 [16] 1 1
 [15] 1 0
 [37] 1 0
 [28] 1 0
 [26] 1 0
 [1] 1 1
 [0] 1 1
 [23] 1 1
481f6646-8dc4-4d77-aa74-fea668a5905c
 [response time] 18.668
 [number of tasks] 5
 [nm p s]
 [20] 1 0
 [19] 1 1
 [42] 1 1
 [41] 1 1
 [18] 1 0
 [37] 1 1
 [13] 1 1
 [35] 1 0
 [33] 1 0
 [5] 1 0
fa674b6a-8b68-4661-82c7-da1c4c945317
 [response time] 19.097
 [number of tasks] 5
 [nm p s]
 [45] 1 0
 [19] 1 0
 [42] 1 1
 [17] 1 1
 [13] 1 0
 [7] 1 1
 [6] 1 1
 [28] 1 0
 [24] 1 0
 [47] 1 1
9636aaa5-2ac3-44c0-afcb-41311e4d8571
 [response time] 19.062
 [number of tasks] 5
 [nm p s]
 [45] 1 0
 [21] 1 1
 [41] 1 1
 [15] 1 0
 [36] 1 1
 [33] 1 1
 [31] 1 0
 [5] 1 0
 [48] 1 0
 [23] 1 1
b025e1d2-c04b-4de7-88ae-e6d320a6a373
 [response time] 19.866
 [number of tasks] 5
 [nm p s]
 [19] 1 1
 [18] 1 1
 [39] 1 0
 [12] 1 1
 [10] 1 1
 [8] 1 1
 [6] 1 0
 [5] 1 0
 [28] 1 0
 [46] 1 0
207d52aa-8b29-4a98-a53c-05f3bccf3fe2
 [response time] 19.592
 [number of tasks] 5
 [nm p s]
 [45] 1 0
 [17] 1 1
 [36] 1 1
 [34] 1 0
 [7] 1 0
 [29] 1 0
 [4] 1 0
 [3] 1 1
 [48] 1 1
 [24] 1 1
446c198c-f333-480d-83c0-fb6ae421c8fd
 [response time] 20.154
 [number of tasks] 5
 [nm p s]
 [39] 1 1
 [15] 1 0
 [11] 1 0
 [33] 1 1
 [8] 1 0
 [31] 1 0
 [7] 1 1
 [30] 1 1
 [3] 1 1
 [2] 1 0
84abf608-1a83-45b3-a064-87c60654005f
 [response time] 20.793
 [number of tasks] 5
 [nm p s]
 [43] 1 1
 [18] 1 0
 [37] 1 1
 [12] 1 0
 [11] 1 0
 [9] 1 0
 [29] 1 1
 [5] 1 1
 [28] 1 0
 [4] 1 1
7caca386-5906-40ba-b31a-113b4738bc08
 [response time] 20.617
 [number of tasks] 5
 [nm p s]
 [21] 1 1
 [41] 1 0
 [40] 1 1
 [35] 1 1
 [33] 1 0
 [9] 1 0
 [5] 1 0
 [49] 1 1
 [25] 1 0
 [23] 1 1
d6dc8d01-1d3e-4fb7-973f-84390c58590c
 [response time] 20.854
 [number of tasks] 5
 [nm p s]
 [41] 1 0
 [17] 1 0
 [38] 1 1
 [12] 1 0
 [9] 1 0
 [6] 1 0
 [5] 1 1
 [26] 1 1
 [25] 1 1
 [46] 1 1
165ea227-ba67-4e09-86c1-f932d912c3da
 [response time] 22.661
 [number of tasks] 5
 [nm p s]
 [44] 1 0
 [43] 1 0
 [38] 1 1
 [37] 1 1
 [34] 1 1
 [27] 1 1
 [2] 1 0
 [25] 1 0
 [24] 1 0
 [23] 1 1
3c50ee71-04d8-4c39-acd4-adf9f7ee645a
 [response time] 21.826
 [number of tasks] 5
 [nm p s]
 [22] 1 1
 [44] 1 0
 [17] 1 1
 [16] 1 1
 [13] 1 1
 [11] 1 0
 [31] 1 0
 [3] 1 1
 [25] 1 0
 [0] 1 0
80cc8fe8-18c4-42fb-be9d-553d92d08cb2
 [response time] 22.154
 [number of tasks] 5
 [nm p s]
 [43] 1 0
 [19] 1 0
 [42] 1 1
 [13] 1 1
 [31] 1 1
 [5] 1 1
 [28] 1 0
 [4] 1 0
 [25] 1 0
 [47] 1 1
4230d58f-f724-4b83-819a-2a75feb898a0
 [response time] 22.698
 [number of tasks] 5
 [nm p s]
 [42] 1 1
 [39] 1 1
 [38] 1 0
 [36] 1 1
 [33] 1 0
 [10] 1 1
 [31] 1 0
 [29] 1 0
 [4] 1 1
 [46] 1 0
5e7a77da-9113-46b4-9470-ad35dbd00ba9
 [response time] 22.529
 [number of tasks] 5
 [nm p s]
 [21] 1 1
 [16] 1 1
 [39] 1 0
 [29] 1 0
 [49] 1 1
 [25] 1 0
 [24] 1 0
 [47] 1 1
 [23] 1 1
 [46] 1 0
4287453f-a00c-4c88-82fb-d2418782e658
 [response time] 22.269
 [number of tasks] 5
 [nm p s]
 [45] 1 1
 [22] 1 1
 [19] 1 0
 [40] 1 0
 [14] 1 0
 [13] 1 0
 [12] 1 1
 [33] 1 1
 [5] 1 0
 [48] 1 1
b9f3e2e6-755d-40f5-964c-14803095f8b9
 [response time] 22.498
 [number of tasks] 5
 [nm p s]
 [22] 1 1
 [21] 1 1
 [20] 1 1
 [18] 1 0
 [16] 1 1
 [32] 1 0
 [8] 1 0
 [7] 1 0
 [5] 1 1
 [2] 1 0
e1972686-75e0-4389-baff-81ffe76ff843
 [response time] 22.501
 [number of tasks] 5
 [nm p s]
 [20] 1 0
 [18] 1 1
 [17] 1 1
 [36] 1 1
 [13] 1 1
 [34] 1 1
 [32] 1 0
 [7] 1 0
 [4] 1 0
 [3] 1 0
717563e9-14df-45bf-926f-aa26032e1dd0
 [response time] 23.091
 [number of tasks] 5
 [nm p s]
 [22] 1 0
 [44] 1 1
 [20] 1 1
 [19] 1 0
 [17] 1 1
 [40] 1 1
 [15] 1 1
 [27] 1 0
 [2] 1 0
 [47] 1 0
d7969ac5-7ab8-4679-a518-6a5db3ac3dbd
 [response time] 23.891
 [number of tasks] 5
 [nm p s]
 [40] 1 1
 [38] 1 0
 [14] 1 1
 [13] 1 1
 [11] 1 1
 [10] 1 0
 [7] 1 0
 [4] 1 0
 [48] 1 0
 [47] 1 1
102cd3fd-725e-4f0c-8087-364e159b5f72
 [response time] 24.428
 [number of tasks] 5
 [nm p s]
 [44] 1 0
 [39] 1 0
 [10] 1 1
 [9] 1 0
 [6] 1 1
 [27] 1 0
 [3] 1 1
 [26] 1 0
 [48] 1 1
 [23] 1 1
d9668cf2-ebd6-42df-87ba-06b9c93c6b28
 [response time] 24.898
 [number of tasks] 5
 [nm p s]
 [15] 1 1
 [38] 1 1
 [14] 1 0
 [11] 1 0
 [8] 1 0
 [31] 1 1
 [6] 1 0
 [27] 1 1
 [0] 1 1
 [46] 1 0
7e080101-c850-425b-a302-26c420674c4e
 [response time] 24.398
 [number of tasks] 5
 [nm p s]
 [20] 1 1
 [41] 1 0
 [35] 1 1
 [32] 1 0
 [8] 1 1
 [7] 1 1
 [27] 1 0
 [49] 1 0
 [2] 1 1
 [25] 1 0
c6e93a4b-789b-4bb0-af11-d15e3cbd81fe
 [response time] 25.01
 [number of tasks] 5
 [nm p s]
 [45] 1 0
 [21] 1 1
 [40] 1 1
 [16] 1 0
 [14] 1 0
 [35] 1 0
 [10] 1 0
 [29] 1 1
 [6] 1 1
 [26] 1 1
476f43bb-6573-4e77-bee0-dd88f7d6e062
 [response time] 24.818
 [number of tasks] 5
 [nm p s]
 [44] 1 0
 [18] 1 0
 [15] 1 1
 [14] 1 1
 [12] 1 0
 [33] 1 1
 [31] 1 0
 [24] 1 0
 [0] 1 1
 [23] 1 1
ad688e98-7c39-4bb9-a19c-1e9dfddb268e
 [response time] 24.972
 [number of tasks] 5
 [nm p s]
 [22] 1 1
 [42] 1 0
 [41] 1 0
 [40] 1 0
 [16] 1 0
 [38] 1 1
 [12] 1 1
 [28] 1 0
 [3] 1 1
 [26] 1 1
5fe07537-b95a-4d85-b5bf-b24d52dbc77c
 [response time] 25.268
 [number of tasks] 5
 [nm p s]
 [21] 1 1
 [14] 1 1
 [13] 1 0
 [10] 1 0
 [9] 1 0
 [8] 1 0
 [30] 1 1
 [49] 1 1
 [3] 1 0
 [47] 1 1
396902c8-3abf-446f-a593-12f39be025e6
 [response time] 26.849
 [number of tasks] 5
 [nm p s]
 [20] 1 0
 [42] 1 1
 [19] 1 1
 [41] 1 0
 [16] 1 0
 [34] 1 1
 [31] 1 0
 [27] 1 1
 [3] 1 0
 [25] 1 1
7e27e247-9d7e-4cce-86f7-20015700fad4
 [response time] 26.409
 [number of tasks] 5
 [nm p s]
 [45] 1 0
 [22] 1 1
 [20] 1 1
 [43] 1 0
 [16] 1 1
 [36] 1 0
 [34] 1 1
 [33] 1 0
 [4] 1 1
 [24] 1 0
6e8fbe24-4289-4204-abfb-f37941a6a276
 [response time] 26.274
 [number of tasks] 5
 [nm p s]
 [42] 1 0
 [13] 1 0
 [8] 1 1
 [7] 1 1
 [30] 1 0
 [6] 1 1
 [28] 1 0
 [49] 1 1
 [3] 1 0
 [25] 1 1
16e48a60-4290-4759-99b9-0c35a398225d
 [response time] 26.75
 [number of tasks] 5
 [nm p s]
 [21] 1 0
 [41] 1 1
 [16] 1 1
 [7] 1 0
 [6] 1 0
 [49] 1 0
 [3] 1 1
 [1] 1 1
 [24] 1 0
 [47] 1 1
6ec4b895-3bf0-4962-a715-a5d218cdf757
 [response time] 27.224
 [number of tasks] 5
 [nm p s]
 [44] 1 1
 [18] 1 1
 [38] 1 0
 [13] 1 0
 [29] 1 1
 [5] 1 1
 [27] 1 0
 [48] 1 0
 [24] 1 0
 [47] 1 1
1ff45cac-60db-4059-a732-ad69445f17ba
 [response time] 27.559
 [number of tasks] 5
 [nm p s]
 [18] 1 0
 [39] 1 1
 [36] 1 0
 [12] 1 1
 [11] 1 1
 [8] 1 1
 [30] 1 0
 [29] 1 0
 [27] 1 0
 [25] 1 1
135442f4-6343-43c2-b019-ad2d5e9e1b07
 [response time] 27.433
 [number of tasks] 5
 [nm p s]
 [22] 1 0
 [40] 1 0
 [38] 1 0
 [37] 1 0
 [33] 1 1
 [8] 1 1
 [5] 1 1
 [28] 1 0
 [47] 1 1
 [23] 1 1
2452dd54-9ec1-4fa9-a7c9-9dd900b8161d
 [response time] 27.684
 [number of tasks] 5
 [nm p s]
 [19] 1 1
 [40] 1 1
 [15] 1 1
 [36] 1 0
 [33] 1 0
 [10] 1 0
 [8] 1 1
 [5] 1 0
 [28] 1 0
 [2] 1 1
ad4f294d-0a69-4e59-81b7-3b59493c7664
 [response time] 28.45
 [number of tasks] 5
 [nm p s]
 [21] 1 0
 [18] 1 0
 [17] 1 0
 [38] 1 1
 [37] 1 0
 [32] 1 1
 [29] 1 1
 [27] 1 1
 [1] 1 1
 [47] 1 0
d66ee07a-1cc2-421c-964f-cd66daab569f
 [response time] 28.012
 [number of tasks] 5
 [nm p s]
 [22] 1 1
 [20] 1 0
 [41] 1 0
 [15] 1 0
 [12] 1 1
 [34] 1 1
 [26] 1 1
 [2] 1 0
 [47] 1 0
 [23] 1 1
17f4967e-088e-435e-a962-88c4837a37c8
 [response time] 28.698
 [number of tasks] 5
 [nm p s]
 [45] 1 1
 [44] 1 1
 [19] 1 0
 [35] 1 0
 [11] 1 1
 [9] 1 1
 [30] 1 0
 [5] 1 0
 [2] 1 0
 [48] 1 1
964d9352-f7a7-4e1a-9f23-57803f911730
 [response time] 29.373
 [number of tasks] 5
 [nm p s]
 [45] 1 1
 [19] 1 0
 [41] 1 0
 [15] 1 1
 [33] 1 0
 [31] 1 1
 [4] 1 0
 [47] 1 0
 [46] 1 1
 [0] 1 1
05b0b11c-fb87-4bc8-a561-c2c955a403e5
 [response time] 29.751
 [number of tasks] 5
 [nm p s]
 [18] 1 1
 [39] 1 1
 [37] 1 0
 [33] 1 0
 [10] 1 0
 [8] 1 0
 [7] 1 1
 [30] 1 0
 [29] 1 1
 [48] 1 1
69792a48-d0ad-4b75-bc4c-fa7c8cb68c80
 [response time] 30.095
 [number of tasks] 5
 [nm p s]
 [43] 1 0
 [20] 1 1
 [14] 1 0
 [36] 1 0
 [13] 1 1
 [35] 1 0
 [4] 1 1
 [27] 1 1
 [48] 1 0
 [1] 1 1
73633171-c69a-4373-879b-5197d25a17bb
 [response time] 30.277
 [number of tasks] 5
 [nm p s]
 [39] 1 1
 [37] 1 0
 [34] 1 1
 [11] 1 1
 [29] 1 0
 [27] 1 0
 [4] 1 0
 [2] 1 1
 [25] 1 0
 [0] 1 1
