[scheduler id] 0
[number of node monitors] 50

[job statistics]
9cf4745e-50a1-400b-806a-0199ec6237cb
 [response time] 1.4
 [number of tasks] 5
 [nm p s]
 [20] 1 1
 [19] 1 1
 [42] 1 0
 [18] 1 0
 [12] 1 1
 [11] 1 0
 [6] 1 0
 [27] 1 0
 [2] 1 1
 [24] 1 1
890d2686-7c9b-429d-a46a-7cc5ddc64def
 [response time] 1.79
 [number of tasks] 5
 [nm p s]
 [22] 1 1
 [44] 1 0
 [21] 1 1
 [42] 1 0
 [40] 1 0
 [13] 1 1
 [32] 1 0
 [8] 1 1
 [27] 1 0
 [24] 1 1
bed3cd96-7c49-4fb8-8e54-b89b75b9dc2d
 [response time] 2.155
 [number of tasks] 5
 [nm p s]
 [42] 1 1
 [40] 1 0
 [17] 1 0
 [16] 1 1
 [39] 1 1
 [36] 1 1
 [32] 1 0
 [30] 1 0
 [29] 1 1
 [3] 1 0
13a148be-b9b2-4c3c-b5a0-a654b3b18a0b
 [response time] 2.583
 [number of tasks] 5
 [nm p s]
 [21] 1 0
 [43] 1 1
 [42] 1 0
 [14] 1 1
 [37] 1 0
 [8] 1 0
 [6] 1 1
 [27] 1 0
 [26] 1 1
 [48] 1 1
c5137aba-643e-4764-af82-15a143bd5dc4
 [response time] 2.837
 [number of tasks] 5
 [nm p s]
 [45] 1 1
 [43] 1 1
 [38] 1 1
 [13] 1 0
 [34] 1 1
 [5] 1 1
 [28] 1 0
 [2] 1 0
 [25] 1 0
 [23] 1 0
1e205f38-1041-4f7c-af08-318f630367ef
 [response time] 3.599
 [number of tasks] 5
 [nm p s]
 [21] 1 0
 [19] 1 0
 [41] 1 1
 [37] 1 1
 [34] 1 1
 [9] 1 1
 [6] 1 0
 [25] 1 0
 [48] 1 0
 [46] 1 1
f2e9b0a4-629a-4f2f-a10e-310072f28387
 [response time] 3.613
 [number of tasks] 5
 [nm p s]
 [21] 1 0
 [43] 1 0
 [19] 1 1
 [38] 1 1
 [36] 1 1
 [8] 1 0
 [31] 1 0
 [7] 1 0
 [4] 1 1
 [25] 1 1
2274a024-3bda-4370-a9e9-cbf0b73d3744
 [response time] 3.773
 [number of tasks] 5
 [nm p s]
 [44] 1 1
 [17] 1 0
 [37] 1 1
 [36] 1 1
 [12] 1 0
 [35] 1 1
 [7] 1 0
 [29] 1 1
 [5] 1 0
 [2] 1 0
0ee75120-37f2-4d07-85f6-e977b9242655
 [response time] 3.966
 [number of tasks] 5
 [nm p s]
 [21] 1 0
 [42] 1 0
 [18] 1 1
 [15] 1 0
 [37] 1 1
 [34] 1 1
 [33] 1 1
 [7] 1 1
 [48] 1 0
 [46] 1 0
88f5eb1e-fa8e-498f-8e97-2b1195c3be65
 [response time] 4.314
 [number of tasks] 5
 [nm p s]
 [42] 1 0
 [39] 1 1
 [36] 1 1
 [11] 1 0
 [8] 1 0
 [5] 1 0
 [28] 1 1
 [49] 1 1
 [48] 1 0
 [46] 1 1
0c391c69-aec7-4396-b751-db0c46c0cb9a
 [response time] 5.097
 [number of tasks] 5
 [nm p s]
 [20] 1 0
 [19] 1 0
 [12] 1 1
 [10] 1 1
 [6] 1 0
 [48] 1 1
 [1] 1 1
 [47] 1 0
 [0] 1 1
 [23] 1 0
53426d6f-4736-4a56-bf40-0487074c23eb
 [response time] 5.135
 [number of tasks] 5
 [nm p s]
 [45] 1 0
 [19] 1 0
 [40] 1 1
 [14] 1 1
 [34] 1 0
 [10] 1 1
 [7] 1 1
 [6] 1 0
 [5] 1 0
 [2] 1 1
e2b20891-6427-4185-8b5e-02ea20c29781
 [response time] 6.247
 [number of tasks] 5
 [nm p s]
 [41] 1 1
 [40] 1 0
 [16] 1 1
 [37] 1 0
 [12] 1 1
 [32] 1 0
 [31] 1 1
 [6] 1 0
 [26] 1 0
 [23] 1 1
19f4b96f-b5ba-4b0e-b33d-efbae53ea364
 [response time] 5.9
 [number of tasks] 5
 [nm p s]
 [20] 1 1
 [17] 1 1
 [38] 1 0
 [13] 1 0
 [11] 1 0
 [6] 1 1
 [4] 1 0
 [26] 1 1
 [48] 1 0
 [47] 1 1
2e47dc35-3468-4e64-b2dd-808c53d39ecc
 [response time] 5.994
 [number of tasks] 5
 [nm p s]
 [45] 1 1
 [16] 1 1
 [39] 1 0
 [15] 1 1
 [38] 1 0
 [14] 1 1
 [11] 1 1
 [8] 1 0
 [6] 1 0
 [46] 1 0
85b9e9d1-6637-4431-9321-d56fb402786b
 [response time] 5.662
 [number of tasks] 5
 [nm p s]
 [42] 1 0
 [34] 1 1
 [10] 1 1
 [9] 1 1
 [32] 1 0
 [30] 1 1
 [29] 1 0
 [5] 1 1
 [26] 1 0
 [23] 1 0
671c8752-055e-400e-b2c8-bdff2f596399
 [response time] 6.5
 [number of tasks] 5
 [nm p s]
 [21] 1 1
 [17] 1 1
 [13] 1 0
 [35] 1 1
 [32] 1 0
 [8] 1 0
 [27] 1 1
 [4] 1 0
 [26] 1 0
 [1] 1 1
ff70ac38-ba57-4eec-803d-5e9dea545403
 [response time] 6.861
 [number of tasks] 5
 [nm p s]
 [22] 1 0
 [44] 1 0
 [39] 1 1
 [15] 1 1
 [38] 1 1
 [14] 1 0
 [7] 1 0
 [28] 1 1
 [27] 1 0
 [47] 1 1
00de8076-70b1-4a69-af6f-d52fe5331909
 [response time] 7.328
 [number of tasks] 5
 [nm p s]
 [20] 1 1
 [42] 1 0
 [17] 1 1
 [10] 1 1
 [8] 1 0
 [30] 1 1
 [4] 1 0
 [48] 1 0
 [24] 1 0
 [23] 1 1
8b00e941-633b-4164-ac0a-5b7a512c73b2
 [response time] 7.769
 [number of tasks] 5
 [nm p s]
 [19] 1 0
 [41] 1 1
 [36] 1 1
 [12] 1 0
 [11] 1 1
 [9] 1 1
 [5] 1 0
 [4] 1 1
 [48] 1 0
 [23] 1 0
b79343d5-9025-4a17-894a-e0c2abf2302c
 [response time] 7.715
 [number of tasks] 5
 [nm p s]
 [21] 1 0
 [41] 1 1
 [35] 1 0
 [33] 1 1
 [32] 1 0
 [30] 1 0
 [29] 1 1
 [5] 1 1
 [2] 1 1
 [46] 1 0
23a919e8-2996-456a-a8d5-7bdeba6ddedb
 [response time] 8.311
 [number of tasks] 5
 [nm p s]
 [44] 1 1
 [20] 1 0
 [19] 1 1
 [42] 1 1
 [18] 1 0
 [16] 1 0
 [38] 1 1
 [8] 1 1
 [26] 1 0
 [46] 1 0
85570e1e-e25d-466c-b1e3-d17c3af1b0f1
 [response time] 8.023
 [number of tasks] 5
 [nm p s]
 [42] 1 0
 [41] 1 0
 [15] 1 1
 [32] 1 1
 [31] 1 0
 [6] 1 1
 [49] 1 1
 [2] 1 1
 [1] 1 0
 [46] 1 0
02c93358-4f9a-42e2-a2c2-ee4cc796bf06
 [response time] 8.361
 [number of tasks] 5
 [nm p s]
 [22] 1 0
 [19] 1 0
 [42] 1 1
 [32] 1 0
 [31] 1 0
 [25] 1 1
 [48] 1 1
 [24] 1 1
 [47] 1 0
 [46] 1 1
aea65ad6-7c5f-4d89-9f6e-227f7c3fb5b1
 [response time] 8.643
 [number of tasks] 5
 [nm p s]
 [43] 1 1
 [40] 1 1
 [16] 1 0
 [34] 1 0
 [7] 1 0
 [5] 1 1
 [28] 1 0
 [4] 1 1
 [26] 1 0
 [1] 1 1
013caed0-0d68-40ae-a56d-6073ac2415de
 [response time] 8.406
 [number of tasks] 5
 [nm p s]
 [17] 1 0
 [16] 1 1
 [39] 1 1
 [38] 1 0
 [34] 1 1
 [8] 1 0
 [30] 1 1
 [29] 1 1
 [2] 1 0
 [23] 1 0
afdc501d-a2ef-4115-bedb-495b8c4e576f
 [response time] 9.163
 [number of tasks] 5
 [nm p s]
 [22] 1 0
 [45] 1 1
 [44] 1 1
 [42] 1 0
 [13] 1 0
 [32] 1 0
 [5] 1 0
 [4] 1 1
 [48] 1 1
 [0] 1 1
8b966b7c-0a32-4a7d-8401-dce7a2f5bdb2
 [response time] 9.256
 [number of tasks] 5
 [nm p s]
 [22] 1 0
 [19] 1 0
 [40] 1 1
 [16] 1 0
 [33] 1 1
 [7] 1 1
 [5] 1 0
 [27] 1 1
 [26] 1 0
 [49] 1 1
7c0de427-3461-4b9b-a3df-ccef68fe1ee3
 [response time] 9.553
 [number of tasks] 5
 [nm p s]
 [38] 1 0
 [36] 1 1
 [35] 1 1
 [11] 1 1
 [8] 1 1
 [29] 1 1
 [5] 1 0
 [4] 1 0
 [3] 1 0
 [46] 1 0
3439cecb-2096-4a0c-8fcd-a0214c611b1f
 [response time] 9.688
 [number of tasks] 5
 [nm p s]
 [22] 1 0
 [20] 1 1
 [17] 1 1
 [38] 1 0
 [37] 1 0
 [13] 1 1
 [34] 1 0
 [32] 1 0
 [6] 1 1
 [5] 1 1
9575af7d-f365-468c-ac7b-a8b2201b7cda
 [response time] 10.384
 [number of tasks] 5
 [nm p s]
 [44] 1 0
 [18] 1 1
 [16] 1 0
 [15] 1 1
 [32] 1 1
 [6] 1 0
 [4] 1 0
 [49] 1 0
 [48] 1 1
 [0] 1 1
cb301660-43a1-4b70-83bb-bd064648c517
 [response time] 10.748
 [number of tasks] 5
 [nm p s]
 [16] 1 0
 [38] 1 0
 [12] 1 1
 [32] 1 0
 [31] 1 0
 [6] 1 1
 [29] 1 1
 [4] 1 0
 [27] 1 1
 [1] 1 1
0e6e04d0-dd1a-4965-9418-20fb41d7de99
 [response time] 10.689
 [number of tasks] 5
 [nm p s]
 [45] 1 1
 [20] 1 1
 [19] 1 0
 [39] 1 1
 [12] 1 1
 [32] 1 0
 [31] 1 0
 [7] 1 1
 [28] 1 0
 [27] 1 0
ee9cb8e4-3fe4-4f29-90d3-c3c31b7fb92e
 [response time] 10.893
 [number of tasks] 5
 [nm p s]
 [20] 1 0
 [41] 1 1
 [17] 1 1
 [40] 1 1
 [14] 1 0
 [10] 1 1
 [4] 1 0
 [49] 1 0
 [26] 1 0
 [47] 1 1
084992c0-906f-415f-8055-395e28384c1d
 [response time] 11.28
 [number of tasks] 5
 [nm p s]
 [45] 1 0
 [42] 1 0
 [19] 1 0
 [39] 1 1
 [15] 1 0
 [34] 1 1
 [5] 1 1
 [4] 1 0
 [27] 1 1
 [24] 1 1
03c83354-f621-41a8-9ec9-70bed6cec3ab
 [response time] 12.049
 [number of tasks] 5
 [nm p s]
 [42] 1 1
 [17] 1 0
 [36] 1 0
 [13] 1 1
 [10] 1 0
 [31] 1 1
 [7] 1 1
 [25] 1 0
 [0] 1 1
 [46] 1 0
e52d2ca4-5132-44b1-aeef-d9c306dc8d7a
 [response time] 12.356
 [number of tasks] 5
 [nm p s]
 [17] 1 1
 [13] 1 1
 [36] 1 0
 [12] 1 0
 [33] 1 1
 [49] 1 0
 [2] 1 1
 [25] 1 1
 [1] 1 0
 [47] 1 0
694f13df-e704-4a18-840c-06a4a56161d8
 [response time] 12.335
 [number of tasks] 5
 [nm p s]
 [21] 1 0
 [37] 1 1
 [36] 1 1
 [11] 1 0
 [33] 1 1
 [32] 1 1
 [8] 1 0
 [3] 1 0
 [48] 1 1
 [46] 1 0
6811442b-f2dc-47cc-928d-4def50489f57
 [response time] 13.131
 [number of tasks] 5
 [nm p s]
 [45] 1 0
 [21] 1 1
 [20] 1 0
 [40] 1 0
 [14] 1 1
 [5] 1 1
 [27] 1 0
 [26] 1 1
 [49] 1 1
 [2] 1 0
63f79445-057d-4608-9396-5e1ef46e5724
 [response time] 12.835
 [number of tasks] 5
 [nm p s]
 [20] 1 0
 [41] 1 0
 [36] 1 1
 [35] 1 1
 [6] 1 1
 [27] 1 1
 [4] 1 0
 [49] 1 0
 [0] 1 1
 [46] 1 0
84b3fd41-0c61-4086-8aa2-3731dfb27006
 [response time] 14.384
 [number of tasks] 5
 [nm p s]
 [42] 1 1
 [39] 1 1
 [37] 1 1
 [35] 1 0
 [33] 1 0
 [32] 1 1
 [3] 1 0
 [48] 1 1
 [24] 1 0
 [46] 1 0
516fd800-f9e1-4ebc-a79d-8a1727b491cc
 [response time] 14.453
 [number of tasks] 5
 [nm p s]
 [22] 1 0
 [45] 1 0
 [43] 1 0
 [42] 1 1
 [40] 1 0
 [8] 1 1
 [30] 1 1
 [1] 1 0
 [23] 1 1
 [0] 1 1
1677c5bd-6674-499c-ac54-bd2d293339cb
 [response time] 15.012
 [number of tasks] 5
 [nm p s]
 [22] 1 0
 [21] 1 1
 [40] 1 1
 [17] 1 0
 [16] 1 1
 [37] 1 0
 [12] 1 0
 [11] 1 0
 [1] 1 1
 [23] 1 1
4b833d0a-4093-4353-a62e-d61b6da6c890
 [response time] 14.582
 [number of tasks] 5
 [nm p s]
 [20] 1 1
 [39] 1 1
 [15] 1 1
 [33] 1 0
 [32] 1 0
 [8] 1 1
 [6] 1 0
 [28] 1 1
 [3] 1 0
 [25] 1 0
3215f502-6734-486c-bb6c-0a566bdbe80a
 [response time] 14.905
 [number of tasks] 5
 [nm p s]
 [45] 1 0
 [39] 1 0
 [14] 1 1
 [36] 1 1
 [12] 1 1
 [32] 1 0
 [8] 1 0
 [3] 1 0
 [25] 1 1
 [24] 1 1
ab89eb14-4cfc-4e58-a63f-f7deaa55c8fd
 [response time] 15.388
 [number of tasks] 5
 [nm p s]
 [45] 1 1
 [43] 1 0
 [39] 1 0
 [36] 1 0
 [35] 1 1
 [9] 1 1
 [31] 1 1
 [6] 1 1
 [3] 1 0
 [46] 1 0
30f96758-c7a5-44b1-9197-bb7d4a485367
 [response time] 15.941
 [number of tasks] 5
 [nm p s]
 [45] 1 1
 [43] 1 1
 [18] 1 1
 [15] 1 0
 [38] 1 1
 [37] 1 0
 [35] 1 0
 [32] 1 0
 [4] 1 0
 [26] 1 1
8ee78773-7225-4faa-babd-7cc1d2c69bd7
 [response time] 16.681
 [number of tasks] 5
 [nm p s]
 [17] 1 1
 [14] 1 1
 [37] 1 0
 [13] 1 1
 [34] 1 1
 [33] 1 0
 [27] 1 1
 [25] 1 0
 [23] 1 0
 [0] 1 0
9ac23b70-cda9-40ea-835a-8fb5bdcaeca4
 [response time] 17.005
 [number of tasks] 5
 [nm p s]
 [22] 1 1
 [19] 1 1
 [40] 1 0
 [38] 1 1
 [13] 1 0
 [11] 1 1
 [33] 1 0
 [28] 1 0
 [3] 1 0
 [24] 1 1
be7f240c-8880-4169-9575-efa92a635c14
 [response time] 16.685
 [number of tasks] 5
 [nm p s]
 [45] 1 1
 [20] 1 0
 [16] 1 1
 [38] 1 0
 [11] 1 1
 [8] 1 0
 [29] 1 1
 [5] 1 0
 [3] 1 1
 [26] 1 0
c8472994-e18f-4af0-91df-a1d5e1aa331e
 [response time] 17.27
 [number of tasks] 5
 [nm p s]
 [43] 1 0
 [40] 1 1
 [14] 1 1
 [13] 1 1
 [12] 1 0
 [35] 1 1
 [34] 1 0
 [11] 1 0
 [28] 1 0
 [49] 1 1
8182a094-bc99-4e1c-9308-8849b9dd2ad6
 [response time] 17.336
 [number of tasks] 5
 [nm p s]
 [45] 1 0
 [44] 1 0
 [21] 1 1
 [39] 1 0
 [15] 1 0
 [34] 1 1
 [31] 1 1
 [49] 1 1
 [48] 1 1
 [0] 1 0
89de7255-7156-4f62-8158-b0bed33e9135
 [response time] 17.659
 [number of tasks] 5
 [nm p s]
 [22] 1 0
 [14] 1 1
 [12] 1 0
 [35] 1 0
 [11] 1 1
 [10] 1 0
 [9] 1 0
 [3] 1 1
 [1] 1 1
 [24] 1 1
fc91d41e-083d-4280-81a9-b31c0149613b
 [response time] 18.002
 [number of tasks] 5
 [nm p s]
 [21] 1 1
 [35] 1 1
 [9] 1 0
 [31] 1 1
 [6] 1 1
 [5] 1 0
 [4] 1 1
 [27] 1 0
 [25] 1 0
 [0] 1 0
89d72290-d70e-4bc6-a7e8-6f3e84da45ed
 [response time] 18.734
 [number of tasks] 5
 [nm p s]
 [20] 1 1
 [18] 1 1
 [15] 1 1
 [10] 1 1
 [32] 1 0
 [8] 1 0
 [4] 1 0
 [27] 1 1
 [0] 1 0
 [46] 1 0
17296340-9980-4856-85fe-14824453a7fc
 [response time] 18.627
 [number of tasks] 5
 [nm p s]
 [42] 1 0
 [15] 1 0
 [38] 1 0
 [12] 1 0
 [9] 1 1
 [6] 1 0
 [29] 1 1
 [27] 1 1
 [2] 1 1
 [0] 1 1
9fdaadfd-3601-4ec3-aa7d-fcea2cb1ec82
 [response time] 18.501
 [number of tasks] 5
 [nm p s]
 [17] 1 1
 [39] 1 0
 [14] 1 0
 [10] 1 0
 [9] 1 1
 [5] 1 0
 [26] 1 1
 [49] 1 1
 [24] 1 1
 [0] 1 0
51abbcdb-2c51-42a6-8c60-4e5ea5302221
 [response time] 18.851
 [number of tasks] 5
 [nm p s]
 [20] 1 0
 [42] 1 0
 [18] 1 1
 [39] 1 0
 [15] 1 1
 [37] 1 0
 [13] 1 1
 [29] 1 1
 [3] 1 0
 [48] 1 1
793e8508-53bc-4e77-b4be-8fa093408b9d
 [response time] 18.47
 [number of tasks] 5
 [nm p s]
 [44] 1 1
 [19] 1 0
 [17] 1 0
 [9] 1 1
 [6] 1 0
 [3] 1 0
 [2] 1 1
 [1] 1 1
 [24] 1 0
 [46] 1 1
4d5919ac-3be5-4339-8933-75455b4b8e8b
 [response time] 19.119
 [number of tasks] 5
 [nm p s]
 [44] 1 1
 [20] 1 0
 [15] 1 0
 [38] 1 0
 [13] 1 0
 [12] 1 1
 [35] 1 1
 [7] 1 1
 [30] 1 1
 [29] 1 0
cd2a2aa9-f2c1-4363-aa92-804d74d1a640
 [response time] 19.078
 [number of tasks] 5
 [nm p s]
 [22] 1 1
 [44] 1 0
 [21] 1 1
 [18] 1 0
 [13] 1 0
 [31] 1 1
 [27] 1 1
 [49] 1 0
 [2] 1 1
 [24] 1 0
53de895b-fa0d-47ef-af15-1d2e2362122c
 [response time] 20.022
 [number of tasks] 5
 [nm p s]
 [22] 1 1
 [45] 1 0
 [17] 1 1
 [39] 1 0
 [13] 1 0
 [12] 1 0
 [8] 1 1
 [27] 1 1
 [3] 1 0
 [23] 1 1
0faf63e2-9adf-4a70-bc0e-070bf38444a9
 [response time] 20.206
 [number of tasks] 5
 [nm p s]
 [22] 1 1
 [43] 1 0
 [19] 1 1
 [42] 1 0
 [13] 1 1
 [9] 1 1
 [31] 1 0
 [29] 1 0
 [26] 1 1
 [25] 1 0
77e46c95-341a-4095-94fb-d5c9870d5072
 [response time] 19.973
 [number of tasks] 5
 [nm p s]
 [45] 1 0
 [43] 1 0
 [18] 1 1
 [39] 1 0
 [13] 1 1
 [10] 1 0
 [8] 1 0
 [29] 1 1
 [28] 1 1
 [47] 1 1
116b18e8-1270-470b-8e58-da00814dec0b
 [response time] 21.242
 [number of tasks] 5
 [nm p s]
 [21] 1 1
 [43] 1 0
 [19] 1 0
 [40] 1 1
 [39] 1 1
 [14] 1 0
 [33] 1 0
 [10] 1 1
 [2] 1 1
 [47] 1 0
17681f72-212b-48e5-a7d0-5016b547482d
 [response time] 20.805
 [number of tasks] 5
 [nm p s]
 [22] 1 1
 [45] 1 1
 [21] 1 0
 [38] 1 0
 [37] 1 0
 [11] 1 1
 [33] 1 1
 [10] 1 0
 [7] 1 0
 [1] 1 1
34f0f642-791b-41fd-95e3-61064a9acc02
 [response time] 21.596
 [number of tasks] 5
 [nm p s]
 [45] 1 1
 [22] 1 1
 [20] 1 0
 [19] 1 1
 [17] 1 0
 [9] 1 0
 [29] 1 0
 [5] 1 0
 [27] 1 1
 [49] 1 1
e72d4223-fd98-48de-9abc-01b7011dd795
 [response time] 21.007
 [number of tasks] 5
 [nm p s]
 [45] 1 1
 [44] 1 1
 [42] 1 0
 [17] 1 0
 [11] 1 1
 [6] 1 0
 [4] 1 0
 [26] 1 1
 [1] 1 1
 [23] 1 0
845f057e-b345-41a9-b796-b1f4688daf07
 [response time] 21.815
 [number of tasks] 5
 [nm p s]
 [21] 1 1
 [17] 1 0
 [16] 1 1
 [14] 1 0
 [33] 1 0
 [10] 1 1
 [6] 1 0
 [5] 1 0
 [26] 1 1
 [25] 1 1
3c70e5cd-2984-4898-8c40-956e63a3dfde
 [response time] 21.819
 [number of tasks] 5
 [nm p s]
 [21] 1 1
 [17] 1 0
 [40] 1 1
 [39] 1 0
 [14] 1 1
 [37] 1 1
 [28] 1 0
 [27] 1 0
 [4] 1 0
 [2] 1 1
03bb69dd-5dd3-41b9-bbf4-8babdd3ed1d4
 [response time] 21.649
 [number of tasks] 5
 [nm p s]
 [44] 1 0
 [19] 1 0
 [18] 1 0
 [15] 1 0
 [37] 1 1
 [9] 1 1
 [32] 1 1
 [31] 1 1
 [6] 1 1
 [46] 1 0
913855c5-ac57-492f-ae58-5cd8585a5bdc
 [response time] 22.57
 [number of tasks] 5
 [nm p s]
 [21] 1 0
 [43] 1 0
 [42] 1 1
 [18] 1 1
 [13] 1 1
 [9] 1 0
 [7] 1 1
 [27] 1 0
 [26] 1 1
 [47] 1 0
db0056a6-4050-4cc9-90aa-b9185128aac9
 [response time] 22.871
 [number of tasks] 5
 [nm p s]
 [40] 1 0
 [14] 1 0
 [37] 1 1
 [35] 1 0
 [10] 1 0
 [3] 1 1
 [26] 1 1
 [49] 1 0
 [2] 1 1
 [23] 1 1
75fc72bc-c205-4ee2-9e1e-c638c2870002
 [response time] 23.357
 [number of tasks] 5
 [nm p s]
 [19] 1 1
 [14] 1 1
 [12] 1 0
 [35] 1 0
 [34] 1 0
 [10] 1 0
 [30] 1 1
 [27] 1 1
 [24] 1 1
 [46] 1 0
78d2c1e8-dba8-4a63-a4e3-d790f1a28ee3
 [response time] 22.628
 [number of tasks] 5
 [nm p s]
 [22] 1 1
 [19] 1 0
 [42] 1 0
 [16] 1 1
 [35] 1 0
 [10] 1 0
 [30] 1 1
 [26] 1 0
 [3] 1 1
 [1] 1 1
293731ee-0d82-43cb-a8fe-633fb2afec12
 [response time] 23.757
 [number of tasks] 5
 [nm p s]
 [21] 1 0
 [20] 1 1
 [42] 1 1
 [41] 1 0
 [38] 1 1
 [33] 1 0
 [32] 1 0
 [4] 1 1
 [49] 1 1
 [0] 1 0
6e3c7dc6-08d5-44ed-ac85-7642260af12a
 [response time] 23.875
 [number of tasks] 5
 [nm p s]
 [45] 1 0
 [42] 1 1
 [17] 1 1
 [16] 1 0
 [11] 1 1
 [5] 1 1
 [4] 1 0
 [48] 1 0
 [1] 1 1
 [0] 1 0
e93f2699-cd9a-4142-9b85-a0d0c5df0b6e
 [response time] 24.158
 [number of tasks] 5
 [nm p s]
 [44] 1 0
 [13] 1 0
 [12] 1 1
 [10] 1 0
 [9] 1 1
 [31] 1 0
 [7] 1 1
 [30] 1 0
 [25] 1 1
 [48] 1 1
9afd3068-4171-43b1-839d-35f658850ac1
 [response time] 24.965
 [number of tasks] 5
 [nm p s]
 [22] 1 0
 [44] 1 1
 [36] 1 1
 [11] 1 0
 [32] 1 1
 [6] 1 1
 [48] 1 0
 [24] 1 0
 [47] 1 1
 [0] 1 0
b0a2e40e-564f-456d-a07c-ebdc2b08c963
 [response time] 24.467
 [number of tasks] 5
 [nm p s]
 [43] 1 0
 [19] 1 0
 [18] 1 0
 [39] 1 1
 [37] 1 1
 [13] 1 0
 [33] 1 1
 [3] 1 0
 [24] 1 1
 [46] 1 1
ff2c926d-5dd4-423a-b14d-7156aa187d51
 [response time] 25.326
 [number of tasks] 5
 [nm p s]
 [21] 1 1
 [43] 1 1
 [40] 1 0
 [37] 1 1
 [36] 1 1
 [30] 1 0
 [5] 1 0
 [28] 1 0
 [27] 1 0
 [47] 1 1
65ebbe59-c5d2-45e3-8d42-d8da140ec967
 [response time] 25.253
 [number of tasks] 5
 [nm p s]
 [21] 1 0
 [44] 1 1
 [19] 1 0
 [36] 1 0
 [30] 1 0
 [28] 1 1
 [3] 1 1
 [1] 1 1
 [24] 1 1
 [47] 1 0
b49390c9-8ce5-47a8-8530-28cf89f9d5e2
 [response time] 25.861
 [number of tasks] 5
 [nm p s]
 [21] 1 0
 [44] 1 0
 [43] 1 1
 [19] 1 1
 [37] 1 0
 [36] 1 1
 [27] 1 1
 [49] 1 0
 [25] 1 1
 [24] 1 0
9e4b887d-8f43-47d0-94a4-ab5e58b85cd1
 [response time] 25.196
 [number of tasks] 5
 [nm p s]
 [22] 1 0
 [21] 1 0
 [18] 1 0
 [39] 1 1
 [16] 1 1
 [33] 1 0
 [10] 1 0
 [7] 1 1
 [5] 1 1
 [28] 1 1
5194afd1-cbb2-4947-b933-6c062bf74432
 [response time] 25.55
 [number of tasks] 5
 [nm p s]
 [22] 1 0
 [43] 1 1
 [42] 1 1
 [18] 1 0
 [41] 1 0
 [15] 1 0
 [38] 1 1
 [34] 1 1
 [30] 1 1
 [49] 1 0
ea5f7b99-c26d-4453-9a96-9b72cbbfe43a
 [response time] 26.549
 [number of tasks] 5
 [nm p s]
 [20] 1 0
 [41] 1 1
 [38] 1 0
 [10] 1 1
 [32] 1 0
 [31] 1 0
 [3] 1 0
 [2] 1 1
 [1] 1 1
 [47] 1 1
046a088b-b76c-4b7c-86d5-f058a3dc6411
 [response time] 26.512
 [number of tasks] 5
 [nm p s]
 [44] 1 1
 [20] 1 0
 [19] 1 1
 [14] 1 1
 [36] 1 0
 [11] 1 0
 [33] 1 1
 [48] 1 1
 [24] 1 0
 [46] 1 0
af06c1bd-163d-406f-bb15-724d50b8608b
 [response time] 27.35
 [number of tasks] 5
 [nm p s]
 [45] 1 1
 [22] 1 1
 [21] 1 0
 [43] 1 0
 [42] 1 0
 [18] 1 0
 [41] 1 1
 [10] 1 0
 [27] 1 1
 [0] 1 1
fabfcee5-f975-4ecb-ae65-ff90cd137080
 [response time] 26.846
 [number of tasks] 5
 [nm p s]
 [43] 1 0
 [15] 1 0
 [38] 1 1
 [37] 1 1
 [35] 1 1
 [30] 1 0
 [26] 1 1
 [48] 1 0
 [24] 1 1
 [46] 1 0
b65bcc36-b3c5-4251-bf7c-2b7c5748dbea
 [response time] 27.013
 [number of tasks] 5
 [nm p s]
 [45] 1 1
 [20] 1 1
 [18] 1 1
 [33] 1 0
 [8] 1 0
 [31] 1 1
 [7] 1 0
 [6] 1 1
 [28] 1 0
 [46] 1 0
e46a6a8c-412c-481e-b773-1e0a59239e4f
 [response time] 28.092
 [number of tasks] 5
 [nm p s]
 [20] 1 0
 [42] 1 0
 [41] 1 0
 [38] 1 1
 [36] 1 0
 [12] 1 1
 [35] 1 0
 [11] 1 1
 [34] 1 1
 [27] 1 1
daf9b754-4c79-452d-b586-1a1e540acbc9
 [response time] 27.963
 [number of tasks] 5
 [nm p s]
 [45] 1 0
 [42] 1 0
 [14] 1 1
 [35] 1 0
 [33] 1 0
 [10] 1 1
 [32] 1 1
 [29] 1 0
 [49] 1 1
 [25] 1 1
52af1156-d7bd-4ca9-a1fc-201b2a9c8ab2
 [response time] 27.78
 [number of tasks] 5
 [nm p s]
 [22] 1 1
 [45] 1 0
 [44] 1 0
 [42] 1 0
 [40] 1 1
 [13] 1 0
 [36] 1 1
 [29] 1 1
 [28] 1 1
 [24] 1 0
9e37c19b-4a17-42b6-ab74-7bacbaee1eab
 [response time] 27.972
 [number of tasks] 5
 [nm p s]
 [45] 1 1
 [43] 1 0
 [39] 1 1
 [14] 1 1
 [35] 1 0
 [8] 1 0
 [31] 1 0
 [30] 1 0
 [2] 1 1
 [1] 1 1
9f2809a7-5a81-4606-8728-446354058b6d
 [response time] 28.034
 [number of tasks] 5
 [nm p s]
 [43] 1 1
 [40] 1 1
 [32] 1 1
 [8] 1 0
 [5] 1 0
 [28] 1 1
 [4] 1 0
 [3] 1 0
 [25] 1 1
 [47] 1 0
0903996b-422b-4913-8b37-3450bdbc541e
 [response time] 28.466
 [number of tasks] 5
 [nm p s]
 [44] 1 1
 [20] 1 1
 [16] 1 0
 [14] 1 0
 [10] 1 0
 [4] 1 1
 [48] 1 0
 [1] 1 1
 [0] 1 1
 [23] 1 0
91bd1ac6-4b43-4d9a-bf4d-77e26c9e0fe5
 [response time] 29.388
 [number of tasks] 5
 [nm p s]
 [16] 1 1
 [38] 1 1
 [37] 1 0
 [13] 1 0
 [12] 1 1
 [34] 1 1
 [8] 1 0
 [28] 1 0
 [25] 1 1
 [23] 1 0
9ec5a2e4-e9d3-44af-8a42-eae48af84f04
 [response time] 28.831
 [number of tasks] 5
 [nm p s]
 [22] 1 1
 [18] 1 1
 [16] 1 0
 [15] 1 0
 [14] 1 0
 [35] 1 1
 [32] 1 0
 [3] 1 1
 [49] 1 1
 [46] 1 0
b2448f1e-8489-42ca-be48-356175a9cd93
 [response time] 30.256
 [number of tasks] 5
 [nm p s]
 [14] 1 0
 [37] 1 0
 [13] 1 0
 [35] 1 0
 [32] 1 1
 [7] 1 0
 [29] 1 1
 [6] 1 1
 [28] 1 1
 [3] 1 1
a14c9375-e4f1-4994-94f7-808c0a88dc91
 [response time] 31.782
 [number of tasks] 5
 [nm p s]
 [40] 1 1
 [15] 1 0
 [14] 1 1
 [37] 1 0
 [13] 1 0
 [36] 1 1
 [10] 1 1
 [32] 1 0
 [5] 1 1
 [0] 1 0
