[scheduler id] 3
[number of node monitors] 50

[job statistics]
d7ba65c8-f56f-4995-89d0-29c9319840e0
 [response time] 1.574
 [number of tasks] 5
 [nm p s]
 [22] 1 0
 [45] 1 0
 [21] 1 0
 [42] 1 0
 [17] 1 1
 [15] 1 1
 [38] 1 0
 [14] 1 1
 [7] 1 1
 [3] 1 1
a89776d8-4bb9-4c1a-a22d-60c606995bff
 [response time] 2.16
 [number of tasks] 5
 [nm p s]
 [42] 1 1
 [18] 1 0
 [40] 1 0
 [15] 1 1
 [31] 1 0
 [7] 1 0
 [6] 1 0
 [27] 1 1
 [49] 1 1
 [46] 1 1
2b026b26-edd1-4a19-8880-ff13a3c09920
 [response time] 2.285
 [number of tasks] 5
 [nm p s]
 [43] 1 1
 [42] 1 1
 [18] 1 0
 [10] 1 1
 [32] 1 0
 [5] 1 0
 [28] 1 0
 [2] 1 0
 [47] 1 1
 [0] 1 1
c9b439bd-e8c0-4a1e-b336-81b8d5f7fbec
 [response time] 2.449
 [number of tasks] 5
 [nm p s]
 [45] 1 1
 [21] 1 0
 [14] 1 0
 [34] 1 0
 [33] 1 1
 [9] 1 1
 [32] 1 1
 [2] 1 0
 [25] 1 1
 [46] 1 0
7e1151f1-29d9-4c81-8fe8-ccf93ff667f4
 [response time] 2.979
 [number of tasks] 5
 [nm p s]
 [43] 1 0
 [42] 1 0
 [37] 1 0
 [13] 1 1
 [11] 1 1
 [28] 1 1
 [27] 1 1
 [49] 1 0
 [48] 1 1
 [46] 1 0
cc518883-deec-46da-a6ef-390b6fa29d84
 [response time] 3.289
 [number of tasks] 5
 [nm p s]
 [43] 1 0
 [39] 1 0
 [34] 1 0
 [31] 1 1
 [7] 1 1
 [30] 1 1
 [6] 1 1
 [29] 1 0
 [2] 1 1
 [25] 1 0
1af0d2c8-38a6-46bb-80c6-c5318953c0b3
 [response time] 3.101
 [number of tasks] 5
 [nm p s]
 [22] 1 1
 [44] 1 1
 [16] 1 0
 [15] 1 0
 [14] 1 0
 [34] 1 1
 [10] 1 1
 [31] 1 0
 [6] 1 0
 [47] 1 1
5f0d0002-3004-43e5-b3e6-39df4a92720a
 [response time] 3.231
 [number of tasks] 5
 [nm p s]
 [19] 1 0
 [17] 1 1
 [16] 1 0
 [13] 1 0
 [11] 1 1
 [33] 1 1
 [49] 1 0
 [47] 1 1
 [46] 1 1
 [23] 1 0
0f83ec0d-6830-4834-b1af-e55c71d6373c
 [response time] 3.879
 [number of tasks] 5
 [nm p s]
 [45] 1 0
 [20] 1 1
 [42] 1 0
 [17] 1 1
 [40] 1 1
 [37] 1 0
 [33] 1 0
 [10] 1 0
 [31] 1 1
 [4] 1 1
49eea64b-a459-4aeb-9877-4913513b20b0
 [response time] 3.641
 [number of tasks] 5
 [nm p s]
 [20] 1 1
 [42] 1 0
 [15] 1 0
 [11] 1 0
 [6] 1 0
 [29] 1 1
 [3] 1 0
 [49] 1 1
 [25] 1 1
 [48] 1 1
bba8c793-c982-44ff-8cfa-1b9c47384046
 [response time] 4.369
 [number of tasks] 5
 [nm p s]
 [20] 1 0
 [15] 1 0
 [13] 1 0
 [34] 1 1
 [8] 1 1
 [4] 1 0
 [1] 1 1
 [24] 1 1
 [47] 1 0
 [0] 1 1
7d49be69-82e8-4193-98ef-dc05434cb29e
 [response time] 4.648
 [number of tasks] 5
 [nm p s]
 [44] 1 0
 [21] 1 1
 [42] 1 1
 [17] 1 0
 [38] 1 0
 [37] 1 0
 [11] 1 0
 [3] 1 1
 [26] 1 1
 [48] 1 1
d78a9ba1-df07-4f3a-9710-3f9cae610d2a
 [response time] 5.195
 [number of tasks] 5
 [nm p s]
 [22] 1 1
 [19] 1 0
 [40] 1 1
 [37] 1 1
 [13] 1 0
 [12] 1 0
 [34] 1 1
 [48] 1 0
 [47] 1 1
 [23] 1 0
e8f5e82c-d328-4ade-9a70-06153f221ec1
 [response time] 5.285
 [number of tasks] 5
 [nm p s]
 [44] 1 1
 [43] 1 0
 [18] 1 0
 [17] 1 0
 [34] 1 0
 [32] 1 1
 [4] 1 0
 [3] 1 1
 [25] 1 1
 [1] 1 1
57c3c696-278d-4ea4-80a3-c6f4b8a12813
 [response time] 5.747
 [number of tasks] 5
 [nm p s]
 [41] 1 1
 [18] 1 1
 [38] 1 0
 [14] 1 0
 [31] 1 0
 [7] 1 1
 [29] 1 1
 [6] 1 0
 [4] 1 1
 [26] 1 0
b33eed53-2b48-4870-a525-12398326711b
 [response time] 5.585
 [number of tasks] 5
 [nm p s]
 [22] 1 1
 [18] 1 0
 [10] 1 0
 [32] 1 1
 [8] 1 1
 [7] 1 1
 [4] 1 0
 [3] 1 0
 [49] 1 1
 [23] 1 0
ce580c17-62f9-4960-877f-670248da84f8
 [response time] 6.202
 [number of tasks] 5
 [nm p s]
 [44] 1 0
 [21] 1 0
 [16] 1 1
 [15] 1 0
 [12] 1 1
 [34] 1 0
 [31] 1 0
 [1] 1 1
 [23] 1 1
 [46] 1 1
0650a6e0-cbcd-4422-96de-296c50878de3
 [response time] 6.422
 [number of tasks] 5
 [nm p s]
 [40] 1 0
 [39] 1 1
 [14] 1 0
 [37] 1 1
 [33] 1 1
 [8] 1 1
 [30] 1 1
 [27] 1 0
 [26] 1 0
 [48] 1 0
be5becba-37e3-4a2d-a3fd-01b071cebb24
 [response time] 6.483
 [number of tasks] 5
 [nm p s]
 [45] 1 1
 [37] 1 0
 [13] 1 1
 [8] 1 0
 [6] 1 1
 [49] 1 0
 [25] 1 0
 [1] 1 1
 [23] 1 1
 [46] 1 0
af658175-db2e-4401-9fef-bb9e641f0791
 [response time] 7.326
 [number of tasks] 5
 [nm p s]
 [44] 1 0
 [20] 1 0
 [41] 1 0
 [40] 1 1
 [38] 1 0
 [12] 1 1
 [10] 1 0
 [29] 1 1
 [2] 1 1
 [25] 1 1
514c0868-0c3b-4250-a128-d30ceed6aa67
 [response time] 7.303
 [number of tasks] 5
 [nm p s]
 [19] 1 1
 [40] 1 0
 [38] 1 1
 [36] 1 0
 [35] 1 1
 [12] 1 0
 [7] 1 0
 [6] 1 0
 [28] 1 1
 [46] 1 1
109ee1d4-04bf-436f-aad4-f986d0ff5cd4
 [response time] 7.137
 [number of tasks] 5
 [nm p s]
 [45] 1 0
 [15] 1 1
 [14] 1 0
 [36] 1 1
 [35] 1 0
 [34] 1 1
 [10] 1 0
 [32] 1 0
 [27] 1 1
 [47] 1 1
8c6c251f-745a-4af3-8a38-e673540a9de2
 [response time] 7.32
 [number of tasks] 5
 [nm p s]
 [22] 1 1
 [19] 1 0
 [17] 1 1
 [39] 1 0
 [35] 1 0
 [11] 1 1
 [34] 1 1
 [30] 1 1
 [26] 1 0
 [47] 1 0
88291984-bc09-4624-a98f-52cfd9e2bb15
 [response time] 7.636
 [number of tasks] 5
 [nm p s]
 [45] 1 1
 [19] 1 0
 [39] 1 1
 [13] 1 0
 [8] 1 0
 [31] 1 1
 [28] 1 1
 [3] 1 1
 [26] 1 0
 [25] 1 0
8b91cd63-75ad-4eab-aec2-30a7fc28b9c4
 [response time] 8.128
 [number of tasks] 5
 [nm p s]
 [21] 1 1
 [43] 1 1
 [19] 1 0
 [18] 1 0
 [35] 1 1
 [33] 1 0
 [9] 1 1
 [6] 1 0
 [2] 1 0
 [48] 1 1
fd4b659f-8f1e-48ad-913f-52d5723faec3
 [response time] 9.563
 [number of tasks] 5
 [nm p s]
 [45] 1 0
 [43] 1 1
 [42] 1 1
 [39] 1 0
 [12] 1 0
 [8] 1 0
 [31] 1 0
 [2] 1 1
 [25] 1 1
 [24] 1 1
b4462163-7c55-40db-8b49-d84c51b57db1
 [response time] 9.457
 [number of tasks] 5
 [nm p s]
 [21] 1 0
 [18] 1 1
 [40] 1 0
 [36] 1 0
 [4] 1 0
 [27] 1 1
 [26] 1 1
 [25] 1 0
 [1] 1 1
 [0] 1 1
e47505c7-6fd2-4f74-abef-ddda77085473
 [response time] 9.595
 [number of tasks] 5
 [nm p s]
 [22] 1 1
 [44] 1 0
 [18] 1 0
 [16] 1 1
 [38] 1 1
 [37] 1 1
 [30] 1 0
 [4] 1 0
 [26] 1 1
 [23] 1 0
b6659aae-333b-4a81-8093-a47da39fd76c
 [response time] 9.713
 [number of tasks] 5
 [nm p s]
 [19] 1 1
 [39] 1 1
 [36] 1 0
 [12] 1 1
 [34] 1 0
 [6] 1 0
 [49] 1 1
 [3] 1 1
 [26] 1 0
 [47] 1 0
60c5d441-d469-42d8-9c8c-8c8878ad2f04
 [response time] 9.583
 [number of tasks] 5
 [nm p s]
 [45] 1 0
 [41] 1 1
 [36] 1 0
 [6] 1 0
 [29] 1 1
 [5] 1 1
 [27] 1 0
 [26] 1 0
 [25] 1 1
 [24] 1 1
6725eb62-2bf0-4079-9364-12dcc3b2b62f
 [response time] 10.253
 [number of tasks] 5
 [nm p s]
 [20] 1 0
 [38] 1 0
 [37] 1 1
 [35] 1 1
 [34] 1 1
 [10] 1 1
 [6] 1 0
 [1] 1 1
 [47] 1 0
 [46] 1 0
e39c1bcf-e593-4c0d-ab04-c076bcd88ed8
 [response time] 10.543
 [number of tasks] 5
 [nm p s]
 [19] 1 1
 [38] 1 0
 [34] 1 0
 [33] 1 0
 [32] 1 0
 [7] 1 1
 [6] 1 0
 [4] 1 1
 [48] 1 1
 [23] 1 1
ed329922-8de8-4e2c-a622-f9de54df089c
 [response time] 10.499
 [number of tasks] 5
 [nm p s]
 [45] 1 1
 [20] 1 0
 [19] 1 0
 [16] 1 0
 [35] 1 1
 [33] 1 0
 [30] 1 1
 [28] 1 1
 [27] 1 0
 [2] 1 1
3ce1cb9c-73de-495c-9f04-fd8be8c84a84
 [response time] 10.779
 [number of tasks] 5
 [nm p s]
 [45] 1 0
 [21] 1 1
 [40] 1 0
 [15] 1 1
 [13] 1 0
 [32] 1 1
 [30] 1 0
 [3] 1 0
 [48] 1 1
 [24] 1 1
0889121e-e256-4120-8bfc-2da0ce27e5e3
 [response time] 12.074
 [number of tasks] 5
 [nm p s]
 [45] 1 1
 [21] 1 0
 [19] 1 1
 [17] 1 1
 [16] 1 0
 [15] 1 1
 [38] 1 0
 [33] 1 0
 [3] 1 0
 [24] 1 1
788b4257-c82f-4dbb-aa84-9141c254035b
 [response time] 11.75
 [number of tasks] 5
 [nm p s]
 [45] 1 0
 [40] 1 1
 [16] 1 1
 [9] 1 0
 [31] 1 1
 [28] 1 0
 [4] 1 0
 [49] 1 1
 [47] 1 1
 [0] 1 0
ae1de215-0ea0-4dff-8274-f4321d37032b
 [response time] 12.371
 [number of tasks] 5
 [nm p s]
 [21] 1 0
 [42] 1 1
 [18] 1 0
 [17] 1 0
 [12] 1 1
 [11] 1 1
 [4] 1 0
 [49] 1 1
 [46] 1 0
 [23] 1 1
7fafb150-c72c-4ff2-aec8-1df57dbff4f3
 [response time] 12.087
 [number of tasks] 5
 [nm p s]
 [22] 1 1
 [19] 1 0
 [18] 1 1
 [16] 1 1
 [15] 1 0
 [13] 1 0
 [10] 1 1
 [9] 1 0
 [30] 1 0
 [6] 1 1
18bdff21-0548-4413-a6d6-e6eeb77cee55
 [response time] 11.729
 [number of tasks] 5
 [nm p s]
 [18] 1 1
 [15] 1 0
 [12] 1 0
 [35] 1 0
 [30] 1 1
 [6] 1 1
 [29] 1 0
 [28] 1 1
 [3] 1 1
 [1] 1 0
1ade1628-af55-4e51-baf0-f75b8ce9b4b4
 [response time] 12.534
 [number of tasks] 5
 [nm p s]
 [42] 1 0
 [41] 1 0
 [9] 1 1
 [31] 1 0
 [30] 1 1
 [28] 1 1
 [27] 1 0
 [3] 1 1
 [24] 1 0
 [46] 1 1
71d7361a-bec4-48e1-9218-128884d3ce23
 [response time] 12.685
 [number of tasks] 5
 [nm p s]
 [22] 1 1
 [16] 1 1
 [38] 1 1
 [12] 1 0
 [11] 1 1
 [5] 1 1
 [4] 1 0
 [1] 1 0
 [0] 1 0
 [46] 1 0
d3f78919-3775-4b89-9615-33697f355d8c
 [response time] 13.114
 [number of tasks] 5
 [nm p s]
 [45] 1 1
 [15] 1 0
 [38] 1 0
 [36] 1 1
 [34] 1 1
 [33] 1 0
 [9] 1 1
 [28] 1 0
 [4] 1 1
 [46] 1 0
aaeaff18-0aa1-4748-8cc6-9ffa5b267f6f
 [response time] 12.99
 [number of tasks] 5
 [nm p s]
 [44] 1 1
 [19] 1 0
 [39] 1 1
 [14] 1 1
 [12] 1 0
 [33] 1 0
 [7] 1 1
 [5] 1 0
 [49] 1 0
 [24] 1 1
d5ec6de9-d78b-4e72-83c0-91a6a55ab399
 [response time] 12.975
 [number of tasks] 5
 [nm p s]
 [37] 1 1
 [12] 1 1
 [32] 1 1
 [7] 1 0
 [28] 1 0
 [4] 1 1
 [49] 1 0
 [1] 1 0
 [0] 1 0
 [23] 1 1
bfbaab15-ad80-4359-8c5c-9cd427b2f82c
 [response time] 13.405
 [number of tasks] 5
 [nm p s]
 [44] 1 1
 [38] 1 0
 [14] 1 0
 [37] 1 1
 [12] 1 0
 [8] 1 1
 [5] 1 1
 [25] 1 0
 [24] 1 0
 [0] 1 1
e7143f53-efef-4246-ae06-49e5b1f36dfc
 [response time] 14.11
 [number of tasks] 5
 [nm p s]
 [19] 1 0
 [42] 1 0
 [35] 1 1
 [34] 1 0
 [33] 1 1
 [10] 1 1
 [31] 1 0
 [7] 1 0
 [2] 1 1
 [46] 1 1
a44f1049-32cd-4c43-80df-4c7df10998a0
 [response time] 14.451
 [number of tasks] 5
 [nm p s]
 [15] 1 0
 [35] 1 0
 [7] 1 0
 [30] 1 1
 [6] 1 0
 [4] 1 1
 [3] 1 1
 [26] 1 1
 [25] 1 0
 [46] 1 1
c7349e05-c501-40bd-8101-d66a705dfa0f
 [response time] 14.951
 [number of tasks] 5
 [nm p s]
 [19] 1 1
 [14] 1 0
 [36] 1 1
 [11] 1 1
 [10] 1 0
 [4] 1 0
 [48] 1 0
 [24] 1 1
 [47] 1 1
 [46] 1 0
33a97dfd-f7a2-4eb2-b982-d8404e0bc4aa
 [response time] 14.824
 [number of tasks] 5
 [nm p s]
 [44] 1 1
 [20] 1 1
 [16] 1 1
 [34] 1 0
 [31] 1 0
 [30] 1 0
 [6] 1 0
 [29] 1 1
 [2] 1 1
 [25] 1 0
575fcb8f-9259-43ee-85cf-0868ae9dbbfd
 [response time] 15.389
 [number of tasks] 5
 [nm p s]
 [43] 1 1
 [42] 1 0
 [18] 1 1
 [40] 1 1
 [15] 1 0
 [37] 1 0
 [32] 1 1
 [30] 1 1
 [25] 1 0
 [0] 1 0
a64be2d2-fb83-4023-aa15-90ef9a6bb292
 [response time] 15.185
 [number of tasks] 5
 [nm p s]
 [19] 1 1
 [42] 1 0
 [16] 1 0
 [37] 1 0
 [12] 1 1
 [32] 1 1
 [31] 1 1
 [6] 1 1
 [4] 1 0
 [26] 1 0
86d81e64-a7ff-4fb9-b27e-7a18a767eeb3
 [response time] 15.602
 [number of tasks] 5
 [nm p s]
 [45] 1 1
 [21] 1 1
 [20] 1 1
 [41] 1 1
 [40] 1 0
 [16] 1 0
 [7] 1 1
 [3] 1 0
 [26] 1 0
 [47] 1 0
c6a3b482-c905-4901-99e4-35291c51a4b3
 [response time] 15.818
 [number of tasks] 5
 [nm p s]
 [19] 1 1
 [40] 1 0
 [17] 1 1
 [15] 1 1
 [37] 1 0
 [10] 1 0
 [31] 1 0
 [7] 1 0
 [5] 1 1
 [49] 1 1
be6ed7cf-d5c0-4958-bd1f-655ba03482c8
 [response time] 15.805
 [number of tasks] 5
 [nm p s]
 [21] 1 0
 [18] 1 1
 [41] 1 0
 [10] 1 0
 [9] 1 1
 [7] 1 1
 [5] 1 0
 [49] 1 1
 [47] 1 0
 [23] 1 1
2793a33c-a062-401f-bf4c-ae2cffc19a40
 [response time] 16.186
 [number of tasks] 5
 [nm p s]
 [16] 1 0
 [15] 1 0
 [14] 1 1
 [13] 1 0
 [12] 1 1
 [35] 1 1
 [6] 1 1
 [3] 1 0
 [47] 1 1
 [1] 1 0
604aee83-99a5-4f79-aa7e-f5b3018cb471
 [response time] 16.761
 [number of tasks] 5
 [nm p s]
 [45] 1 1
 [41] 1 1
 [38] 1 1
 [14] 1 0
 [35] 1 0
 [9] 1 1
 [8] 1 0
 [5] 1 0
 [28] 1 0
 [48] 1 1
0c459a7a-913a-4721-948a-d1d02212ef4e
 [response time] 16.893
 [number of tasks] 5
 [nm p s]
 [42] 1 1
 [18] 1 0
 [41] 1 0
 [40] 1 1
 [39] 1 1
 [10] 1 0
 [31] 1 0
 [29] 1 1
 [25] 1 1
 [46] 1 0
572269de-2cae-4dd1-950a-47f5523fab32
 [response time] 17.379
 [number of tasks] 5
 [nm p s]
 [22] 1 0
 [43] 1 1
 [18] 1 1
 [41] 1 0
 [38] 1 1
 [12] 1 0
 [34] 1 0
 [8] 1 1
 [25] 1 1
 [0] 1 0
70724591-3f32-4529-b4bc-289ede107bb4
 [response time] 17.007
 [number of tasks] 5
 [nm p s]
 [42] 1 0
 [15] 1 1
 [8] 1 0
 [31] 1 0
 [28] 1 1
 [4] 1 0
 [3] 1 1
 [26] 1 0
 [47] 1 1
 [0] 1 1
371cc86d-d98d-4044-a9be-72042bc5d154
 [response time] 17.235
 [number of tasks] 5
 [nm p s]
 [45] 1 0
 [37] 1 0
 [13] 1 0
 [32] 1 1
 [31] 1 1
 [7] 1 1
 [30] 1 1
 [6] 1 0
 [49] 1 1
 [25] 1 0
1cf7e43a-313a-42f7-b1fb-d700132f3724
 [response time] 17.855
 [number of tasks] 5
 [nm p s]
 [20] 1 0
 [19] 1 1
 [16] 1 1
 [39] 1 1
 [31] 1 0
 [29] 1 1
 [28] 1 0
 [4] 1 0
 [25] 1 0
 [46] 1 1
ee9c918d-bc8d-4074-868a-79b680679d54
 [response time] 18.299
 [number of tasks] 5
 [nm p s]
 [43] 1 1
 [18] 1 0
 [40] 1 1
 [39] 1 1
 [13] 1 0
 [12] 1 0
 [10] 1 0
 [32] 1 1
 [25] 1 1
 [24] 1 0
11eb5851-d0fd-4830-9370-c80672e1096b
 [response time] 18.41
 [number of tasks] 5
 [nm p s]
 [45] 1 1
 [44] 1 0
 [18] 1 1
 [40] 1 0
 [12] 1 0
 [34] 1 1
 [28] 1 1
 [49] 1 0
 [25] 1 0
 [47] 1 1
292972b3-5a5c-41c7-a398-54c29a929613
 [response time] 19.858
 [number of tasks] 5
 [nm p s]
 [40] 1 0
 [39] 1 0
 [38] 1 0
 [37] 1 1
 [10] 1 1
 [5] 1 1
 [28] 1 1
 [27] 1 1
 [25] 1 0
 [46] 1 0
a6c141e5-9f17-4358-841e-f6508f709954
 [response time] 19.295
 [number of tasks] 5
 [nm p s]
 [44] 1 0
 [18] 1 1
 [41] 1 0
 [14] 1 0
 [12] 1 0
 [34] 1 1
 [33] 1 1
 [31] 1 1
 [47] 1 1
 [46] 1 0
42f53e89-5ebe-4116-8215-c9d30adae962
 [response time] 19.323
 [number of tasks] 5
 [nm p s]
 [41] 1 0
 [17] 1 1
 [38] 1 0
 [12] 1 0
 [35] 1 1
 [11] 1 1
 [30] 1 1
 [28] 1 0
 [49] 1 1
 [25] 1 0
a6d729ac-1250-4f49-b7ef-91579a4c4b0b
 [response time] 20.211
 [number of tasks] 5
 [nm p s]
 [42] 1 1
 [17] 1 1
 [37] 1 0
 [35] 1 1
 [9] 1 1
 [32] 1 0
 [4] 1 1
 [3] 1 0
 [25] 1 0
 [0] 1 0
2df46968-2663-47ff-accc-24ada1d51f60
 [response time] 20.44
 [number of tasks] 5
 [nm p s]
 [20] 1 0
 [41] 1 1
 [38] 1 1
 [10] 1 1
 [32] 1 0
 [9] 1 1
 [29] 1 0
 [5] 1 0
 [24] 1 0
 [46] 1 1
36303269-7c19-4f50-a8c3-9746d19d01bf
 [response time] 20.946
 [number of tasks] 5
 [nm p s]
 [20] 1 0
 [43] 1 1
 [18] 1 0
 [41] 1 0
 [10] 1 1
 [8] 1 0
 [31] 1 1
 [26] 1 0
 [24] 1 1
 [0] 1 1
8922aec4-9f41-4079-b926-5d9039c80d57
 [response time] 21.022
 [number of tasks] 5
 [nm p s]
 [20] 1 1
 [43] 1 1
 [18] 1 1
 [13] 1 1
 [33] 1 0
 [10] 1 0
 [31] 1 1
 [28] 1 0
 [26] 1 0
 [2] 1 0
8dbfe564-5ab0-4b9a-9a05-688bcc3f28c1
 [response time] 20.937
 [number of tasks] 5
 [nm p s]
 [43] 1 0
 [15] 1 0
 [34] 1 1
 [8] 1 1
 [29] 1 0
 [5] 1 1
 [27] 1 0
 [2] 1 1
 [48] 1 1
 [24] 1 0
e492cb95-1d14-4af4-9d48-18af21ebf04b
 [response time] 21.309
 [number of tasks] 5
 [nm p s]
 [44] 1 0
 [14] 1 0
 [36] 1 1
 [34] 1 1
 [33] 1 0
 [32] 1 1
 [9] 1 1
 [25] 1 0
 [47] 1 0
 [46] 1 1
114aa7a9-554c-418b-b5db-940dc118ab1e
 [response time] 22.4
 [number of tasks] 5
 [nm p s]
 [44] 1 0
 [43] 1 0
 [39] 1 1
 [15] 1 1
 [11] 1 0
 [31] 1 1
 [30] 1 1
 [28] 1 0
 [49] 1 1
 [24] 1 0
a311a345-3f65-4352-98e0-780a03764798
 [response time] 22.469
 [number of tasks] 5
 [nm p s]
 [22] 1 0
 [43] 1 0
 [42] 1 0
 [41] 1 1
 [17] 1 0
 [16] 1 1
 [12] 1 1
 [34] 1 1
 [7] 1 0
 [28] 1 1
ace6de58-5c9d-453a-9a45-bd4585befff4
 [response time] 22.563
 [number of tasks] 5
 [nm p s]
 [41] 1 0
 [14] 1 1
 [12] 1 0
 [35] 1 1
 [32] 1 0
 [28] 1 0
 [5] 1 1
 [3] 1 1
 [48] 1 1
 [0] 1 0
3ea177aa-93d2-4209-847a-92607def8c2c
 [response time] 22.514
 [number of tasks] 5
 [nm p s]
 [44] 1 1
 [17] 1 0
 [15] 1 1
 [35] 1 1
 [11] 1 0
 [9] 1 1
 [7] 1 0
 [49] 1 1
 [3] 1 0
 [0] 1 0
b691a5b7-388b-4605-b46d-44172dd997dc
 [response time] 23.278
 [number of tasks] 5
 [nm p s]
 [20] 1 1
 [12] 1 1
 [11] 1 1
 [10] 1 0
 [8] 1 0
 [6] 1 0
 [27] 1 1
 [3] 1 1
 [25] 1 0
 [0] 1 0
6c24663a-150c-4ceb-875c-988567ea3639
 [response time] 23.728
 [number of tasks] 5
 [nm p s]
 [19] 1 1
 [42] 1 0
 [18] 1 1
 [35] 1 0
 [34] 1 0
 [28] 1 0
 [47] 1 1
 [46] 1 0
 [0] 1 1
 [23] 1 1
55cced47-0b8b-41bc-b2f9-faab3765ca9d
 [response time] 23.636
 [number of tasks] 5
 [nm p s]
 [44] 1 1
 [39] 1 0
 [35] 1 0
 [11] 1 1
 [34] 1 1
 [10] 1 0
 [32] 1 0
 [27] 1 0
 [24] 1 1
 [0] 1 1
597f2771-94ae-41e7-bed8-8f372b22aa54
 [response time] 24.284
 [number of tasks] 5
 [nm p s]
 [21] 1 1
 [19] 1 0
 [17] 1 1
 [35] 1 0
 [10] 1 1
 [32] 1 1
 [29] 1 0
 [48] 1 1
 [24] 1 0
 [0] 1 0
b3c5dd47-be7e-477c-914b-8d9f56438918
 [response time] 24.52
 [number of tasks] 5
 [nm p s]
 [20] 1 1
 [18] 1 0
 [16] 1 0
 [35] 1 0
 [10] 1 0
 [32] 1 1
 [29] 1 1
 [4] 1 0
 [49] 1 1
 [46] 1 1
53fb3df7-a437-4e48-b595-410c7a1a5e64
 [response time] 24.469
 [number of tasks] 5
 [nm p s]
 [21] 1 0
 [18] 1 0
 [17] 1 1
 [39] 1 1
 [10] 1 0
 [32] 1 1
 [49] 1 1
 [26] 1 0
 [47] 1 0
 [0] 1 1
47ed7ccf-da06-4944-bb02-f635ad7825af
 [response time] 24.38
 [number of tasks] 5
 [nm p s]
 [43] 1 0
 [18] 1 1
 [40] 1 1
 [15] 1 1
 [14] 1 1
 [13] 1 0
 [35] 1 1
 [9] 1 0
 [5] 1 0
 [28] 1 0
76e287b8-f9fd-42f3-96e8-2dccdef4289a
 [response time] 25.063
 [number of tasks] 5
 [nm p s]
 [19] 1 1
 [17] 1 0
 [12] 1 1
 [35] 1 0
 [32] 1 0
 [8] 1 1
 [30] 1 1
 [5] 1 1
 [2] 1 0
 [1] 1 0
f5f81f6e-fab2-41c6-b79f-ff6deeeba9a4
 [response time] 24.979
 [number of tasks] 5
 [nm p s]
 [45] 1 1
 [21] 1 0
 [42] 1 0
 [40] 1 1
 [15] 1 1
 [38] 1 0
 [7] 1 1
 [27] 1 0
 [26] 1 0
 [23] 1 1
cb299a1c-13cc-4a5d-9086-1b0134c82404
 [response time] 25.245
 [number of tasks] 5
 [nm p s]
 [21] 1 1
 [42] 1 1
 [17] 1 0
 [39] 1 1
 [15] 1 0
 [29] 1 1
 [5] 1 0
 [28] 1 0
 [2] 1 1
 [46] 1 0
78edcf0c-1a25-4bae-8535-fc3983f6f05d
 [response time] 24.996
 [number of tasks] 5
 [nm p s]
 [45] 1 0
 [21] 1 1
 [17] 1 1
 [40] 1 0
 [38] 1 0
 [15] 1 1
 [34] 1 0
 [32] 1 0
 [6] 1 1
 [26] 1 1
e0c519f5-0af1-4d6d-b51c-4ebaa7dfb003
 [response time] 25.553
 [number of tasks] 5
 [nm p s]
 [45] 1 1
 [44] 1 0
 [21] 1 0
 [19] 1 0
 [13] 1 1
 [30] 1 0
 [5] 1 1
 [24] 1 1
 [1] 1 0
 [23] 1 1
ae7844c0-816b-4b55-a9b0-a87fa99de7e5
 [response time] 25.948
 [number of tasks] 5
 [nm p s]
 [19] 1 0
 [41] 1 0
 [40] 1 0
 [13] 1 1
 [12] 1 1
 [34] 1 0
 [9] 1 1
 [26] 1 1
 [25] 1 1
 [46] 1 0
7798364d-29c2-44cf-8ffe-df74c49de038
 [response time] 26.284
 [number of tasks] 5
 [nm p s]
 [44] 1 1
 [20] 1 1
 [17] 1 0
 [32] 1 0
 [31] 1 1
 [7] 1 0
 [49] 1 1
 [2] 1 1
 [24] 1 0
 [1] 1 0
5ed825fe-de8c-42fd-af9a-fc9ca48ae960
 [response time] 26.4
 [number of tasks] 5
 [nm p s]
 [21] 1 0
 [43] 1 1
 [41] 1 0
 [18] 1 0
 [16] 1 0
 [35] 1 1
 [4] 1 1
 [3] 1 0
 [48] 1 1
 [0] 1 1
64802341-651b-4aba-95a3-b5e86ca8c422
 [response time] 27.49
 [number of tasks] 5
 [nm p s]
 [44] 1 0
 [43] 1 1
 [19] 1 0
 [41] 1 1
 [40] 1 1
 [39] 1 0
 [36] 1 1
 [11] 1 0
 [32] 1 0
 [46] 1 1
f197d26f-04e9-4858-81f3-618039d8d082
 [response time] 27.264
 [number of tasks] 5
 [nm p s]
 [44] 1 0
 [21] 1 1
 [18] 1 0
 [39] 1 1
 [38] 1 1
 [37] 1 0
 [35] 1 1
 [9] 1 0
 [7] 1 0
 [3] 1 1
2d06153d-f16d-4b4a-869c-4b1f389a3a1d
 [response time] 27.674
 [number of tasks] 5
 [nm p s]
 [42] 1 1
 [41] 1 0
 [17] 1 1
 [16] 1 1
 [39] 1 1
 [15] 1 0
 [37] 1 0
 [14] 1 0
 [9] 1 1
 [23] 1 0
b1887146-514a-4fe2-ac60-e954419dc5a7
 [response time] 28.871
 [number of tasks] 5
 [nm p s]
 [22] 1 0
 [43] 1 0
 [41] 1 1
 [16] 1 0
 [15] 1 1
 [37] 1 0
 [12] 1 0
 [10] 1 1
 [4] 1 1
 [26] 1 1
b3661a7b-cc5a-4b9a-8912-052e0200aea6
 [response time] 28.733
 [number of tasks] 5
 [nm p s]
 [19] 1 0
 [40] 1 0
 [17] 1 1
 [39] 1 0
 [36] 1 0
 [12] 1 1
 [35] 1 1
 [32] 1 1
 [27] 1 0
 [48] 1 1
4303c505-1b09-48c0-ab25-c4bc2f10f6b3
 [response time] 30.18
 [number of tasks] 5
 [nm p s]
 [21] 1 0
 [43] 1 0
 [11] 1 0
 [10] 1 1
 [32] 1 0
 [4] 1 1
 [27] 1 1
 [26] 1 1
 [24] 1 1
 [46] 1 0
1f503d34-4f79-4cea-aae7-e0f36cd0a7ac
 [response time] 29.777
 [number of tasks] 5
 [nm p s]
 [20] 1 0
 [19] 1 0
 [42] 1 1
 [41] 1 1
 [38] 1 1
 [9] 1 1
 [30] 1 0
 [28] 1 1
 [27] 1 0
 [3] 1 0
1cdfe066-8c76-4a34-8999-9129af8e7714
 [response time] 30.677
 [number of tasks] 5
 [nm p s]
 [21] 1 0
 [42] 1 1
 [34] 1 0
 [10] 1 1
 [7] 1 1
 [6] 1 0
 [28] 1 0
 [27] 1 1
 [47] 1 0
 [0] 1 1
efc05290-40be-44fd-a46b-ef56f5b24aaa
 [response time] 31.125
 [number of tasks] 5
 [nm p s]
 [19] 1 0
 [37] 1 1
 [13] 1 1
 [12] 1 0
 [10] 1 0
 [32] 1 1
 [4] 1 1
 [27] 1 1
 [48] 1 0
 [24] 1 0
