[scheduler id] 0
[number of node monitors] 50

[job statistics]
500be698-c239-44ce-a249-a263cdf615ec
 [response time] 1.204
 [number of tasks] 5
 [nm p s]
 [44] 1 1
 [39] 1 0
 [11] 1 0
 [34] 1 0
 [9] 2 2
 [31] 1 1
 [30] 1 0
 [28] 1 1
 [25] 1 0
c4df3110-4013-49b0-b943-85117caf3b28
 [response time] 1.84
 [number of tasks] 5
 [nm p s]
 [45] 1 0
 [22] 1 0
 [35] 1 0
 [32] 1 0
 [7] 1 1
 [4] 1 1
 [27] 2 2
 [25] 1 0
 [48] 1 1
57062d18-5b4b-425d-b27c-676a84131657
 [response time] 1.872
 [number of tasks] 5
 [nm p s]
 [21] 1 1
 [43] 1 0
 [37] 1 1
 [36] 1 0
 [32] 1 0
 [30] 1 1
 [6] 1 0
 [29] 1 0
 [48] 1 1
 [46] 1 1
d22bdf34-ae5e-422d-85fe-86815bf89252
 [response time] 3.847
 [number of tasks] 5
 [nm p s]
 [43] 1 0
 [32] 1 1
 [30] 2 2
 [37] 1 1
 [2] 1 0
 [23] 1 1
 [1] 1 0
 [34] 2 0
3afa7f39-bff3-4fc0-b3bb-389483d5e2b2
 [response time] 3.957
 [number of tasks] 5
 [nm p s]
 [44] 1 1
 [39] 1 1
 [35] 1 0
 [33] 1 1
 [32] 1 1
 [26] 1 0
 [0] 1 0
 [23] 1 0
 [46] 2 1
385f927b-1292-438a-ae41-21c2d464cad6
 [response time] 4.102
 [number of tasks] 5
 [nm p s]
 [40] 1 0
 [39] 1 1
 [14] 1 0
 [37] 1 0
 [35] 2 2
 [31] 1 1
 [6] 1 1
 [49] 1 0
 [23] 1 0
e2841a67-5290-41f7-ab53-3db8daec11e7
 [response time] 4.349
 [number of tasks] 5
 [nm p s]
 [21] 1 0
 [40] 1 0
 [16] 1 0
 [36] 1 1
 [12] 1 0
 [8] 1 0
 [30] 1 1
 [28] 1 1
 [27] 1 1
 [46] 1 1
2a6f66dc-94b3-4faf-908f-865e069ee758
 [response time] 3.684
 [number of tasks] 5
 [nm p s]
 [15] 1 0
 [38] 1 1
 [37] 1 0
 [35] 1 0
 [9] 1 1
 [8] 1 1
 [4] 1 1
 [25] 1 1
 [1] 1 0
 [0] 1 0
bc16ca16-ac84-429f-a38e-6f54b0a7eb17
 [response time] 4.132
 [number of tasks] 5
 [nm p s]
 [19] 1 1
 [39] 1 1
 [11] 1 0
 [7] 1 1
 [29] 1 1
 [4] 1 0
 [25] 1 0
 [1] 1 1
 [24] 1 0
 [23] 1 0
52b8fcfb-a019-41e5-9983-abb79618c3b5
 [response time] 4.649
 [number of tasks] 5
 [nm p s]
 [42] 1 0
 [39] 1 1
 [10] 1 1
 [33] 1 1
 [30] 1 0
 [5] 1 0
 [4] 1 1
 [26] 1 1
 [0] 1 0
 [46] 1 0
9836f1cf-34a9-4e9f-868a-2e1a408856d2
 [response time] 4.818
 [number of tasks] 5
 [nm p s]
 [19] 1 0
 [41] 1 0
 [40] 1 0
 [12] 1 1
 [10] 1 1
 [8] 1 1
 [29] 1 0
 [28] 1 1
 [25] 1 0
 [23] 1 1
8ede1e64-f6fa-4a89-8500-dc904649a3e5
 [response time] 5.062
 [number of tasks] 5
 [nm p s]
 [38] 1 0
 [12] 1 0
 [35] 1 1
 [7] 1 0
 [6] 1 0
 [27] 1 0
 [26] 1 1
 [49] 1 1
 [2] 1 1
 [46] 1 1
ef6dbf17-7f63-44c9-93cf-595944da2e28
 [response time] 5.71
 [number of tasks] 5
 [nm p s]
 [32] 1 0
 [10] 1 0
 [41] 2 2
 [16] 1 1
 [49] 2 1
 [14] 1 0
 [24] 1 1
 [23] 1 0
ef365c81-4d63-4c42-b793-155f435c237a
 [response time] 5.827
 [number of tasks] 5
 [nm p s]
 [21] 1 0
 [41] 1 1
 [10] 2 1
 [8] 1 0
 [31] 1 1
 [26] 1 0
 [2] 1 1
 [47] 1 1
 [0] 1 0
03275812-f741-47fc-a75b-c8346cee83ac
 [response time] 6.875
 [number of tasks] 5
 [nm p s]
 [22] 1 0
 [18] 1 0
 [17] 1 0
 [16] 1 1
 [37] 2 2
 [7] 1 1
 [27] 1 1
 [48] 1 0
 [0] 1 0
6727b529-857b-4921-b112-827df823f7ea
 [response time] 6.69
 [number of tasks] 5
 [nm p s]
 [45] 1 0
 [41] 1 0
 [40] 1 1
 [15] 1 0
 [10] 1 1
 [8] 1 1
 [30] 1 0
 [3] 1 0
 [25] 1 1
 [1] 1 1
e3addeb0-1bcd-4e9b-940e-e515531a4edd
 [response time] 7.097
 [number of tasks] 5
 [nm p s]
 [43] 1 1
 [39] 1 0
 [14] 1 0
 [36] 1 1
 [12] 2 2
 [34] 1 1
 [4] 1 0
 [23] 1 0
 [46] 1 0
9367c77e-e9a0-412c-81ec-1f8680a932ee
 [response time] 6.873
 [number of tasks] 5
 [nm p s]
 [45] 1 0
 [22] 1 1
 [21] 1 1
 [17] 1 1
 [37] 1 1
 [13] 1 0
 [30] 1 0
 [48] 1 0
 [47] 1 1
 [46] 1 0
05852988-a73f-44e3-bda9-c18235af0e08
 [response time] 8.048
 [number of tasks] 5
 [nm p s]
 [22] 1 1
 [44] 1 0
 [43] 1 1
 [14] 1 1
 [37] 1 0
 [35] 1 1
 [32] 1 0
 [31] 1 0
 [29] 1 1
 [5] 1 0
b4954460-4000-430a-8c35-378b19e0d048
 [response time] 8.378
 [number of tasks] 5
 [nm p s]
 [43] 1 0
 [19] 1 1
 [42] 1 0
 [18] 1 1
 [40] 1 0
 [38] 1 0
 [12] 1 1
 [30] 1 0
 [49] 1 1
 [23] 1 1
82815d0c-b673-4c99-aaab-edb5020dcb01
 [response time] 8.38
 [number of tasks] 5
 [nm p s]
 [22] 1 1
 [44] 1 1
 [43] 1 0
 [42] 1 0
 [10] 1 1
 [7] 1 1
 [24] 1 0
 [1] 1 0
 [47] 1 0
 [0] 1 1
a81ada45-73e0-4cd3-8233-245ff60c34e6
 [response time] 8.671
 [number of tasks] 5
 [nm p s]
 [32] 1 0
 [42] 1 1
 [20] 1 0
 [31] 2 1
 [17] 2 1
 [39] 1 1
 [28] 1 1
 [38] 1 0
d44b7560-d76e-4728-ba7f-31baca005d6e
 [response time] 9.78
 [number of tasks] 5
 [nm p s]
 [21] 1 1
 [20] 1 1
 [42] 1 0
 [12] 1 1
 [35] 1 0
 [49] 1 0
 [25] 1 1
 [1] 2 1
 [46] 1 0
c0d2114c-374b-4ab9-951f-0fdb2e09fe6c
 [response time] 9.665
 [number of tasks] 5
 [nm p s]
 [20] 1 0
 [18] 1 0
 [14] 1 1
 [7] 1 1
 [5] 1 0
 [26] 1 0
 [49] 1 1
 [2] 1 1
 [1] 1 1
 [0] 1 0
8b77308d-1cee-4a09-a6f1-ec87696e8147
 [response time] 10.523
 [number of tasks] 5
 [nm p s]
 [45] 1 0
 [22] 1 0
 [15] 1 0
 [14] 1 1
 [35] 1 1
 [12] 1 1
 [49] 1 0
 [25] 1 1
 [48] 1 0
 [46] 1 1
ae8ce88d-9dde-4005-877c-c7ed731b4fb2
 [response time] 10.036
 [number of tasks] 5
 [nm p s]
 [20] 1 0
 [43] 1 1
 [39] 1 0
 [10] 1 0
 [31] 1 1
 [29] 1 1
 [49] 1 0
 [25] 1 1
 [1] 1 0
 [46] 1 1
1f8512f4-5ba8-46a7-90fa-53e2d6a0a874
 [response time] 9.788
 [number of tasks] 5
 [nm p s]
 [22] 2 1
 [45] 1 0
 [21] 1 1
 [43] 1 1
 [41] 1 0
 [17] 1 0
 [16] 1 0
 [30] 1 1
 [24] 1 1
f1b48d5f-99da-4c97-a22f-1133490597cc
 [response time] 10.545
 [number of tasks] 5
 [nm p s]
 [44] 1 0
 [21] 1 1
 [15] 1 1
 [37] 1 1
 [31] 1 0
 [7] 1 1
 [29] 1 0
 [49] 1 0
 [0] 1 1
 [46] 1 0
e388b921-1379-4296-81f9-2610e1603773
 [response time] 10.984
 [number of tasks] 5
 [nm p s]
 [43] 1 1
 [39] 1 0
 [33] 1 0
 [32] 1 1
 [31] 1 0
 [4] 1 0
 [49] 1 0
 [2] 1 1
 [24] 1 1
 [1] 1 1
f4692578-7f81-4a83-9679-94a54b59c8d4
 [response time] 10.907
 [number of tasks] 5
 [nm p s]
 [21] 1 1
 [41] 1 0
 [40] 1 1
 [16] 1 0
 [39] 1 0
 [14] 1 1
 [30] 1 0
 [1] 1 1
 [47] 1 1
 [23] 1 0
10b03f93-7e01-4fea-ba6a-a04c6194c67e
 [response time] 10.884
 [number of tasks] 5
 [nm p s]
 [21] 1 0
 [16] 1 1
 [14] 1 0
 [11] 2 1
 [10] 1 1
 [9] 1 0
 [5] 1 1
 [25] 1 0
 [0] 1 1
456b7cad-640b-4adc-a910-5339fc1d64c9
 [response time] 11.674
 [number of tasks] 5
 [nm p s]
 [22] 1 0
 [21] 1 0
 [43] 1 1
 [39] 1 1
 [13] 1 1
 [35] 1 0
 [32] 1 1
 [31] 1 0
 [30] 1 1
 [0] 1 0
24925a84-ca4f-47be-bf5e-f426392ba859
 [response time] 12.528
 [number of tasks] 5
 [nm p s]
 [43] 1 1
 [41] 1 1
 [17] 1 0
 [11] 1 0
 [7] 1 0
 [29] 1 0
 [28] 1 1
 [2] 1 0
 [24] 1 1
 [0] 1 1
10796618-a184-4730-987a-63220ccfda04
 [response time] 12.677
 [number of tasks] 5
 [nm p s]
 [19] 1 0
 [41] 1 1
 [16] 1 0
 [37] 1 1
 [13] 1 0
 [5] 1 0
 [26] 1 1
 [2] 1 1
 [24] 1 0
 [0] 1 1
c81630a5-abe5-441e-bc49-64cc260060bd
 [response time] 12.652
 [number of tasks] 5
 [nm p s]
 [44] 1 1
 [43] 1 0
 [42] 1 1
 [40] 1 0
 [38] 1 1
 [14] 1 0
 [12] 1 0
 [7] 1 1
 [49] 1 1
 [23] 1 0
fec44579-3554-4b5f-804c-21691a88423c
 [response time] 13.208
 [number of tasks] 5
 [nm p s]
 [45] 1 1
 [21] 1 0
 [20] 1 0
 [8] 1 0
 [7] 1 0
 [6] 1 1
 [28] 1 0
 [2] 1 1
 [47] 1 1
 [46] 1 1
1c2fb7db-51b4-49dc-b662-00df826f1eac
 [response time] 14.095
 [number of tasks] 5
 [nm p s]
 [40] 1 0
 [36] 1 1
 [35] 2 2
 [32] 1 1
 [29] 1 1
 [5] 1 0
 [49] 1 0
 [48] 1 0
 [0] 1 0
29f1a8e5-dc1d-4b40-be35-cee6ded5a179
 [response time] 13.175
 [number of tasks] 5
 [nm p s]
 [32] 1 1
 [49] 1 0
 [27] 2 2
 [3] 1 0
 [14] 1 0
 [25] 2 1
 [13] 1 0
 [11] 1 1
44bf9836-a584-4db7-893b-cdbd1b6f18a2
 [response time] 13.844
 [number of tasks] 5
 [nm p s]
 [22] 2 1
 [45] 1 0
 [42] 1 0
 [18] 1 1
 [17] 1 1
 [31] 1 1
 [28] 1 1
 [3] 1 0
 [23] 1 0
456694b6-5f02-49df-9336-dea1f43e3370
 [response time] 15.18
 [number of tasks] 5
 [nm p s]
 [37] 1 1
 [36] 1 0
 [35] 1 0
 [10] 1 0
 [9] 1 1
 [7] 1 0
 [4] 1 0
 [48] 1 1
 [1] 1 1
 [46] 1 1
f4a13dcf-87a7-4a73-a974-28dbabc2d769
 [response time] 15.237
 [number of tasks] 5
 [nm p s]
 [43] 1 1
 [19] 1 1
 [42] 1 0
 [38] 1 0
 [9] 2 0
 [6] 1 1
 [5] 1 1
 [4] 1 0
 [23] 1 1
e485c422-614c-4bb1-9815-e27da7435777
 [response time] 16.124
 [number of tasks] 5
 [nm p s]
 [19] 1 0
 [17] 1 0
 [14] 1 1
 [12] 1 0
 [35] 1 0
 [32] 1 1
 [7] 1 1
 [6] 1 0
 [28] 1 1
 [47] 1 1
c72b5b31-9260-42ab-95ab-8dfa0062f4cf
 [response time] 16.152
 [number of tasks] 5
 [nm p s]
 [10] 1 0
 [41] 1 0
 [29] 2 1
 [6] 1 1
 [24] 1 0
 [34] 1 1
 [33] 3 2
d30e6e75-4aae-4060-855a-0801ee6ef7c7
 [response time] 15.655
 [number of tasks] 5
 [nm p s]
 [22] 1 0
 [43] 1 0
 [19] 1 0
 [17] 1 1
 [15] 1 1
 [14] 1 0
 [33] 1 0
 [10] 1 1
 [32] 1 1
 [2] 1 1
28242802-c06c-4b3e-981a-1d689e9730c3
 [response time] 16.896
 [number of tasks] 5
 [nm p s]
 [44] 2 1
 [40] 1 0
 [37] 1 0
 [6] 1 1
 [29] 1 0
 [49] 1 0
 [24] 1 1
 [46] 1 1
 [0] 1 1
ca42d515-5266-44a5-a813-26e9a9c58ecb
 [response time] 16.169
 [number of tasks] 5
 [nm p s]
 [45] 1 0
 [17] 1 0
 [12] 1 0
 [11] 2 1
 [32] 1 0
 [30] 1 1
 [28] 1 1
 [4] 1 1
 [3] 1 1
3f95c7c9-c1f3-40e3-af63-6ed8050bacb7
 [response time] 17.569
 [number of tasks] 5
 [nm p s]
 [10] 2 1
 [19] 1 1
 [39] 1 0
 [24] 1 0
 [2] 2 2
 [12] 1 0
 [34] 1 1
 [1] 1 0
5ff57697-30f3-4cac-a6f4-ed7e0b413693
 [response time] 17.076
 [number of tasks] 5
 [nm p s]
 [45] 1 1
 [18] 1 1
 [14] 1 0
 [7] 1 0
 [5] 1 0
 [27] 1 1
 [3] 1 0
 [1] 1 1
 [24] 1 0
 [47] 1 1
5e8e7db4-c4d6-409a-9520-3f9f8179d079
 [response time] 16.703
 [number of tasks] 5
 [nm p s]
 [44] 1 0
 [17] 1 0
 [39] 1 0
 [15] 2 2
 [38] 1 1
 [11] 1 1
 [9] 1 0
 [26] 1 1
 [25] 1 0
76217970-ba93-4239-9ba8-46b8f284b187
 [response time] 18.04
 [number of tasks] 5
 [nm p s]
 [40] 1 0
 [39] 1 1
 [37] 1 1
 [34] 1 1
 [6] 1 0
 [5] 1 1
 [1] 1 1
 [24] 1 0
 [46] 2 0
21b8deff-35d0-4b0b-a946-13d6c04330a4
 [response time] 18.969
 [number of tasks] 5
 [nm p s]
 [17] 1 1
 [40] 1 0
 [15] 1 0
 [12] 1 0
 [11] 1 1
 [32] 1 1
 [27] 1 1
 [26] 1 0
 [47] 1 1
 [0] 1 0
3114c836-a06a-4686-9f26-b5152cf6667b
 [response time] 17.602
 [number of tasks] 5
 [nm p s]
 [43] 2 1
 [19] 1 1
 [41] 1 0
 [17] 1 1
 [38] 1 0
 [35] 1 1
 [3] 1 1
 [25] 1 0
 [46] 1 0
ebde8d36-cfbf-4ccf-9117-05143637b6c4
 [response time] 20.292
 [number of tasks] 5
 [nm p s]
 [19] 1 1
 [15] 1 1
 [7] 1 1
 [6] 1 0
 [5] 2 0
 [49] 1 0
 [48] 1 0
 [1] 1 1
 [0] 1 1
22116780-7bbf-4bd5-81dd-d7d547953c5d
 [response time] 18.747
 [number of tasks] 5
 [nm p s]
 [20] 1 1
 [19] 1 1
 [42] 1 1
 [18] 1 1
 [15] 1 0
 [36] 1 0
 [12] 1 0
 [3] 1 0
 [25] 1 1
 [0] 1 0
36f49fbd-37f8-4600-891d-551f9b224157
 [response time] 19.597
 [number of tasks] 5
 [nm p s]
 [22] 1 1
 [17] 1 0
 [16] 1 1
 [39] 1 1
 [37] 1 0
 [8] 1 0
 [30] 1 0
 [2] 2 2
 [23] 1 0
36b9d6f8-b947-4317-bf55-179c7639f7ae
 [response time] 18.906
 [number of tasks] 5
 [nm p s]
 [44] 1 0
 [43] 1 1
 [18] 1 1
 [36] 1 0
 [26] 1 1
 [2] 1 1
 [25] 1 1
 [0] 2 0
 [23] 1 0
158d13e0-1dc5-4de7-a460-62b1b41a5402
 [response time] 19.731
 [number of tasks] 5
 [nm p s]
 [22] 1 0
 [13] 1 0
 [12] 1 0
 [34] 1 1
 [8] 1 1
 [6] 1 0
 [25] 1 0
 [1] 1 1
 [24] 1 1
 [0] 1 1
c9ee14a0-68ab-416b-92f6-1636b8980be8
 [response time] 21.262
 [number of tasks] 5
 [nm p s]
 [42] 1 1
 [37] 1 1
 [13] 1 0
 [9] 1 0
 [6] 1 1
 [29] 1 0
 [27] 1 0
 [48] 1 0
 [0] 1 1
 [23] 1 1
c64d95e3-bb5c-430e-9360-4d776e851c75
 [response time] 20.502
 [number of tasks] 5
 [nm p s]
 [32] 1 1
 [31] 1 0
 [25] 1 1
 [35] 2 2
 [12] 1 1
 [23] 1 0
 [1] 1 0
 [22] 2 0
9e359e6d-ed6d-4d25-bae4-6317f7cca26e
 [response time] 20.186
 [number of tasks] 5
 [nm p s]
 [44] 1 0
 [21] 1 0
 [43] 1 1
 [18] 1 1
 [11] 1 0
 [34] 1 0
 [10] 1 1
 [5] 1 1
 [3] 1 0
 [49] 1 1
67600605-e083-47e5-a6b2-87c704b825df
 [response time] 20.587
 [number of tasks] 5
 [nm p s]
 [30] 1 0
 [40] 1 1
 [28] 1 0
 [16] 1 1
 [5] 3 1
 [3] 1 0
 [14] 1 1
 [46] 1 1
e0fdc73b-5a76-4199-a306-e77ae4c98fa8
 [response time] 21.238
 [number of tasks] 5
 [nm p s]
 [22] 1 1
 [16] 1 1
 [36] 1 1
 [12] 1 1
 [34] 1 0
 [6] 1 0
 [28] 1 0
 [27] 1 0
 [2] 1 0
 [1] 1 1
cbf7c39a-650c-4442-a017-13704fbe4d90
 [response time] 20.838
 [number of tasks] 5
 [nm p s]
 [20] 1 1
 [43] 1 0
 [15] 1 1
 [13] 1 0
 [36] 1 0
 [9] 1 0
 [6] 2 2
 [47] 1 0
 [0] 1 1
fb2c972e-9be5-45c2-9ab1-899357b1c22c
 [response time] 21.54
 [number of tasks] 5
 [nm p s]
 [44] 1 1
 [18] 2 0
 [16] 1 1
 [37] 1 1
 [33] 1 1
 [6] 1 0
 [25] 1 0
 [24] 1 1
 [0] 1 0
85581fc6-66db-4b43-b081-c7365d610f7f
 [response time] 22.518
 [number of tasks] 5
 [nm p s]
 [32] 1 0
 [19] 1 1
 [30] 1 0
 [39] 1 1
 [17] 2 2
 [38] 1 0
 [16] 1 1
 [13] 2 0
12da10a3-a74a-4535-9bbe-be945eff85da
 [response time] 23.475
 [number of tasks] 5
 [nm p s]
 [42] 1 0
 [11] 1 0
 [34] 1 1
 [7] 1 1
 [6] 1 1
 [49] 1 1
 [2] 1 1
 [1] 1 0
 [47] 2 0
fd3a2533-c973-4d45-9675-e901039659d0
 [response time] 23.902
 [number of tasks] 5
 [nm p s]
 [9] 1 1
 [41] 1 1
 [39] 1 1
 [6] 2 0
 [4] 1 1
 [3] 1 0
 [46] 1 1
 [12] 2 0
bd8cca1d-d903-490e-9384-cd9f15d79a00
 [response time] 24.705
 [number of tasks] 5
 [nm p s]
 [20] 1 0
 [17] 1 0
 [40] 1 1
 [15] 1 0
 [11] 1 1
 [6] 1 0
 [2] 1 1
 [25] 1 1
 [24] 1 1
 [23] 1 0
4d5f8e74-afa5-4e3c-95d0-30010c3b7dbb
 [response time] 25.796
 [number of tasks] 5
 [nm p s]
 [43] 1 0
 [14] 1 1
 [36] 1 1
 [12] 1 1
 [29] 1 0
 [6] 1 0
 [4] 1 1
 [2] 2 1
 [48] 1 0
55df7417-ebab-4221-8ed8-f7c76f3860ee
 [response time] 24.648
 [number of tasks] 5
 [nm p s]
 [45] 1 0
 [44] 1 1
 [20] 1 1
 [17] 1 1
 [39] 1 0
 [36] 1 1
 [30] 1 0
 [6] 1 0
 [48] 1 0
 [23] 1 1
d9e339d2-4dc8-4d4b-96fb-fba8bc4ad112
 [response time] 25.006
 [number of tasks] 5
 [nm p s]
 [22] 1 0
 [21] 2 2
 [18] 1 0
 [13] 1 0
 [32] 1 0
 [29] 1 1
 [4] 1 0
 [25] 1 1
 [0] 1 1
5a4fb252-d021-431a-968c-d25602691a97
 [response time] 25.719
 [number of tasks] 5
 [nm p s]
 [19] 2 2
 [17] 1 1
 [39] 1 1
 [33] 1 0
 [29] 1 0
 [4] 1 1
 [26] 1 0
 [47] 1 0
 [23] 1 0
490272c5-21f7-4164-9d88-07e86dd803ed
 [response time] 25.31
 [number of tasks] 5
 [nm p s]
 [22] 1 1
 [45] 2 2
 [38] 1 0
 [13] 1 0
 [30] 1 1
 [6] 1 1
 [29] 1 0
 [27] 1 0
 [2] 1 0
92215752-6a77-4923-85a4-b677528b1077
 [response time] 25.73
 [number of tasks] 5
 [nm p s]
 [21] 1 0
 [40] 1 0
 [15] 1 1
 [38] 1 0
 [12] 1 1
 [11] 1 0
 [9] 1 0
 [6] 1 1
 [27] 1 1
 [3] 1 1
9f8efe6f-c082-4a0e-8d71-f898d66e3f52
 [response time] 25.379
 [number of tasks] 5
 [nm p s]
 [22] 1 1
 [19] 1 0
 [17] 1 1
 [37] 1 1
 [33] 1 0
 [9] 1 1
 [4] 1 0
 [27] 1 0
 [46] 1 0
 [23] 1 1
8ada85fd-e3a0-44c1-a585-26a87a88aa76
 [response time] 26.009
 [number of tasks] 5
 [nm p s]
 [22] 1 0
 [15] 1 0
 [35] 1 0
 [12] 1 0
 [34] 1 0
 [10] 1 1
 [9] 1 1
 [5] 1 1
 [27] 2 2
dcfe485b-07f0-4102-bf7d-c20590626fbd
 [response time] 25.165
 [number of tasks] 5
 [nm p s]
 [45] 1 0
 [39] 1 1
 [15] 1 0
 [10] 1 0
 [7] 2 2
 [28] 1 0
 [3] 1 1
 [49] 1 0
 [2] 1 1
6d5e4dfb-cfef-4dd6-ace2-6cc1db4a7b19
 [response time] 25.948
 [number of tasks] 5
 [nm p s]
 [42] 1 0
 [31] 2 1
 [19] 1 0
 [15] 1 1
 [48] 1 1
 [2] 1 1
 [35] 2 1
 [12] 1 0
94f49c0f-e9cc-449c-bed4-0bd4956f5064
 [response time] 27.372
 [number of tasks] 5
 [nm p s]
 [43] 1 0
 [16] 1 0
 [15] 1 1
 [33] 1 1
 [8] 1 0
 [31] 1 0
 [3] 1 0
 [24] 1 1
 [23] 1 1
 [0] 1 1
bfd76ac8-0f09-4772-97a8-50a4a6d1053a
 [response time] 27.061
 [number of tasks] 5
 [nm p s]
 [43] 2 1
 [42] 1 1
 [18] 1 0
 [39] 1 0
 [14] 1 0
 [11] 1 0
 [25] 1 1
 [1] 1 1
 [47] 1 1
20efa545-e7e7-4532-8e40-8bc091470fe3
 [response time] 28.088
 [number of tasks] 5
 [nm p s]
 [21] 1 1
 [20] 1 1
 [18] 1 0
 [17] 1 1
 [32] 1 0
 [4] 1 0
 [3] 1 1
 [26] 1 0
 [48] 1 0
 [47] 1 1
6283c4e4-6158-495a-a7de-9e9b07de0dd8
 [response time] 25.68
 [number of tasks] 5
 [nm p s]
 [44] 1 1
 [41] 2 0
 [14] 1 0
 [8] 1 1
 [30] 1 0
 [4] 1 1
 [49] 1 1
 [2] 1 1
 [0] 1 0
40b3424f-5840-4bf5-ada6-95f318c54cc5
 [response time] 27.125
 [number of tasks] 5
 [nm p s]
 [18] 1 1
 [39] 1 0
 [13] 1 1
 [36] 2 1
 [34] 1 0
 [8] 1 0
 [5] 1 1
 [0] 1 1
 [46] 1 0
66ae7cbf-8086-4e7f-8744-0ff7fd2b076d
 [response time] 27.547
 [number of tasks] 5
 [nm p s]
 [45] 1 0
 [39] 1 0
 [15] 1 1
 [35] 1 1
 [12] 1 0
 [8] 1 0
 [6] 1 1
 [27] 1 1
 [26] 1 1
 [49] 1 0
708a433d-0d44-4730-b0ca-b5409e19abf1
 [response time] 27.797
 [number of tasks] 5
 [nm p s]
 [44] 1 1
 [19] 1 0
 [39] 1 0
 [13] 1 1
 [11] 1 1
 [30] 1 0
 [5] 1 1
 [26] 1 1
 [25] 1 0
 [0] 1 0
489609fd-b27d-46b3-9663-f88c044e9cc9
 [response time] 28.393
 [number of tasks] 5
 [nm p s]
 [22] 1 1
 [17] 1 1
 [12] 2 0
 [10] 1 1
 [7] 1 1
 [30] 1 0
 [26] 1 1
 [24] 1 0
 [0] 1 0
b93c9984-e9ad-4429-ab5a-21b514297200
 [response time] 28.647
 [number of tasks] 5
 [nm p s]
 [45] 1 0
 [44] 1 1
 [19] 1 1
 [38] 1 1
 [13] 1 0
 [9] 1 1
 [27] 1 0
 [2] 1 0
 [48] 1 0
 [46] 1 1
a7619f83-4bd3-4161-91be-9bf62871c57e
 [response time] 30.003
 [number of tasks] 5
 [nm p s]
 [42] 1 0
 [20] 1 0
 [29] 1 1
 [27] 2 2
 [38] 1 0
 [47] 1 0
 [25] 1 1
 [0] 2 1
d061605d-f93c-46e9-8eb4-de1677a15950
 [response time] 30.378
 [number of tasks] 5
 [nm p s]
 [44] 1 0
 [18] 2 1
 [16] 1 0
 [38] 1 1
 [12] 1 1
 [35] 1 0
 [33] 1 0
 [32] 1 1
 [1] 1 1
4e85fc5b-26e6-4752-b14e-8d13b91f6888
 [response time] 29.509
 [number of tasks] 5
 [nm p s]
 [21] 2 2
 [10] 1 1
 [40] 1 1
 [7] 1 0
 [37] 1 1
 [46] 1 0
 [13] 2 0
 [44] 1 0
490358d9-bde1-4603-b188-b296410f7c23
 [response time] 30.6
 [number of tasks] 5
 [nm p s]
 [41] 1 1
 [14] 1 0
 [34] 1 1
 [8] 1 0
 [5] 1 1
 [28] 1 0
 [4] 1 1
 [3] 1 0
 [0] 1 0
 [23] 1 1
60a537da-ea40-4a7d-b9d2-d4fe46f6c78a
 [response time] 31.133
 [number of tasks] 5
 [nm p s]
 [43] 1 0
 [41] 1 1
 [40] 1 0
 [38] 1 0
 [14] 1 1
 [10] 1 0
 [26] 2 1
 [2] 1 1
 [25] 1 1
04608583-200e-4c73-9090-6f45235eda51
 [response time] 31.506
 [number of tasks] 5
 [nm p s]
 [40] 1 0
 [10] 1 0
 [6] 1 0
 [4] 1 1
 [3] 1 1
 [26] 1 0
 [1] 1 1
 [24] 1 1
 [47] 1 0
 [0] 1 1
6dfd9f3b-7597-4763-8a73-a6794863f76f
 [response time] 32.788
 [number of tasks] 5
 [nm p s]
 [43] 1 0
 [37] 1 0
 [13] 1 0
 [11] 1 1
 [8] 1 1
 [29] 1 1
 [25] 2 1
 [48] 1 0
 [1] 1 1
365a2109-2103-4d1c-b6f6-37a8b0e83fe2
 [response time] 31.699
 [number of tasks] 5
 [nm p s]
 [22] 1 0
 [45] 1 0
 [43] 1 0
 [15] 2 2
 [14] 1 1
 [9] 1 1
 [6] 1 0
 [1] 1 1
 [46] 1 0
b6f09153-aa18-444d-95f6-00cbf12cb9aa
 [response time] 31.904
 [number of tasks] 5
 [nm p s]
 [44] 1 1
 [21] 1 1
 [19] 1 1
 [40] 1 1
 [39] 1 0
 [37] 1 1
 [31] 1 0
 [29] 1 0
 [26] 1 0
 [24] 1 0
341c894e-16d8-4917-bc3f-09570308fed6
 [response time] 33.527
 [number of tasks] 5
 [nm p s]
 [43] 1 1
 [42] 1 0
 [17] 1 1
 [40] 1 0
 [16] 1 1
 [34] 1 1
 [9] 1 0
 [29] 1 1
 [24] 1 0
 [46] 1 0
57884880-14e5-4f6c-a0f7-43ba9ff424ff
 [response time] 34.56
 [number of tasks] 5
 [nm p s]
 [45] 1 0
 [44] 1 1
 [42] 1 1
 [17] 1 0
 [13] 1 1
 [11] 1 1
 [9] 1 0
 [26] 1 0
 [48] 1 1
 [23] 1 0
c4fb60d8-e16b-4896-bf7c-ab5891918ede
 [response time] 34.369
 [number of tasks] 5
 [nm p s]
 [22] 1 1
 [45] 1 0
 [21] 1 1
 [12] 1 0
 [10] 1 1
 [8] 2 1
 [5] 1 1
 [27] 1 0
 [24] 1 0
4d93350c-90d7-46b2-8d03-98e43c2d3472
 [response time] 36.358
 [number of tasks] 5
 [nm p s]
 [44] 1 1
 [42] 2 1
 [41] 1 0
 [36] 1 0
 [4] 1 0
 [27] 1 1
 [25] 1 0
 [1] 1 1
 [0] 1 1
