[scheduler id] 4
[number of node monitors] 50

[job statistics]
89813ca6-490c-4fd7-9104-a90d9cc60b3d
 [response time] 1.822
 [number of tasks] 5
 [nm p s]
 [45] 1 0
 [17] 1 1
 [16] 1 1
 [15] 1 0
 [14] 2 0
 [36] 1 0
 [6] 1 1
 [28] 1 1
 [1] 1 1
16628c1f-46ee-4d5e-907d-28a7a32143c1
 [response time] 2.14
 [number of tasks] 5
 [nm p s]
 [44] 1 1
 [21] 1 0
 [18] 1 1
 [14] 1 0
 [37] 1 1
 [10] 1 0
 [8] 1 1
 [4] 1 0
 [25] 1 1
 [1] 1 0
d9d6aa24-ff63-44dd-835c-607dc9941e57
 [response time] 2.801
 [number of tasks] 5
 [nm p s]
 [22] 1 0
 [43] 1 0
 [41] 1 0
 [39] 1 1
 [12] 1 0
 [34] 1 1
 [32] 1 1
 [31] 1 0
 [4] 1 1
 [23] 1 1
3f9d8e07-e258-4963-b839-caa4377ac50a
 [response time] 2.822
 [number of tasks] 5
 [nm p s]
 [44] 1 0
 [20] 1 1
 [15] 1 0
 [11] 1 0
 [5] 1 0
 [27] 1 0
 [26] 1 1
 [25] 1 1
 [24] 1 1
 [1] 1 1
02b30d6e-fca6-4549-9e49-c9cbe5884699
 [response time] 3.609
 [number of tasks] 5
 [nm p s]
 [45] 1 0
 [44] 1 1
 [38] 2 2
 [36] 1 1
 [33] 1 0
 [30] 1 0
 [29] 1 0
 [24] 1 1
 [0] 1 0
996d3406-8df7-4226-9f19-16503d57501f
 [response time] 4.154
 [number of tasks] 5
 [nm p s]
 [45] 1 0
 [20] 1 1
 [40] 1 0
 [39] 1 1
 [13] 1 1
 [7] 2 0
 [6] 1 0
 [29] 1 1
 [3] 1 1
844f4f47-6aab-48f7-8c90-52c3994271bb
 [response time] 4.167
 [number of tasks] 5
 [nm p s]
 [21] 1 0
 [19] 1 0
 [18] 1 0
 [39] 1 1
 [13] 1 1
 [27] 1 1
 [48] 1 0
 [24] 1 1
 [47] 1 0
 [23] 1 1
84f7cc8e-7cb0-43f0-ab06-68c32915ce21
 [response time] 4.793
 [number of tasks] 5
 [nm p s]
 [22] 1 0
 [41] 1 0
 [13] 1 0
 [35] 1 0
 [34] 1 1
 [31] 1 1
 [30] 1 0
 [26] 1 1
 [2] 1 1
 [1] 1 1
0e6b8e88-02db-4112-b780-708173b88b1d
 [response time] 4.548
 [number of tasks] 5
 [nm p s]
 [10] 1 1
 [9] 2 0
 [41] 2 1
 [27] 1 0
 [36] 1 1
 [45] 1 1
 [33] 1 1
 [22] 1 0
8bcfb6e5-28f5-4d3e-9abd-99dff157319c
 [response time] 5.681
 [number of tasks] 5
 [nm p s]
 [22] 1 1
 [38] 2 0
 [12] 1 0
 [35] 1 1
 [11] 1 0
 [34] 1 1
 [32] 1 1
 [31] 1 1
 [23] 1 0
56be1fc0-ee59-4f9a-8279-caa58e5868f8
 [response time] 5.058
 [number of tasks] 5
 [nm p s]
 [42] 1 0
 [18] 1 0
 [15] 1 1
 [33] 1 1
 [29] 1 1
 [5] 1 0
 [25] 1 0
 [48] 2 2
 [0] 1 0
2ccf5ca1-afa8-41c2-8816-36f6995820d1
 [response time] 5.564
 [number of tasks] 5
 [nm p s]
 [44] 1 0
 [20] 2 1
 [37] 1 0
 [35] 1 1
 [11] 1 1
 [29] 1 1
 [26] 1 0
 [48] 1 1
 [24] 1 0
52401cbd-13d5-4b7f-b351-2a67ae44be5e
 [response time] 6.176
 [number of tasks] 5
 [nm p s]
 [21] 1 0
 [16] 1 0
 [39] 1 1
 [36] 1 1
 [31] 1 0
 [26] 1 1
 [3] 2 1
 [49] 1 0
 [47] 1 1
c960e52b-4923-43e4-920a-27c3c2798277
 [response time] 6.371
 [number of tasks] 5
 [nm p s]
 [9] 1 1
 [42] 3 2
 [41] 1 0
 [8] 1 0
 [17] 1 1
 [5] 1 0
 [48] 1 1
 [45] 1 0
b5db6de1-3aa9-4ef7-a0ab-084dde5d8975
 [response time] 6.83
 [number of tasks] 5
 [nm p s]
 [19] 2 2
 [7] 1 1
 [39] 1 1
 [6] 1 0
 [37] 1 0
 [15] 1 0
 [13] 2 0
 [2] 1 1
e6056979-1211-412a-b5fc-04f14457c864
 [response time] 7.124
 [number of tasks] 5
 [nm p s]
 [44] 1 0
 [43] 1 0
 [18] 1 1
 [41] 1 0
 [39] 1 1
 [33] 2 2
 [6] 1 0
 [49] 1 0
 [0] 1 1
c55af34c-3f91-4167-b563-5dc441053ade
 [response time] 7.38
 [number of tasks] 5
 [nm p s]
 [42] 1 0
 [41] 1 0
 [7] 2 0
 [26] 1 1
 [35] 1 1
 [23] 2 2
 [22] 1 0
 [0] 1 1
b7c5d24d-21e3-4d99-8f66-b47b25b2210e
 [response time] 7.662
 [number of tasks] 5
 [nm p s]
 [42] 2 1
 [17] 1 0
 [36] 1 0
 [12] 1 0
 [30] 1 1
 [28] 1 0
 [49] 1 1
 [2] 1 1
 [24] 1 1
da02f05a-8bb3-4eb9-9efb-0d5836405c74
 [response time] 7.924
 [number of tasks] 5
 [nm p s]
 [41] 1 1
 [17] 1 1
 [36] 1 0
 [10] 1 1
 [29] 1 1
 [49] 2 0
 [25] 1 0
 [0] 1 1
 [46] 1 0
4d5078ae-dfef-41d3-8fe4-d9e853eb5eb5
 [response time] 8.543
 [number of tasks] 5
 [nm p s]
 [10] 1 1
 [31] 1 1
 [18] 1 1
 [17] 2 0
 [48] 1 0
 [37] 1 1
 [14] 2 0
 [34] 1 1
be95388a-853e-4774-8114-e89e2c85c7b8
 [response time] 8.966
 [number of tasks] 5
 [nm p s]
 [22] 1 1
 [44] 1 1
 [19] 1 0
 [41] 1 0
 [12] 1 1
 [33] 1 0
 [7] 1 0
 [6] 1 1
 [5] 1 1
 [2] 1 0
7564ba31-0960-4830-9163-062caa50a308
 [response time] 8.779
 [number of tasks] 5
 [nm p s]
 [20] 1 0
 [42] 1 0
 [18] 1 1
 [40] 2 1
 [36] 1 1
 [32] 1 1
 [8] 1 1
 [6] 1 0
 [29] 1 0
0dd621d4-056a-4787-93df-9a7bf56ed589
 [response time] 9.494
 [number of tasks] 5
 [nm p s]
 [22] 1 1
 [41] 1 1
 [37] 1 0
 [32] 1 0
 [31] 2 1
 [29] 1 1
 [3] 1 0
 [0] 1 0
 [46] 1 1
9f780763-3471-49df-a4e7-32a46d55afa5
 [response time] 9.314
 [number of tasks] 5
 [nm p s]
 [21] 1 0
 [44] 1 1
 [42] 1 0
 [40] 1 0
 [15] 1 0
 [14] 1 1
 [8] 1 1
 [29] 1 1
 [3] 1 1
 [26] 1 0
1b71bd6d-1e97-49c1-9cf9-040b01bb1a0c
 [response time] 10.435
 [number of tasks] 5
 [nm p s]
 [43] 1 1
 [19] 1 0
 [34] 1 0
 [33] 1 0
 [9] 1 0
 [32] 1 1
 [7] 1 1
 [29] 1 0
 [26] 1 1
 [1] 1 1
260d6e3e-9b9d-4f29-b8af-8b9cee14a29e
 [response time] 9.893
 [number of tasks] 5
 [nm p s]
 [45] 1 0
 [44] 1 0
 [43] 1 0
 [38] 1 1
 [14] 1 0
 [10] 1 1
 [30] 1 1
 [27] 1 0
 [25] 1 1
 [47] 1 1
9004491d-6873-45bf-a80d-68fac3bd03ef
 [response time] 11.357
 [number of tasks] 5
 [nm p s]
 [11] 1 0
 [33] 1 1
 [9] 1 0
 [31] 1 0
 [7] 1 0
 [49] 1 1
 [2] 1 1
 [48] 1 0
 [24] 1 1
 [0] 1 1
f5ce6696-f4bb-418a-a451-104270df01f4
 [response time] 10.971
 [number of tasks] 5
 [nm p s]
 [44] 1 0
 [40] 1 0
 [15] 1 1
 [36] 1 0
 [12] 1 1
 [35] 1 1
 [11] 1 0
 [31] 1 0
 [29] 1 1
 [2] 1 1
54130ce6-6d96-4c62-bcd4-95e5899e9017
 [response time] 11.067
 [number of tasks] 5
 [nm p s]
 [37] 1 1
 [13] 1 0
 [35] 1 1
 [34] 1 1
 [32] 1 1
 [31] 1 0
 [7] 1 1
 [3] 1 0
 [25] 1 0
 [23] 1 0
1cf02c9d-018e-4679-8cc9-a42ca92c90a9
 [response time] 11.518
 [number of tasks] 5
 [nm p s]
 [45] 1 1
 [43] 1 1
 [18] 1 0
 [40] 2 0
 [16] 1 0
 [15] 1 1
 [14] 1 1
 [47] 1 1
 [23] 1 0
1d4b2a15-1464-48a8-b0f1-2fa0905619e6
 [response time] 12.151
 [number of tasks] 5
 [nm p s]
 [43] 1 1
 [14] 1 1
 [13] 1 0
 [10] 1 0
 [27] 1 0
 [1] 2 2
 [0] 1 0
 [23] 1 0
 [46] 1 1
b167013e-fb00-4291-a0a7-d54fa07709e4
 [response time] 12.604
 [number of tasks] 5
 [nm p s]
 [20] 1 0
 [42] 1 1
 [37] 1 0
 [30] 1 1
 [6] 1 1
 [27] 1 0
 [26] 1 1
 [48] 1 0
 [46] 2 1
384faa92-59b1-454c-b434-ec214f903b2c
 [response time] 11.805
 [number of tasks] 5
 [nm p s]
 [44] 1 0
 [43] 1 1
 [12] 1 1
 [11] 1 0
 [10] 1 1
 [8] 1 0
 [26] 1 1
 [2] 2 1
 [24] 1 0
3bb3a0c6-7659-4894-ae0f-2ac8f881a54d
 [response time] 13.18
 [number of tasks] 5
 [nm p s]
 [43] 1 1
 [19] 1 0
 [41] 1 1
 [40] 1 1
 [13] 1 0
 [33] 1 1
 [31] 1 0
 [28] 1 1
 [3] 1 0
 [0] 1 0
8ca18027-ecaf-40f0-9b61-8a4869fd76fc
 [response time] 13.836
 [number of tasks] 5
 [nm p s]
 [22] 1 0
 [18] 1 0
 [41] 1 1
 [15] 1 1
 [37] 1 1
 [35] 1 1
 [34] 1 0
 [10] 1 0
 [6] 1 0
 [46] 1 1
750d745a-2931-452a-af57-894131dde14b
 [response time] 14.24
 [number of tasks] 5
 [nm p s]
 [22] 1 0
 [21] 1 1
 [20] 1 1
 [42] 1 0
 [41] 1 1
 [16] 1 0
 [39] 2 1
 [12] 1 0
 [26] 1 1
51deaafb-f49c-4121-bca8-87881c4f14dd
 [response time] 13.791
 [number of tasks] 5
 [nm p s]
 [21] 1 1
 [17] 1 0
 [10] 1 1
 [8] 1 1
 [7] 1 1
 [28] 2 0
 [25] 1 1
 [24] 1 0
 [46] 1 0
496e5006-2ef3-4aa1-9885-de6062e4c853
 [response time] 14.061
 [number of tasks] 5
 [nm p s]
 [19] 1 0
 [18] 1 0
 [12] 1 1
 [11] 1 0
 [10] 1 1
 [31] 1 0
 [7] 2 2
 [6] 1 1
 [29] 1 0
e28836d7-8361-4797-b51e-b9fa93e02914
 [response time] 14.781
 [number of tasks] 5
 [nm p s]
 [43] 1 1
 [19] 1 1
 [16] 1 0
 [38] 1 1
 [13] 1 0
 [36] 1 0
 [33] 1 1
 [49] 1 0
 [1] 1 0
 [23] 1 1
951a39ef-3142-4c43-a4e8-0104439d910a
 [response time] 14.695
 [number of tasks] 5
 [nm p s]
 [43] 1 1
 [31] 1 0
 [42] 1 0
 [19] 1 0
 [30] 2 2
 [49] 1 0
 [46] 2 1
 [0] 1 1
8069472e-35da-4fc0-89f1-7cec3d91b430
 [response time] 15.026
 [number of tasks] 5
 [nm p s]
 [21] 2 2
 [40] 1 0
 [16] 1 1
 [33] 1 0
 [5] 1 0
 [49] 1 0
 [1] 1 0
 [23] 1 1
 [46] 1 1
d7b5d4c3-6d3a-42c5-bb89-6642e5ad2acf
 [response time] 15.141
 [number of tasks] 5
 [nm p s]
 [42] 1 0
 [16] 1 1
 [15] 1 1
 [35] 1 1
 [30] 1 0
 [27] 1 1
 [4] 1 0
 [48] 1 0
 [24] 1 1
 [46] 1 0
33164192-9027-47aa-acab-d93e17150bcb
 [response time] 14.984
 [number of tasks] 5
 [nm p s]
 [42] 1 0
 [41] 2 0
 [15] 1 0
 [37] 1 0
 [13] 1 1
 [28] 1 1
 [3] 1 1
 [48] 1 1
 [47] 1 1
546f3808-2543-4e37-90a4-d5fa27576607
 [response time] 17.585
 [number of tasks] 5
 [nm p s]
 [22] 1 0
 [44] 1 1
 [15] 2 0
 [37] 1 0
 [12] 1 1
 [30] 1 1
 [26] 1 1
 [25] 1 1
 [48] 1 0
52196090-654f-48eb-a557-e5b77b971fe6
 [response time] 16.564
 [number of tasks] 5
 [nm p s]
 [43] 2 0
 [18] 1 1
 [17] 1 0
 [39] 1 0
 [13] 1 1
 [30] 1 1
 [29] 1 1
 [48] 1 1
 [23] 1 0
1a709f07-4a78-4912-a511-4f6bda16cba6
 [response time] 16.957
 [number of tasks] 5
 [nm p s]
 [44] 1 1
 [21] 1 1
 [20] 1 0
 [38] 1 0
 [14] 1 0
 [8] 1 0
 [7] 1 1
 [5] 1 1
 [4] 1 0
 [24] 1 1
b28c980a-aa70-4807-8b30-f895a03427be
 [response time] 16.104
 [number of tasks] 5
 [nm p s]
 [20] 1 1
 [19] 1 0
 [7] 1 1
 [49] 1 0
 [37] 2 2
 [3] 1 0
 [45] 1 0
 [23] 2 1
1c239039-ef82-44ad-8a3f-46d08eaf819f
 [response time] 16.683
 [number of tasks] 5
 [nm p s]
 [39] 1 1
 [14] 1 0
 [13] 1 0
 [11] 1 1
 [8] 1 0
 [7] 1 0
 [28] 2 2
 [4] 1 0
 [1] 1 1
3270da3d-adac-42b0-9529-1bee319e2f1f
 [response time] 18.039
 [number of tasks] 5
 [nm p s]
 [22] 1 1
 [45] 1 0
 [43] 1 0
 [14] 1 0
 [13] 1 0
 [12] 1 1
 [11] 1 1
 [29] 1 1
 [4] 1 1
 [49] 1 0
f6e518f9-8660-4ed2-897b-cdf1c9267e53
 [response time] 17.387
 [number of tasks] 5
 [nm p s]
 [22] 1 0
 [44] 1 1
 [19] 1 1
 [38] 1 0
 [13] 1 1
 [35] 1 1
 [28] 2 0
 [25] 1 1
 [46] 1 0
58360e15-83b4-4f0b-86a8-56f3139ebe69
 [response time] 18.042
 [number of tasks] 5
 [nm p s]
 [18] 1 0
 [39] 2 2
 [36] 1 0
 [32] 1 0
 [7] 1 1
 [5] 1 0
 [26] 1 1
 [24] 1 1
 [0] 1 0
f8af0539-8a43-47b8-8bb5-d26828f3587d
 [response time] 17.749
 [number of tasks] 5
 [nm p s]
 [22] 1 0
 [17] 1 1
 [16] 1 0
 [39] 1 1
 [38] 1 1
 [11] 2 1
 [34] 1 1
 [4] 1 0
 [0] 1 0
b8e64db2-7c95-4dfc-b75b-5f2d3da2a0f6
 [response time] 18.01
 [number of tasks] 5
 [nm p s]
 [36] 1 1
 [10] 2 2
 [9] 1 0
 [7] 1 0
 [28] 1 1
 [3] 1 1
 [25] 1 0
 [47] 1 0
 [24] 1 0
a0a91178-fb54-4206-997b-13f93c936b78
 [response time] 19.575
 [number of tasks] 5
 [nm p s]
 [45] 1 1
 [21] 1 0
 [17] 1 1
 [39] 1 0
 [38] 1 0
 [13] 1 1
 [49] 1 1
 [26] 1 0
 [25] 1 1
 [23] 1 0
78145c07-a072-4520-b87d-5cf8fd0c39a2
 [response time] 20.223
 [number of tasks] 5
 [nm p s]
 [22] 1 0
 [21] 1 1
 [20] 1 0
 [42] 1 0
 [18] 1 1
 [15] 1 0
 [14] 1 1
 [5] 1 1
 [26] 1 1
 [46] 1 0
e49df5ba-5599-4787-a78b-8ef7e4487deb
 [response time] 20.596
 [number of tasks] 5
 [nm p s]
 [21] 1 0
 [39] 1 1
 [37] 1 1
 [13] 1 0
 [34] 1 1
 [33] 1 0
 [4] 1 1
 [24] 1 0
 [47] 1 1
 [46] 1 0
ed929195-303c-476c-a2d3-9525598518b8
 [response time] 19.94
 [number of tasks] 5
 [nm p s]
 [16] 1 1
 [38] 1 0
 [11] 1 1
 [32] 2 0
 [8] 1 1
 [4] 1 1
 [26] 1 1
 [25] 1 0
 [47] 1 0
9212eb07-7521-4bf9-b588-d0781bc68d41
 [response time] 20.368
 [number of tasks] 5
 [nm p s]
 [45] 1 1
 [43] 1 0
 [18] 1 0
 [40] 1 0
 [39] 1 0
 [13] 1 1
 [12] 1 1
 [32] 1 1
 [47] 1 1
 [23] 1 0
0d90aa90-526e-4535-abbb-810f2a6ddf8d
 [response time] 19.45
 [number of tasks] 5
 [nm p s]
 [21] 1 0
 [19] 1 1
 [34] 1 0
 [11] 1 1
 [8] 2 1
 [31] 1 1
 [30] 1 0
 [1] 1 0
 [47] 1 1
81886e21-14fb-4cf7-a3f3-6f7634ee649e
 [response time] 20.746
 [number of tasks] 5
 [nm p s]
 [20] 1 1
 [18] 1 0
 [14] 1 1
 [8] 2 2
 [7] 1 1
 [27] 1 0
 [3] 1 0
 [0] 1 0
 [46] 1 0
f1500a7a-3174-44c8-8a82-26b9b871e5f1
 [response time] 22.907
 [number of tasks] 5
 [nm p s]
 [45] 1 0
 [43] 1 0
 [18] 1 1
 [38] 1 1
 [13] 1 1
 [35] 1 0
 [7] 1 0
 [29] 1 0
 [49] 1 1
 [48] 1 1
26b7ff30-3a95-4984-84cb-f4ac84346e29
 [response time] 22.152
 [number of tasks] 5
 [nm p s]
 [45] 1 0
 [21] 1 0
 [19] 1 1
 [41] 1 0
 [37] 1 1
 [36] 1 0
 [30] 1 1
 [4] 1 0
 [1] 1 1
 [47] 1 1
6c8bc589-eba4-4640-a1ae-5afe11599808
 [response time] 22.163
 [number of tasks] 5
 [nm p s]
 [21] 1 0
 [17] 1 0
 [15] 1 0
 [13] 2 2
 [10] 1 0
 [32] 1 0
 [28] 1 1
 [3] 1 1
 [26] 1 1
bda0ebef-0422-429c-9a10-9616f98f52e9
 [response time] 23.8
 [number of tasks] 5
 [nm p s]
 [22] 1 0
 [42] 1 1
 [12] 1 0
 [35] 1 0
 [10] 1 1
 [31] 1 1
 [28] 1 0
 [26] 1 1
 [2] 1 0
 [24] 1 1
8a1fa790-5ac3-4849-8498-26aa06185f9d
 [response time] 24.643
 [number of tasks] 5
 [nm p s]
 [21] 2 0
 [43] 1 1
 [18] 1 0
 [39] 1 1
 [15] 1 1
 [11] 1 1
 [2] 1 0
 [48] 1 1
 [1] 1 0
4854d6f1-062d-4137-a73c-ef0f88e6328a
 [response time] 23.396
 [number of tasks] 5
 [nm p s]
 [44] 1 0
 [19] 1 1
 [18] 1 1
 [13] 2 1
 [11] 1 0
 [34] 1 1
 [33] 1 0
 [32] 1 0
 [8] 1 1
83d81e1a-70c1-4592-93e9-09a99a17bb3a
 [response time] 22.811
 [number of tasks] 5
 [nm p s]
 [44] 1 0
 [43] 1 0
 [16] 1 0
 [38] 1 1
 [37] 1 1
 [31] 1 1
 [30] 1 1
 [5] 1 0
 [28] 1 0
 [2] 1 1
cffdd6ce-e7f5-456d-9079-aabdbd7dc0b5
 [response time] 24.269
 [number of tasks] 5
 [nm p s]
 [43] 2 1
 [18] 1 1
 [39] 1 0
 [9] 1 1
 [8] 1 0
 [5] 1 0
 [25] 1 1
 [1] 1 0
 [46] 1 1
d3be7144-6d5b-4972-97b8-6a20e6a040cd
 [response time] 25.033
 [number of tasks] 5
 [nm p s]
 [22] 1 1
 [18] 1 0
 [17] 1 1
 [39] 1 1
 [38] 1 0
 [33] 1 0
 [30] 1 0
 [7] 1 0
 [5] 1 1
 [3] 1 1
1f7e755c-c792-41d1-b2ac-565290801033
 [response time] 23.858
 [number of tasks] 5
 [nm p s]
 [19] 1 1
 [18] 1 1
 [16] 1 0
 [36] 2 1
 [35] 1 0
 [28] 1 0
 [26] 1 1
 [47] 1 1
 [23] 1 0
ea8920e4-f5ae-475b-b27f-5b205a9e05d5
 [response time] 23.391
 [number of tasks] 5
 [nm p s]
 [44] 1 0
 [21] 1 1
 [19] 1 0
 [17] 1 0
 [38] 1 1
 [11] 1 1
 [29] 2 0
 [26] 1 1
 [23] 1 1
786248cc-8fa4-4ee7-9e27-0b83c1db51d8
 [response time] 25.662
 [number of tasks] 5
 [nm p s]
 [22] 1 1
 [21] 1 1
 [20] 1 0
 [36] 1 1
 [35] 1 1
 [32] 1 1
 [28] 1 0
 [4] 1 0
 [48] 1 0
 [1] 1 0
cb5f3628-1090-42a9-812c-b65f99a79fa3
 [response time] 25.239
 [number of tasks] 5
 [nm p s]
 [20] 1 1
 [19] 1 0
 [41] 1 0
 [16] 1 0
 [35] 1 1
 [9] 1 1
 [25] 1 0
 [1] 1 1
 [47] 1 0
 [0] 1 1
e2387946-fb5b-4e51-ab17-767dd34b9a3b
 [response time] 26.91
 [number of tasks] 5
 [nm p s]
 [41] 1 0
 [35] 1 0
 [31] 1 1
 [30] 1 1
 [27] 1 1
 [48] 1 1
 [1] 2 0
 [47] 1 0
 [23] 1 1
99ae1bdf-041c-47a3-aa46-0c3740edfb32
 [response time] 24.89
 [number of tasks] 5
 [nm p s]
 [20] 1 0
 [41] 1 0
 [17] 1 1
 [16] 1 0
 [14] 1 1
 [11] 1 0
 [10] 1 1
 [30] 1 1
 [29] 1 1
 [47] 1 0
a44f941e-ccc9-4edb-814c-b0d20250af5d
 [response time] 25.861
 [number of tasks] 5
 [nm p s]
 [45] 1 0
 [20] 1 1
 [18] 1 1
 [39] 1 1
 [14] 1 0
 [36] 1 1
 [34] 1 0
 [7] 1 0
 [49] 1 1
 [47] 1 0
99af530e-59f5-4b58-9f79-fb43df8a0c3d
 [response time] 26.447
 [number of tasks] 5
 [nm p s]
 [45] 1 1
 [42] 1 0
 [18] 1 1
 [35] 1 1
 [33] 1 0
 [6] 1 0
 [5] 1 0
 [49] 1 1
 [1] 1 1
 [0] 1 0
d25522e0-ad40-40ff-85a7-dcc1eb1cc66c
 [response time] 26.673
 [number of tasks] 5
 [nm p s]
 [45] 1 1
 [16] 1 0
 [39] 1 0
 [11] 1 1
 [7] 1 1
 [30] 1 0
 [29] 1 1
 [4] 2 1
 [24] 1 0
bd0cffe8-8165-47bb-9626-079ffe59ea83
 [response time] 27.818
 [number of tasks] 5
 [nm p s]
 [44] 1 0
 [43] 1 0
 [17] 1 1
 [16] 1 0
 [13] 1 0
 [36] 1 1
 [31] 1 1
 [30] 1 1
 [27] 1 1
 [48] 1 0
1bdab724-b374-49bc-a574-804aed0f0b07
 [response time] 26.446
 [number of tasks] 5
 [nm p s]
 [18] 1 0
 [17] 1 0
 [40] 1 0
 [16] 1 1
 [38] 1 1
 [12] 1 1
 [32] 1 1
 [30] 1 0
 [26] 1 0
 [2] 1 1
ab48d124-edf3-4882-b129-5e8baf39a281
 [response time] 26.812
 [number of tasks] 5
 [nm p s]
 [30] 3 2
 [7] 1 1
 [40] 1 0
 [26] 1 0
 [3] 1 0
 [2] 1 1
 [34] 1 1
 [22] 1 0
c8c13452-0247-4e58-ad29-63d27acbb7f6
 [response time] 28.4
 [number of tasks] 5
 [nm p s]
 [42] 1 0
 [17] 1 0
 [36] 1 1
 [35] 1 1
 [7] 1 0
 [30] 1 0
 [27] 1 0
 [26] 1 1
 [25] 1 1
 [0] 1 1
d09273ac-f4b8-4030-869d-455c639632be
 [response time] 28.409
 [number of tasks] 5
 [nm p s]
 [14] 1 1
 [11] 1 1
 [6] 1 0
 [29] 1 1
 [28] 1 0
 [4] 1 0
 [27] 1 0
 [3] 1 1
 [1] 1 1
 [23] 1 0
8957fe8b-d4ed-45d4-91ee-450153690d87
 [response time] 28.893
 [number of tasks] 5
 [nm p s]
 [21] 1 1
 [41] 1 0
 [18] 1 0
 [16] 1 1
 [31] 1 1
 [3] 1 1
 [49] 1 0
 [2] 1 0
 [0] 1 0
 [23] 1 1
a42d7918-452a-40e1-b075-de02e37887bc
 [response time] 29.786
 [number of tasks] 5
 [nm p s]
 [45] 1 1
 [15] 1 0
 [33] 1 0
 [32] 1 1
 [29] 1 0
 [28] 1 1
 [3] 1 0
 [48] 2 2
 [46] 1 0
9ce3b4c9-b561-4aad-b916-4cbf29c82fe7
 [response time] 28.796
 [number of tasks] 5
 [nm p s]
 [20] 1 1
 [9] 2 2
 [36] 1 0
 [46] 1 0
 [13] 1 0
 [34] 2 1
 [44] 1 0
 [0] 1 1
5830f779-598c-46d9-b877-e9ed765bd3fe
 [response time] 28.999
 [number of tasks] 5
 [nm p s]
 [42] 1 1
 [17] 1 1
 [38] 1 1
 [37] 1 0
 [36] 1 1
 [12] 1 0
 [30] 1 0
 [26] 1 1
 [49] 1 0
 [1] 1 0
f16237ee-52b6-4cdc-9a20-07565d3760b4
 [response time] 28.681
 [number of tasks] 5
 [nm p s]
 [16] 1 1
 [15] 1 1
 [38] 1 1
 [13] 1 0
 [30] 2 0
 [27] 1 1
 [2] 1 0
 [1] 1 0
 [23] 1 1
128ac409-b16f-46d3-97bb-1d3f0b7ed577
 [response time] 28.608
 [number of tasks] 5
 [nm p s]
 [20] 1 1
 [19] 1 1
 [17] 1 0
 [40] 1 0
 [13] 1 1
 [34] 1 1
 [7] 1 0
 [4] 1 0
 [1] 1 1
 [47] 1 0
7533bf24-595a-4f44-81f6-57ecd9c6ccf8
 [response time] 31.404
 [number of tasks] 5
 [nm p s]
 [37] 1 1
 [36] 1 1
 [35] 1 0
 [31] 1 1
 [7] 1 1
 [29] 1 0
 [5] 1 0
 [49] 1 0
 [48] 2 1
3afa267a-fc6e-42e5-974e-a9fbac97180e
 [response time] 30.917
 [number of tasks] 5
 [nm p s]
 [22] 1 0
 [14] 1 0
 [37] 1 1
 [36] 1 1
 [33] 1 0
 [8] 1 0
 [4] 1 1
 [3] 2 2
 [25] 1 0
e9dc193e-633b-4ea3-9588-5286026f5a8e
 [response time] 30.779
 [number of tasks] 5
 [nm p s]
 [43] 1 0
 [18] 1 1
 [37] 1 1
 [13] 1 1
 [9] 1 0
 [30] 1 1
 [3] 1 0
 [2] 1 0
 [46] 1 0
 [0] 1 1
f4584e0f-8160-4696-a34a-d1107e2e0c08
 [response time] 30.248
 [number of tasks] 5
 [nm p s]
 [36] 1 1
 [35] 1 0
 [11] 1 1
 [33] 1 1
 [10] 1 0
 [32] 1 1
 [7] 1 1
 [30] 1 0
 [26] 1 0
 [1] 1 0
59e715f2-15d7-4444-840a-e5efd9ec7627
 [response time] 30.565
 [number of tasks] 5
 [nm p s]
 [22] 1 1
 [45] 1 1
 [42] 1 0
 [18] 1 0
 [40] 1 0
 [13] 2 1
 [11] 1 1
 [6] 1 1
 [2] 1 0
08cf4f65-bda6-4e59-a7d6-3cf44199bcff
 [response time] 32.95
 [number of tasks] 5
 [nm p s]
 [44] 1 0
 [20] 1 0
 [18] 1 0
 [9] 1 1
 [7] 1 1
 [5] 2 1
 [1] 1 1
 [23] 1 1
 [46] 1 0
e6dbe97e-c2d8-48c4-90f2-363a11cfdffe
 [response time] 34.771
 [number of tasks] 5
 [nm p s]
 [21] 1 1
 [17] 1 1
 [36] 1 1
 [35] 1 0
 [32] 1 0
 [30] 1 0
 [6] 1 0
 [4] 1 1
 [25] 1 1
 [48] 1 0
8f9c36c3-c34f-4e16-b7fc-22dba561adde
 [response time] 35.327
 [number of tasks] 5
 [nm p s]
 [20] 1 1
 [18] 1 1
 [16] 1 0
 [36] 1 1
 [11] 1 0
 [10] 1 1
 [8] 1 0
 [7] 1 1
 [48] 1 0
 [25] 1 0
af3e0b4d-33cb-4a73-8d70-bb53452bd0c9
 [response time] 35.894
 [number of tasks] 5
 [nm p s]
 [19] 1 0
 [15] 1 1
 [37] 1 0
 [12] 1 0
 [11] 1 1
 [10] 1 1
 [9] 1 0
 [5] 1 0
 [23] 1 1
 [46] 1 1
d0eb15e7-2f89-437b-9771-26a9d58a59cf
 [response time] 36.319
 [number of tasks] 5
 [nm p s]
 [45] 1 1
 [41] 1 1
 [16] 1 1
 [11] 2 0
 [32] 1 0
 [29] 1 1
 [5] 1 1
 [26] 1 0
 [25] 1 0
9ca4a8c0-890b-4e6f-ac66-d8babe422660
 [response time] 36.76
 [number of tasks] 5
 [nm p s]
 [32] 1 0
 [43] 1 0
 [49] 1 1
 [5] 1 0
 [38] 1 1
 [15] 3 2
 [3] 1 0
 [12] 1 1
