[scheduler id] 2
[number of node monitors] 50

[job statistics]
611dadef-ae14-4dfd-8a7d-f194d8ea4bf0
 [response time] 1.147
 [number of tasks] 5
 [nm p s]
 [39] 1 1
 [38] 1 1
 [13] 1 0
 [10] 1 1
 [29] 2 1
 [26] 1 0
 [49] 1 0
 [25] 1 1
 [23] 1 0
3f74ae26-7f31-4319-a782-c8fc32ba7225
 [response time] 1.917
 [number of tasks] 5
 [nm p s]
 [40] 2 0
 [16] 1 1
 [30] 1 1
 [29] 1 1
 [3] 1 0
 [26] 1 1
 [2] 1 0
 [25] 1 0
 [24] 1 1
1980a6bd-89f5-494b-91fd-137c73efadad
 [response time] 2.364
 [number of tasks] 5
 [nm p s]
 [16] 1 1
 [15] 1 0
 [38] 1 1
 [36] 1 0
 [34] 1 1
 [33] 1 0
 [32] 1 1
 [5] 2 1
 [24] 1 0
4beb702c-9efc-414e-9853-ec6cdd4065c9
 [response time] 2.502
 [number of tasks] 5
 [nm p s]
 [21] 1 1
 [19] 1 1
 [38] 1 1
 [12] 1 0
 [11] 1 1
 [34] 1 0
 [33] 1 1
 [32] 1 0
 [30] 1 0
 [48] 1 0
1d58d4bb-f8f0-4d8e-ae48-db010f45b95f
 [response time] 2.708
 [number of tasks] 5
 [nm p s]
 [22] 1 1
 [45] 1 0
 [35] 1 0
 [34] 1 1
 [31] 1 1
 [7] 1 1
 [27] 1 0
 [24] 1 1
 [0] 2 0
44ef6b83-bbda-433a-894d-2a7e2d29d00e
 [response time] 4.797
 [number of tasks] 5
 [nm p s]
 [21] 1 1
 [42] 1 1
 [38] 1 0
 [37] 1 0
 [12] 1 1
 [34] 1 1
 [28] 1 0
 [27] 1 0
 [48] 1 0
 [0] 1 1
5bb9725c-3b6f-4f16-8051-d970f6183e65
 [response time] 5.207
 [number of tasks] 5
 [nm p s]
 [18] 2 0
 [17] 1 0
 [16] 1 1
 [34] 1 0
 [30] 1 1
 [25] 1 1
 [48] 1 0
 [0] 1 1
 [23] 1 1
eb7ce1aa-8d88-4147-9a1c-ebb487236980
 [response time] 5.044
 [number of tasks] 5
 [nm p s]
 [22] 1 0
 [43] 2 0
 [12] 1 1
 [35] 1 1
 [10] 1 0
 [31] 1 1
 [1] 1 0
 [47] 1 1
 [46] 1 1
a4bd5450-7e0b-4d77-8c81-04665213d85c
 [response time] 5.102
 [number of tasks] 5
 [nm p s]
 [20] 1 1
 [8] 2 1
 [41] 2 0
 [7] 1 0
 [2] 1 1
 [13] 1 0
 [12] 1 1
 [11] 1 1
f54294df-488b-4c74-9275-82fefb807072
 [response time] 5.035
 [number of tasks] 5
 [nm p s]
 [22] 1 1
 [42] 1 0
 [40] 1 1
 [39] 1 0
 [36] 1 1
 [35] 1 1
 [4] 2 0
 [1] 1 0
 [47] 1 1
2c73dbe1-9b5b-44f2-8b38-9f966c708eec
 [response time] 5.193
 [number of tasks] 5
 [nm p s]
 [21] 1 0
 [40] 1 0
 [16] 1 0
 [35] 1 1
 [11] 1 0
 [32] 1 1
 [5] 1 1
 [4] 1 0
 [0] 1 1
 [23] 1 1
03cf28e5-f661-4000-8d9b-cef8f60af723
 [response time] 5.38
 [number of tasks] 5
 [nm p s]
 [21] 1 1
 [44] 1 0
 [40] 1 1
 [15] 1 1
 [11] 1 0
 [33] 1 1
 [32] 1 0
 [7] 1 0
 [28] 1 1
 [49] 1 0
ed92e8fc-f49a-4499-b367-2a4f5294016c
 [response time] 5.933
 [number of tasks] 5
 [nm p s]
 [22] 1 1
 [43] 1 1
 [18] 1 0
 [17] 1 0
 [16] 2 1
 [31] 1 1
 [26] 1 0
 [25] 1 1
 [1] 1 0
e9434696-8674-47c4-88c5-fd259441439a
 [response time] 6.088
 [number of tasks] 5
 [nm p s]
 [43] 2 2
 [42] 1 0
 [19] 1 0
 [39] 2 2
 [15] 1 0
 [48] 1 1
 [47] 1 0
 [24] 1 0
845a7d77-6d06-40da-be9f-c033f9cd64e6
 [response time] 5.791
 [number of tasks] 5
 [nm p s]
 [21] 1 0
 [30] 1 0
 [18] 1 1
 [40] 2 1
 [28] 1 1
 [2] 2 1
 [1] 1 0
 [33] 1 1
1e385b74-a029-45e0-882a-3207da721512
 [response time] 7.063
 [number of tasks] 5
 [nm p s]
 [31] 1 1
 [19] 1 0
 [17] 1 0
 [5] 2 1
 [48] 1 0
 [46] 2 2
 [13] 1 1
 [11] 1 0
2eb80158-6a24-4b7c-b8d0-ee217a348554
 [response time] 7.028
 [number of tasks] 5
 [nm p s]
 [32] 1 0
 [42] 1 1
 [31] 1 0
 [8] 1 0
 [40] 2 1
 [3] 1 1
 [34] 1 1
 [44] 2 1
730d359d-c531-4e32-abb3-adb3fc6925d6
 [response time] 7.061
 [number of tasks] 5
 [nm p s]
 [21] 1 0
 [19] 1 1
 [16] 1 0
 [39] 1 1
 [38] 1 1
 [11] 1 0
 [9] 1 0
 [32] 1 1
 [5] 1 0
 [23] 1 1
93f3c98c-1a1e-4c51-be32-6e31d74f97d2
 [response time] 6.886
 [number of tasks] 5
 [nm p s]
 [20] 1 1
 [37] 1 1
 [33] 1 1
 [9] 2 0
 [8] 1 0
 [30] 1 0
 [29] 1 1
 [3] 1 0
 [1] 1 1
34b0641e-6239-468b-b5a5-a06860c2b29c
 [response time] 7.705
 [number of tasks] 5
 [nm p s]
 [20] 1 1
 [41] 1 0
 [40] 1 0
 [36] 1 0
 [31] 1 1
 [29] 1 1
 [49] 1 0
 [0] 1 1
 [23] 1 1
 [46] 1 0
19239f02-d120-4c59-8a1c-fa6ed3babe8d
 [response time] 7.747
 [number of tasks] 5
 [nm p s]
 [31] 1 0
 [5] 2 1
 [37] 1 0
 [4] 1 1
 [25] 1 1
 [47] 1 1
 [35] 1 0
 [11] 2 1
099c462b-ca2a-4fba-ada2-2ae14fb70997
 [response time] 8.249
 [number of tasks] 5
 [nm p s]
 [19] 1 0
 [41] 1 0
 [7] 1 0
 [27] 2 1
 [26] 1 1
 [37] 2 2
 [24] 1 0
 [33] 1 1
9e3d1029-b572-432f-91b4-f5aa981b83b6
 [response time] 9.094
 [number of tasks] 5
 [nm p s]
 [19] 1 0
 [15] 1 1
 [37] 1 0
 [35] 1 0
 [8] 1 1
 [28] 1 1
 [4] 1 1
 [49] 1 0
 [48] 1 0
 [23] 1 1
fa7a6613-9730-4765-a390-d47f0ab62084
 [response time] 9.261
 [number of tasks] 5
 [nm p s]
 [22] 1 1
 [21] 1 1
 [40] 2 0
 [39] 1 1
 [28] 1 1
 [4] 1 1
 [27] 1 0
 [2] 1 0
 [24] 1 0
962f5a31-42d4-4fd5-a67c-35043c7e55b6
 [response time] 8.678
 [number of tasks] 5
 [nm p s]
 [45] 1 0
 [44] 1 0
 [19] 1 0
 [42] 1 1
 [13] 1 1
 [10] 1 0
 [32] 1 1
 [8] 1 0
 [26] 1 1
 [2] 1 1
f53c7716-2d8c-444c-aa38-621666e00b48
 [response time] 9.825
 [number of tasks] 5
 [nm p s]
 [22] 1 1
 [42] 1 0
 [18] 1 0
 [16] 1 1
 [35] 1 1
 [32] 1 1
 [9] 1 0
 [7] 1 1
 [30] 1 0
 [49] 1 0
de87e438-c093-4d9b-80df-5efe4fba779f
 [response time] 9.656
 [number of tasks] 5
 [nm p s]
 [44] 1 1
 [42] 1 1
 [40] 1 0
 [39] 1 0
 [12] 1 0
 [10] 1 0
 [29] 1 0
 [28] 1 1
 [27] 1 1
 [26] 1 1
7e851b06-921e-4686-9983-db0824d25696
 [response time] 10.618
 [number of tasks] 5
 [nm p s]
 [10] 1 1
 [41] 1 0
 [40] 1 1
 [7] 1 1
 [14] 2 0
 [24] 1 0
 [12] 2 2
 [1] 1 0
33c466c7-22b9-4b9a-b908-61610f5061e8
 [response time] 11.404
 [number of tasks] 5
 [nm p s]
 [18] 1 0
 [41] 1 0
 [38] 1 0
 [37] 1 1
 [34] 1 1
 [11] 1 1
 [33] 1 1
 [10] 1 0
 [8] 1 1
 [6] 1 0
4917094a-79a4-4565-a526-f19d030db91c
 [response time] 11.296
 [number of tasks] 5
 [nm p s]
 [21] 1 1
 [18] 1 1
 [17] 1 0
 [38] 1 0
 [34] 1 1
 [30] 1 0
 [5] 2 1
 [3] 1 1
 [48] 1 0
8bd14052-386b-4740-9ca9-b175055b2acb
 [response time] 10.992
 [number of tasks] 5
 [nm p s]
 [44] 1 1
 [40] 1 1
 [16] 1 0
 [15] 1 0
 [38] 1 1
 [30] 1 0
 [6] 2 1
 [28] 1 1
 [49] 1 0
f1337442-972d-47b1-9ba7-4e5b41279707
 [response time] 12.035
 [number of tasks] 5
 [nm p s]
 [45] 1 0
 [35] 1 0
 [7] 1 1
 [5] 1 1
 [4] 1 1
 [27] 2 0
 [24] 1 1
 [47] 1 0
 [0] 1 1
1847a314-2b44-4132-8c95-fbd0d5ddad33
 [response time] 11.788
 [number of tasks] 5
 [nm p s]
 [44] 1 1
 [16] 1 0
 [37] 1 0
 [35] 1 1
 [11] 1 1
 [33] 1 1
 [32] 2 0
 [7] 1 1
 [23] 1 0
97a40a68-a0cd-42c1-910a-cf2b94dc12d0
 [response time] 12.609
 [number of tasks] 5
 [nm p s]
 [22] 1 0
 [45] 1 1
 [44] 1 0
 [19] 2 2
 [36] 1 0
 [33] 1 0
 [6] 1 1
 [26] 1 1
 [25] 1 0
fd7dc6d3-d587-430f-8f99-88a084ec9727
 [response time] 12.724
 [number of tasks] 5
 [nm p s]
 [20] 1 1
 [16] 1 0
 [39] 1 1
 [37] 1 1
 [36] 1 0
 [9] 1 1
 [7] 1 0
 [49] 1 0
 [47] 1 1
 [0] 1 0
9db4ab9d-0986-4d75-906c-45b57059a450
 [response time] 13.905
 [number of tasks] 5
 [nm p s]
 [22] 1 1
 [19] 1 1
 [11] 1 0
 [10] 1 1
 [32] 1 1
 [9] 1 0
 [29] 1 1
 [27] 1 0
 [47] 1 0
 [0] 1 0
379b7ab3-ad94-41f6-859f-897d45e7e0d9
 [response time] 13.633
 [number of tasks] 5
 [nm p s]
 [44] 1 0
 [20] 1 1
 [41] 1 0
 [40] 1 0
 [15] 1 1
 [8] 2 2
 [7] 1 0
 [30] 1 1
 [23] 1 0
8bbbfde9-c646-413e-9a91-010f9e6a2737
 [response time] 14.907
 [number of tasks] 5
 [nm p s]
 [20] 2 1
 [8] 1 1
 [48] 1 0
 [26] 1 1
 [3] 1 0
 [25] 1 0
 [36] 2 1
 [35] 1 1
c6af669f-130d-4121-896f-e0171f51433e
 [response time] 14.957
 [number of tasks] 5
 [nm p s]
 [43] 1 0
 [33] 1 1
 [31] 2 1
 [29] 1 0
 [27] 1 0
 [49] 1 1
 [2] 1 1
 [48] 1 0
 [47] 1 1
eae15845-441a-4e68-8e44-b72614477a29
 [response time] 15.86
 [number of tasks] 5
 [nm p s]
 [22] 1 0
 [19] 1 0
 [17] 1 1
 [36] 1 0
 [29] 1 0
 [4] 1 1
 [27] 1 1
 [26] 1 1
 [48] 1 1
 [24] 1 0
97a2cbfb-8530-44a5-82a6-fff0b62a04b6
 [response time] 15.032
 [number of tasks] 5
 [nm p s]
 [43] 1 1
 [18] 1 0
 [41] 1 1
 [39] 1 1
 [31] 1 1
 [30] 1 0
 [5] 1 0
 [2] 2 0
 [0] 1 1
5a156a76-fe44-4f85-a81d-e897ccb84cb4
 [response time] 15.798
 [number of tasks] 5
 [nm p s]
 [20] 1 1
 [7] 1 0
 [25] 1 0
 [36] 3 2
 [46] 1 1
 [35] 1 1
 [23] 1 0
 [45] 1 0
d78c6b4a-fe9d-4ca2-bbcf-c35412182d87
 [response time] 15.055
 [number of tasks] 5
 [nm p s]
 [45] 1 1
 [42] 1 1
 [18] 1 1
 [40] 1 0
 [38] 1 0
 [34] 1 1
 [31] 1 1
 [30] 2 0
 [28] 1 0
09f69f84-56a5-4091-a735-91df8067a2fc
 [response time] 16.043
 [number of tasks] 5
 [nm p s]
 [45] 1 1
 [43] 1 0
 [19] 1 1
 [40] 1 0
 [35] 1 0
 [11] 1 0
 [33] 1 1
 [28] 1 1
 [48] 1 0
 [24] 1 1
b2c9b2bb-b07d-49bd-a4fa-3650f62c9b6f
 [response time] 16.051
 [number of tasks] 5
 [nm p s]
 [18] 1 1
 [41] 1 0
 [17] 1 1
 [39] 1 0
 [13] 1 1
 [36] 1 0
 [10] 1 0
 [29] 1 1
 [28] 1 0
 [0] 1 1
6ec51dd4-be26-4dc3-84c0-055430c2d31f
 [response time] 16.207
 [number of tasks] 5
 [nm p s]
 [16] 1 0
 [14] 2 0
 [31] 1 1
 [30] 1 0
 [4] 1 1
 [24] 1 1
 [47] 1 1
 [46] 1 1
 [23] 1 0
fb692370-352b-4b39-a003-8bd19c1e304f
 [response time] 17.079
 [number of tasks] 5
 [nm p s]
 [44] 1 0
 [39] 1 1
 [37] 1 1
 [12] 1 0
 [33] 1 0
 [10] 1 1
 [8] 1 1
 [27] 1 1
 [49] 1 0
 [48] 1 0
f3a16f3d-559a-41ed-bb2a-b7a3ebf8ff05
 [response time] 16.27
 [number of tasks] 5
 [nm p s]
 [20] 1 0
 [18] 1 0
 [39] 1 0
 [37] 1 0
 [13] 1 1
 [36] 1 1
 [10] 1 1
 [7] 1 1
 [30] 1 1
 [49] 1 0
f2831aa6-e458-4728-8e27-6bee86763bc5
 [response time] 17.482
 [number of tasks] 5
 [nm p s]
 [21] 1 0
 [38] 1 0
 [36] 1 1
 [10] 1 1
 [9] 1 1
 [32] 1 0
 [31] 1 0
 [2] 1 0
 [47] 1 1
 [0] 1 1
03d988e9-d6f5-49f4-91ff-3bbdb242bd4e
 [response time] 17.833
 [number of tasks] 5
 [nm p s]
 [21] 1 1
 [35] 1 1
 [10] 1 1
 [33] 1 0
 [8] 1 0
 [29] 1 0
 [5] 1 0
 [26] 1 1
 [1] 1 0
 [0] 1 1
2f533bda-1336-463e-9af1-b1ecc5abc66c
 [response time] 17.797
 [number of tasks] 5
 [nm p s]
 [22] 1 1
 [21] 2 2
 [43] 1 0
 [16] 1 0
 [15] 1 0
 [37] 1 1
 [29] 1 0
 [5] 1 0
 [25] 1 1
c7fc984e-10bb-48ac-aa56-97cdc1170e85
 [response time] 17.801
 [number of tasks] 5
 [nm p s]
 [44] 1 0
 [21] 1 1
 [35] 1 0
 [10] 1 1
 [32] 1 1
 [31] 1 1
 [25] 2 0
 [0] 1 1
 [46] 1 0
46408661-cbb7-4c37-83d9-3416759e62d9
 [response time] 19.525
 [number of tasks] 5
 [nm p s]
 [19] 1 0
 [17] 1 1
 [14] 2 1
 [11] 1 1
 [34] 1 0
 [26] 1 0
 [48] 1 0
 [1] 1 1
 [23] 1 1
45756a33-e5b0-4a62-a927-851d198dbe2a
 [response time] 18.752
 [number of tasks] 5
 [nm p s]
 [43] 1 0
 [16] 1 0
 [13] 1 1
 [35] 1 0
 [33] 1 1
 [9] 1 1
 [8] 1 1
 [30] 1 1
 [3] 1 0
 [46] 1 0
c5c19cc1-fc3a-4566-9f8c-38c31b7cf2ff
 [response time] 19.353
 [number of tasks] 5
 [nm p s]
 [45] 1 1
 [18] 1 0
 [40] 1 0
 [38] 2 2
 [35] 1 1
 [34] 1 1
 [10] 1 0
 [32] 1 0
 [30] 1 0
21346ef6-b77a-46d7-81d2-03229c1d4679
 [response time] 20.147
 [number of tasks] 5
 [nm p s]
 [45] 1 0
 [44] 1 0
 [18] 1 1
 [38] 1 1
 [11] 1 0
 [33] 1 0
 [31] 1 1
 [6] 1 0
 [48] 1 1
 [47] 1 1
bcb73a64-bf69-4b8a-8dc4-b27f6406a637
 [response time] 19.48
 [number of tasks] 5
 [nm p s]
 [22] 1 1
 [44] 1 0
 [41] 1 0
 [17] 1 0
 [11] 1 1
 [8] 1 1
 [4] 1 1
 [25] 1 1
 [47] 1 0
 [0] 1 0
cb45ec44-8801-4db7-909f-2c3a1b0eae26
 [response time] 20.46
 [number of tasks] 5
 [nm p s]
 [44] 1 1
 [43] 1 1
 [15] 1 0
 [7] 1 1
 [6] 1 1
 [5] 1 0
 [28] 1 0
 [3] 1 0
 [26] 1 0
 [0] 1 1
4b51de87-4692-43d2-97e6-beee95a3f412
 [response time] 20.659
 [number of tasks] 5
 [nm p s]
 [18] 1 1
 [6] 1 0
 [5] 1 0
 [3] 1 1
 [36] 3 1
 [0] 1 1
 [33] 1 0
 [44] 1 1
cfc85ade-444e-468a-a26b-927bfebe88fb
 [response time] 19.957
 [number of tasks] 5
 [nm p s]
 [45] 1 0
 [21] 1 1
 [18] 1 0
 [40] 1 1
 [16] 1 0
 [8] 1 0
 [7] 1 1
 [28] 1 0
 [5] 1 1
 [1] 1 1
433d8ad2-e689-4ef7-8d63-dca64665b322
 [response time] 20.33
 [number of tasks] 5
 [nm p s]
 [44] 1 1
 [20] 1 0
 [16] 1 1
 [36] 1 1
 [13] 1 1
 [35] 1 0
 [31] 1 0
 [30] 1 1
 [27] 1 0
 [25] 1 0
c4cb3510-b31a-44a7-b42b-3b45acd9dfe3
 [response time] 20.503
 [number of tasks] 5
 [nm p s]
 [44] 1 1
 [17] 1 0
 [39] 1 0
 [37] 2 1
 [13] 1 1
 [36] 1 1
 [11] 1 1
 [34] 1 0
 [31] 1 0
b3b24511-3147-41ca-b35c-10945cdbaba6
 [response time] 23.411
 [number of tasks] 5
 [nm p s]
 [21] 1 0
 [18] 1 1
 [15] 1 0
 [13] 1 1
 [33] 1 0
 [29] 1 1
 [28] 1 0
 [4] 1 1
 [49] 1 0
 [47] 1 1
1db17f49-cdbe-4b9d-b145-da3bef1df100
 [response time] 22.949
 [number of tasks] 5
 [nm p s]
 [18] 1 0
 [17] 1 1
 [40] 1 0
 [35] 1 0
 [30] 2 1
 [6] 1 1
 [5] 1 0
 [2] 1 1
 [0] 1 1
5975b2ee-9789-4d1e-914a-8239ec0b0ccf
 [response time] 23.907
 [number of tasks] 5
 [nm p s]
 [44] 1 0
 [40] 1 1
 [33] 1 1
 [8] 1 0
 [5] 2 1
 [25] 1 0
 [1] 1 0
 [0] 1 1
 [23] 1 1
58637faf-45fa-4531-842e-a9e88123e52c
 [response time] 22.33
 [number of tasks] 5
 [nm p s]
 [21] 1 0
 [20] 1 1
 [16] 1 0
 [37] 1 0
 [14] 1 0
 [13] 2 2
 [9] 1 0
 [3] 1 1
 [26] 1 1
410c8104-e9f6-4681-8843-1a65dd606503
 [response time] 23.091
 [number of tasks] 5
 [nm p s]
 [45] 1 0
 [16] 2 0
 [39] 1 1
 [15] 1 1
 [14] 1 0
 [31] 1 1
 [30] 1 1
 [49] 1 1
 [46] 1 0
41aae6ab-70db-4420-976c-3f90eca838f6
 [response time] 24.059
 [number of tasks] 5
 [nm p s]
 [9] 1 0
 [41] 3 1
 [4] 1 1
 [25] 1 1
 [45] 1 0
 [34] 1 0
 [23] 1 1
 [22] 1 1
1bf0e4c2-1e2b-48f4-9e0e-e95a1ba5da23
 [response time] 23.942
 [number of tasks] 5
 [nm p s]
 [44] 1 0
 [17] 1 1
 [40] 1 0
 [13] 2 1
 [12] 1 1
 [5] 1 1
 [49] 1 0
 [25] 1 1
 [47] 1 0
a2a8a79d-acfc-4cd1-9eba-aa736d5cac26
 [response time] 25.351
 [number of tasks] 5
 [nm p s]
 [21] 1 0
 [17] 1 1
 [15] 1 1
 [12] 1 0
 [6] 1 1
 [3] 1 1
 [48] 1 0
 [47] 1 0
 [0] 1 0
 [46] 1 1
d58aba95-26eb-46ea-b886-6468cdacdec1
 [response time] 24.852
 [number of tasks] 5
 [nm p s]
 [43] 1 0
 [19] 1 0
 [27] 1 1
 [36] 3 2
 [46] 1 1
 [24] 1 0
 [45] 1 1
 [22] 1 0
11dc5f91-236f-458c-b9f6-0edb2d5ea5c9
 [response time] 24.099
 [number of tasks] 5
 [nm p s]
 [44] 1 0
 [20] 2 0
 [43] 1 0
 [18] 1 1
 [35] 1 1
 [30] 1 1
 [29] 1 0
 [26] 1 1
 [2] 1 1
4db2f0f2-2155-4a07-b30d-6efb19fc8b34
 [response time] 26.46
 [number of tasks] 5
 [nm p s]
 [20] 1 0
 [18] 1 1
 [40] 1 0
 [16] 1 1
 [36] 1 1
 [35] 2 2
 [31] 1 0
 [48] 1 0
 [25] 1 0
73434354-aade-4430-9fb8-0519d73bdbe8
 [response time] 26.269
 [number of tasks] 5
 [nm p s]
 [10] 1 1
 [19] 1 0
 [7] 1 0
 [37] 1 1
 [47] 1 1
 [24] 1 1
 [35] 2 0
 [1] 2 1
fc076ab1-b786-43de-9223-7c452c39ff23
 [response time] 25.777
 [number of tasks] 5
 [nm p s]
 [22] 1 1
 [19] 1 1
 [40] 1 1
 [39] 1 0
 [36] 1 0
 [9] 1 1
 [28] 1 0
 [27] 2 0
 [26] 1 1
b3b3314a-0efe-4fb8-ab17-8eba6e97b96e
 [response time] 26.616
 [number of tasks] 5
 [nm p s]
 [44] 1 1
 [16] 1 1
 [33] 1 0
 [10] 1 0
 [31] 1 1
 [7] 1 0
 [5] 1 1
 [48] 1 0
 [1] 1 1
 [0] 1 0
0dfd96d3-06da-47ea-9b61-b63e08d9a1be
 [response time] 25.724
 [number of tasks] 5
 [nm p s]
 [19] 2 0
 [17] 1 1
 [38] 1 1
 [13] 1 1
 [35] 1 0
 [34] 1 1
 [8] 1 1
 [48] 1 0
 [47] 1 0
a2aee928-a959-439c-b939-4735361f0d4c
 [response time] 26.736
 [number of tasks] 5
 [nm p s]
 [45] 1 1
 [44] 1 1
 [42] 1 0
 [37] 1 1
 [8] 1 0
 [29] 1 0
 [1] 1 1
 [24] 1 0
 [0] 1 1
 [46] 1 0
96b738d7-d952-463f-9e10-6c3124ca8f40
 [response time] 28.221
 [number of tasks] 5
 [nm p s]
 [45] 1 1
 [39] 1 0
 [15] 1 0
 [13] 1 1
 [35] 1 0
 [31] 1 1
 [6] 1 0
 [4] 1 1
 [1] 1 1
 [23] 1 0
c83256f5-d922-45b3-a494-8aac1982eb8e
 [response time] 27.762
 [number of tasks] 5
 [nm p s]
 [22] 1 1
 [12] 1 1
 [33] 1 1
 [7] 1 0
 [28] 1 0
 [3] 1 0
 [48] 1 0
 [1] 1 1
 [0] 1 0
 [46] 1 1
ecfc47ef-abeb-4e8a-9f31-e4e9981dc9de
 [response time] 27.369
 [number of tasks] 5
 [nm p s]
 [22] 1 1
 [21] 1 0
 [40] 1 0
 [15] 1 0
 [14] 1 1
 [37] 1 0
 [34] 1 0
 [26] 2 2
 [1] 1 1
2d6bd9cf-8958-4bae-83ef-f1d1bad2144f
 [response time] 27.515
 [number of tasks] 5
 [nm p s]
 [32] 1 1
 [18] 2 1
 [17] 1 1
 [49] 1 0
 [3] 1 1
 [25] 2 0
 [13] 1 1
 [34] 1 0
13147352-c08f-4271-948f-4987c24d4f6c
 [response time] 28.548
 [number of tasks] 5
 [nm p s]
 [22] 1 1
 [44] 1 0
 [42] 1 1
 [18] 1 1
 [17] 1 0
 [14] 1 0
 [9] 1 0
 [32] 1 0
 [29] 1 1
 [5] 1 1
04b8d0cd-2985-448f-8de9-b8ea3d6b9bd0
 [response time] 30.132
 [number of tasks] 5
 [nm p s]
 [45] 1 1
 [18] 1 1
 [17] 1 0
 [40] 2 0
 [36] 1 0
 [28] 1 1
 [48] 1 0
 [1] 1 1
 [23] 1 1
979fc8f3-04e9-4b2b-9b72-0f66db05ba53
 [response time] 28.815
 [number of tasks] 5
 [nm p s]
 [21] 1 0
 [13] 1 0
 [35] 1 0
 [11] 1 1
 [30] 1 0
 [6] 1 1
 [28] 1 0
 [24] 2 2
 [0] 1 1
3098edaa-19f5-49b3-86bf-caa3c98541b0
 [response time] 29.428
 [number of tasks] 5
 [nm p s]
 [45] 1 0
 [20] 1 1
 [43] 1 1
 [19] 1 0
 [37] 1 1
 [31] 1 1
 [30] 1 0
 [7] 1 1
 [6] 1 0
 [25] 1 0
a59c3811-429e-4c23-b4e4-76208fa0f2e9
 [response time] 28.585
 [number of tasks] 5
 [nm p s]
 [45] 1 0
 [43] 1 0
 [19] 1 1
 [16] 1 0
 [35] 1 0
 [9] 1 1
 [6] 1 0
 [28] 2 2
 [2] 1 1
78dd8b1e-22e8-461a-9aea-0f129c971036
 [response time] 29.179
 [number of tasks] 5
 [nm p s]
 [45] 1 0
 [15] 1 1
 [13] 1 1
 [12] 1 0
 [35] 1 0
 [9] 1 1
 [8] 1 1
 [4] 1 0
 [24] 1 1
 [46] 1 0
8407e34d-2dba-45b4-b9a0-7414d4dee06b
 [response time] 29.61
 [number of tasks] 5
 [nm p s]
 [18] 1 1
 [40] 1 1
 [14] 1 0
 [11] 1 0
 [10] 1 1
 [33] 1 0
 [6] 1 0
 [5] 1 0
 [24] 1 1
 [46] 1 1
dd34fcfd-9009-4994-9e1f-84662394ad2c
 [response time] 29.894
 [number of tasks] 5
 [nm p s]
 [19] 1 1
 [16] 1 1
 [37] 1 0
 [12] 1 0
 [35] 1 1
 [34] 1 0
 [32] 1 1
 [8] 1 0
 [6] 1 0
 [1] 1 1
723dafa8-4b5c-431f-b9a4-83f56afad01b
 [response time] 31.609
 [number of tasks] 5
 [nm p s]
 [19] 1 1
 [40] 1 0
 [16] 1 0
 [12] 1 1
 [10] 1 1
 [32] 1 1
 [8] 1 0
 [7] 1 1
 [29] 1 0
 [48] 1 0
92c89cc3-9ad8-4286-a4d2-1acb2f224137
 [response time] 30.442
 [number of tasks] 5
 [nm p s]
 [19] 1 0
 [42] 1 1
 [17] 1 0
 [40] 1 1
 [39] 1 0
 [35] 1 1
 [8] 1 0
 [29] 1 1
 [47] 1 1
 [46] 1 0
a78f6cd9-b70a-4ef0-b858-e46179c2e363
 [response time] 31.071
 [number of tasks] 5
 [nm p s]
 [43] 1 0
 [21] 2 1
 [42] 1 1
 [7] 1 0
 [39] 2 2
 [36] 1 0
 [12] 1 1
 [0] 1 0
84658590-aae0-48a6-8184-49f07080b148
 [response time] 30.788
 [number of tasks] 5
 [nm p s]
 [20] 1 0
 [19] 1 0
 [18] 1 1
 [17] 1 0
 [37] 1 1
 [13] 1 1
 [12] 1 0
 [33] 1 1
 [31] 1 1
 [6] 1 0
b6df7649-4347-4701-ba1f-96c5473121e6
 [response time] 31.895
 [number of tasks] 5
 [nm p s]
 [45] 1 0
 [38] 1 1
 [37] 1 0
 [36] 1 0
 [34] 1 1
 [8] 1 1
 [28] 1 1
 [26] 1 1
 [49] 1 0
 [1] 1 0
46fa4423-46ec-4df4-973c-1b63592db8c6
 [response time] 33.726
 [number of tasks] 5
 [nm p s]
 [20] 1 1
 [17] 1 1
 [38] 1 0
 [34] 1 1
 [30] 1 1
 [28] 1 0
 [25] 1 1
 [48] 2 0
 [24] 1 0
b8485c98-5011-4bda-a022-247426545d02
 [response time] 35.135
 [number of tasks] 5
 [nm p s]
 [21] 1 1
 [17] 1 1
 [40] 1 1
 [16] 1 1
 [36] 1 0
 [35] 1 0
 [9] 1 1
 [24] 2 0
 [0] 1 0
a0f2c169-d7b4-40c5-8a11-1c28eca6600c
 [response time] 35.282
 [number of tasks] 5
 [nm p s]
 [21] 1 1
 [19] 1 0
 [35] 1 1
 [11] 1 0
 [9] 1 1
 [5] 1 0
 [28] 1 1
 [48] 1 0
 [24] 1 1
 [46] 1 0
5f0dc746-20e3-4f9f-859a-5d5d6ac73e98
 [response time] 35.375
 [number of tasks] 5
 [nm p s]
 [44] 1 0
 [39] 1 0
 [38] 1 1
 [11] 1 0
 [9] 1 0
 [3] 1 1
 [49] 1 0
 [2] 1 1
 [25] 1 1
 [24] 1 1
031f598d-7979-48ee-b8c2-c63272b7d2bd
 [response time] 37.115
 [number of tasks] 5
 [nm p s]
 [20] 1 0
 [19] 2 2
 [40] 1 0
 [39] 1 1
 [14] 1 0
 [4] 1 1
 [3] 1 1
 [25] 1 0
 [47] 1 0
