[scheduler id] 3
[number of node monitors] 50

[job statistics]
f02a1948-e32a-4498-9d44-cb860035c3ab
 [response time] 1.32
 [number of tasks] 5
 [nm p s]
 [43] 1 0
 [32] 1 1
 [30] 1 1
 [29] 1 0
 [15] 2 1
 [23] 1 0
 [0] 3 2
51371f49-cd01-41c7-92bf-f95515cafec7
 [response time] 1.914
 [number of tasks] 5
 [nm p s]
 [45] 1 1
 [13] 1 0
 [35] 1 1
 [11] 1 0
 [7] 1 1
 [30] 1 0
 [28] 1 0
 [24] 2 1
 [46] 1 1
0c702504-979e-40d1-b59e-70d261ad7d77
 [response time] 2.311
 [number of tasks] 5
 [nm p s]
 [41] 1 1
 [7] 2 2
 [39] 2 0
 [5] 1 1
 [48] 1 0
 [14] 1 1
 [45] 1 0
 [0] 1 0
10307d0a-2102-4289-ab74-a0b37cca5005
 [response time] 3.013
 [number of tasks] 5
 [nm p s]
 [19] 1 0
 [18] 1 1
 [17] 1 0
 [40] 1 1
 [11] 1 0
 [32] 1 0
 [4] 1 1
 [26] 1 1
 [24] 1 0
 [23] 1 1
9791a99a-cc37-4b1f-8f8b-0ffcd9cebbbb
 [response time] 3.303
 [number of tasks] 5
 [nm p s]
 [21] 1 1
 [18] 1 0
 [17] 1 1
 [15] 1 1
 [38] 1 0
 [29] 1 1
 [5] 1 1
 [49] 1 0
 [3] 1 0
 [2] 1 0
4ffaf957-d5b8-4b27-9564-c8557b79adfc
 [response time] 4.394
 [number of tasks] 5
 [nm p s]
 [42] 1 1
 [30] 1 0
 [17] 1 1
 [6] 2 1
 [27] 1 0
 [13] 2 1
 [45] 1 1
 [23] 1 0
a15f63f4-11cc-4655-a5b5-dd15fec9ed13
 [response time] 4.734
 [number of tasks] 5
 [nm p s]
 [20] 1 0
 [17] 1 0
 [34] 1 0
 [11] 1 1
 [30] 1 1
 [6] 1 1
 [5] 1 1
 [28] 1 0
 [4] 1 0
 [24] 1 1
3cf06f5c-b816-4e1d-9efd-18e7d895d15c
 [response time] 4.817
 [number of tasks] 5
 [nm p s]
 [43] 1 0
 [40] 1 1
 [39] 1 0
 [37] 1 0
 [13] 1 1
 [12] 1 0
 [9] 1 0
 [27] 1 1
 [2] 1 1
 [46] 1 1
b4de1deb-1f58-4fc3-90e5-3e5773355153
 [response time] 4.853
 [number of tasks] 5
 [nm p s]
 [21] 1 0
 [42] 1 1
 [18] 2 2
 [40] 1 0
 [13] 1 1
 [9] 1 0
 [26] 1 0
 [49] 1 1
 [1] 1 0
2755c330-35ce-49ce-9c6d-d868cddebf63
 [response time] 5.451
 [number of tasks] 5
 [nm p s]
 [42] 1 1
 [18] 1 1
 [39] 1 1
 [14] 1 1
 [13] 1 0
 [34] 1 0
 [33] 1 0
 [3] 1 1
 [47] 1 0
 [0] 1 0
93bb2530-dfd7-440a-bc68-0901aec63827
 [response time] 5.919
 [number of tasks] 5
 [nm p s]
 [22] 2 0
 [43] 1 1
 [17] 1 1
 [15] 1 1
 [11] 1 0
 [9] 1 1
 [32] 1 0
 [5] 1 1
 [28] 1 0
06af64c1-e5d1-4b01-bf1e-782ed11e38d8
 [response time] 6.351
 [number of tasks] 5
 [nm p s]
 [45] 1 0
 [42] 1 1
 [17] 1 1
 [39] 1 1
 [37] 1 1
 [32] 1 1
 [5] 2 0
 [28] 1 0
 [1] 1 0
978c8fb4-f627-4fb8-a41a-df7c53e1f842
 [response time] 6.646
 [number of tasks] 5
 [nm p s]
 [38] 1 1
 [36] 1 0
 [7] 1 1
 [30] 1 0
 [6] 1 1
 [28] 1 1
 [25] 2 0
 [1] 1 1
 [46] 1 0
bb83d4e4-a9c8-4f51-b9b5-bf6ebc193bdf
 [response time] 7.01
 [number of tasks] 5
 [nm p s]
 [44] 1 0
 [20] 1 0
 [16] 1 0
 [34] 1 0
 [9] 2 2
 [6] 1 1
 [2] 1 1
 [24] 1 1
 [23] 1 0
5d21afb4-a43c-4b81-b71b-0cd6524d99c6
 [response time] 7.601
 [number of tasks] 5
 [nm p s]
 [22] 1 1
 [20] 1 1
 [42] 1 1
 [37] 1 1
 [10] 1 0
 [9] 2 1
 [7] 1 0
 [3] 1 0
 [1] 1 0
32b997d5-348c-471b-954c-64e4bcd7992f
 [response time] 8.147
 [number of tasks] 5
 [nm p s]
 [45] 1 0
 [16] 2 1
 [34] 1 1
 [32] 1 1
 [31] 1 0
 [5] 1 1
 [25] 1 0
 [1] 1 1
 [0] 1 0
5cfce6d9-0338-4be0-be82-c0dd90d8ea0a
 [response time] 8.537
 [number of tasks] 5
 [nm p s]
 [9] 1 1
 [30] 1 0
 [40] 1 0
 [48] 1 0
 [15] 1 1
 [47] 2 0
 [24] 1 1
 [23] 2 2
14ccfec0-3d1a-4ebb-a4d5-71ad75f14a18
 [response time] 8.603
 [number of tasks] 5
 [nm p s]
 [43] 1 0
 [18] 1 1
 [38] 2 1
 [14] 1 1
 [35] 1 0
 [10] 1 0
 [32] 1 1
 [5] 1 1
 [23] 1 0
0fc39d3c-d9ea-4f07-ab7f-dc8a9f3872c3
 [response time] 8.917
 [number of tasks] 5
 [nm p s]
 [22] 1 1
 [21] 1 0
 [41] 1 0
 [30] 1 1
 [28] 2 0
 [25] 1 1
 [1] 1 1
 [24] 1 0
 [47] 1 1
8f16af82-4caa-43c3-9efa-078273d64df8
 [response time] 8.125
 [number of tasks] 5
 [nm p s]
 [20] 1 1
 [42] 1 1
 [41] 2 0
 [32] 1 0
 [7] 1 1
 [5] 1 1
 [4] 1 1
 [27] 1 0
 [25] 1 0
f5aa6df8-1b23-41b2-842d-4c527e4b63ce
 [response time] 8.6
 [number of tasks] 5
 [nm p s]
 [22] 1 0
 [20] 1 0
 [43] 1 1
 [11] 1 0
 [33] 1 0
 [30] 1 1
 [29] 1 1
 [3] 1 1
 [25] 1 1
 [46] 1 0
938e67b6-204e-4bab-8389-2fc251061806
 [response time] 10.235
 [number of tasks] 5
 [nm p s]
 [36] 1 0
 [12] 1 1
 [11] 1 0
 [32] 1 1
 [8] 1 0
 [6] 1 1
 [5] 2 2
 [27] 1 0
 [26] 1 0
92d6ea2b-f40a-43f4-b5f5-dd2211d9d457
 [response time] 10.41
 [number of tasks] 5
 [nm p s]
 [21] 2 0
 [18] 2 1
 [27] 1 0
 [48] 1 1
 [25] 1 1
 [2] 1 1
 [1] 1 0
 [45] 1 1
e8dc1083-9cb1-4726-887a-53f727d038d1
 [response time] 9.668
 [number of tasks] 5
 [nm p s]
 [41] 2 2
 [19] 1 1
 [17] 2 0
 [38] 1 0
 [48] 1 1
 [3] 1 1
 [14] 2 0
177727b8-4826-4db9-a3df-96000e0ddc40
 [response time] 10.336
 [number of tasks] 5
 [nm p s]
 [32] 1 0
 [20] 1 0
 [41] 1 1
 [8] 2 2
 [29] 2 0
 [49] 1 1
 [11] 1 0
 [22] 1 1
ac1d779e-9867-4b8d-bd82-5c342138491e
 [response time] 10.957
 [number of tasks] 5
 [nm p s]
 [20] 1 0
 [42] 2 2
 [12] 1 1
 [35] 1 0
 [10] 1 1
 [9] 1 0
 [6] 1 0
 [29] 1 0
 [5] 1 1
f7d0ad98-60be-440c-96f7-deb49274894b
 [response time] 10.993
 [number of tasks] 5
 [nm p s]
 [10] 2 0
 [20] 1 0
 [31] 2 1
 [19] 2 2
 [39] 1 1
 [38] 1 1
 [37] 1 0
b3a50c6a-4a37-4bc2-9316-5d223b25e244
 [response time] 11.885
 [number of tasks] 5
 [nm p s]
 [44] 1 1
 [21] 1 0
 [20] 1 0
 [19] 1 0
 [18] 1 1
 [39] 1 1
 [38] 1 1
 [36] 1 0
 [35] 1 1
 [33] 1 0
25dce730-54d6-4926-ac9f-29a6744e6cec
 [response time] 11.639
 [number of tasks] 5
 [nm p s]
 [8] 2 0
 [30] 1 0
 [19] 1 1
 [17] 1 0
 [24] 1 1
 [2] 2 1
 [45] 1 1
 [12] 1 1
71759569-0cc3-42e7-bcbe-7e0312c4765e
 [response time] 11.751
 [number of tasks] 5
 [nm p s]
 [22] 1 1
 [18] 1 0
 [41] 1 0
 [14] 1 0
 [11] 1 1
 [34] 1 0
 [8] 1 1
 [26] 2 2
 [25] 1 0
6ab2bf77-2e16-4703-9a2e-3d146bec618d
 [response time] 12.034
 [number of tasks] 5
 [nm p s]
 [22] 1 0
 [21] 1 1
 [41] 1 0
 [16] 1 0
 [33] 1 0
 [31] 1 1
 [30] 1 1
 [27] 1 1
 [49] 1 0
 [25] 1 1
748155b0-215b-4732-b39a-9df55862d465
 [response time] 12.45
 [number of tasks] 5
 [nm p s]
 [9] 1 0
 [48] 1 0
 [26] 1 1
 [24] 1 0
 [13] 1 1
 [12] 1 0
 [23] 3 3
 [44] 1 0
941fd180-632b-47f0-b301-4f80f56e6ed6
 [response time] 12.882
 [number of tasks] 5
 [nm p s]
 [18] 1 0
 [41] 1 0
 [13] 1 0
 [36] 1 0
 [12] 1 1
 [9] 1 1
 [27] 2 1
 [47] 1 1
 [1] 1 1
c9aecb6f-dbea-41d4-a1fe-1dc736ce3e97
 [response time] 13.249
 [number of tasks] 5
 [nm p s]
 [44] 1 0
 [21] 1 1
 [20] 1 0
 [19] 1 1
 [18] 1 0
 [39] 1 0
 [14] 1 1
 [13] 1 0
 [36] 1 1
 [0] 1 1
26f02bb4-9cfe-4301-85ff-c33ae7845d92
 [response time] 13.301
 [number of tasks] 5
 [nm p s]
 [12] 1 0
 [11] 1 0
 [32] 1 1
 [6] 1 0
 [29] 2 2
 [4] 1 1
 [49] 1 0
 [1] 1 1
 [23] 1 0
7f8a75de-a0f3-44d8-9f2f-5f92aa9a604c
 [response time] 13.748
 [number of tasks] 5
 [nm p s]
 [17] 1 0
 [39] 1 0
 [16] 1 1
 [34] 1 0
 [33] 1 0
 [9] 1 1
 [29] 1 1
 [5] 1 1
 [26] 1 1
 [2] 1 0
5757b790-8f39-43b6-ac49-40c6bc175b3d
 [response time] 13.33
 [number of tasks] 5
 [nm p s]
 [22] 1 0
 [18] 1 1
 [41] 1 1
 [14] 1 1
 [6] 1 0
 [28] 1 1
 [4] 1 0
 [26] 1 0
 [2] 1 1
 [1] 1 0
fe3c5307-f90a-4837-9901-f7435739e729
 [response time] 12.834
 [number of tasks] 5
 [nm p s]
 [45] 1 1
 [42] 2 1
 [16] 1 1
 [35] 1 1
 [34] 1 0
 [9] 1 1
 [31] 1 0
 [30] 1 0
 [28] 1 0
87c43e66-1d19-4d1a-8207-b919103d18de
 [response time] 13.845
 [number of tasks] 5
 [nm p s]
 [20] 1 1
 [41] 1 1
 [12] 1 0
 [11] 2 0
 [7] 1 1
 [29] 1 1
 [3] 1 1
 [25] 1 0
 [46] 1 0
6b2e3b0f-11e8-47ea-a558-dad3462fa5f4
 [response time] 14.355
 [number of tasks] 5
 [nm p s]
 [42] 1 0
 [18] 1 1
 [41] 1 0
 [39] 2 0
 [15] 1 1
 [32] 1 1
 [29] 1 1
 [5] 1 1
 [0] 1 0
76a2f5f8-b76b-4e69-9f8a-690e2efe1de8
 [response time] 14.556
 [number of tasks] 5
 [nm p s]
 [43] 1 1
 [18] 1 1
 [40] 1 0
 [39] 2 0
 [38] 1 1
 [34] 1 1
 [29] 1 1
 [49] 1 0
 [23] 1 0
42cc1d08-fd26-4719-afae-1d5d904880d3
 [response time] 15.542
 [number of tasks] 5
 [nm p s]
 [21] 2 1
 [42] 1 0
 [36] 1 1
 [12] 1 0
 [11] 1 0
 [34] 1 0
 [6] 1 1
 [27] 1 1
 [3] 1 1
c1764a4b-96a4-4c63-920b-cd9b9faac9d3
 [response time] 15.377
 [number of tasks] 5
 [nm p s]
 [16] 1 1
 [13] 1 1
 [35] 1 0
 [11] 1 0
 [34] 1 1
 [26] 2 1
 [49] 1 0
 [24] 1 0
 [1] 1 1
385f69cf-39a3-4553-a34d-f04c816b112b
 [response time] 15.692
 [number of tasks] 5
 [nm p s]
 [40] 1 0
 [16] 1 0
 [39] 1 0
 [37] 1 0
 [13] 1 1
 [12] 1 1
 [7] 1 0
 [30] 1 1
 [24] 1 1
 [0] 1 1
f6622c8b-4314-4c90-8053-058384348b86
 [response time] 16.506
 [number of tasks] 5
 [nm p s]
 [21] 1 0
 [41] 2 2
 [40] 1 1
 [28] 1 0
 [27] 2 2
 [48] 1 0
 [24] 1 0
 [46] 1 0
b38233e2-cc71-4e48-9e5d-70790c48acfa
 [response time] 16.511
 [number of tasks] 5
 [nm p s]
 [44] 1 1
 [19] 1 0
 [13] 1 0
 [36] 1 0
 [12] 1 1
 [29] 1 0
 [28] 2 2
 [4] 1 1
 [46] 1 0
3ee62332-2c9c-4039-9be7-460937a545c1
 [response time] 15.953
 [number of tasks] 5
 [nm p s]
 [44] 1 0
 [41] 1 1
 [17] 1 0
 [33] 1 0
 [32] 1 1
 [8] 1 0
 [49] 1 1
 [1] 1 1
 [24] 1 1
 [46] 1 0
c7415af4-4b02-4fea-9245-8afa785943ae
 [response time] 16.261
 [number of tasks] 5
 [nm p s]
 [42] 1 1
 [17] 1 0
 [15] 1 1
 [35] 1 0
 [33] 1 0
 [32] 1 0
 [5] 1 1
 [27] 1 1
 [25] 1 1
 [47] 1 0
442e765d-7741-449b-93bd-38bf83a416cf
 [response time] 15.631
 [number of tasks] 5
 [nm p s]
 [21] 1 0
 [19] 1 0
 [15] 1 1
 [38] 1 0
 [14] 1 1
 [30] 1 1
 [6] 1 1
 [29] 1 0
 [2] 2 1
d1bcd559-568d-4e91-8373-5e7627d82d9c
 [response time] 17.062
 [number of tasks] 5
 [nm p s]
 [45] 1 1
 [44] 1 0
 [20] 1 1
 [43] 1 0
 [39] 1 0
 [33] 1 1
 [8] 1 1
 [29] 1 0
 [47] 1 1
 [23] 1 0
be0ae0e7-af60-4e26-ad04-6767d99b35ed
 [response time] 16.741
 [number of tasks] 5
 [nm p s]
 [42] 1 0
 [18] 1 1
 [17] 1 1
 [40] 1 0
 [39] 1 1
 [12] 2 1
 [11] 1 1
 [31] 1 0
 [3] 1 0
97e91109-8721-45f2-a747-3152b6addb89
 [response time] 18.199
 [number of tasks] 5
 [nm p s]
 [21] 2 0
 [20] 2 1
 [7] 1 1
 [5] 1 1
 [2] 1 1
 [23] 1 0
 [44] 1 0
 [33] 1 1
3b361550-0285-44b6-ad8c-2edeeca3911e
 [response time] 18.849
 [number of tasks] 5
 [nm p s]
 [9] 2 0
 [19] 1 1
 [6] 1 1
 [5] 2 1
 [26] 1 1
 [13] 1 1
 [23] 1 0
 [0] 1 0
ceae9a13-888c-45d9-b385-64170ac64c56
 [response time] 18.97
 [number of tasks] 5
 [nm p s]
 [20] 1 0
 [40] 1 1
 [39] 1 1
 [15] 1 1
 [35] 1 1
 [28] 1 1
 [27] 1 0
 [3] 1 0
 [26] 1 0
 [2] 1 0
a5a39a0f-e23e-497d-872f-324ee4e9c410
 [response time] 18.999
 [number of tasks] 5
 [nm p s]
 [17] 1 1
 [39] 1 0
 [33] 1 1
 [9] 1 0
 [6] 1 1
 [3] 1 1
 [48] 1 0
 [25] 1 0
 [1] 1 1
 [0] 1 0
778db2d5-59e7-46f3-853b-81ff24767d9d
 [response time] 18.363
 [number of tasks] 5
 [nm p s]
 [43] 1 1
 [19] 1 1
 [16] 1 0
 [39] 1 0
 [15] 1 0
 [32] 1 1
 [31] 1 1
 [28] 1 0
 [2] 1 0
 [47] 1 1
083197d5-f7e2-4a1e-a599-c17e08d44a1e
 [response time] 19.715
 [number of tasks] 5
 [nm p s]
 [20] 1 0
 [31] 1 0
 [15] 1 1
 [36] 2 1
 [24] 1 1
 [13] 1 1
 [35] 1 1
 [11] 2 0
04e9bf89-60a0-45e2-8829-402c771a0319
 [response time] 19.389
 [number of tasks] 5
 [nm p s]
 [22] 1 0
 [17] 1 0
 [38] 1 1
 [36] 1 0
 [32] 1 1
 [8] 1 0
 [7] 1 0
 [29] 1 1
 [3] 1 1
 [25] 1 1
1fc3ac91-54c7-491b-9fb5-481ef7078061
 [response time] 18.471
 [number of tasks] 5
 [nm p s]
 [37] 1 1
 [35] 1 0
 [9] 1 0
 [8] 1 0
 [29] 1 1
 [28] 2 1
 [27] 1 1
 [2] 1 0
 [24] 1 1
e6e2b3f8-ce68-44c7-bb6d-3eba895ff59d
 [response time] 20.593
 [number of tasks] 5
 [nm p s]
 [44] 2 1
 [21] 1 0
 [19] 1 1
 [41] 1 0
 [16] 1 0
 [13] 1 1
 [33] 1 1
 [31] 1 0
 [6] 1 1
65c97757-3b02-4820-a152-cc8bb3a993f9
 [response time] 20.421
 [number of tasks] 5
 [nm p s]
 [22] 1 1
 [17] 1 0
 [38] 1 0
 [37] 1 0
 [32] 1 1
 [8] 2 0
 [30] 1 1
 [49] 1 1
 [47] 1 1
0a60d6c4-db62-4aaa-802b-ee97e41fe689
 [response time] 21.713
 [number of tasks] 5
 [nm p s]
 [18] 1 1
 [41] 2 0
 [17] 1 1
 [10] 1 1
 [33] 1 0
 [24] 1 1
 [47] 1 1
 [0] 1 0
 [23] 1 0
cb5387a7-b865-4c70-865b-b9c451bc0c56
 [response time] 21.117
 [number of tasks] 5
 [nm p s]
 [43] 1 1
 [40] 1 1
 [39] 1 1
 [37] 1 0
 [11] 1 0
 [6] 1 1
 [28] 1 0
 [49] 1 1
 [3] 1 0
 [26] 1 0
2593366e-579c-43a0-9a41-eebceceb2d29
 [response time] 22.046
 [number of tasks] 5
 [nm p s]
 [19] 1 0
 [18] 1 0
 [37] 1 1
 [13] 1 0
 [36] 1 1
 [28] 1 0
 [48] 1 1
 [24] 1 1
 [1] 1 1
 [46] 1 0
10cb3238-bb0f-446d-ad8e-24ad20cf214b
 [response time] 22.047
 [number of tasks] 5
 [nm p s]
 [43] 2 1
 [16] 1 0
 [12] 1 1
 [10] 1 1
 [8] 1 1
 [7] 1 0
 [4] 1 0
 [2] 1 0
 [25] 1 1
3d66e056-684b-44ee-9e94-e0bb6a10032a
 [response time] 22.02
 [number of tasks] 5
 [nm p s]
 [10] 1 1
 [42] 1 0
 [7] 2 2
 [39] 2 1
 [27] 1 0
 [4] 1 0
 [47] 1 0
 [45] 1 1
79abbf77-d3d2-4f12-bc58-aa1b8f9b6e47
 [response time] 22.533
 [number of tasks] 5
 [nm p s]
 [44] 1 0
 [20] 2 1
 [39] 1 1
 [12] 1 1
 [33] 1 0
 [27] 1 1
 [49] 1 1
 [1] 1 0
 [23] 1 0
f351c3d2-5095-4a27-abe1-3db36e84cdee
 [response time] 23.012
 [number of tasks] 5
 [nm p s]
 [44] 1 1
 [20] 1 0
 [42] 1 1
 [40] 1 0
 [12] 1 1
 [34] 1 0
 [31] 1 0
 [30] 1 1
 [6] 1 0
 [26] 1 1
b6a83c3e-b868-476a-b181-2dca67b7683e
 [response time] 22.509
 [number of tasks] 5
 [nm p s]
 [43] 1 1
 [42] 1 1
 [18] 1 1
 [17] 1 1
 [34] 1 0
 [32] 1 0
 [5] 1 0
 [48] 1 0
 [47] 1 1
 [46] 1 0
7bedeac8-f7f1-442d-a9b5-4ef881c76aea
 [response time] 23.611
 [number of tasks] 5
 [nm p s]
 [21] 1 1
 [17] 1 1
 [6] 2 2
 [49] 1 0
 [48] 2 0
 [37] 1 0
 [24] 1 0
 [1] 1 1
3cf45df8-3073-428e-9a9c-3b76e1a6ba8a
 [response time] 23.55
 [number of tasks] 5
 [nm p s]
 [44] 1 1
 [18] 1 0
 [41] 1 0
 [39] 1 1
 [6] 1 0
 [49] 1 1
 [25] 1 0
 [48] 1 1
 [24] 1 0
 [46] 1 1
18e487c4-06d7-480b-b258-72b784ed38fe
 [response time] 23.303
 [number of tasks] 5
 [nm p s]
 [20] 1 0
 [43] 1 1
 [42] 1 0
 [38] 1 1
 [12] 2 0
 [35] 1 0
 [5] 1 1
 [4] 1 1
 [25] 1 1
d0c72aad-1ece-49ac-bb00-bc1532e82e29
 [response time] 23.717
 [number of tasks] 5
 [nm p s]
 [43] 1 1
 [41] 1 1
 [37] 1 0
 [36] 1 0
 [11] 1 0
 [7] 2 1
 [0] 1 1
 [23] 1 1
 [46] 1 0
42134bee-7005-4969-90f3-8a806ef3283d
 [response time] 23.647
 [number of tasks] 5
 [nm p s]
 [22] 1 0
 [44] 1 1
 [43] 1 1
 [42] 1 1
 [17] 1 0
 [14] 2 0
 [35] 1 0
 [9] 1 1
 [5] 1 1
1dc6bbbf-2c11-4bd2-b7bd-f18f1e25c355
 [response time] 24.385
 [number of tasks] 5
 [nm p s]
 [40] 1 1
 [39] 1 1
 [37] 1 0
 [11] 1 0
 [34] 1 1
 [33] 1 1
 [30] 1 1
 [6] 1 0
 [3] 1 0
 [1] 1 0
1aa323c3-9bd3-4b5c-b83c-12d6c25f3903
 [response time] 23.785
 [number of tasks] 5
 [nm p s]
 [21] 1 0
 [43] 1 0
 [40] 1 0
 [10] 1 1
 [9] 1 1
 [29] 1 1
 [4] 1 1
 [48] 1 0
 [47] 1 0
 [0] 1 1
6c8e0c5b-a2b5-4dcf-84bc-bd5e020992d8
 [response time] 23.791
 [number of tasks] 5
 [nm p s]
 [10] 2 0
 [20] 1 0
 [19] 1 1
 [41] 1 1
 [38] 1 0
 [27] 1 1
 [35] 2 1
 [46] 1 1
93b47959-e5e4-4ff4-9c7b-a5fc5b69db1f
 [response time] 24.3
 [number of tasks] 5
 [nm p s]
 [22] 1 0
 [41] 2 0
 [14] 1 1
 [8] 1 1
 [7] 1 0
 [30] 1 1
 [2] 1 0
 [47] 1 1
 [0] 1 1
d0c6ef97-a3fb-4bcd-90ae-b29cca81ae16
 [response time] 25.527
 [number of tasks] 5
 [nm p s]
 [42] 1 1
 [16] 1 0
 [14] 1 1
 [34] 1 1
 [32] 1 1
 [5] 2 0
 [28] 1 0
 [24] 1 0
 [47] 1 1
62baf296-f36e-4438-8e5b-7cb3f9695df0
 [response time] 25.161
 [number of tasks] 5
 [nm p s]
 [10] 3 0
 [29] 1 0
 [17] 2 1
 [4] 1 1
 [14] 1 1
 [35] 1 1
 [44] 1 1
b0e6de8a-bf62-4df6-b805-bfb0fda59c95
 [response time] 25.728
 [number of tasks] 5
 [nm p s]
 [21] 1 1
 [10] 2 1
 [19] 1 0
 [39] 1 0
 [5] 2 2
 [25] 1 1
 [2] 1 0
 [23] 1 0
4a4f81fc-edc6-4c79-bf9e-889fd72205f2
 [response time] 26.392
 [number of tasks] 5
 [nm p s]
 [22] 1 0
 [21] 1 1
 [20] 1 0
 [37] 1 0
 [12] 1 0
 [35] 1 1
 [33] 1 1
 [29] 1 1
 [6] 1 0
 [3] 1 1
4faeb593-72e6-4183-8cf1-4b37ee8c4bd2
 [response time] 25.925
 [number of tasks] 5
 [nm p s]
 [45] 1 0
 [44] 1 0
 [16] 1 0
 [39] 1 1
 [14] 1 0
 [11] 1 1
 [10] 1 1
 [7] 1 1
 [3] 1 0
 [0] 1 1
8bc044da-cfc1-4263-8c87-8b2cfbfbdff0
 [response time] 27.571
 [number of tasks] 5
 [nm p s]
 [19] 1 1
 [40] 1 0
 [35] 1 0
 [9] 1 0
 [30] 1 1
 [6] 1 0
 [26] 1 1
 [48] 1 0
 [1] 1 1
 [24] 1 1
642f8593-9a68-4ed7-9a11-c45a74a0223a
 [response time] 28.122
 [number of tasks] 5
 [nm p s]
 [22] 1 0
 [43] 1 0
 [40] 1 1
 [35] 1 1
 [11] 1 1
 [34] 1 1
 [33] 1 0
 [32] 1 1
 [7] 1 0
 [25] 1 0
a87d79f7-d586-49f5-a4ef-7682e13a3ab1
 [response time] 28.469
 [number of tasks] 5
 [nm p s]
 [43] 1 0
 [42] 1 0
 [41] 1 1
 [39] 1 1
 [37] 1 0
 [14] 1 1
 [5] 1 0
 [48] 1 0
 [24] 1 1
 [0] 1 1
ccca7837-e570-4257-80ef-1d540764043f
 [response time] 29.432
 [number of tasks] 5
 [nm p s]
 [43] 1 0
 [41] 1 1
 [16] 1 1
 [15] 1 1
 [37] 1 0
 [13] 1 1
 [29] 1 0
 [2] 1 1
 [1] 1 0
 [23] 1 0
34f3f928-6966-4da0-8b35-a61e0e954e04
 [response time] 30.39
 [number of tasks] 5
 [nm p s]
 [19] 1 1
 [16] 1 0
 [39] 1 0
 [37] 1 1
 [36] 1 1
 [35] 1 1
 [30] 1 0
 [5] 1 1
 [4] 1 0
 [48] 1 0
337e6ae4-41de-444c-9a6d-41a8d52b36f6
 [response time] 29.372
 [number of tasks] 5
 [nm p s]
 [42] 1 1
 [16] 1 0
 [39] 2 1
 [15] 1 0
 [8] 1 1
 [6] 1 1
 [29] 1 0
 [25] 1 1
 [24] 1 0
b47a2956-3102-4b25-8ac4-c85d59f6a7cd
 [response time] 29.686
 [number of tasks] 5
 [nm p s]
 [30] 1 0
 [7] 1 1
 [6] 1 1
 [5] 1 0
 [16] 2 2
 [4] 1 0
 [3] 1 1
 [34] 2 0
7e9544c2-3556-48ed-95ce-17e74476969f
 [response time] 29.792
 [number of tasks] 5
 [nm p s]
 [20] 2 1
 [43] 1 0
 [42] 1 0
 [40] 1 0
 [16] 1 1
 [39] 1 0
 [36] 1 1
 [7] 1 1
 [24] 1 1
3e553ce8-f6c2-455d-8dcf-5107ffd9973e
 [response time] 29.927
 [number of tasks] 5
 [nm p s]
 [20] 1 1
 [19] 1 1
 [15] 1 1
 [37] 1 0
 [13] 1 0
 [35] 2 1
 [9] 1 0
 [26] 1 0
 [49] 1 1
74b686dc-78d3-4a3e-b210-be2b0c48b27b
 [response time] 30.517
 [number of tasks] 5
 [nm p s]
 [22] 1 1
 [19] 1 0
 [16] 1 1
 [13] 1 1
 [36] 1 0
 [33] 2 1
 [5] 1 0
 [3] 1 1
 [24] 1 0
690be979-4c2e-4b4d-8ade-c575c31fa665
 [response time] 32.085
 [number of tasks] 5
 [nm p s]
 [44] 1 0
 [20] 1 1
 [19] 1 1
 [42] 1 0
 [17] 1 0
 [39] 1 1
 [38] 1 0
 [12] 1 0
 [29] 1 1
 [5] 1 1
21583725-6689-4181-afcf-7bcc2229f715
 [response time] 32.655
 [number of tasks] 5
 [nm p s]
 [10] 2 0
 [9] 1 0
 [30] 1 1
 [29] 1 1
 [7] 1 1
 [5] 1 1
 [4] 1 0
 [24] 2 1
9c4a8733-e8ab-46d8-b7fb-8e9d19249c38
 [response time] 33.531
 [number of tasks] 5
 [nm p s]
 [45] 1 0
 [41] 1 0
 [14] 1 0
 [10] 1 1
 [32] 1 1
 [30] 1 1
 [29] 1 0
 [6] 1 1
 [27] 1 1
 [25] 1 0
8d05ebb1-a1bb-4254-9bab-12eda07fe780
 [response time] 33.243
 [number of tasks] 5
 [nm p s]
 [45] 1 1
 [41] 1 0
 [37] 1 0
 [13] 1 0
 [12] 1 1
 [31] 1 1
 [30] 1 1
 [5] 1 0
 [48] 1 0
 [0] 1 1
9eed761a-3666-4f6a-862f-1c21140961db
 [response time] 33.747
 [number of tasks] 5
 [nm p s]
 [22] 1 0
 [45] 1 0
 [17] 1 1
 [39] 1 1
 [36] 1 1
 [12] 1 1
 [32] 1 0
 [7] 1 1
 [27] 1 0
 [25] 1 0
ee041291-d3cc-4feb-881e-30e47fea150b
 [response time] 34.48
 [number of tasks] 5
 [nm p s]
 [20] 1 0
 [39] 1 1
 [16] 1 1
 [14] 1 0
 [11] 1 0
 [7] 1 0
 [6] 1 0
 [25] 1 1
 [23] 1 1
 [46] 1 1
0b479e00-fde1-4ccc-9689-a10fe63a69d2
 [response time] 34.402
 [number of tasks] 5
 [nm p s]
 [42] 1 0
 [16] 1 1
 [12] 1 1
 [11] 1 0
 [34] 1 1
 [5] 1 0
 [3] 2 0
 [24] 1 1
 [0] 1 1
