[scheduler id] 1
[number of node monitors] 50

[job statistics]
57133ffe-144e-4185-b774-22e184099636
 [response time] 1.558
 [number of tasks] 5
 [nm p s]
 [38] 1 0
 [12] 1 1
 [35] 1 1
 [10] 1 0
 [30] 1 0
 [6] 1 1
 [2] 1 1
 [25] 1 0
 [24] 1 1
 [23] 1 0
289dafaa-3304-4ac1-a865-1f77c86001fb
 [response time] 1.608
 [number of tasks] 5
 [nm p s]
 [43] 1 0
 [19] 1 0
 [18] 1 1
 [15] 1 0
 [34] 1 0
 [32] 1 1
 [5] 1 1
 [2] 1 1
 [1] 1 0
 [23] 1 1
2fe03d61-00b4-4627-abc4-bcd0e7a8ea44
 [response time] 2.947
 [number of tasks] 5
 [nm p s]
 [18] 1 0
 [15] 1 0
 [38] 1 1
 [13] 2 1
 [35] 1 1
 [3] 1 1
 [49] 1 0
 [1] 1 0
 [46] 1 1
d729dacc-310c-47c8-b1cb-5ae2452b5f4a
 [response time] 3.037
 [number of tasks] 5
 [nm p s]
 [20] 1 1
 [41] 1 0
 [17] 1 0
 [38] 1 1
 [37] 1 1
 [11] 2 1
 [6] 1 1
 [29] 1 0
 [0] 1 0
d0bc6800-14d6-49fb-9c45-dad76dcd99d5
 [response time] 3.227
 [number of tasks] 5
 [nm p s]
 [40] 1 0
 [35] 1 0
 [11] 1 1
 [10] 1 1
 [7] 1 1
 [30] 1 0
 [4] 1 0
 [3] 1 1
 [25] 1 1
 [0] 1 0
2ad19fe3-fea5-473c-a04c-6094e54eeea0
 [response time] 3.351
 [number of tasks] 5
 [nm p s]
 [44] 1 1
 [43] 1 0
 [40] 1 0
 [16] 1 1
 [39] 1 1
 [10] 1 0
 [29] 1 1
 [28] 1 0
 [48] 1 0
 [47] 1 1
9027082b-956f-4812-b055-4c3f72aed84f
 [response time] 4.227
 [number of tasks] 5
 [nm p s]
 [42] 1 1
 [18] 1 1
 [39] 1 0
 [37] 1 0
 [10] 1 1
 [9] 1 0
 [7] 1 0
 [27] 1 1
 [3] 1 0
 [46] 1 1
e4c85367-4993-4d7c-bcbf-0ecc69c7a79f
 [response time] 5.434
 [number of tasks] 5
 [nm p s]
 [45] 1 0
 [21] 1 1
 [18] 1 0
 [16] 1 1
 [13] 1 1
 [34] 1 0
 [27] 2 2
 [26] 1 0
 [0] 1 0
468bba61-a133-476b-98a1-6105fe0121a3
 [response time] 6.148
 [number of tasks] 5
 [nm p s]
 [45] 1 0
 [20] 1 1
 [43] 1 0
 [34] 1 1
 [8] 1 0
 [6] 1 0
 [26] 1 0
 [3] 1 1
 [23] 1 1
 [46] 1 1
8f3c9540-db28-47f0-9dd2-8a7e36a77b43
 [response time] 5.763
 [number of tasks] 5
 [nm p s]
 [17] 1 0
 [40] 1 1
 [12] 1 0
 [11] 1 0
 [30] 1 0
 [6] 1 1
 [25] 1 1
 [1] 1 1
 [0] 1 0
 [23] 1 1
be40143e-5403-47e1-909b-cbecd424a54d
 [response time] 6.155
 [number of tasks] 5
 [nm p s]
 [30] 1 0
 [8] 1 0
 [5] 1 1
 [37] 1 1
 [24] 1 0
 [46] 1 1
 [23] 1 1
 [0] 3 1
fe355281-c36d-433e-8401-a3601b8d3c89
 [response time] 6.208
 [number of tasks] 5
 [nm p s]
 [43] 1 0
 [20] 2 1
 [31] 2 0
 [29] 1 1
 [28] 1 1
 [48] 1 1
 [36] 1 0
 [46] 1 1
fc8cafc5-ed51-492d-bfa8-d3d0691b6df0
 [response time] 6.106
 [number of tasks] 5
 [nm p s]
 [20] 1 1
 [43] 2 1
 [19] 1 0
 [15] 1 0
 [12] 1 0
 [8] 1 1
 [6] 1 1
 [1] 1 0
 [0] 1 1
4980069f-de60-4d5b-a583-6054d29f1a0f
 [response time] 6.884
 [number of tasks] 5
 [nm p s]
 [22] 1 0
 [44] 1 0
 [18] 2 1
 [39] 1 1
 [37] 1 0
 [34] 1 1
 [31] 1 0
 [26] 1 1
 [1] 1 1
21329f59-9b02-42be-884f-6f22543520a2
 [response time] 6.766
 [number of tasks] 5
 [nm p s]
 [45] 1 1
 [41] 1 1
 [40] 1 0
 [34] 1 0
 [32] 1 0
 [30] 1 0
 [6] 1 1
 [29] 1 0
 [5] 1 1
 [3] 1 1
052b9146-0d84-4054-a98b-73642b044862
 [response time] 7.882
 [number of tasks] 5
 [nm p s]
 [22] 1 1
 [21] 1 0
 [39] 1 1
 [13] 1 1
 [8] 1 0
 [5] 1 1
 [49] 2 0
 [24] 1 1
 [47] 1 0
ef76982d-db47-4120-a8fe-916f385eac01
 [response time] 7.448
 [number of tasks] 5
 [nm p s]
 [45] 1 0
 [15] 1 1
 [14] 1 1
 [13] 1 1
 [35] 1 0
 [11] 1 1
 [10] 1 0
 [8] 1 1
 [2] 1 0
 [47] 1 0
801fe649-1907-42ae-b107-0be10a5c80f5
 [response time] 8.501
 [number of tasks] 5
 [nm p s]
 [32] 1 0
 [6] 1 1
 [5] 2 1
 [4] 1 1
 [14] 1 0
 [24] 2 2
 [1] 1 0
 [33] 1 0
7fb35030-6855-406e-81f9-ca78fa500c6d
 [response time] 9.178
 [number of tasks] 5
 [nm p s]
 [12] 2 1
 [11] 1 1
 [32] 1 0
 [8] 1 1
 [7] 1 0
 [26] 1 0
 [47] 1 0
 [0] 1 1
 [46] 1 1
c00c589e-9f6e-4fcf-902f-18c2fc8356f0
 [response time] 9.549
 [number of tasks] 5
 [nm p s]
 [18] 2 1
 [35] 1 0
 [34] 1 0
 [32] 1 1
 [31] 1 0
 [26] 1 1
 [48] 1 1
 [1] 1 0
 [0] 1 1
e560907b-6816-4de1-85a1-667258f49872
 [response time] 9.5
 [number of tasks] 5
 [nm p s]
 [20] 1 0
 [31] 1 0
 [30] 1 0
 [7] 3 3
 [26] 1 0
 [36] 1 1
 [13] 1 0
 [34] 1 1
07c51435-dede-4721-b0a3-ea3243288ed0
 [response time] 9.614
 [number of tasks] 5
 [nm p s]
 [45] 2 2
 [21] 1 0
 [19] 1 0
 [41] 1 1
 [40] 1 0
 [37] 1 0
 [32] 1 1
 [28] 1 0
 [47] 1 1
10cffbc9-a17a-45c5-a549-c1dbf629edee
 [response time] 10.779
 [number of tasks] 5
 [nm p s]
 [45] 1 1
 [43] 1 0
 [37] 1 1
 [33] 1 0
 [31] 1 0
 [29] 1 0
 [5] 1 1
 [28] 1 1
 [27] 1 1
 [49] 1 0
2f3cd5da-94a7-4fab-b5a7-31f371e797c3
 [response time] 11.127
 [number of tasks] 5
 [nm p s]
 [18] 1 0
 [40] 1 1
 [16] 1 0
 [10] 1 0
 [33] 1 1
 [32] 1 0
 [31] 1 1
 [3] 1 0
 [2] 1 1
 [0] 1 1
4785821d-549b-4377-a051-fac9a87a87f8
 [response time] 10.297
 [number of tasks] 5
 [nm p s]
 [15] 1 0
 [38] 1 1
 [13] 1 0
 [12] 1 0
 [34] 1 1
 [10] 1 0
 [9] 1 1
 [8] 1 1
 [3] 1 1
 [26] 1 0
adaa3641-8902-4191-8539-90fbd8dd7596
 [response time] 11.458
 [number of tasks] 5
 [nm p s]
 [21] 1 1
 [16] 1 1
 [12] 1 0
 [34] 1 0
 [33] 1 0
 [7] 1 1
 [27] 1 0
 [49] 1 1
 [2] 1 0
 [24] 1 1
0000c2ea-6858-434f-95fe-f5bce4acbc94
 [response time] 10.86
 [number of tasks] 5
 [nm p s]
 [22] 1 1
 [44] 2 0
 [40] 1 1
 [10] 1 0
 [31] 1 1
 [7] 1 0
 [28] 1 1
 [27] 1 0
 [26] 1 1
74abcdce-e681-4872-9a2c-5c0811f10755
 [response time] 11.313
 [number of tasks] 5
 [nm p s]
 [42] 1 0
 [15] 2 2
 [35] 1 1
 [9] 1 0
 [29] 1 0
 [27] 1 0
 [49] 1 1
 [0] 1 0
 [23] 1 1
9fd9658c-f8b5-45ed-9d5c-dcf84e5787f8
 [response time] 11.406
 [number of tasks] 5
 [nm p s]
 [20] 1 0
 [43] 1 1
 [19] 1 1
 [17] 1 0
 [40] 1 1
 [34] 1 1
 [8] 2 1
 [7] 1 0
 [1] 1 0
85da8822-f47a-4c76-9539-ef6cf1ce2bc7
 [response time] 11.367
 [number of tasks] 5
 [nm p s]
 [22] 1 0
 [42] 1 1
 [11] 1 0
 [32] 1 0
 [8] 1 0
 [27] 1 0
 [26] 1 1
 [24] 1 1
 [0] 1 1
 [23] 1 1
449ff424-5d5f-4184-a7f7-07aa3d3a8d25
 [response time] 11.428
 [number of tasks] 5
 [nm p s]
 [42] 2 1
 [39] 1 1
 [14] 1 0
 [25] 1 0
 [47] 1 1
 [13] 1 0
 [45] 2 1
 [44] 1 1
8e7c191c-f077-48d9-964b-64f65fb5e6e6
 [response time] 12.084
 [number of tasks] 5
 [nm p s]
 [21] 1 0
 [31] 1 0
 [8] 1 0
 [17] 2 2
 [16] 1 0
 [26] 1 0
 [36] 2 2
 [11] 1 1
b2669dc9-bcbb-4e79-90aa-1786a98615f6
 [response time] 12.73
 [number of tasks] 5
 [nm p s]
 [18] 1 1
 [41] 1 0
 [17] 1 0
 [40] 1 0
 [16] 1 1
 [38] 1 1
 [10] 1 0
 [6] 1 1
 [47] 1 1
 [46] 1 0
cd43cb63-40a8-43a5-82be-d037cee2d260
 [response time] 13.996
 [number of tasks] 5
 [nm p s]
 [45] 1 1
 [44] 1 0
 [39] 1 1
 [38] 1 0
 [37] 1 0
 [2] 1 1
 [48] 2 1
 [1] 1 0
 [47] 1 1
ab7911b1-51e6-4d6e-bc85-42edf62bd99e
 [response time] 13.162
 [number of tasks] 5
 [nm p s]
 [22] 1 1
 [44] 1 0
 [17] 1 0
 [14] 1 0
 [13] 1 1
 [12] 1 1
 [8] 1 1
 [29] 1 1
 [5] 1 0
 [49] 1 0
82ff621f-3a64-4534-95ac-6329b503febd
 [response time] 13.519
 [number of tasks] 5
 [nm p s]
 [45] 1 1
 [44] 1 1
 [40] 1 1
 [13] 2 0
 [36] 1 0
 [32] 1 0
 [6] 1 1
 [26] 1 1
 [1] 1 0
baad1e73-7dab-4cfd-88ab-33056a59d4dd
 [response time] 13.777
 [number of tasks] 5
 [nm p s]
 [19] 1 0
 [29] 1 1
 [6] 1 1
 [28] 1 1
 [4] 1 1
 [26] 2 0
 [49] 1 0
 [47] 1 0
 [23] 1 1
25df3c9e-4c78-4505-ac82-2c15531e08df
 [response time] 14.738
 [number of tasks] 5
 [nm p s]
 [42] 2 2
 [30] 2 0
 [40] 1 1
 [14] 1 1
 [36] 1 1
 [3] 1 0
 [46] 1 0
 [0] 1 0
6b81062d-90c5-42ec-8558-1a7826008562
 [response time] 13.822
 [number of tasks] 5
 [nm p s]
 [45] 1 0
 [44] 1 0
 [42] 1 0
 [18] 1 0
 [40] 1 0
 [37] 1 1
 [10] 1 1
 [30] 1 1
 [48] 1 1
 [47] 1 1
e9e249a0-48d3-44ad-98ab-6eeb48fde3e4
 [response time] 14.404
 [number of tasks] 5
 [nm p s]
 [10] 1 0
 [30] 1 1
 [37] 1 1
 [15] 1 1
 [14] 2 0
 [35] 1 1
 [11] 1 1
 [33] 2 0
a852da6e-f538-435a-a98a-0233d4006e3d
 [response time] 14.389
 [number of tasks] 5
 [nm p s]
 [43] 1 0
 [18] 1 0
 [40] 1 1
 [16] 1 0
 [38] 1 1
 [33] 1 1
 [8] 1 1
 [31] 1 1
 [26] 1 0
 [49] 1 0
9c11f5f7-c7b7-4384-9d25-d65aa3e55fce
 [response time] 14.832
 [number of tasks] 5
 [nm p s]
 [21] 1 0
 [32] 1 0
 [41] 1 1
 [7] 1 0
 [28] 1 0
 [39] 2 2
 [14] 2 2
 [1] 1 0
ee4571dd-20b9-4963-8afc-ccea6a852b96
 [response time] 16.319
 [number of tasks] 5
 [nm p s]
 [19] 1 1
 [15] 1 0
 [14] 1 1
 [12] 1 1
 [32] 1 1
 [28] 1 0
 [2] 1 0
 [1] 1 0
 [0] 1 0
 [23] 1 1
ba2fb48f-4ef4-446f-ad7b-ac4f73ba64dd
 [response time] 16.812
 [number of tasks] 5
 [nm p s]
 [45] 1 0
 [40] 1 1
 [38] 2 1
 [9] 1 0
 [7] 1 0
 [30] 1 1
 [29] 1 0
 [5] 1 1
 [27] 1 1
8694e55f-8192-4ffe-b92f-f7f52b2061b4
 [response time] 16.289
 [number of tasks] 5
 [nm p s]
 [22] 1 0
 [17] 2 2
 [11] 1 1
 [34] 1 1
 [31] 1 0
 [28] 1 0
 [4] 1 1
 [2] 1 0
 [24] 1 0
021fd82b-d4ed-4d9f-bdab-d6c53c9e5ada
 [response time] 17.258
 [number of tasks] 5
 [nm p s]
 [42] 1 1
 [17] 1 1
 [11] 1 1
 [34] 1 0
 [9] 1 0
 [6] 1 0
 [5] 1 0
 [2] 1 0
 [48] 1 1
 [0] 1 1
fd0e1119-f20b-4d51-b8b7-a7e8ce8af75f
 [response time] 18.708
 [number of tasks] 5
 [nm p s]
 [44] 1 0
 [20] 1 1
 [39] 1 1
 [37] 1 0
 [36] 1 1
 [12] 1 1
 [7] 1 0
 [48] 1 1
 [46] 2 0
28fda2a2-2214-4aeb-ad39-9dfeae34dc96
 [response time] 17.555
 [number of tasks] 5
 [nm p s]
 [10] 1 0
 [8] 1 0
 [19] 1 1
 [29] 1 1
 [28] 2 1
 [15] 1 0
 [47] 2 2
 [45] 1 0
5b0d5eaf-15b7-442e-a200-4a1d9c00c7bf
 [response time] 18.345
 [number of tasks] 5
 [nm p s]
 [44] 1 1
 [15] 1 1
 [37] 1 1
 [11] 1 1
 [10] 1 0
 [6] 1 0
 [5] 1 0
 [2] 1 0
 [0] 2 1
fc9c1c12-1915-4957-b6a8-74c8855dde3c
 [response time] 18.162
 [number of tasks] 5
 [nm p s]
 [45] 1 0
 [21] 1 0
 [44] 1 0
 [12] 1 0
 [11] 1 1
 [34] 1 0
 [31] 1 1
 [26] 1 1
 [25] 1 1
 [1] 1 1
369b38af-663a-4c74-ace0-90e9e8d4cf29
 [response time] 18.682
 [number of tasks] 5
 [nm p s]
 [15] 1 1
 [38] 1 1
 [9] 1 0
 [4] 2 0
 [27] 1 1
 [26] 1 1
 [47] 1 0
 [1] 1 0
 [23] 1 1
7c7604c0-3910-4737-85e4-2244b423f0ed
 [response time] 18.526
 [number of tasks] 5
 [nm p s]
 [16] 1 0
 [38] 1 0
 [37] 1 1
 [14] 1 0
 [11] 1 1
 [31] 1 1
 [27] 1 1
 [0] 1 1
 [46] 2 0
fe8fb674-f7ca-4399-8b0a-adb5406243dc
 [response time] 19.149
 [number of tasks] 5
 [nm p s]
 [12] 1 1
 [10] 1 0
 [9] 1 1
 [8] 1 0
 [6] 1 0
 [4] 1 0
 [27] 1 1
 [26] 1 0
 [1] 1 1
 [23] 1 1
98acdd09-867e-4d3f-b594-99ef049c52f9
 [response time] 19.138
 [number of tasks] 5
 [nm p s]
 [45] 1 1
 [40] 1 1
 [16] 1 0
 [37] 1 0
 [36] 1 1
 [11] 1 0
 [31] 1 1
 [30] 1 1
 [5] 1 0
 [4] 1 0
f21e96f0-4a4b-4929-9c09-ac5b36ece591
 [response time] 20.745
 [number of tasks] 5
 [nm p s]
 [21] 1 0
 [39] 1 1
 [16] 1 1
 [37] 1 1
 [13] 1 0
 [33] 1 1
 [30] 1 0
 [48] 1 0
 [24] 1 1
 [0] 1 0
8e423a1c-7ee1-4540-a481-e72263d3ce95
 [response time] 18.751
 [number of tasks] 5
 [nm p s]
 [7] 1 1
 [29] 2 0
 [28] 1 0
 [26] 1 1
 [25] 1 0
 [3] 1 1
 [1] 2 2
 [44] 1 0
22c605b0-f26b-4234-aea4-aa8692e7b2dd
 [response time] 20.717
 [number of tasks] 5
 [nm p s]
 [22] 2 2
 [42] 1 0
 [16] 1 0
 [15] 1 1
 [8] 1 0
 [31] 1 1
 [4] 1 1
 [49] 1 0
 [24] 1 0
fabe3870-cf39-43aa-9ba9-010db90dd086
 [response time] 21.903
 [number of tasks] 5
 [nm p s]
 [44] 2 2
 [39] 1 1
 [38] 1 0
 [34] 1 1
 [33] 1 0
 [31] 1 0
 [6] 1 0
 [48] 1 0
 [46] 1 1
984a4a49-8dca-413b-87b6-8c4460ad9feb
 [response time] 21.687
 [number of tasks] 5
 [nm p s]
 [20] 1 1
 [17] 1 1
 [36] 1 0
 [12] 1 1
 [34] 1 0
 [9] 1 1
 [5] 1 0
 [48] 1 0
 [25] 1 0
 [24] 1 1
f79e22d8-5dd6-4a5c-ab10-3675273b77e1
 [response time] 20.541
 [number of tasks] 5
 [nm p s]
 [41] 1 1
 [16] 2 0
 [37] 1 0
 [36] 1 1
 [35] 1 0
 [34] 1 0
 [49] 1 1
 [2] 1 1
 [46] 1 1
e0effdbe-111c-48d9-abee-da0a578c6a36
 [response time] 22.725
 [number of tasks] 5
 [nm p s]
 [22] 1 0
 [44] 1 0
 [20] 1 0
 [12] 1 1
 [34] 1 1
 [7] 1 0
 [26] 1 0
 [2] 1 1
 [48] 1 1
 [23] 1 1
490f518a-c2b0-4f64-ac41-8316499402ea
 [response time] 21.971
 [number of tasks] 5
 [nm p s]
 [21] 1 0
 [42] 2 1
 [8] 1 1
 [39] 1 0
 [38] 1 0
 [49] 1 0
 [3] 2 2
 [12] 1 1
fa07df58-fb15-4da1-ac21-5e9faf32884c
 [response time] 22.628
 [number of tasks] 5
 [nm p s]
 [39] 1 1
 [36] 2 1
 [34] 1 1
 [33] 1 0
 [8] 1 1
 [31] 1 0
 [29] 1 0
 [4] 1 0
 [47] 1 1
13066025-6917-4cd9-97fc-4637593c10ee
 [response time] 22.61
 [number of tasks] 5
 [nm p s]
 [45] 1 1
 [22] 1 0
 [42] 1 0
 [39] 1 0
 [36] 1 1
 [34] 1 0
 [8] 1 1
 [28] 1 0
 [1] 1 1
 [46] 1 1
5eb98fb8-09ad-4bfe-a164-d2b3df07c805
 [response time] 23.412
 [number of tasks] 5
 [nm p s]
 [43] 1 0
 [17] 1 1
 [16] 1 1
 [4] 1 1
 [26] 2 1
 [46] 2 0
 [24] 1 1
 [12] 1 0
fda49f54-78cd-46ef-86ea-056240aa52d7
 [response time] 22.968
 [number of tasks] 5
 [nm p s]
 [43] 1 0
 [37] 1 1
 [36] 1 1
 [35] 1 1
 [10] 1 1
 [6] 1 0
 [5] 1 1
 [26] 1 0
 [25] 1 0
 [23] 1 0
59fe8feb-5816-4baa-88e7-9130da009902
 [response time] 22.786
 [number of tasks] 5
 [nm p s]
 [45] 1 1
 [21] 1 1
 [13] 1 1
 [11] 1 1
 [32] 1 0
 [5] 1 1
 [25] 2 0
 [1] 1 0
 [0] 1 0
a8310e76-f94e-4b76-9a6a-f20a6b951657
 [response time] 24.345
 [number of tasks] 5
 [nm p s]
 [22] 1 1
 [43] 1 0
 [16] 1 0
 [38] 1 0
 [14] 1 1
 [13] 1 0
 [3] 1 1
 [26] 1 1
 [24] 1 1
 [46] 1 0
8b14498d-9cc0-4d94-a9c3-94ec942bb5bf
 [response time] 24.345
 [number of tasks] 5
 [nm p s]
 [41] 1 0
 [18] 1 0
 [36] 1 1
 [11] 1 0
 [31] 1 1
 [6] 1 0
 [26] 1 0
 [25] 2 2
 [46] 1 1
f866c28c-3dc3-4723-87cd-6aba418f4edb
 [response time] 24.068
 [number of tasks] 5
 [nm p s]
 [41] 1 0
 [28] 2 0
 [39] 1 1
 [27] 2 2
 [48] 1 1
 [46] 1 0
 [2] 1 1
 [34] 1 0
59822cc2-301d-434a-8e8d-af3e72fdda83
 [response time] 24.747
 [number of tasks] 5
 [nm p s]
 [10] 1 1
 [31] 1 1
 [41] 1 1
 [6] 2 1
 [4] 1 0
 [26] 1 1
 [12] 2 0
 [22] 1 0
e43a91cd-83cf-40fb-aca9-f5dc9c238da7
 [response time] 25.232
 [number of tasks] 5
 [nm p s]
 [43] 1 1
 [41] 1 1
 [39] 1 0
 [14] 1 0
 [32] 1 0
 [8] 1 1
 [28] 1 0
 [26] 1 1
 [2] 1 0
 [48] 1 1
fa088de5-386f-4797-9394-d52bfd82fdb5
 [response time] 26.254
 [number of tasks] 5
 [nm p s]
 [22] 1 0
 [19] 1 1
 [42] 1 1
 [18] 1 1
 [39] 1 1
 [14] 1 0
 [9] 1 0
 [25] 1 0
 [23] 1 1
 [46] 1 0
0316ff88-1074-41b4-ab13-771c5b5e23bf
 [response time] 27.356
 [number of tasks] 5
 [nm p s]
 [45] 1 1
 [20] 1 0
 [19] 1 1
 [17] 1 0
 [14] 1 1
 [10] 1 1
 [9] 1 0
 [48] 1 0
 [23] 1 0
 [0] 1 1
63f685a7-68c2-4b95-b8d7-8d5e7bd55317
 [response time] 26.008
 [number of tasks] 5
 [nm p s]
 [44] 1 1
 [19] 1 0
 [18] 1 1
 [37] 1 1
 [11] 1 1
 [33] 1 0
 [32] 1 1
 [25] 1 0
 [2] 1 0
 [1] 1 0
30adb9b7-a22b-45e3-b7ce-d2d2534cf2f5
 [response time] 26.481
 [number of tasks] 5
 [nm p s]
 [20] 1 0
 [19] 1 0
 [18] 1 1
 [40] 1 1
 [38] 1 1
 [35] 1 1
 [32] 1 0
 [6] 1 0
 [5] 1 1
 [24] 1 0
2979147b-f216-4e1c-ae4a-47f14e5b8ba6
 [response time] 26.922
 [number of tasks] 5
 [nm p s]
 [42] 1 0
 [14] 2 2
 [37] 1 1
 [35] 1 0
 [12] 1 0
 [33] 1 0
 [6] 1 1
 [49] 1 1
 [48] 1 0
8eed8e4f-e209-4de3-a831-21650896a0a7
 [response time] 26.645
 [number of tasks] 5
 [nm p s]
 [20] 1 1
 [38] 1 1
 [35] 1 1
 [32] 2 1
 [7] 1 1
 [30] 1 0
 [4] 1 0
 [26] 1 0
 [1] 1 0
a648f47c-d32b-42f8-aa2f-ed634039c3e2
 [response time] 27.641
 [number of tasks] 5
 [nm p s]
 [44] 1 1
 [21] 1 1
 [42] 1 1
 [41] 1 1
 [39] 1 1
 [6] 1 0
 [5] 1 0
 [3] 1 0
 [46] 2 0
957a2fb4-ce3a-4243-a4a5-d2a1451d7ce6
 [response time] 28.048
 [number of tasks] 5
 [nm p s]
 [43] 1 1
 [38] 1 0
 [35] 1 1
 [33] 1 0
 [5] 1 1
 [27] 1 1
 [3] 1 0
 [26] 1 0
 [25] 1 0
 [24] 1 1
3dd8b90e-d84d-4858-a530-545b3d1205a8
 [response time] 27.815
 [number of tasks] 5
 [nm p s]
 [44] 1 0
 [20] 1 1
 [38] 1 0
 [14] 1 1
 [36] 1 1
 [34] 1 1
 [7] 1 1
 [3] 1 0
 [47] 1 0
 [46] 1 0
4104cd06-8242-4bf8-bff5-85cd4e57b751
 [response time] 28.105
 [number of tasks] 5
 [nm p s]
 [21] 1 1
 [20] 1 1
 [42] 1 0
 [16] 1 0
 [38] 1 0
 [35] 2 2
 [9] 1 1
 [7] 1 0
 [29] 1 0
8c0b8766-8e6b-4a57-8d00-f640d87a5a01
 [response time] 30.836
 [number of tasks] 5
 [nm p s]
 [20] 1 0
 [11] 2 0
 [10] 1 0
 [31] 1 0
 [5] 1 1
 [26] 1 1
 [49] 1 1
 [48] 1 1
 [46] 1 1
97f63600-c0d6-4a66-8d05-dbec9f7514f1
 [response time] 29.729
 [number of tasks] 5
 [nm p s]
 [43] 1 0
 [39] 1 0
 [37] 1 1
 [33] 1 1
 [32] 1 0
 [7] 1 0
 [28] 1 1
 [26] 1 1
 [47] 1 1
 [46] 1 0
0172d6e6-ebbb-4a35-adb6-586f67cd587b
 [response time] 30.211
 [number of tasks] 5
 [nm p s]
 [22] 1 1
 [45] 1 0
 [21] 1 0
 [20] 1 1
 [42] 1 0
 [18] 1 1
 [14] 1 1
 [32] 1 0
 [29] 1 0
 [23] 1 1
443ab698-0ace-42c2-ab72-43aee647312b
 [response time] 29.266
 [number of tasks] 5
 [nm p s]
 [22] 1 0
 [39] 1 1
 [16] 1 1
 [38] 1 0
 [14] 1 1
 [13] 1 0
 [34] 1 0
 [10] 1 1
 [32] 1 1
 [6] 1 0
941af32c-6ef7-4c6d-ab87-c826ef2eb8e6
 [response time] 30.391
 [number of tasks] 5
 [nm p s]
 [22] 1 1
 [45] 1 1
 [43] 1 0
 [17] 1 0
 [40] 1 0
 [11] 1 1
 [10] 1 1
 [30] 1 0
 [29] 1 1
 [5] 1 0
ac2b5d38-a7a7-4bd9-b404-5e18206d43be
 [response time] 29.963
 [number of tasks] 5
 [nm p s]
 [22] 1 1
 [44] 1 1
 [43] 2 1
 [18] 1 1
 [39] 1 0
 [13] 1 0
 [27] 1 1
 [3] 1 0
 [48] 1 0
62fb7deb-222e-4dec-b351-21e37abc20df
 [response time] 30.912
 [number of tasks] 5
 [nm p s]
 [45] 1 0
 [14] 1 1
 [12] 1 1
 [35] 1 1
 [32] 2 0
 [5] 1 1
 [3] 1 1
 [26] 1 0
 [24] 1 0
33aaae97-240e-4053-b5ac-1cb96b88294e
 [response time] 31.309
 [number of tasks] 5
 [nm p s]
 [43] 1 0
 [17] 1 1
 [36] 1 0
 [10] 2 0
 [9] 1 1
 [8] 1 1
 [6] 1 0
 [0] 1 1
 [23] 1 1
5a5bced2-e9a6-4520-85dd-9690ddec015f
 [response time] 32.675
 [number of tasks] 5
 [nm p s]
 [45] 1 1
 [20] 1 1
 [38] 2 1
 [9] 1 1
 [28] 1 1
 [49] 1 0
 [26] 1 0
 [2] 1 0
 [48] 1 0
be2eeaf3-54f0-4c05-b128-1abe5b25784f
 [response time] 32.645
 [number of tasks] 5
 [nm p s]
 [22] 1 1
 [19] 1 0
 [38] 1 0
 [12] 1 0
 [34] 2 2
 [32] 1 1
 [3] 1 0
 [26] 1 1
 [23] 1 0
712f2394-e49a-4fca-a18a-d0070aebb0bb
 [response time] 32.66
 [number of tasks] 5
 [nm p s]
 [41] 1 1
 [40] 1 1
 [17] 1 1
 [39] 1 0
 [38] 1 1
 [36] 1 1
 [7] 1 0
 [29] 1 0
 [5] 1 0
 [47] 1 0
1cdc18de-c625-498b-83bf-c103d4072d5c
 [response time] 33.275
 [number of tasks] 5
 [nm p s]
 [21] 1 1
 [17] 1 0
 [38] 2 0
 [14] 1 1
 [13] 1 1
 [36] 1 1
 [31] 1 0
 [7] 1 1
 [26] 1 0
2ae02910-f50b-4f3f-a900-d9d809e0c16b
 [response time] 35.279
 [number of tasks] 5
 [nm p s]
 [44] 1 1
 [21] 1 0
 [43] 1 0
 [19] 1 0
 [16] 1 0
 [12] 1 1
 [31] 1 1
 [27] 1 1
 [25] 1 0
 [0] 1 1
ffd1ef88-6672-4f0f-86a8-1e6898609f12
 [response time] 35.295
 [number of tasks] 5
 [nm p s]
 [20] 1 0
 [41] 1 0
 [40] 1 1
 [36] 1 0
 [12] 1 1
 [33] 1 1
 [9] 1 0
 [6] 1 1
 [4] 1 0
 [3] 1 1
758ffafc-03d8-43af-bc29-13a9bfba9365
 [response time] 37.475
 [number of tasks] 5
 [nm p s]
 [44] 1 1
 [21] 1 0
 [16] 1 1
 [38] 1 1
 [13] 1 0
 [10] 1 0
 [32] 1 0
 [31] 1 0
 [30] 1 1
 [25] 1 1
185157ce-954b-4285-b0f4-845d691ba715
 [response time] 37.513
 [number of tasks] 5
 [nm p s]
 [15] 1 0
 [12] 2 0
 [11] 1 1
 [33] 1 1
 [31] 1 1
 [6] 1 0
 [27] 1 1
 [26] 1 1
 [48] 1 0
33239c83-18e0-4aa3-bff5-2cdfb8cc2501
 [response time] 37.765
 [number of tasks] 5
 [nm p s]
 [45] 1 0
 [33] 1 1
 [32] 1 0
 [30] 1 1
 [7] 1 0
 [28] 1 0
 [4] 1 1
 [26] 1 1
 [25] 1 0
 [0] 1 1
554b2878-180e-4424-8e5d-cfbd9e4eec32
 [response time] 38.784
 [number of tasks] 5
 [nm p s]
 [43] 1 1
 [37] 1 1
 [36] 1 1
 [34] 1 0
 [9] 1 1
 [28] 1 0
 [25] 1 1
 [1] 1 0
 [23] 1 0
 [46] 1 0
