[scheduler id] 0
[number of node monitors] 50

[job statistics]
5d0e6b92-a0f1-48db-b8df-a20ba2ebedd5
 [response time] 1.139
 [number of tasks] 5
 [nm p s]
 [30] 0 1
 [48] 0 1
 [13] 0 1
 [22] 0 1
 [44] 0 1
9ab230bf-8263-479a-b6e6-9901122f88de
 [response time] 1.927
 [number of tasks] 5
 [nm p s]
 [30] 0 1
 [18] 0 1
 [28] 0 1
 [38] 0 1
 [13] 0 1
06c3e6cc-e96b-4b57-b654-610c8d098b98
 [response time] 1.984
 [number of tasks] 5
 [nm p s]
 [9] 0 1
 [40] 0 1
 [18] 0 1
 [6] 0 1
 [15] 0 1
cda14f31-78d8-4385-bf3c-e5200f329323
 [response time] 2.587
 [number of tasks] 5
 [nm p s]
 [18] 0 1
 [5] 0 1
 [27] 0 2
 [48] 0 1
6afdd675-d21f-412d-9ca9-33a806cbbba4
 [response time] 2.916
 [number of tasks] 5
 [nm p s]
 [18] 0 1
 [17] 0 1
 [38] 0 1
 [34] 0 1
 [22] 0 1
ef5fbdb5-f1a1-4c70-9749-5bc0cdb3b767
 [response time] 3.27
 [number of tasks] 5
 [nm p s]
 [21] 0 1
 [20] 0 1
 [29] 0 1
 [17] 0 1
 [46] 0 1
b6518064-875d-4286-a0dc-cf88903d75c6
 [response time] 4.27
 [number of tasks] 5
 [nm p s]
 [30] 0 1
 [28] 0 1
 [6] 0 1
 [3] 0 1
 [13] 0 1
0ed3c77d-5d78-4a90-95d2-a950b6ebae72
 [response time] 4.003
 [number of tasks] 5
 [nm p s]
 [10] 0 1
 [16] 0 1
 [49] 0 1
 [24] 0 1
 [35] 0 1
98fc95e3-0af0-4fd0-ba4e-f2586a48474a
 [response time] 4.523
 [number of tasks] 5
 [nm p s]
 [17] 0 1
 [37] 0 1
 [36] 0 1
 [13] 0 1
 [22] 0 1
fe860543-52e7-4661-90a6-47b0c06c83e1
 [response time] 5.157
 [number of tasks] 5
 [nm p s]
 [30] 0 1
 [2] 0 1
 [24] 0 1
 [34] 0 1
 [11] 0 1
a84ca8d0-00a5-49d2-ab3c-23f9fae35dc6
 [response time] 4.874
 [number of tasks] 5
 [nm p s]
 [32] 0 1
 [6] 0 1
 [14] 0 1
 [35] 0 1
 [1] 0 1
20f75c41-dca7-4b31-9d62-6568d0ffcbac
 [response time] 5.449
 [number of tasks] 5
 [nm p s]
 [27] 0 1
 [36] 0 1
 [25] 0 1
 [34] 0 1
 [0] 0 1
fa667a69-62fc-4a7f-8da3-ee3ace32189e
 [response time] 5.46
 [number of tasks] 5
 [nm p s]
 [49] 0 1
 [48] 0 1
 [13] 0 1
 [45] 0 1
 [22] 0 1
f414ec9d-5635-4ed9-aaaf-ab3f9fe95a39
 [response time] 5.396
 [number of tasks] 5
 [nm p s]
 [29] 0 1
 [39] 0 1
 [36] 0 1
 [47] 0 1
 [1] 0 1
3943bde2-4d4b-438a-84d4-8e0a5113c6ea
 [response time] 6.884
 [number of tasks] 5
 [nm p s]
 [8] 0 1
 [19] 0 1
 [49] 0 1
 [25] 0 1
 [1] 0 1
b9f5d7a7-4283-4cc0-8b61-4ac15a7d7619
 [response time] 6.594
 [number of tasks] 5
 [nm p s]
 [10] 0 1
 [20] 0 1
 [40] 0 1
 [4] 0 1
 [11] 0 1
1cec7b62-c582-45a4-adcc-e98826f5d3c0
 [response time] 7.215
 [number of tasks] 5
 [nm p s]
 [6] 0 1
 [39] 0 1
 [4] 0 1
 [14] 0 1
 [3] 0 1
a7e2da9e-3d8b-475f-ab5c-77678887c295
 [response time] 7.289
 [number of tasks] 5
 [nm p s]
 [32] 0 1
 [7] 0 1
 [6] 0 1
 [25] 0 1
 [34] 0 1
8bbeeb02-a752-4527-86c0-5a47af33ab72
 [response time] 7.505
 [number of tasks] 5
 [nm p s]
 [20] 0 1
 [8] 0 1
 [41] 0 1
 [4] 0 1
 [48] 0 1
8bd0751d-3d99-4f84-9a84-a1257420f36e
 [response time] 6.968
 [number of tasks] 5
 [nm p s]
 [19] 0 1
 [7] 0 1
 [18] 0 2
 [4] 0 1
9b5934e0-6a20-445f-b056-d63ba7d59cac
 [response time] 7.426
 [number of tasks] 5
 [nm p s]
 [32] 0 1
 [18] 0 1
 [25] 0 1
 [45] 0 1
 [12] 0 1
c990d8fe-86e3-4981-8988-3fbd5338a8c8
 [response time] 9.209
 [number of tasks] 5
 [nm p s]
 [20] 0 1
 [18] 0 2
 [40] 0 1
 [27] 0 1
a7333ad9-473c-476c-bdbe-e004a4de48d2
 [response time] 8.92
 [number of tasks] 5
 [nm p s]
 [41] 0 1
 [6] 0 1
 [28] 0 1
 [38] 0 1
 [46] 0 1
e5ff85e3-3e2c-4b47-a22e-9c058ab425b0
 [response time] 8.675
 [number of tasks] 5
 [nm p s]
 [8] 0 1
 [29] 0 1
 [16] 0 1
 [26] 0 1
 [34] 0 1
de7bec19-bb9d-413b-9b6e-3e80d43122fc
 [response time] 9.456
 [number of tasks] 5
 [nm p s]
 [30] 0 1
 [16] 0 2
 [15] 0 1
 [2] 0 1
c808cb7f-62d4-4128-a4b1-fdf6d20093ae
 [response time] 9.306
 [number of tasks] 5
 [nm p s]
 [9] 0 1
 [40] 0 1
 [6] 0 1
 [37] 0 1
 [13] 0 1
b74c55e8-7553-4b13-978f-cab31e5b5020
 [response time] 10.184
 [number of tasks] 5
 [nm p s]
 [31] 0 1
 [39] 0 1
 [16] 0 1
 [26] 0 1
 [35] 0 1
e519afc6-e837-4c74-a7d7-5e4afb5f289a
 [response time] 10.679
 [number of tasks] 5
 [nm p s]
 [20] 0 1
 [41] 0 1
 [40] 0 1
 [39] 0 1
 [47] 0 1
fd7158d5-4447-4b69-baf0-cc095ab89df1
 [response time] 11.671
 [number of tasks] 5
 [nm p s]
 [42] 0 1
 [19] 0 1
 [13] 0 1
 [23] 0 1
 [11] 0 1
513d609d-2b75-4cb4-8580-c63286c4a6f7
 [response time] 12.068
 [number of tasks] 5
 [nm p s]
 [19] 0 1
 [28] 0 1
 [36] 0 1
 [14] 0 1
 [45] 0 1
6f6e8c4d-efbf-4d75-9a79-d45bdd1a3d59
 [response time] 12.33
 [number of tasks] 5
 [nm p s]
 [7] 0 1
 [6] 0 1
 [17] 0 1
 [5] 0 1
 [44] 0 1
8b68c3f7-6358-4dbd-a803-b4a123acd83d
 [response time] 12.299
 [number of tasks] 5
 [nm p s]
 [26] 0 1
 [4] 0 1
 [47] 0 2
 [35] 0 1
fd02835a-2404-4a81-92af-e05911b7ae69
 [response time] 12.737
 [number of tasks] 5
 [nm p s]
 [42] 0 1
 [27] 0 2
 [36] 0 1
 [13] 0 1
13cfa979-d566-4f29-9698-48fa285ac8ac
 [response time] 11.277
 [number of tasks] 5
 [nm p s]
 [42] 0 1
 [9] 0 2
 [8] 0 1
 [1] 0 1
50169ea1-058d-4b28-9f61-6a8057e3fe2a
 [response time] 12.873
 [number of tasks] 5
 [nm p s]
 [42] 0 1
 [20] 0 1
 [8] 0 1
 [0] 0 1
 [11] 0 1
9e7114cc-a990-406a-97a7-d9629e358268
 [response time] 13.622
 [number of tasks] 5
 [nm p s]
 [43] 0 1
 [31] 0 1
 [29] 0 1
 [2] 0 1
 [12] 0 1
89a38d2f-2a4c-4694-857e-9432ea5f1841
 [response time] 13.61
 [number of tasks] 5
 [nm p s]
 [9] 0 1
 [19] 0 1
 [3] 0 1
 [46] 0 1
 [13] 0 1
29181dc7-adc6-46fb-a0aa-2ecb961d6efd
 [response time] 12.828
 [number of tasks] 5
 [nm p s]
 [31] 0 2
 [29] 0 1
 [17] 0 1
 [47] 0 1
6167cb47-ec6d-4f07-8994-c1fd21751a27
 [response time] 13.904
 [number of tasks] 5
 [nm p s]
 [41] 0 1
 [19] 0 1
 [2] 0 1
 [34] 0 1
 [0] 0 1
9f8ed0da-b70e-4c74-a065-cde1f4cdbd3c
 [response time] 13.054
 [number of tasks] 5
 [nm p s]
 [32] 0 1
 [42] 0 1
 [26] 0 1
 [12] 0 1
 [0] 0 1
4f3744d7-e448-4a29-99ec-613a40fe88e8
 [response time] 12.958
 [number of tasks] 5
 [nm p s]
 [21] 0 1
 [40] 0 1
 [29] 0 1
 [1] 0 1
 [0] 0 1
35a3a0b3-6890-4533-9df7-73737a278494
 [response time] 14.408
 [number of tasks] 5
 [nm p s]
 [32] 0 1
 [9] 0 1
 [41] 0 1
 [49] 0 1
 [11] 0 1
fa48aac1-0281-417d-8f7a-63021ec43e8d
 [response time] 13.898
 [number of tasks] 5
 [nm p s]
 [26] 0 1
 [14] 0 1
 [25] 0 1
 [12] 0 1
 [45] 0 1
18bfa8ef-7725-4f9d-ba79-4721b5f5a445
 [response time] 16.176
 [number of tasks] 5
 [nm p s]
 [40] 0 1
 [6] 0 1
 [16] 0 1
 [4] 0 1
 [37] 0 1
8aab944f-f207-4c31-94a6-cffe97a76d65
 [response time] 15.706
 [number of tasks] 5
 [nm p s]
 [32] 0 1
 [20] 0 1
 [29] 0 1
 [6] 0 1
 [47] 0 1
ad1028df-4f91-49aa-bba1-4135daec796e
 [response time] 15.523
 [number of tasks] 5
 [nm p s]
 [6] 0 1
 [48] 0 1
 [14] 0 1
 [47] 0 1
 [2] 0 1
07b82833-1044-469d-ba71-3c036a691470
 [response time] 15.556
 [number of tasks] 5
 [nm p s]
 [31] 0 1
 [17] 0 1
 [39] 0 1
 [25] 0 1
 [14] 0 1
5ddd2a81-1faf-4d9a-87f1-c13af2d0e3cc
 [response time] 16.568
 [number of tasks] 5
 [nm p s]
 [21] 0 1
 [19] 0 1
 [30] 0 1
 [38] 0 1
 [45] 0 1
92f18e20-de4b-4966-bfec-8c9fc596865c
 [response time] 17.278
 [number of tasks] 5
 [nm p s]
 [43] 0 1
 [48] 0 1
 [15] 0 2
 [36] 0 1
93d34272-707f-414a-8246-bb3d438bfef8
 [response time] 17.148
 [number of tasks] 5
 [nm p s]
 [5] 0 1
 [3] 0 1
 [36] 0 1
 [25] 0 1
 [2] 0 1
6e29ac6e-2708-4d20-b7d9-39d219ee9b56
 [response time] 18.141
 [number of tasks] 5
 [nm p s]
 [32] 0 1
 [30] 0 1
 [39] 0 1
 [27] 0 1
 [34] 0 1
519ebacd-b630-430a-9f8a-132cabed468b
 [response time] 18.005
 [number of tasks] 5
 [nm p s]
 [43] 0 1
 [29] 0 1
 [18] 0 1
 [6] 0 1
 [49] 0 1
57e2f052-c3c7-469a-a44d-8dd83d4e057e
 [response time] 17.047
 [number of tasks] 5
 [nm p s]
 [32] 0 1
 [42] 0 1
 [28] 0 1
 [17] 0 1
 [38] 0 1
6803b892-1d78-4272-9444-f3028ba9713c
 [response time] 17.555
 [number of tasks] 5
 [nm p s]
 [32] 0 1
 [39] 0 1
 [17] 0 2
 [24] 0 1
12ab7019-5f1b-4095-aa8c-bc44b939b1ec
 [response time] 18.244
 [number of tasks] 5
 [nm p s]
 [21] 0 1
 [10] 0 1
 [19] 0 1
 [24] 0 1
 [34] 0 1
adc64c79-6b0b-4c99-b3c4-8b37afe06f01
 [response time] 19.869
 [number of tasks] 5
 [nm p s]
 [19] 0 1
 [15] 0 1
 [4] 0 1
 [34] 0 1
 [1] 0 1
8f1cb7dd-25e2-43f6-bbcd-5d46571236b7
 [response time] 21.13
 [number of tasks] 5
 [nm p s]
 [39] 0 1
 [6] 0 1
 [5] 0 1
 [15] 0 1
 [37] 0 1
c7f5b9f7-c70b-4d68-acff-d1847b58539e
 [response time] 21.535
 [number of tasks] 5
 [nm p s]
 [30] 0 1
 [15] 0 1
 [37] 0 1
 [14] 0 1
 [2] 0 1
3996bb39-3e01-4904-aa34-df4c19c9336f
 [response time] 20.611
 [number of tasks] 5
 [nm p s]
 [19] 0 1
 [40] 0 1
 [38] 0 1
 [24] 0 2
be052594-a09a-406d-8c93-87185fcb8631
 [response time] 20.812
 [number of tasks] 5
 [nm p s]
 [42] 0 1
 [30] 0 1
 [5] 0 1
 [24] 0 1
 [2] 0 1
dbc1656a-dc1c-4754-8610-ffd94b6e4d6a
 [response time] 20.774
 [number of tasks] 5
 [nm p s]
 [32] 0 1
 [10] 0 1
 [8] 0 1
 [16] 0 1
 [12] 0 1
7bd73ad6-c29f-4200-9eec-cfabd84af3d6
 [response time] 22.135
 [number of tasks] 5
 [nm p s]
 [43] 0 1
 [48] 0 1
 [15] 0 1
 [13] 0 1
 [35] 0 1
98683481-e1ac-448a-ab5e-359e88509066
 [response time] 22.256
 [number of tasks] 5
 [nm p s]
 [18] 0 1
 [39] 0 1
 [16] 0 1
 [37] 0 1
 [3] 0 1
7e701885-58da-4b22-bb23-f5709908c705
 [response time] 21.345
 [number of tasks] 5
 [nm p s]
 [10] 0 1
 [49] 0 1
 [15] 0 1
 [23] 0 2
84202628-0c0f-4f60-a31c-6c6ee332f34c
 [response time] 22.22
 [number of tasks] 5
 [nm p s]
 [32] 0 2
 [18] 0 1
 [17] 0 1
 [44] 0 1
050e6110-9227-4efe-aad6-1a396017652d
 [response time] 23.233
 [number of tasks] 5
 [nm p s]
 [28] 0 1
 [5] 0 1
 [26] 0 1
 [13] 0 1
 [22] 0 1
f164b97d-40a5-4691-8fe6-9b31634a2a2b
 [response time] 22.672
 [number of tasks] 5
 [nm p s]
 [20] 0 1
 [18] 0 1
 [29] 0 1
 [25] 0 1
 [2] 0 1
e176c828-aa5b-4600-b9fe-97dbf05492bf
 [response time] 23.727
 [number of tasks] 5
 [nm p s]
 [21] 0 1
 [4] 0 1
 [13] 0 1
 [1] 0 1
 [23] 0 1
128878df-9ab9-46ba-9c80-e85a1b03d0fc
 [response time] 26.624
 [number of tasks] 5
 [nm p s]
 [29] 0 1
 [18] 0 1
 [6] 0 1
 [26] 0 1
 [22] 0 1
148a285e-2f25-46ce-b503-6fd1ba29ad02
 [response time] 26.401
 [number of tasks] 5
 [nm p s]
 [17] 0 1
 [27] 0 1
 [16] 0 2
 [3] 0 1
04ddc197-53b7-4b3f-ae3b-2e29f6d860d9
 [response time] 25.834
 [number of tasks] 5
 [nm p s]
 [42] 0 1
 [5] 0 1
 [26] 0 1
 [2] 0 1
 [22] 0 1
3e85c210-9e84-410c-bc95-f3814c206f8f
 [response time] 26.989
 [number of tasks] 5
 [nm p s]
 [28] 0 1
 [6] 0 1
 [48] 0 1
 [13] 0 1
 [22] 0 1
f66ceadf-05f6-4a05-afa4-92e9e4bf48fc
 [response time] 25.283
 [number of tasks] 5
 [nm p s]
 [31] 0 1
 [28] 0 1
 [4] 0 1
 [46] 0 1
 [33] 0 1
9083f0a8-e053-4c8d-b132-ddcad02af15b
 [response time] 26.19
 [number of tasks] 5
 [nm p s]
 [30] 0 1
 [16] 0 1
 [3] 0 1
 [23] 0 1
 [22] 0 1
a6d261a2-3f0a-4548-a1bf-17aa9cb7cea8
 [response time] 24.759
 [number of tasks] 5
 [nm p s]
 [21] 0 2
 [28] 0 1
 [14] 0 1
 [23] 0 1
890514b5-e186-46d2-93c4-f3cfab5844a2
 [response time] 27.359
 [number of tasks] 5
 [nm p s]
 [30] 0 1
 [7] 0 1
 [28] 0 1
 [48] 0 1
 [35] 0 1
e997d0f9-6bcc-4ea1-866d-4e17e15465f6
 [response time] 26.262
 [number of tasks] 5
 [nm p s]
 [41] 0 1
 [40] 0 1
 [16] 0 1
 [4] 0 1
 [46] 0 1
74f96baf-1131-45a2-b5ca-6e69f72ec5d1
 [response time] 27.715
 [number of tasks] 5
 [nm p s]
 [39] 0 1
 [17] 0 1
 [4] 0 1
 [3] 0 1
 [12] 0 1
a8c79fa6-4f04-482a-8efb-50e76d9b4b35
 [response time] 26.666
 [number of tasks] 5
 [nm p s]
 [10] 0 1
 [43] 0 1
 [31] 0 1
 [3] 0 2
c737e942-ccde-4f5d-8f1d-5b4217fb3ab6
 [response time] 28.058
 [number of tasks] 5
 [nm p s]
 [29] 0 1
 [39] 0 1
 [49] 0 1
 [47] 0 1
 [13] 0 1
2e753760-3d16-4ad7-b155-096492586e0e
 [response time] 27.756
 [number of tasks] 5
 [nm p s]
 [5] 0 1
 [15] 0 1
 [13] 0 1
 [45] 0 1
 [44] 0 1
1f6ebcc2-1c76-4922-8fe7-3b1126975515
 [response time] 28.175
 [number of tasks] 5
 [nm p s]
 [21] 0 1
 [42] 0 1
 [39] 0 1
 [24] 0 1
 [34] 0 1
3ed22404-888e-4712-a58c-0dca12097e35
 [response time] 27.297
 [number of tasks] 5
 [nm p s]
 [32] 0 1
 [18] 0 1
 [34] 0 1
 [33] 0 1
 [0] 0 1
f5fd1709-f203-47b8-a243-9ff745fe7dfc
 [response time] 27.849
 [number of tasks] 5
 [nm p s]
 [28] 0 1
 [4] 0 1
 [15] 0 1
 [37] 0 2
599fbbdb-032d-4d0d-a7c0-0d0929805021
 [response time] 30.146
 [number of tasks] 5
 [nm p s]
 [31] 0 1
 [6] 0 1
 [15] 0 1
 [1] 0 1
 [44] 0 1
93c277c2-7c6f-484c-b7bd-a32646ce32b6
 [response time] 30.142
 [number of tasks] 5
 [nm p s]
 [6] 0 1
 [4] 0 1
 [14] 0 1
 [24] 0 1
 [23] 0 1
f93a84ff-68af-4b6e-bfcf-8090ca1f93ce
 [response time] 29.815
 [number of tasks] 5
 [nm p s]
 [43] 0 1
 [26] 0 1
 [47] 0 1
 [25] 0 1
 [35] 0 1
6963be3f-9f70-4cd2-872c-0b603f8f6c6d
 [response time] 29.816
 [number of tasks] 5
 [nm p s]
 [20] 0 1
 [30] 0 1
 [40] 0 1
 [3] 0 1
 [2] 0 1
f49716d3-6bb4-41f7-b5e8-f74c5915428c
 [response time] 31.494
 [number of tasks] 5
 [nm p s]
 [19] 0 1
 [7] 0 1
 [5] 0 1
 [48] 0 1
 [11] 0 1
3cb3c01d-9e9d-4779-8f36-24e451c04b18
 [response time] 31.653
 [number of tasks] 5
 [nm p s]
 [17] 0 1
 [27] 0 1
 [15] 0 1
 [13] 0 1
 [44] 0 1
59cd189e-f922-406d-ba0e-fc87e8469150
 [response time] 31.997
 [number of tasks] 5
 [nm p s]
 [43] 0 1
 [8] 0 1
 [12] 0 1
 [22] 0 1
 [44] 0 1
299f376e-3d18-4376-a9d4-bcee68af58f2
 [response time] 31.033
 [number of tasks] 5
 [nm p s]
 [8] 0 1
 [38] 0 1
 [24] 0 1
 [12] 0 1
 [44] 0 1
c2933680-ab8e-4316-a4e7-7084385bf5d1
 [response time] 32.554
 [number of tasks] 5
 [nm p s]
 [49] 0 1
 [48] 0 1
 [37] 0 1
 [13] 0 1
 [11] 0 1
26abf6ec-b1e5-4189-90c7-7643da25dd05
 [response time] 31.838
 [number of tasks] 5
 [nm p s]
 [30] 0 1
 [8] 0 1
 [38] 0 1
 [3] 0 1
 [47] 0 1
de03f2d5-bc6f-4054-8005-65d75d46c077
 [response time] 33.135
 [number of tasks] 5
 [nm p s]
 [10] 0 1
 [28] 0 1
 [48] 0 1
 [14] 0 1
 [23] 0 1
c19c9384-be26-4cdb-92b5-9e59410dd74d
 [response time] 34.061
 [number of tasks] 5
 [nm p s]
 [19] 0 1
 [35] 0 2
 [22] 0 2
ea9cc0c6-e76e-4c23-98e5-dcc63e73f4e2
 [response time] 34.272
 [number of tasks] 5
 [nm p s]
 [43] 0 1
 [42] 0 1
 [19] 0 1
 [27] 0 1
 [13] 0 1
fddd0f44-3074-4387-8faa-010985159899
 [response time] 33.869
 [number of tasks] 5
 [nm p s]
 [8] 0 1
 [48] 0 1
 [26] 0 1
 [37] 0 1
 [14] 0 1
8bec2775-01b5-4489-8d6e-baf7cecbed0b
 [response time] 33.722
 [number of tasks] 5
 [nm p s]
 [9] 0 1
 [28] 0 1
 [38] 0 1
 [15] 0 1
 [4] 0 1
49b721b2-ec05-45dc-8a57-5c676cbb9a19
 [response time] 35.288
 [number of tasks] 5
 [nm p s]
 [10] 0 1
 [49] 0 1
 [48] 0 1
 [14] 0 1
 [25] 0 1
