[scheduler id] 2
[number of node monitors] 50

[job statistics]
614450b6-a995-44c1-bac6-a65b99b4018e
 [response time] 1.272
 [number of tasks] 5
 [nm p s]
 [16] 0 1
 [46] 0 1
 [23] 0 1
 [45] 0 1
 [0] 0 1
20b77691-b3b2-4158-afea-ae7bcaeae133
 [response time] 2.276
 [number of tasks] 5
 [nm p s]
 [21] 0 1
 [20] 0 1
 [5] 0 1
 [26] 0 1
 [23] 0 1
14a19cfd-ab60-4f82-a6dd-31cc2e258da6
 [response time] 3.022
 [number of tasks] 5
 [nm p s]
 [7] 0 1
 [6] 0 1
 [38] 0 1
 [3] 0 1
 [0] 0 1
e1a5bac8-b2a1-454a-a30b-f3e000ddfb6e
 [response time] 3.093
 [number of tasks] 5
 [nm p s]
 [8] 0 1
 [3] 0 1
 [24] 0 1
 [13] 0 1
 [12] 0 1
c92f81a5-05cd-4cbe-aacd-ba78e3a139cf
 [response time] 4.5
 [number of tasks] 5
 [nm p s]
 [41] 0 1
 [40] 0 1
 [48] 0 1
 [46] 0 1
 [22] 0 1
6ccfe3d4-2628-43b6-bb89-322a3e773dd0
 [response time] 5.324
 [number of tasks] 5
 [nm p s]
 [42] 0 1
 [40] 0 1
 [16] 0 1
 [26] 0 1
 [4] 0 1
edb7900d-3f80-46cf-8448-d961dc3c7993
 [response time] 5.95
 [number of tasks] 5
 [nm p s]
 [43] 0 1
 [8] 0 1
 [6] 0 1
 [12] 0 1
 [11] 0 1
09fefcd4-6a10-4fc6-9d9a-d1244d4ee049
 [response time] 6.251
 [number of tasks] 5
 [nm p s]
 [30] 0 1
 [7] 0 1
 [49] 0 1
 [38] 0 1
 [11] 0 1
e92910f8-44a1-48b8-bd47-885622c1aac0
 [response time] 5.387
 [number of tasks] 5
 [nm p s]
 [32] 0 1
 [19] 0 1
 [18] 0 1
 [4] 0 1
 [11] 0 1
53c07245-14dc-47f1-988a-9dd767462d0c
 [response time] 6.812
 [number of tasks] 5
 [nm p s]
 [27] 0 1
 [15] 0 1
 [2] 0 1
 [45] 0 2
9e041b9f-cff3-467f-9ffd-b99aeecf288a
 [response time] 6.919
 [number of tasks] 5
 [nm p s]
 [18] 0 1
 [49] 0 1
 [2] 0 2
 [0] 0 1
e36133ce-6ef7-4cce-9eb5-deb29db59729
 [response time] 6.737
 [number of tasks] 5
 [nm p s]
 [9] 0 1
 [19] 0 1
 [1] 0 1
 [11] 0 1
 [0] 0 1
d020a22b-eb8b-439e-80fe-7a0888500808
 [response time] 7.943
 [number of tasks] 5
 [nm p s]
 [10] 0 1
 [30] 0 1
 [40] 0 1
 [3] 0 1
 [45] 0 1
fe0dc7dd-1fb3-461e-a22d-f987c474498f
 [response time] 7.009
 [number of tasks] 5
 [nm p s]
 [17] 0 1
 [5] 0 1
 [4] 0 1
 [26] 0 1
 [33] 0 1
33b33714-38a0-41fe-9215-1f56f09bc934
 [response time] 8.143
 [number of tasks] 5
 [nm p s]
 [41] 0 1
 [49] 0 1
 [37] 0 1
 [46] 0 1
 [34] 0 1
8df11c9b-8839-438a-9416-b07b1125503a
 [response time] 8.658
 [number of tasks] 5
 [nm p s]
 [31] 0 1
 [30] 0 1
 [18] 0 1
 [15] 0 1
 [35] 0 1
db331788-ea96-4f30-a653-6f80af235efc
 [response time] 9.412
 [number of tasks] 5
 [nm p s]
 [32] 0 1
 [20] 0 1
 [38] 0 1
 [27] 0 1
 [14] 0 1
e90060f0-3fb1-479a-871d-c010faf200ea
 [response time] 8.153
 [number of tasks] 5
 [nm p s]
 [9] 0 1
 [18] 0 1
 [24] 0 1
 [23] 0 1
 [1] 0 1
3f41dcbf-ff37-47e5-a420-93ebe2843651
 [response time] 8.898
 [number of tasks] 5
 [nm p s]
 [40] 0 1
 [28] 0 1
 [15] 0 1
 [45] 0 1
 [33] 0 1
5282caf6-7e64-44e9-a2f3-25cbb194fd2d
 [response time] 9.589
 [number of tasks] 5
 [nm p s]
 [40] 0 1
 [28] 0 1
 [14] 0 1
 [35] 0 1
 [33] 0 1
2069f2b3-45b8-495b-8ee3-25cf7f8040d8
 [response time] 10.581
 [number of tasks] 5
 [nm p s]
 [30] 0 1
 [41] 0 1
 [16] 0 1
 [48] 0 1
 [37] 0 1
3af5f880-27d6-4fef-affa-28b68208720d
 [response time] 11.093
 [number of tasks] 5
 [nm p s]
 [21] 0 1
 [19] 0 1
 [37] 0 1
 [3] 0 1
 [2] 0 1
7f1dad63-443e-428d-bf1c-7df7425259f4
 [response time] 10.583
 [number of tasks] 5
 [nm p s]
 [19] 0 1
 [34] 0 1
 [22] 0 1
 [0] 0 2
835a287c-4503-4c28-860d-62a53466355e
 [response time] 11.712
 [number of tasks] 5
 [nm p s]
 [32] 0 1
 [6] 0 1
 [2] 0 1
 [22] 0 1
 [44] 0 1
2089b717-5a1c-401b-9763-da0946e565b0
 [response time] 12.001
 [number of tasks] 5
 [nm p s]
 [20] 0 1
 [38] 0 1
 [49] 0 1
 [15] 0 1
 [45] 0 1
eb693973-dc7a-4e9b-b27f-950019930e57
 [response time] 13.021
 [number of tasks] 5
 [nm p s]
 [30] 0 1
 [8] 0 1
 [3] 0 2
 [44] 0 1
59ed60d3-ee40-49cf-8a99-8dc23d1efc3c
 [response time] 12.388
 [number of tasks] 5
 [nm p s]
 [32] 0 1
 [38] 0 1
 [14] 0 1
 [23] 0 1
 [0] 0 1
589639c4-8882-4880-a0b2-bd58ef31254d
 [response time] 13.081
 [number of tasks] 5
 [nm p s]
 [9] 0 1
 [3] 0 1
 [22] 0 2
 [0] 0 1
79b495e8-1d12-4f27-917e-0bafa5bd7534
 [response time] 13.164
 [number of tasks] 5
 [nm p s]
 [42] 0 1
 [17] 0 1
 [39] 0 1
 [26] 0 1
 [48] 0 1
b3d36475-3159-416d-bdfd-b4117d92887b
 [response time] 14.676
 [number of tasks] 5
 [nm p s]
 [7] 0 1
 [39] 0 1
 [27] 0 1
 [37] 0 1
 [1] 0 1
098e5c36-2525-4f62-8a05-0f4566ef11a2
 [response time] 14.578
 [number of tasks] 5
 [nm p s]
 [27] 0 1
 [4] 0 1
 [25] 0 1
 [22] 0 1
 [44] 0 1
cdf96905-eae8-4ee1-bd02-379440b3682b
 [response time] 14.544
 [number of tasks] 5
 [nm p s]
 [40] 0 1
 [6] 0 2
 [38] 0 1
 [0] 0 1
97a6bc1e-552e-4b6c-91be-696b715f4cee
 [response time] 14.299
 [number of tasks] 5
 [nm p s]
 [21] 0 1
 [4] 0 1
 [3] 0 1
 [47] 0 1
 [35] 0 1
a073ba63-12ee-4bbf-b3b0-c86a7ea89e22
 [response time] 14.595
 [number of tasks] 5
 [nm p s]
 [40] 0 1
 [38] 0 1
 [2] 0 1
 [23] 0 1
 [44] 0 1
0301b0b9-fa74-4c2f-a25c-5815eac0d63d
 [response time] 15.393
 [number of tasks] 5
 [nm p s]
 [31] 0 1
 [14] 0 1
 [24] 0 1
 [13] 0 2
d88f4e48-7d8e-41a4-b315-7d52954ca48e
 [response time] 14.622
 [number of tasks] 5
 [nm p s]
 [40] 0 1
 [18] 0 1
 [26] 0 1
 [12] 0 1
 [1] 0 1
032b656e-9616-4ab3-a522-d66fc43bdc8f
 [response time] 15.213
 [number of tasks] 5
 [nm p s]
 [31] 0 1
 [41] 0 1
 [28] 0 1
 [3] 0 1
 [46] 0 1
6a953fcb-fb6b-464c-ab9a-83ccaed95c0f
 [response time] 16.017
 [number of tasks] 5
 [nm p s]
 [41] 0 1
 [49] 0 2
 [47] 0 1
 [11] 0 1
2b15d60d-b739-42b1-b8c8-9b2e01261f6c
 [response time] 16.757
 [number of tasks] 5
 [nm p s]
 [19] 0 1
 [17] 0 1
 [26] 0 1
 [47] 0 1
 [14] 0 1
1ecd07a2-7cbc-47f0-b414-0355e0e55f64
 [response time] 18.1
 [number of tasks] 5
 [nm p s]
 [10] 0 1
 [26] 0 1
 [37] 0 1
 [46] 0 1
 [34] 0 1
8b495912-a5a6-4ab8-a634-4fca1b939e6a
 [response time] 16.741
 [number of tasks] 5
 [nm p s]
 [21] 0 1
 [41] 0 1
 [17] 0 1
 [35] 0 1
 [2] 0 1
4c9ac7db-bda8-40ba-a465-68a9005c0edf
 [response time] 16.162
 [number of tasks] 5
 [nm p s]
 [30] 0 1
 [38] 0 1
 [25] 0 1
 [11] 0 1
 [33] 0 1
04674848-ab83-429f-8ef3-1fb41072816d
 [response time] 18.363
 [number of tasks] 5
 [nm p s]
 [9] 0 1
 [7] 0 1
 [29] 0 1
 [26] 0 1
 [22] 0 1
7d82c668-cc29-4188-a968-a04549b6c8da
 [response time] 18.072
 [number of tasks] 5
 [nm p s]
 [43] 0 1
 [49] 0 1
 [14] 0 1
 [35] 0 1
 [12] 0 1
cd705b7f-8ba7-4c76-8a16-5dd8a5ea9bc3
 [response time] 19.908
 [number of tasks] 5
 [nm p s]
 [38] 0 1
 [37] 0 1
 [2] 0 3
a063464d-2edb-4722-87d9-5f8d8db51ea1
 [response time] 16.519
 [number of tasks] 5
 [nm p s]
 [32] 0 1
 [9] 0 2
 [24] 0 1
 [12] 0 1
a5319179-0aa2-45a1-873f-6b893c49acd7
 [response time] 18.372
 [number of tasks] 5
 [nm p s]
 [43] 0 1
 [20] 0 1
 [9] 0 1
 [5] 0 1
 [44] 0 1
09e45de4-06f4-4ba0-8fe0-d492194b72c5
 [response time] 18.615
 [number of tasks] 5
 [nm p s]
 [40] 0 1
 [7] 0 1
 [39] 0 1
 [34] 0 1
 [44] 0 1
549937bb-54ea-489c-97e9-644f71d9888e
 [response time] 19.626
 [number of tasks] 5
 [nm p s]
 [18] 0 1
 [7] 0 1
 [25] 0 1
 [46] 0 1
 [22] 0 1
8da12511-d120-4005-9de6-3d532bc5feb9
 [response time] 19.565
 [number of tasks] 5
 [nm p s]
 [10] 0 1
 [41] 0 1
 [46] 0 1
 [35] 0 2
58580164-3a43-44f9-a210-6a7f0920c4b0
 [response time] 19.499
 [number of tasks] 5
 [nm p s]
 [19] 0 1
 [16] 0 1
 [48] 0 2
 [46] 0 1
2f86a89f-ed5e-4da5-98a9-69783e3d391f
 [response time] 20.808
 [number of tasks] 5
 [nm p s]
 [7] 0 1
 [48] 0 1
 [33] 0 1
 [44] 0 1
 [22] 0 1
f373399b-43f4-444e-bd46-65d4e1ee92fb
 [response time] 20.856
 [number of tasks] 5
 [nm p s]
 [17] 0 1
 [25] 0 1
 [35] 0 1
 [34] 0 1
 [23] 0 1
5295133c-e0ac-44ad-91e5-ec805dc542b5
 [response time] 20.88
 [number of tasks] 5
 [nm p s]
 [48] 0 1
 [26] 0 1
 [3] 0 1
 [46] 0 1
 [12] 0 1
1ba3e91a-987c-4ecf-adb2-4ea3101bc7cd
 [response time] 20.778
 [number of tasks] 5
 [nm p s]
 [10] 0 1
 [20] 0 1
 [45] 0 1
 [33] 0 1
 [11] 0 1
4c0c96dd-fa33-416b-aea8-bed04e716ab3
 [response time] 22.071
 [number of tasks] 5
 [nm p s]
 [29] 0 1
 [40] 0 1
 [6] 0 1
 [27] 0 1
 [11] 0 1
0dc76a3e-b056-4e84-9ce2-cb51ec3d93dc
 [response time] 20.091
 [number of tasks] 5
 [nm p s]
 [32] 0 1
 [21] 0 1
 [8] 0 1
 [40] 0 1
 [12] 0 1
24dd0ac3-37d0-4ca8-b40d-81ad804b21e6
 [response time] 21.623
 [number of tasks] 5
 [nm p s]
 [20] 0 1
 [9] 0 1
 [19] 0 2
 [7] 0 1
47085191-34c2-465c-a3d2-4cb6ef349c3b
 [response time] 22.318
 [number of tasks] 5
 [nm p s]
 [19] 0 1
 [48] 0 1
 [24] 0 1
 [46] 0 1
 [23] 0 1
c7df942a-c58f-4455-89d1-493489141cda
 [response time] 23.945
 [number of tasks] 5
 [nm p s]
 [9] 0 1
 [6] 0 2
 [27] 0 1
 [37] 0 1
52910e51-d748-403f-9d57-5c23871e22f5
 [response time] 23.335
 [number of tasks] 5
 [nm p s]
 [18] 0 1
 [39] 0 1
 [14] 0 1
 [24] 0 1
 [34] 0 1
33750a27-8ac6-43c9-ab2c-f1bfcd046a12
 [response time] 23.636
 [number of tasks] 5
 [nm p s]
 [10] 0 1
 [9] 0 1
 [49] 0 1
 [35] 0 1
 [11] 0 1
e40f96cc-624a-46e1-82db-ae4a2787c2ec
 [response time] 21.275
 [number of tasks] 5
 [nm p s]
 [43] 0 1
 [21] 0 2
 [24] 0 1
 [0] 0 1
0ebd2c4f-bf30-4cc8-b7b5-860941024b6d
 [response time] 23.812
 [number of tasks] 5
 [nm p s]
 [29] 0 1
 [26] 0 1
 [3] 0 1
 [47] 0 1
 [1] 0 1
ef243952-2a8b-49fe-9ebb-cc014eaaea47
 [response time] 24.498
 [number of tasks] 5
 [nm p s]
 [39] 0 1
 [49] 0 1
 [5] 0 1
 [38] 0 1
 [23] 0 1
390a2953-2043-4b8a-b680-f424501b8668
 [response time] 24.819
 [number of tasks] 5
 [nm p s]
 [8] 0 1
 [28] 0 1
 [5] 0 1
 [48] 0 1
 [13] 0 1
830bcb6b-0f2b-47ed-85d6-c9feec3bc918
 [response time] 25.38
 [number of tasks] 5
 [nm p s]
 [42] 0 1
 [30] 0 1
 [39] 0 1
 [35] 0 1
 [12] 0 1
c339d278-13e0-458e-8401-b61f9682863e
 [response time] 24.736
 [number of tasks] 5
 [nm p s]
 [21] 0 1
 [18] 0 1
 [5] 0 1
 [1] 0 1
 [11] 0 1
6d5824d7-3d3a-47b7-a4b7-3edac9d734c0
 [response time] 24.776
 [number of tasks] 5
 [nm p s]
 [32] 0 1
 [31] 0 1
 [7] 0 1
 [26] 0 2
7600d3dc-f65e-466d-893a-57ecbcc8f633
 [response time] 26.335
 [number of tasks] 5
 [nm p s]
 [41] 0 1
 [27] 0 1
 [49] 0 1
 [3] 0 1
 [13] 0 1
6bad507c-7df8-4ff6-a4fc-1b7a9ef202f5
 [response time] 24.322
 [number of tasks] 5
 [nm p s]
 [32] 0 1
 [28] 0 1
 [25] 0 1
 [3] 0 1
 [34] 0 1
8fd607b5-9803-4361-8913-650f187cf12f
 [response time] 26.935
 [number of tasks] 5
 [nm p s]
 [6] 0 1
 [48] 0 1
 [4] 0 1
 [23] 0 1
 [11] 0 1
0d89a8ca-1da5-4f65-b226-a298587ec40e
 [response time] 26.071
 [number of tasks] 5
 [nm p s]
 [20] 0 1
 [38] 0 1
 [14] 0 1
 [25] 0 1
 [45] 0 1
ac762340-ce59-413b-9bf9-e1069ee07b96
 [response time] 26.049
 [number of tasks] 5
 [nm p s]
 [29] 0 1
 [25] 0 1
 [13] 0 1
 [1] 0 1
 [0] 0 1
f61f3df5-df3f-43cc-a165-d3e6587c8709
 [response time] 27.226
 [number of tasks] 5
 [nm p s]
 [19] 0 1
 [38] 0 1
 [2] 0 1
 [35] 0 1
 [34] 0 1
e4f545de-3a16-470e-a998-dac31b0d17a1
 [response time] 26.449
 [number of tasks] 5
 [nm p s]
 [20] 0 1
 [40] 0 1
 [5] 0 1
 [26] 0 1
 [45] 0 1
5228022f-291d-4004-b30b-34b104fdcaf3
 [response time] 27.432
 [number of tasks] 5
 [nm p s]
 [29] 0 1
 [7] 0 1
 [48] 0 1
 [25] 0 1
 [34] 0 1
b8d44de3-7ae9-4d66-8af9-df658027204f
 [response time] 28.518
 [number of tasks] 5
 [nm p s]
 [18] 0 1
 [40] 0 1
 [6] 0 1
 [5] 0 1
 [24] 0 1
ab2fc5c9-2be3-49bb-978d-7a4a13449814
 [response time] 27.931
 [number of tasks] 5
 [nm p s]
 [40] 0 1
 [38] 0 1
 [14] 0 1
 [25] 0 1
 [35] 0 1
9e33a2cc-5adc-4122-8681-a55134784d73
 [response time] 28.375
 [number of tasks] 5
 [nm p s]
 [42] 0 1
 [17] 0 1
 [26] 0 1
 [13] 0 1
 [34] 0 1
7a81d30a-7519-4077-8c1f-c8bb602d3516
 [response time] 29.182
 [number of tasks] 5
 [nm p s]
 [10] 0 1
 [19] 0 1
 [7] 0 1
 [13] 0 1
 [24] 0 1
69705e19-2a94-4353-b30d-db8b5638ee99
 [response time] 30.277
 [number of tasks] 5
 [nm p s]
 [32] 0 1
 [20] 0 1
 [19] 0 1
 [17] 0 1
 [45] 0 1
4b6afa25-9d54-480e-bb23-03e3287aa049
 [response time] 28.965
 [number of tasks] 5
 [nm p s]
 [10] 0 1
 [14] 0 1
 [3] 0 2
 [2] 0 1
a1efc9ed-f775-4e96-aab7-4484a58fad26
 [response time] 30.225
 [number of tasks] 5
 [nm p s]
 [42] 0 1
 [30] 0 1
 [40] 0 1
 [27] 0 1
 [26] 0 1
1bbd5bfc-3daa-4b19-b4ce-e24364a355e4
 [response time] 29.543
 [number of tasks] 5
 [nm p s]
 [31] 0 1
 [20] 0 1
 [5] 0 1
 [3] 0 1
 [44] 0 1
d6af7019-eabd-42b8-bd23-df55201e51c8
 [response time] 29.43
 [number of tasks] 5
 [nm p s]
 [4] 0 1
 [36] 0 1
 [47] 0 1
 [3] 0 1
 [24] 0 1
894d8949-77f8-44bd-9660-886e3cc2cdc6
 [response time] 30.373
 [number of tasks] 5
 [nm p s]
 [17] 0 1
 [48] 0 1
 [37] 0 1
 [36] 0 2
76e314d0-f526-49cf-9f98-419c047a52c7
 [response time] 30.886
 [number of tasks] 5
 [nm p s]
 [43] 0 1
 [27] 0 1
 [25] 0 1
 [12] 0 2
f049dd6e-aa1b-4721-8ccb-194a30b97641
 [response time] 31.004
 [number of tasks] 5
 [nm p s]
 [41] 0 1
 [30] 0 1
 [35] 0 1
 [45] 0 1
 [0] 0 1
bb628fe0-efbc-47f8-890a-42485567d6e7
 [response time] 32.567
 [number of tasks] 5
 [nm p s]
 [8] 0 1
 [27] 0 1
 [47] 0 1
 [23] 0 1
 [11] 0 1
7e15330c-b3d5-4101-8f3e-a8f4fa85f77d
 [response time] 32.311
 [number of tasks] 5
 [nm p s]
 [31] 0 1
 [8] 0 1
 [6] 0 1
 [38] 0 1
 [26] 0 1
838d83ea-9c3a-4397-bb7f-755e2220ba28
 [response time] 33.151
 [number of tasks] 5
 [nm p s]
 [43] 0 1
 [5] 0 1
 [47] 0 1
 [45] 0 1
 [44] 0 1
24df014d-7c67-4d4c-a51f-fdb9cb0f7c1d
 [response time] 33.771
 [number of tasks] 5
 [nm p s]
 [19] 0 2
 [28] 0 1
 [5] 0 1
 [36] 0 1
2f40e6f0-257a-4118-9aa2-0a3c65fb8914
 [response time] 33.345
 [number of tasks] 5
 [nm p s]
 [7] 0 1
 [17] 0 1
 [35] 0 1
 [34] 0 1
 [44] 0 1
e78f7ad6-48a9-4633-bd26-a357e9d31909
 [response time] 34.695
 [number of tasks] 5
 [nm p s]
 [41] 0 1
 [19] 0 1
 [4] 0 1
 [12] 0 1
 [34] 0 1
0f6b133c-edf4-4265-8bff-e0c0228351ab
 [response time] 35.296
 [number of tasks] 5
 [nm p s]
 [40] 0 1
 [39] 0 1
 [37] 0 1
 [45] 0 1
 [22] 0 1
95d9a39a-ea7c-4695-b6a7-dda8c2d20e79
 [response time] 35.433
 [number of tasks] 5
 [nm p s]
 [32] 0 1
 [19] 0 1
 [1] 0 1
 [44] 0 1
 [11] 0 1
a8bbc096-4941-4617-abe2-d9e102ff3bc6
 [response time] 35.735
 [number of tasks] 5
 [nm p s]
 [9] 0 1
 [30] 0 1
 [28] 0 1
 [48] 0 1
 [22] 0 1
4b030bba-f2b9-437f-a4b9-1c3dafbc98ec
 [response time] 38.044
 [number of tasks] 5
 [nm p s]
 [21] 0 1
 [30] 0 1
 [28] 0 1
 [49] 0 1
 [27] 0 1
dc4e0d38-e546-47cb-84fa-e61762c7abee
 [response time] 38.542
 [number of tasks] 5
 [nm p s]
 [21] 0 1
 [27] 0 1
 [38] 0 1
 [13] 0 1
 [34] 0 1
