[scheduler id] 1
[number of node monitors] 50

[job statistics]
e8126bfa-c02d-4132-a6d2-8afbc1e1074a
 [response time] 0.917
 [number of tasks] 5
 [nm p s]
 [41] 0 1
 [17] 0 1
 [39] 0 1
 [38] 0 1
 [36] 0 1
9795d4e2-6b9d-4cb4-80af-f3fb01baeff5
 [response time] 1.177
 [number of tasks] 5
 [nm p s]
 [42] 0 1
 [17] 0 1
 [26] 0 1
 [3] 0 1
 [2] 0 1
7283ed89-f525-409f-89ae-9e20f6344bab
 [response time] 1.363
 [number of tasks] 5
 [nm p s]
 [20] 0 1
 [41] 0 1
 [47] 0 1
 [35] 0 1
 [45] 0 1
2e8014c8-d1da-4447-a1ef-48e54efa8ff2
 [response time] 3.226
 [number of tasks] 5
 [nm p s]
 [6] 0 1
 [49] 0 1
 [27] 0 1
 [4] 0 1
 [0] 0 1
6131ea88-e339-428d-8e1f-3e46818f63da
 [response time] 3.566
 [number of tasks] 5
 [nm p s]
 [9] 0 1
 [7] 0 1
 [38] 0 1
 [48] 0 1
 [44] 0 1
a1b36a4f-d827-4cb5-a751-e141719332f3
 [response time] 3.838
 [number of tasks] 5
 [nm p s]
 [30] 0 2
 [28] 0 1
 [6] 0 2
aef0bd42-43f8-414e-b801-9d351f0a9687
 [response time] 4.099
 [number of tasks] 5
 [nm p s]
 [21] 0 1
 [41] 0 1
 [49] 0 1
 [26] 0 1
 [4] 0 1
14737c9a-d01d-47ae-bdc1-3202eadc2342
 [response time] 4.565
 [number of tasks] 5
 [nm p s]
 [8] 0 1
 [26] 0 1
 [3] 0 1
 [46] 0 1
 [44] 0 1
f5fdb55f-fa51-4a95-8c9c-1ce12d01049f
 [response time] 5.101
 [number of tasks] 5
 [nm p s]
 [49] 0 1
 [37] 0 2
 [25] 0 1
 [0] 0 1
92ca23e5-4667-4ee7-bd12-083841739c93
 [response time] 5.531
 [number of tasks] 5
 [nm p s]
 [8] 0 1
 [39] 0 1
 [15] 0 1
 [26] 0 1
 [4] 0 1
defaf8a2-f342-487f-b319-2363aa2d160f
 [response time] 6.567
 [number of tasks] 5
 [nm p s]
 [32] 0 1
 [8] 0 1
 [18] 0 1
 [14] 0 1
 [23] 0 1
eb40e135-9a02-4791-92ac-d743ea14a69c
 [response time] 7.417
 [number of tasks] 5
 [nm p s]
 [9] 0 1
 [20] 0 1
 [27] 0 1
 [35] 0 1
 [2] 0 1
dd075292-22d8-4abe-999a-637210948819
 [response time] 7.257
 [number of tasks] 5
 [nm p s]
 [43] 0 1
 [37] 0 1
 [2] 0 1
 [35] 0 1
 [24] 0 1
cefd7262-0262-4bb5-9b72-0cce7ff8252c
 [response time] 8.148
 [number of tasks] 5
 [nm p s]
 [39] 0 1
 [27] 0 1
 [37] 0 2
 [46] 0 1
655b3461-38e5-4995-9ea3-0d7a1d07b305
 [response time] 8.144
 [number of tasks] 5
 [nm p s]
 [19] 0 1
 [7] 0 1
 [6] 0 1
 [11] 0 1
 [22] 0 1
69da59ac-a312-4dbc-b109-a5b09f17d5df
 [response time] 7.818
 [number of tasks] 5
 [nm p s]
 [42] 0 1
 [18] 0 1
 [28] 0 1
 [46] 0 1
 [23] 0 1
b2b42be3-fc73-4fe3-a79f-6e56028ef7de
 [response time] 8.455
 [number of tasks] 5
 [nm p s]
 [19] 0 1
 [16] 0 1
 [46] 0 1
 [12] 0 1
 [23] 0 1
e0c29be3-b325-4dbf-b1f8-ce1a6795366e
 [response time] 9.078
 [number of tasks] 5
 [nm p s]
 [10] 0 1
 [43] 0 1
 [41] 0 1
 [30] 0 1
 [24] 0 1
e38c6526-ce33-49a4-b80c-75115bd2dbad
 [response time] 8.868
 [number of tasks] 5
 [nm p s]
 [21] 0 1
 [7] 0 1
 [49] 0 1
 [13] 0 1
 [44] 0 1
4f90c3da-f227-4cc9-a565-576cce9dcbd8
 [response time] 9.088
 [number of tasks] 5
 [nm p s]
 [19] 0 1
 [7] 0 1
 [36] 0 1
 [46] 0 1
 [13] 0 1
2da97070-799e-4ca5-9aeb-69bb731a0ef4
 [response time] 9.753
 [number of tasks] 5
 [nm p s]
 [9] 0 1
 [19] 0 1
 [6] 0 1
 [14] 0 1
 [34] 0 1
28df15d3-1acd-4a7c-8671-f2fc711f41ee
 [response time] 9.428
 [number of tasks] 5
 [nm p s]
 [20] 0 1
 [3] 0 1
 [12] 0 2
 [11] 0 1
a3f0eea8-e49e-4f8b-84d2-5ed431ceaeb4
 [response time] 10.476
 [number of tasks] 5
 [nm p s]
 [6] 0 1
 [15] 0 1
 [25] 0 1
 [36] 0 1
 [47] 0 1
93620b2c-d8f4-4178-b655-fe9fbe05d669
 [response time] 10.827
 [number of tasks] 5
 [nm p s]
 [21] 0 1
 [6] 0 1
 [14] 0 1
 [13] 0 2
0df7152f-90aa-4a4e-acb1-e5fbab0a03a7
 [response time] 9.291
 [number of tasks] 5
 [nm p s]
 [42] 0 1
 [18] 0 1
 [25] 0 1
 [1] 0 1
 [33] 0 1
dd674416-6f5e-442a-b084-21d67dc93f8d
 [response time] 11.636
 [number of tasks] 5
 [nm p s]
 [8] 0 1
 [15] 0 1
 [3] 0 1
 [13] 0 1
 [33] 0 1
7d6d0dfa-771b-4cba-ab62-8eb0416e2d26
 [response time] 11.649
 [number of tasks] 5
 [nm p s]
 [10] 0 1
 [32] 0 1
 [5] 0 1
 [48] 0 1
 [45] 0 1
9159576f-1ee8-4df5-bb84-8bb26a9c9273
 [response time] 11.642
 [number of tasks] 5
 [nm p s]
 [20] 0 1
 [29] 0 1
 [4] 0 1
 [25] 0 1
 [22] 0 1
cba71525-a0d5-420f-8ef1-3683989f0409
 [response time] 11.647
 [number of tasks] 5
 [nm p s]
 [41] 0 1
 [27] 0 1
 [4] 0 1
 [13] 0 1
 [22] 0 1
cdcb59ed-80ae-4db6-a0ad-4deca3e5d829
 [response time] 12.706
 [number of tasks] 5
 [nm p s]
 [43] 0 1
 [19] 0 1
 [30] 0 1
 [25] 0 1
 [0] 0 1
3d4d408f-3771-426f-9816-f709e3ef324c
 [response time] 11.959
 [number of tasks] 5
 [nm p s]
 [9] 0 1
 [18] 0 1
 [29] 0 1
 [16] 0 1
 [23] 0 1
6e9a2257-47b2-4faa-bd7d-b0d5b9f8e1cb
 [response time] 12.418
 [number of tasks] 5
 [nm p s]
 [8] 0 1
 [38] 0 1
 [15] 0 2
 [14] 0 1
a9751399-1c38-4ffa-b8b3-9a7a03bda8fd
 [response time] 12.056
 [number of tasks] 5
 [nm p s]
 [43] 0 1
 [38] 0 1
 [35] 0 1
 [23] 0 1
 [44] 0 1
dd991341-3ac5-44a7-bd89-daa255763e5e
 [response time] 12.924
 [number of tasks] 5
 [nm p s]
 [31] 0 1
 [7] 0 1
 [15] 0 1
 [24] 0 1
 [23] 0 1
335409e4-28a5-425c-9344-ac9cf36d9ffb
 [response time] 14.481
 [number of tasks] 5
 [nm p s]
 [20] 0 1
 [17] 0 1
 [26] 0 1
 [25] 0 1
 [22] 0 1
6f81fe96-be7c-40e7-b175-54f3e8906052
 [response time] 13.999
 [number of tasks] 5
 [nm p s]
 [9] 0 1
 [39] 0 1
 [16] 0 1
 [33] 0 1
 [44] 0 1
1e79987a-b846-4a6f-a3f8-9e8766666c53
 [response time] 15.112
 [number of tasks] 5
 [nm p s]
 [17] 0 1
 [6] 0 1
 [49] 0 1
 [47] 0 1
 [36] 0 1
5b1a566d-f980-4999-b787-d225b60f408c
 [response time] 15.29
 [number of tasks] 5
 [nm p s]
 [30] 0 1
 [28] 0 1
 [16] 0 1
 [24] 0 1
 [22] 0 1
b2a5829c-ae89-454d-bfce-6c7229441a51
 [response time] 16.831
 [number of tasks] 5
 [nm p s]
 [43] 0 1
 [10] 0 1
 [8] 0 1
 [39] 0 1
 [37] 0 1
fa885318-07ee-4def-8a61-0603790f3967
 [response time] 15.415
 [number of tasks] 5
 [nm p s]
 [42] 0 1
 [7] 0 1
 [48] 0 1
 [15] 0 1
 [12] 0 1
a40e8fe9-cd5a-4267-9084-3ce39969616d
 [response time] 16.477
 [number of tasks] 5
 [nm p s]
 [19] 0 1
 [41] 0 1
 [17] 0 1
 [27] 0 1
 [15] 0 1
1b19b016-067b-4120-897b-be4afd453f40
 [response time] 17.028
 [number of tasks] 5
 [nm p s]
 [38] 0 1
 [16] 0 1
 [27] 0 1
 [46] 0 1
 [35] 0 1
f81c4ddd-bab7-4388-8437-cfd79c451d60
 [response time] 15.708
 [number of tasks] 5
 [nm p s]
 [18] 0 1
 [17] 0 1
 [4] 0 1
 [14] 0 1
 [24] 0 1
3fbbd6e6-eaa0-450d-8f8f-2e7380befcaa
 [response time] 17.891
 [number of tasks] 5
 [nm p s]
 [6] 0 1
 [5] 0 1
 [48] 0 1
 [26] 0 1
 [35] 0 1
816e005b-2049-4cde-b801-526aff8bee2d
 [response time] 16.778
 [number of tasks] 5
 [nm p s]
 [18] 0 1
 [40] 0 1
 [49] 0 1
 [23] 0 1
 [0] 0 1
04ff8f57-efae-48ff-8df2-7908711b6464
 [response time] 18.755
 [number of tasks] 5
 [nm p s]
 [38] 0 1
 [27] 0 1
 [14] 0 1
 [45] 0 1
 [1] 0 1
a5a54b75-c3f2-4a62-ba00-b7555e0354ad
 [response time] 17.588
 [number of tasks] 5
 [nm p s]
 [32] 0 1
 [49] 0 1
 [48] 0 1
 [4] 0 1
 [26] 0 1
acadbeec-429f-4215-9ddd-1310703836b4
 [response time] 20.839
 [number of tasks] 5
 [nm p s]
 [6] 0 1
 [37] 0 1
 [48] 0 1
 [47] 0 1
 [12] 0 1
2fd863de-d59a-49aa-8fda-a6a0fa64de27
 [response time] 19.095
 [number of tasks] 5
 [nm p s]
 [9] 0 1
 [6] 0 1
 [47] 0 1
 [13] 0 1
 [2] 0 1
1fb8632c-0cb5-481b-92f0-bc1a89635d15
 [response time] 18.769
 [number of tasks] 5
 [nm p s]
 [20] 0 1
 [49] 0 1
 [38] 0 2
 [1] 0 1
97d211ac-3f1a-4701-8f38-b654e7f1bd04
 [response time] 20.305
 [number of tasks] 5
 [nm p s]
 [5] 0 1
 [36] 0 1
 [14] 0 1
 [46] 0 1
 [22] 0 1
4a65cd30-df59-4c7c-b019-02e42e1d4df7
 [response time] 20.754
 [number of tasks] 5
 [nm p s]
 [43] 0 1
 [7] 0 1
 [39] 0 1
 [27] 0 1
 [44] 0 1
eb11146e-266e-42e7-849f-bf1c4d0c1831
 [response time] 20.983
 [number of tasks] 5
 [nm p s]
 [20] 0 1
 [26] 0 1
 [37] 0 1
 [47] 0 1
 [11] 0 1
344e85e4-6270-4f3d-9f00-ba0b5588f1d7
 [response time] 19.366
 [number of tasks] 5
 [nm p s]
 [43] 0 1
 [31] 0 1
 [4] 0 1
 [23] 0 1
 [0] 0 1
f6a2af41-b503-440c-94d4-778f0b4f4957
 [response time] 20.372
 [number of tasks] 5
 [nm p s]
 [31] 0 1
 [38] 0 1
 [4] 0 1
 [47] 0 1
 [44] 0 1
ff24185b-1c71-4ff6-87c3-6b4d66cf8bbc
 [response time] 21.431
 [number of tasks] 5
 [nm p s]
 [10] 0 1
 [28] 0 1
 [35] 0 1
 [23] 0 1
 [11] 0 1
160d102e-13f9-4520-842d-ad3a8d872853
 [response time] 22.269
 [number of tasks] 5
 [nm p s]
 [41] 0 1
 [27] 0 1
 [15] 0 1
 [36] 0 1
 [33] 0 1
8a5ac1b9-51d2-4d4c-9ed8-242d2a8f48ad
 [response time] 21.009
 [number of tasks] 5
 [nm p s]
 [31] 0 1
 [15] 0 1
 [25] 0 1
 [3] 0 1
 [45] 0 1
90c44094-3d33-425c-a50a-2dd229aca28e
 [response time] 22.198
 [number of tasks] 5
 [nm p s]
 [6] 0 1
 [4] 0 1
 [45] 0 2
 [22] 0 1
abdb8e00-a421-44df-9150-203173f9fbc9
 [response time] 21.583
 [number of tasks] 5
 [nm p s]
 [29] 0 1
 [13] 0 1
 [12] 0 1
 [44] 0 1
 [33] 0 1
09502e98-12fc-4ec4-86c3-53acaf6acee5
 [response time] 22.551
 [number of tasks] 5
 [nm p s]
 [8] 0 1
 [18] 0 1
 [29] 0 1
 [48] 0 1
 [4] 0 1
e116a23c-5a7d-4b1c-9d99-5891c0a70d20
 [response time] 21.469
 [number of tasks] 5
 [nm p s]
 [32] 0 1
 [10] 0 1
 [40] 0 1
 [49] 0 1
 [33] 0 1
a4a5bd9d-0974-411e-9d34-8efeaf5d9346
 [response time] 22.652
 [number of tasks] 5
 [nm p s]
 [43] 0 1
 [20] 0 1
 [19] 0 1
 [37] 0 1
 [26] 0 1
dc1bffaf-0b8c-4d54-b425-17790e612b57
 [response time] 22.183
 [number of tasks] 5
 [nm p s]
 [18] 0 1
 [29] 0 1
 [38] 0 1
 [15] 0 1
 [46] 0 1
d65395f0-ab9f-434e-9804-5367f1efacbb
 [response time] 22.268
 [number of tasks] 5
 [nm p s]
 [42] 0 1
 [49] 0 1
 [3] 0 1
 [33] 0 2
f3eb6c63-7fc7-4ad7-b51e-27b8966a61de
 [response time] 23.108
 [number of tasks] 5
 [nm p s]
 [32] 0 1
 [8] 0 1
 [38] 0 1
 [47] 0 1
 [23] 0 1
ab8d3b1e-eebe-445c-91f3-e4a809a1c89e
 [response time] 24.326
 [number of tasks] 5
 [nm p s]
 [43] 0 1
 [9] 0 1
 [8] 0 1
 [27] 0 1
 [11] 0 1
a73214ba-55b0-4efc-baa0-43b73d2143b5
 [response time] 24.052
 [number of tasks] 5
 [nm p s]
 [31] 0 1
 [17] 0 1
 [38] 0 1
 [2] 0 1
 [24] 0 1
6d5f8acb-d29d-40c8-82b2-c4b1ec2104f3
 [response time] 23.744
 [number of tasks] 5
 [nm p s]
 [43] 0 1
 [40] 0 2
 [16] 0 1
 [36] 0 1
a19016fa-f6e1-49d7-9a84-b51e248dfa23
 [response time] 26.054
 [number of tasks] 5
 [nm p s]
 [6] 0 1
 [48] 0 1
 [36] 0 1
 [24] 0 1
 [35] 0 1
ed0cee3a-ab3c-44a9-8006-63729aabd7de
 [response time] 25.087
 [number of tasks] 5
 [nm p s]
 [21] 0 1
 [29] 0 1
 [39] 0 1
 [5] 0 1
 [12] 0 1
72ea9975-ca81-4d07-937c-ad280e39bd63
 [response time] 25.526
 [number of tasks] 5
 [nm p s]
 [32] 0 1
 [19] 0 1
 [49] 0 1
 [48] 0 1
 [36] 0 1
596fd23d-b833-47b7-94cc-ee9fe19364cd
 [response time] 25.169
 [number of tasks] 5
 [nm p s]
 [31] 0 1
 [9] 0 1
 [38] 0 1
 [11] 0 1
 [33] 0 1
c04f2f84-884d-434e-932a-f76eaf0639c1
 [response time] 23.46
 [number of tasks] 5
 [nm p s]
 [42] 0 1
 [8] 0 1
 [14] 0 1
 [36] 0 2
a1ac5aa8-88e2-49cb-b681-05986f4ebccd
 [response time] 25.588
 [number of tasks] 5
 [nm p s]
 [31] 0 1
 [16] 0 1
 [2] 0 2
 [45] 0 1
ef0d8272-1eb5-4d5a-8a6b-1fa15d4b6e88
 [response time] 27.049
 [number of tasks] 5
 [nm p s]
 [21] 0 1
 [9] 0 2
 [27] 0 1
 [47] 0 1
279db79e-8442-4e34-884a-c6f5f59c1c89
 [response time] 25.482
 [number of tasks] 5
 [nm p s]
 [31] 0 1
 [29] 0 1
 [7] 0 1
 [15] 0 1
 [34] 0 1
16b2b970-77d8-4b86-afa2-79543adc448d
 [response time] 27.798
 [number of tasks] 5
 [nm p s]
 [8] 0 1
 [6] 0 1
 [45] 0 1
 [44] 0 1
 [33] 0 1
2f722954-c126-445d-a2a8-e4ef9723c9f6
 [response time] 26.771
 [number of tasks] 5
 [nm p s]
 [32] 0 1
 [18] 0 1
 [25] 0 1
 [36] 0 1
 [13] 0 1
1497f541-cade-4a80-b7fd-a1250d109c0d
 [response time] 27.369
 [number of tasks] 5
 [nm p s]
 [49] 0 1
 [48] 0 1
 [26] 0 1
 [3] 0 1
 [11] 0 1
6cc92485-2642-470c-829d-5f080771536e
 [response time] 27.107
 [number of tasks] 5
 [nm p s]
 [32] 0 2
 [5] 0 1
 [34] 0 1
 [1] 0 1
ee6c1966-2998-4460-9dc5-7b094d566e26
 [response time] 28.017
 [number of tasks] 5
 [nm p s]
 [31] 0 1
 [8] 0 1
 [17] 0 1
 [11] 0 1
 [44] 0 1
af67d78d-4ed4-4ef6-8be1-97d5563fd13f
 [response time] 27.688
 [number of tasks] 5
 [nm p s]
 [10] 0 1
 [20] 0 1
 [39] 0 1
 [4] 0 1
 [12] 0 1
053c42c4-37b8-48d5-9409-bef84e1207fb
 [response time] 29.316
 [number of tasks] 5
 [nm p s]
 [42] 0 1
 [8] 0 1
 [6] 0 1
 [39] 0 1
 [34] 0 1
26c5b6df-b54f-4764-8124-449ec374341f
 [response time] 27.745
 [number of tasks] 5
 [nm p s]
 [21] 0 1
 [17] 0 1
 [5] 0 1
 [23] 0 1
 [34] 0 1
802addfc-f33e-4f70-9f31-bc7ff3abf7a2
 [response time] 29.15
 [number of tasks] 5
 [nm p s]
 [21] 0 1
 [42] 0 1
 [27] 0 1
 [16] 0 1
 [0] 0 1
ecf17f50-a623-4acb-8aed-528f1f6d8742
 [response time] 28.689
 [number of tasks] 5
 [nm p s]
 [9] 0 1
 [7] 0 1
 [17] 0 1
 [26] 0 1
 [12] 0 1
d7c5e254-0a29-4006-b4f5-102547c87f05
 [response time] 30.826
 [number of tasks] 5
 [nm p s]
 [19] 0 1
 [5] 0 1
 [34] 0 1
 [11] 0 1
 [22] 0 1
703c5b30-d7be-4289-9d7f-78c7d16c8986
 [response time] 30.748
 [number of tasks] 5
 [nm p s]
 [19] 0 1
 [29] 0 1
 [6] 0 1
 [38] 0 1
 [11] 0 1
22443dff-007a-45f2-8117-2425237d22be
 [response time] 30.407
 [number of tasks] 5
 [nm p s]
 [20] 0 1
 [17] 0 1
 [14] 0 1
 [12] 0 1
 [44] 0 1
e1c2fa29-7cbe-4816-9d34-42e12beafcb9
 [response time] 30.553
 [number of tasks] 5
 [nm p s]
 [43] 0 1
 [42] 0 1
 [39] 0 1
 [49] 0 1
 [15] 0 1
3d16b2e2-25f7-431a-b8ae-a7a3b2622ad6
 [response time] 30.789
 [number of tasks] 5
 [nm p s]
 [42] 0 1
 [49] 0 1
 [2] 0 1
 [45] 0 1
 [11] 0 1
9b61532d-6822-4f01-985b-1a9ee3ef24b0
 [response time] 31.118
 [number of tasks] 5
 [nm p s]
 [32] 0 1
 [17] 0 1
 [38] 0 1
 [14] 0 1
 [46] 0 1
1126507e-209f-4153-a638-99229766fea5
 [response time] 32.087
 [number of tasks] 5
 [nm p s]
 [31] 0 1
 [8] 0 1
 [49] 0 1
 [38] 0 1
 [45] 0 1
1a1ae1e1-5135-4a71-832d-5a27f6c7d320
 [response time] 32.875
 [number of tasks] 5
 [nm p s]
 [39] 0 1
 [49] 0 1
 [4] 0 1
 [1] 0 1
 [23] 0 1
8e409013-6a98-4efa-bd00-2c9e583fe74c
 [response time] 35.682
 [number of tasks] 5
 [nm p s]
 [20] 0 1
 [19] 0 1
 [8] 0 1
 [2] 0 1
 [12] 0 1
80ffe5e2-2e1f-47f0-b5bc-bac860f38460
 [response time] 35.901
 [number of tasks] 5
 [nm p s]
 [41] 0 1
 [27] 0 2
 [1] 0 1
 [22] 0 1
61006e45-5fd4-467f-9303-45480d1da465
 [response time] 37.338
 [number of tasks] 5
 [nm p s]
 [9] 0 1
 [8] 0 1
 [29] 0 1
 [27] 0 1
 [11] 0 1
5567bb6f-a7d9-47b3-a5cb-a7944116f64f
 [response time] 38.757
 [number of tasks] 5
 [nm p s]
 [28] 0 1
 [27] 0 1
 [16] 0 1
 [46] 0 1
 [11] 0 1
9a168cb9-b989-4ec7-acb9-c713a71308e4
 [response time] 39.588
 [number of tasks] 5
 [nm p s]
 [39] 0 2
 [27] 0 1
 [16] 0 1
 [11] 0 1
