[scheduler id] 3
[number of node monitors] 50

[job statistics]
49cdf8a7-007c-4d53-bb0e-30afd2ead98b
 [response time] 1.273
 [number of tasks] 5
 [nm p s]
 [8] 0 1
 [26] 0 1
 [25] 0 1
 [47] 0 1
 [11] 0 1
82e77305-8b5d-4477-be40-84ea476cccd5
 [response time] 1.932
 [number of tasks] 5
 [nm p s]
 [21] 0 1
 [42] 0 1
 [17] 0 1
 [5] 0 1
 [44] 0 1
21beae4f-2bf7-4650-94e2-0e11b7bb5292
 [response time] 2.676
 [number of tasks] 5
 [nm p s]
 [39] 0 2
 [15] 0 1
 [37] 0 1
 [2] 0 1
40f14dab-76b8-4279-aa3b-d6eb50c7caac
 [response time] 2.773
 [number of tasks] 5
 [nm p s]
 [10] 0 1
 [20] 0 1
 [28] 0 1
 [25] 0 1
 [35] 0 1
d8cab0df-83ad-4ed3-92de-78d5094c30fb
 [response time] 2.787
 [number of tasks] 5
 [nm p s]
 [18] 0 1
 [16] 0 1
 [35] 0 1
 [45] 0 1
 [44] 0 1
e98735a7-6961-49b8-9f2d-c792c4af3b4a
 [response time] 3.175
 [number of tasks] 5
 [nm p s]
 [9] 0 1
 [41] 0 1
 [5] 0 1
 [34] 0 1
 [22] 0 1
71f5874f-1fda-41b4-b999-c68a9c169985
 [response time] 4.342
 [number of tasks] 5
 [nm p s]
 [19] 0 1
 [8] 0 1
 [27] 0 1
 [14] 0 1
 [35] 0 1
2f4065a5-ac67-4e0f-a02f-11de1381aed7
 [response time] 5.095
 [number of tasks] 5
 [nm p s]
 [5] 0 1
 [16] 0 2
 [3] 0 1
 [0] 0 1
a58ae428-28fb-4ab7-8c29-d8fa035a5b5c
 [response time] 5.209
 [number of tasks] 5
 [nm p s]
 [41] 0 1
 [48] 0 1
 [47] 0 1
 [35] 0 1
 [34] 0 1
1b9e9032-3baf-4b1f-ab95-0d00b52e6010
 [response time] 5.957
 [number of tasks] 5
 [nm p s]
 [42] 0 1
 [30] 0 1
 [27] 0 1
 [15] 0 1
 [46] 0 1
3fab70d4-5cc1-4e64-9194-2da319cc6e54
 [response time] 5.592
 [number of tasks] 5
 [nm p s]
 [20] 0 1
 [3] 0 1
 [2] 0 1
 [0] 0 1
 [22] 0 1
3c81d5f0-4ae0-4a8c-9766-2d7c2fc9d1d9
 [response time] 6.334
 [number of tasks] 5
 [nm p s]
 [10] 0 1
 [9] 0 1
 [27] 0 1
 [16] 0 1
 [11] 0 1
1c64d909-6903-46f7-bb03-cdf16b68664e
 [response time] 6.411
 [number of tasks] 5
 [nm p s]
 [9] 0 1
 [5] 0 1
 [48] 0 2
 [11] 0 1
36b81c70-3b13-4c70-a646-51bae6dd4462
 [response time] 7.741
 [number of tasks] 5
 [nm p s]
 [29] 0 1
 [6] 0 1
 [28] 0 1
 [14] 0 1
 [35] 0 1
60bd33c9-9885-452d-bdb3-e6f04baf943b
 [response time] 8.38
 [number of tasks] 5
 [nm p s]
 [41] 0 1
 [17] 0 1
 [28] 0 2
 [44] 0 1
097e0c1a-3ae6-43b3-b2c7-47fed9b07765
 [response time] 8.999
 [number of tasks] 5
 [nm p s]
 [20] 0 1
 [16] 0 1
 [35] 0 1
 [34] 0 1
 [33] 0 1
0a6d2b66-0c6f-47ad-bdf2-652d1365bb78
 [response time] 9.326
 [number of tasks] 5
 [nm p s]
 [41] 0 1
 [49] 0 1
 [37] 0 1
 [48] 0 1
 [46] 0 1
a82313d7-f8b8-451e-8558-3e22e5c502a0
 [response time] 8.765
 [number of tasks] 5
 [nm p s]
 [20] 0 1
 [8] 0 1
 [24] 0 2
 [34] 0 1
f26a6012-0d56-48a4-8ffc-a3d324e7661d
 [response time] 10.076
 [number of tasks] 5
 [nm p s]
 [32] 0 1
 [27] 0 1
 [36] 0 1
 [45] 0 1
 [0] 0 1
4d68d40e-3e9d-4919-b2a1-42f9eb602578
 [response time] 8.498
 [number of tasks] 5
 [nm p s]
 [31] 0 1
 [29] 0 1
 [40] 0 1
 [14] 0 1
 [11] 0 1
2bb6c871-bb4d-48fe-9fa8-09643c8aa949
 [response time] 9.839
 [number of tasks] 5
 [nm p s]
 [19] 0 1
 [37] 0 1
 [26] 0 1
 [3] 0 1
 [22] 0 1
1bd3e12e-2fd7-4b4a-b992-993d7e68a375
 [response time] 10.461
 [number of tasks] 5
 [nm p s]
 [10] 0 1
 [41] 0 1
 [7] 0 1
 [14] 0 1
 [13] 0 1
53e931c1-472e-41cb-bf76-228b02528e5d
 [response time] 10.156
 [number of tasks] 5
 [nm p s]
 [43] 0 1
 [7] 0 1
 [49] 0 1
 [36] 0 1
 [22] 0 1
cad95f49-96d4-4a3e-a0a1-7699f7072f06
 [response time] 10.738
 [number of tasks] 5
 [nm p s]
 [15] 0 2
 [35] 0 1
 [22] 0 1
 [44] 0 1
c2db49aa-a335-49dc-b50a-c6018418070f
 [response time] 10.631
 [number of tasks] 5
 [nm p s]
 [28] 0 2
 [36] 0 1
 [13] 0 1
 [0] 0 1
cadd81e3-807d-4afb-9bc7-453bf6367529
 [response time] 10.498
 [number of tasks] 5
 [nm p s]
 [5] 0 1
 [15] 0 1
 [4] 0 1
 [2] 0 1
 [34] 0 1
182b1b30-37f1-40af-b61f-406bcc4517c8
 [response time] 11.567
 [number of tasks] 5
 [nm p s]
 [30] 0 1
 [39] 0 1
 [17] 0 1
 [48] 0 1
 [35] 0 1
3232802f-5e85-4248-9fdb-a6b518b03a7a
 [response time] 12.45
 [number of tasks] 5
 [nm p s]
 [10] 0 1
 [42] 0 1
 [30] 0 1
 [28] 0 1
 [44] 0 1
1b1e8870-b854-4199-88d0-da3445a296e5
 [response time] 12.903
 [number of tasks] 5
 [nm p s]
 [37] 0 2
 [4] 0 2
 [47] 0 1
c44d0b41-5da2-4bed-bac7-7a79389d1128
 [response time] 12.102
 [number of tasks] 5
 [nm p s]
 [43] 0 1
 [48] 0 1
 [36] 0 2
 [11] 0 1
2086375a-2f66-4651-b134-718f828d1618
 [response time] 12.034
 [number of tasks] 5
 [nm p s]
 [43] 0 1
 [19] 0 1
 [8] 0 1
 [40] 0 1
 [35] 0 1
0622853e-3e4a-4490-89c4-b3fbd2117e65
 [response time] 12.381
 [number of tasks] 5
 [nm p s]
 [28] 0 1
 [16] 0 1
 [49] 0 1
 [47] 0 1
 [34] 0 1
ed437be7-68b5-4f6e-aabb-5615c16b9d1e
 [response time] 12.896
 [number of tasks] 5
 [nm p s]
 [21] 0 1
 [39] 0 1
 [48] 0 1
 [45] 0 1
 [44] 0 1
58ff5b97-e534-4797-aff0-588836cb5e73
 [response time] 13.178
 [number of tasks] 5
 [nm p s]
 [30] 0 1
 [14] 0 1
 [34] 0 1
 [22] 0 1
 [44] 0 1
74e1d955-5367-4758-83a6-9fd0042f7523
 [response time] 13.559
 [number of tasks] 5
 [nm p s]
 [19] 0 1
 [41] 0 1
 [17] 0 1
 [12] 0 1
 [44] 0 1
82b54072-c9bc-41f5-acf6-250cee5dbb60
 [response time] 13.798
 [number of tasks] 5
 [nm p s]
 [7] 0 1
 [49] 0 1
 [15] 0 1
 [4] 0 1
 [25] 0 1
7952021d-7f59-46ee-893a-6f660b8fa043
 [response time] 15.302
 [number of tasks] 5
 [nm p s]
 [28] 0 1
 [37] 0 1
 [35] 0 1
 [23] 0 1
 [0] 0 1
94b8c610-af1f-450d-9a00-6159681b69dd
 [response time] 14.075
 [number of tasks] 5
 [nm p s]
 [18] 0 1
 [26] 0 1
 [14] 0 1
 [3] 0 1
 [33] 0 1
ebf9123d-e0cc-4f55-8a9f-bb46bfc60398
 [response time] 13.773
 [number of tasks] 5
 [nm p s]
 [10] 0 2
 [18] 0 1
 [49] 0 1
 [11] 0 1
6875cc12-da93-4df6-8d08-0d93870734e1
 [response time] 15.363
 [number of tasks] 5
 [nm p s]
 [43] 0 1
 [31] 0 1
 [19] 0 1
 [39] 0 1
 [2] 0 1
2ebe8dec-681a-4aa4-9555-835df2536f15
 [response time] 14.846
 [number of tasks] 5
 [nm p s]
 [7] 0 1
 [17] 0 1
 [24] 0 1
 [23] 0 1
 [44] 0 1
626d64a9-bc1d-4b46-9216-b8763213551b
 [response time] 15.464
 [number of tasks] 5
 [nm p s]
 [10] 0 1
 [42] 0 1
 [26] 0 1
 [13] 0 1
 [44] 0 1
2d79966f-bd78-4268-a430-05f1df426db0
 [response time] 15.142
 [number of tasks] 5
 [nm p s]
 [42] 0 1
 [18] 0 1
 [4] 0 1
 [25] 0 2
eeab8346-d618-4a93-ae3c-32018800bd3f
 [response time] 16.08
 [number of tasks] 5
 [nm p s]
 [20] 0 1
 [38] 0 1
 [35] 0 3
44f5c38c-dd7c-4b04-87dd-fd5aa0302f8b
 [response time] 15.618
 [number of tasks] 5
 [nm p s]
 [43] 0 1
 [40] 0 1
 [5] 0 1
 [26] 0 1
 [34] 0 1
f37e6e46-7fd6-4450-adf7-869b91d854dc
 [response time] 15.932
 [number of tasks] 5
 [nm p s]
 [32] 0 1
 [43] 0 2
 [42] 0 1
 [16] 0 1
7004bf73-038a-4e8a-8268-c709f839a7e9
 [response time] 17.628
 [number of tasks] 5
 [nm p s]
 [42] 0 1
 [4] 0 1
 [14] 0 1
 [34] 0 1
 [22] 0 1
b560f549-72e8-4423-9b4c-6d2016050592
 [response time] 17.44
 [number of tasks] 5
 [nm p s]
 [10] 0 1
 [21] 0 1
 [13] 0 1
 [45] 0 1
 [44] 0 1
6d0ae4d9-1a61-492c-adce-99ed9f0ddb4e
 [response time] 17.601
 [number of tasks] 5
 [nm p s]
 [41] 0 1
 [7] 0 1
 [5] 0 1
 [24] 0 1
 [1] 0 1
fc0405cb-9cdf-4c96-80f8-f8a3d0dfee41
 [response time] 18.985
 [number of tasks] 5
 [nm p s]
 [42] 0 1
 [38] 0 1
 [13] 0 1
 [22] 0 2
38f3014f-05d0-478a-8627-13d6fcecd381
 [response time] 18.526
 [number of tasks] 5
 [nm p s]
 [10] 0 1
 [21] 0 1
 [40] 0 1
 [26] 0 2
bd2a4473-7c5c-4782-9425-8ff284f545e0
 [response time] 20.38
 [number of tasks] 5
 [nm p s]
 [20] 0 1
 [27] 0 1
 [37] 0 1
 [25] 0 1
 [44] 0 1
13c3d2ae-fa3a-4020-9f26-dd74a2394fbc
 [response time] 19.966
 [number of tasks] 5
 [nm p s]
 [39] 0 1
 [26] 0 2
 [34] 0 1
 [44] 0 1
b083e382-0f15-44ac-a002-ae16b53d2b87
 [response time] 19.972
 [number of tasks] 5
 [nm p s]
 [4] 0 1
 [47] 0 2
 [46] 0 1
 [1] 0 1
b0f6fded-56a8-46fa-a56c-e2a3d851723c
 [response time] 21.873
 [number of tasks] 5
 [nm p s]
 [32] 0 1
 [31] 0 1
 [30] 0 1
 [7] 0 1
 [22] 0 1
eedcfc79-1be9-4dbd-8881-593049df49f2
 [response time] 21.34
 [number of tasks] 5
 [nm p s]
 [10] 0 1
 [31] 0 1
 [30] 0 1
 [23] 0 1
 [44] 0 1
5dab6260-e42f-4cd6-bd08-4850e2de849c
 [response time] 21.38
 [number of tasks] 5
 [nm p s]
 [42] 0 1
 [18] 0 1
 [49] 0 1
 [13] 0 1
 [12] 0 1
c4de57cb-127e-4b5b-9b8a-c893510e81af
 [response time] 23.476
 [number of tasks] 5
 [nm p s]
 [39] 0 1
 [6] 0 1
 [27] 0 1
 [24] 0 1
 [12] 0 1
aab01f58-e5e4-4aa2-b43a-55598f53f33a
 [response time] 23.966
 [number of tasks] 5
 [nm p s]
 [31] 0 1
 [18] 0 1
 [38] 0 1
 [27] 0 1
 [3] 0 1
2078fb32-6d2f-4403-95b6-56e5341dafd9
 [response time] 24.352
 [number of tasks] 5
 [nm p s]
 [29] 0 2
 [48] 0 1
 [14] 0 1
 [35] 0 1
4845ac40-c24b-496c-b01f-4ceeb3309ade
 [response time] 24.496
 [number of tasks] 5
 [nm p s]
 [10] 0 1
 [20] 0 1
 [8] 0 1
 [46] 0 1
 [22] 0 1
1321b50b-d878-45cc-bc06-0a78a46cd4f7
 [response time] 25.356
 [number of tasks] 5
 [nm p s]
 [6] 0 2
 [38] 0 1
 [48] 0 1
 [45] 0 1
3e3cf8d0-30b9-42c5-85e0-01e735b41eae
 [response time] 24.59
 [number of tasks] 5
 [nm p s]
 [19] 0 1
 [37] 0 1
 [48] 0 1
 [14] 0 1
 [0] 0 1
e7c56edf-6d27-4a93-b007-a40be15c7975
 [response time] 23.381
 [number of tasks] 5
 [nm p s]
 [9] 0 1
 [8] 0 1
 [49] 0 1
 [37] 0 1
 [36] 0 1
df709eb6-544a-45a6-9753-66111ffb721f
 [response time] 25.949
 [number of tasks] 5
 [nm p s]
 [8] 0 1
 [27] 0 1
 [16] 0 1
 [47] 0 1
 [12] 0 1
1539a94c-c8dd-45ab-9aeb-42656267ff8a
 [response time] 25.864
 [number of tasks] 5
 [nm p s]
 [19] 0 2
 [12] 0 1
 [22] 0 1
 [33] 0 1
fab0659b-5f49-4673-9d16-8e79313f6ecc
 [response time] 25.779
 [number of tasks] 5
 [nm p s]
 [32] 0 1
 [31] 0 1
 [19] 0 1
 [40] 0 1
 [11] 0 1
9e950cf0-80fc-4310-aec0-7f8485b3d892
 [response time] 25.669
 [number of tasks] 5
 [nm p s]
 [32] 0 1
 [42] 0 1
 [5] 0 1
 [2] 0 1
 [44] 0 1
87f5aefe-2295-4667-8a00-358a301a431e
 [response time] 25.148
 [number of tasks] 5
 [nm p s]
 [30] 0 1
 [8] 0 1
 [36] 0 1
 [44] 0 1
 [33] 0 1
3acc737d-a0b7-4eda-ad08-bf0bb60fe190
 [response time] 26.574
 [number of tasks] 5
 [nm p s]
 [42] 0 1
 [31] 0 1
 [19] 0 1
 [16] 0 1
 [14] 0 1
52a3a048-57b5-4633-a6b0-4d94e0dad227
 [response time] 26.848
 [number of tasks] 5
 [nm p s]
 [10] 0 1
 [19] 0 1
 [30] 0 1
 [38] 0 1
 [14] 0 1
02804f5f-3eed-4476-9451-9e8202eb68af
 [response time] 27.417
 [number of tasks] 5
 [nm p s]
 [32] 0 1
 [41] 0 1
 [29] 0 1
 [27] 0 1
 [38] 0 1
4e061058-0ff3-4b30-b676-358740272486
 [response time] 27.195
 [number of tasks] 5
 [nm p s]
 [31] 0 1
 [16] 0 1
 [26] 0 1
 [14] 0 1
 [22] 0 1
500d9b8d-cd03-428e-b147-20a360bb45eb
 [response time] 26.338
 [number of tasks] 5
 [nm p s]
 [42] 0 1
 [37] 0 1
 [45] 0 1
 [12] 0 1
 [23] 0 1
c35fdae2-9d40-4465-8129-64676be6ba50
 [response time] 28.312
 [number of tasks] 5
 [nm p s]
 [8] 0 1
 [27] 0 1
 [26] 0 1
 [13] 0 1
 [12] 0 1
6ff2755b-d89e-42ab-a333-4e871f447134
 [response time] 27.843
 [number of tasks] 5
 [nm p s]
 [9] 0 1
 [18] 0 1
 [40] 0 1
 [48] 0 1
 [44] 0 1
6d62f68b-c4e9-4425-9ae0-03dbc6a1b8aa
 [response time] 28.655
 [number of tasks] 5
 [nm p s]
 [19] 0 1
 [36] 0 1
 [35] 0 1
 [12] 0 1
 [23] 0 1
c19212b8-1ca7-4c8f-b42d-68bca2cca348
 [response time] 29.898
 [number of tasks] 5
 [nm p s]
 [10] 0 1
 [49] 0 1
 [4] 0 1
 [23] 0 1
 [22] 0 1
064577ef-c26b-4716-b79c-1ce1b79a5bc8
 [response time] 30.067
 [number of tasks] 5
 [nm p s]
 [6] 0 1
 [4] 0 1
 [37] 0 1
 [2] 0 2
3c7a6622-6b62-4c2d-9889-14d37d282e96
 [response time] 28.259
 [number of tasks] 5
 [nm p s]
 [4] 0 1
 [14] 0 1
 [23] 0 1
 [0] 0 1
 [33] 0 1
cf378e4d-c2cc-47fc-9702-02aac2f7e782
 [response time] 29.874
 [number of tasks] 5
 [nm p s]
 [20] 0 1
 [17] 0 1
 [35] 0 1
 [34] 0 1
 [11] 0 1
bf54a502-0978-4beb-98d5-a61575f7823e
 [response time] 28.75
 [number of tasks] 5
 [nm p s]
 [31] 0 1
 [30] 0 1
 [29] 0 1
 [17] 0 1
 [5] 0 1
f4775727-72e1-4f32-b5a5-d4ec744b4132
 [response time] 30.801
 [number of tasks] 5
 [nm p s]
 [31] 0 1
 [8] 0 1
 [3] 0 1
 [1] 0 1
 [22] 0 1
ef533728-c185-488c-8f77-e878352f4b23
 [response time] 31.192
 [number of tasks] 5
 [nm p s]
 [21] 0 1
 [18] 0 1
 [6] 0 1
 [4] 0 1
 [3] 0 1
e3b3f3ac-6a11-422c-b14d-31ea591b4566
 [response time] 29.924
 [number of tasks] 5
 [nm p s]
 [20] 0 1
 [40] 0 1
 [16] 0 1
 [46] 0 1
 [0] 0 1
72edab95-24ac-4917-949e-60d2e48075ae
 [response time] 31.744
 [number of tasks] 5
 [nm p s]
 [18] 0 1
 [14] 0 1
 [46] 0 1
 [22] 0 2
2c309c30-514e-4843-9427-3414740b651d
 [response time] 31.144
 [number of tasks] 5
 [nm p s]
 [41] 0 1
 [7] 0 1
 [48] 0 1
 [47] 0 1
 [33] 0 1
53dc932a-b234-4366-8bab-4baf4d91525d
 [response time] 30.912
 [number of tasks] 5
 [nm p s]
 [20] 0 1
 [8] 0 1
 [40] 0 1
 [39] 0 1
 [26] 0 1
30a6e767-f375-4f48-ab0e-ddbbb42e2119
 [response time] 31.606
 [number of tasks] 5
 [nm p s]
 [10] 0 1
 [30] 0 1
 [41] 0 1
 [19] 0 1
 [29] 0 1
2d4f4768-62c5-45f4-b8ec-555acafbd878
 [response time] 32.638
 [number of tasks] 5
 [nm p s]
 [32] 0 1
 [5] 0 1
 [15] 0 1
 [46] 0 1
 [22] 0 1
2a41d624-8840-4e51-8fbb-8bcd9944bb1b
 [response time] 31.435
 [number of tasks] 5
 [nm p s]
 [8] 0 1
 [16] 0 1
 [49] 0 1
 [14] 0 1
 [13] 0 1
4a692b51-d36e-44e6-9296-df8c5be7ad91
 [response time] 32.734
 [number of tasks] 5
 [nm p s]
 [32] 0 1
 [7] 0 1
 [28] 0 1
 [23] 0 1
 [44] 0 1
f3b84657-d60e-46e3-8099-1fe16d2f0d5b
 [response time] 33.419
 [number of tasks] 5
 [nm p s]
 [21] 0 1
 [19] 0 1
 [38] 0 1
 [5] 0 1
 [48] 0 1
aa78bea3-c6de-4bde-875c-3d5cf46bf12b
 [response time] 34.195
 [number of tasks] 5
 [nm p s]
 [7] 0 1
 [5] 0 1
 [45] 0 1
 [23] 0 1
 [22] 0 1
94761245-1ccd-44ed-a62e-f22b01d15b01
 [response time] 33.48
 [number of tasks] 5
 [nm p s]
 [30] 0 1
 [18] 0 1
 [6] 0 1
 [25] 0 1
 [0] 0 1
545bea8c-4feb-42f2-9109-27481c6c0dc6
 [response time] 34.855
 [number of tasks] 5
 [nm p s]
 [20] 0 1
 [9] 0 1
 [42] 0 1
 [28] 0 1
 [27] 0 1
f4f70b10-9956-43f6-9a46-eea7d7b47078
 [response time] 34.217
 [number of tasks] 5
 [nm p s]
 [43] 0 1
 [6] 0 1
 [26] 0 1
 [47] 0 1
 [33] 0 1
bd5c2ab1-d0d6-4453-847d-aa9a5cce2ad9
 [response time] 35.331
 [number of tasks] 5
 [nm p s]
 [27] 0 1
 [47] 0 1
 [1] 0 1
 [23] 0 1
 [33] 0 1
9bdfe423-c9cf-4b8a-ad76-65965ffe52a5
 [response time] 35.802
 [number of tasks] 5
 [nm p s]
 [19] 0 1
 [40] 0 1
 [16] 0 1
 [47] 0 1
 [35] 0 1
8be1fbb4-f3bb-411a-9969-546280fd2b80
 [response time] 36.041
 [number of tasks] 5
 [nm p s]
 [30] 0 1
 [38] 0 1
 [48] 0 1
 [36] 0 1
 [33] 0 1
