[scheduler id] 4
[number of node monitors] 50

[job statistics]
ef402521-4a51-4de9-b25f-07c0e82a4c1f
 [response time] 1.929
 [number of tasks] 5
 [nm p s]
 [9] 0 1
 [7] 0 1
 [16] 0 1
 [47] 0 1
 [22] 0 1
c6b22585-31c0-4899-a9f3-0e66b49cb325
 [response time] 2.68
 [number of tasks] 5
 [nm p s]
 [40] 0 1
 [28] 0 1
 [13] 0 2
 [35] 0 1
1d15b6f0-5ece-4046-8583-0fcc93484529
 [response time] 3.864
 [number of tasks] 5
 [nm p s]
 [48] 0 2
 [14] 0 1
 [12] 0 1
 [33] 0 1
d3b791f8-eaf1-483e-b7be-33c8498d7710
 [response time] 3.929
 [number of tasks] 5
 [nm p s]
 [8] 0 1
 [27] 0 1
 [3] 0 1
 [1] 0 1
 [23] 0 1
d154211f-0198-4440-a660-77c1ce98e58f
 [response time] 4.111
 [number of tasks] 5
 [nm p s]
 [41] 0 1
 [39] 0 1
 [5] 0 1
 [45] 0 1
 [22] 0 1
0d131bfe-1f87-486d-bb61-de8f3ab068ae
 [response time] 4.673
 [number of tasks] 5
 [nm p s]
 [29] 0 1
 [6] 0 1
 [5] 0 1
 [3] 0 1
 [11] 0 1
2dfbcbda-13b8-4f03-828c-fb59301386ca
 [response time] 4.845
 [number of tasks] 5
 [nm p s]
 [18] 0 1
 [5] 0 1
 [13] 0 1
 [12] 0 1
 [33] 0 1
b1d605ec-2056-4fef-af6c-37db1f798f7b
 [response time] 5.057
 [number of tasks] 5
 [nm p s]
 [19] 0 1
 [40] 0 1
 [49] 0 1
 [44] 0 1
 [22] 0 1
ba691de7-9304-4282-a93c-fb62f0521ebb
 [response time] 5.55
 [number of tasks] 5
 [nm p s]
 [10] 0 1
 [32] 0 1
 [19] 0 1
 [16] 0 1
 [25] 0 1
794c62fe-fd6a-4bdd-b19a-9c26de1a56e1
 [response time] 6.576
 [number of tasks] 5
 [nm p s]
 [42] 0 1
 [8] 0 1
 [7] 0 1
 [24] 0 1
 [0] 0 1
498e97dd-0eeb-4d80-bd77-800832c60157
 [response time] 6.198
 [number of tasks] 5
 [nm p s]
 [43] 0 1
 [20] 0 1
 [37] 0 2
 [23] 0 1
de667561-e0b2-442d-b5ca-81aa9d483001
 [response time] 6.956
 [number of tasks] 5
 [nm p s]
 [30] 0 1
 [41] 0 1
 [7] 0 1
 [28] 0 1
 [49] 0 1
4a88f05e-97c3-48b1-afd0-3f11b7ff67e5
 [response time] 6.456
 [number of tasks] 5
 [nm p s]
 [17] 0 1
 [38] 0 2
 [13] 0 1
 [11] 0 1
46c7ecb4-f255-4c5a-acf6-e5cab10e5a80
 [response time] 7.114
 [number of tasks] 5
 [nm p s]
 [40] 0 2
 [39] 0 1
 [23] 0 1
 [22] 0 1
d830f5b6-0009-4ac6-89c9-3c84617817ed
 [response time] 8.311
 [number of tasks] 5
 [nm p s]
 [41] 0 1
 [5] 0 1
 [2] 0 1
 [12] 0 1
 [44] 0 1
dfbfe5ba-431a-4de7-bf37-ee9af32d77af
 [response time] 8.495
 [number of tasks] 5
 [nm p s]
 [43] 0 1
 [20] 0 1
 [7] 0 1
 [5] 0 1
 [48] 0 1
3826cf49-398e-489a-a4bc-612ad7962b0c
 [response time] 8.482
 [number of tasks] 5
 [nm p s]
 [49] 0 1
 [14] 0 1
 [25] 0 1
 [47] 0 1
 [1] 0 1
ae149299-643c-4b13-9243-ae32cf13de3d
 [response time] 7.9
 [number of tasks] 5
 [nm p s]
 [26] 0 1
 [14] 0 1
 [23] 0 1
 [34] 0 1
 [44] 0 1
5779de8b-12b0-43c5-a7d1-387433f24e5a
 [response time] 8.147
 [number of tasks] 5
 [nm p s]
 [9] 0 1
 [19] 0 1
 [36] 0 1
 [1] 0 2
33df3944-5435-4fc0-a0e1-9e8f48765071
 [response time] 9.738
 [number of tasks] 5
 [nm p s]
 [19] 0 1
 [40] 0 1
 [3] 0 1
 [34] 0 1
 [33] 0 1
957e88da-8d9f-4288-8297-99e224f02e31
 [response time] 10.498
 [number of tasks] 5
 [nm p s]
 [32] 0 1
 [27] 0 1
 [48] 0 1
 [26] 0 1
 [35] 0 1
58ba7740-f138-4867-bc05-2b5cdea162a7
 [response time] 10.536
 [number of tasks] 5
 [nm p s]
 [30] 0 1
 [41] 0 1
 [37] 0 1
 [1] 0 1
 [22] 0 1
3140a432-0706-4acc-959a-3bc6be259bf8
 [response time] 10.061
 [number of tasks] 5
 [nm p s]
 [39] 0 1
 [17] 0 1
 [15] 0 1
 [47] 0 1
 [2] 0 1
cee52544-442b-4f98-9155-91aa2e193a2b
 [response time] 11.053
 [number of tasks] 5
 [nm p s]
 [41] 0 1
 [7] 0 1
 [5] 0 1
 [11] 0 2
e3fc813f-ba86-4104-9180-401f89bac94f
 [response time] 11.383
 [number of tasks] 5
 [nm p s]
 [42] 0 1
 [8] 0 1
 [7] 0 1
 [16] 0 1
 [11] 0 1
14df179a-993c-4fec-ade0-a2c395b3cb62
 [response time] 11.973
 [number of tasks] 5
 [nm p s]
 [21] 0 1
 [10] 0 1
 [4] 0 1
 [3] 0 1
 [1] 0 1
22faadcd-e72d-4266-b635-5bd276beefd5
 [response time] 12.298
 [number of tasks] 5
 [nm p s]
 [9] 0 1
 [5] 0 1
 [38] 0 1
 [24] 0 1
 [22] 0 1
db88be58-80cd-4678-a861-b61f30acf91e
 [response time] 13.875
 [number of tasks] 5
 [nm p s]
 [32] 0 1
 [7] 0 2
 [37] 0 1
 [14] 0 1
da6358e4-4ea6-48f2-930a-614e244f73e0
 [response time] 13.713
 [number of tasks] 5
 [nm p s]
 [32] 0 1
 [9] 0 1
 [27] 0 1
 [14] 0 1
 [13] 0 1
eaad95c9-aa47-4854-9d70-2d7af6733d73
 [response time] 13.867
 [number of tasks] 5
 [nm p s]
 [29] 0 2
 [48] 0 1
 [45] 0 1
 [11] 0 1
a34fdd86-5a8b-4ce2-b4e5-c349d98882e9
 [response time] 13.962
 [number of tasks] 5
 [nm p s]
 [41] 0 1
 [4] 0 1
 [47] 0 1
 [13] 0 1
 [33] 0 1
749e90fd-6d77-4b02-9250-3d3493b43314
 [response time] 14.473
 [number of tasks] 5
 [nm p s]
 [18] 0 1
 [14] 0 1
 [47] 0 1
 [36] 0 1
 [22] 0 1
50f0b1ac-a990-4947-9d2e-927c09c15ed8
 [response time] 15.081
 [number of tasks] 5
 [nm p s]
 [43] 0 1
 [20] 0 1
 [47] 0 1
 [22] 0 2
4459dfc9-61e8-4c89-8059-6feaa08c0578
 [response time] 15.651
 [number of tasks] 5
 [nm p s]
 [10] 0 1
 [20] 0 1
 [27] 0 1
 [26] 0 1
 [33] 0 1
1f4a558d-39fd-497e-a2d2-e19507054c18
 [response time] 15.955
 [number of tasks] 5
 [nm p s]
 [31] 0 1
 [19] 0 1
 [47] 0 1
 [45] 0 2
e334049d-5ecb-437c-831c-3e97a36220c5
 [response time] 16.001
 [number of tasks] 5
 [nm p s]
 [31] 0 1
 [16] 0 1
 [45] 0 2
 [22] 0 1
89e00865-00d1-4c62-9181-4619a7b12940
 [response time] 15.459
 [number of tasks] 5
 [nm p s]
 [42] 0 1
 [29] 0 1
 [16] 0 1
 [38] 0 1
 [34] 0 1
84e92f6b-d86b-46e5-a4cf-303f206bd4d7
 [response time] 17.812
 [number of tasks] 5
 [nm p s]
 [20] 0 1
 [38] 0 1
 [37] 0 1
 [15] 0 1
 [22] 0 1
49e84e34-cf9d-4553-948c-ace8b29de37a
 [response time] 15.762
 [number of tasks] 5
 [nm p s]
 [31] 0 1
 [42] 0 1
 [18] 0 1
 [15] 0 1
 [11] 0 1
99f8edf6-15c3-4902-ba28-051eb10a61c2
 [response time] 16.994
 [number of tasks] 5
 [nm p s]
 [29] 0 1
 [6] 0 1
 [49] 0 1
 [36] 0 1
 [22] 0 1
4623a4e0-d567-42c5-bbfc-e5f7d6b10ce3
 [response time] 17.194
 [number of tasks] 5
 [nm p s]
 [42] 0 1
 [20] 0 1
 [7] 0 1
 [39] 0 1
 [16] 0 1
ecd9b006-4d1c-4986-b47b-5da06268083a
 [response time] 18.985
 [number of tasks] 5
 [nm p s]
 [32] 0 1
 [39] 0 1
 [28] 0 1
 [16] 0 1
 [37] 0 1
2d683f5c-d2e7-405c-b94a-168df526b35d
 [response time] 16.915
 [number of tasks] 5
 [nm p s]
 [43] 0 1
 [7] 0 1
 [2] 0 1
 [13] 0 1
 [12] 0 1
49a4c74e-d14f-491b-a0cc-f145872fe6b8
 [response time] 17.981
 [number of tasks] 5
 [nm p s]
 [27] 0 1
 [35] 0 1
 [34] 0 1
 [23] 0 1
 [12] 0 1
8bd629a6-de1f-4a4f-b8c9-9a26266aae8b
 [response time] 19.393
 [number of tasks] 5
 [nm p s]
 [42] 0 1
 [27] 0 1
 [4] 0 1
 [37] 0 1
 [44] 0 1
f915b712-27b2-4c74-ab0d-72c21ac0073b
 [response time] 17.075
 [number of tasks] 5
 [nm p s]
 [39] 0 1
 [23] 0 1
 [12] 0 1
 [1] 0 1
 [44] 0 1
d142520d-0ba7-4934-b0fb-c7b8c1d55af6
 [response time] 18.669
 [number of tasks] 5
 [nm p s]
 [32] 0 1
 [19] 0 1
 [14] 0 1
 [46] 0 1
 [2] 0 1
f59273df-25c8-4508-9b0a-e58c366fc69b
 [response time] 17.156
 [number of tasks] 5
 [nm p s]
 [43] 0 1
 [9] 0 1
 [40] 0 1
 [14] 0 1
 [12] 0 1
04e0d765-d17b-4019-ac4f-e61a6a36dbf2
 [response time] 20.687
 [number of tasks] 5
 [nm p s]
 [8] 0 1
 [19] 0 1
 [27] 0 1
 [26] 0 1
 [23] 0 1
bd0a80c4-8cf5-4709-ace7-015e8cdddaeb
 [response time] 20.702
 [number of tasks] 5
 [nm p s]
 [10] 0 1
 [39] 0 1
 [15] 0 1
 [37] 0 1
 [1] 0 1
1dff4239-e2ad-4345-8a8c-60caa42b0a64
 [response time] 19.687
 [number of tasks] 5
 [nm p s]
 [19] 0 1
 [5] 0 2
 [3] 0 1
 [44] 0 1
99236af1-75d7-406c-aed5-73547ff4c7c8
 [response time] 20.529
 [number of tasks] 5
 [nm p s]
 [21] 0 1
 [6] 0 1
 [17] 0 1
 [16] 0 1
 [33] 0 1
13669757-21fb-42ca-af1f-92c9cb8f9331
 [response time] 21.277
 [number of tasks] 5
 [nm p s]
 [29] 0 1
 [28] 0 1
 [27] 0 1
 [48] 0 1
 [46] 0 1
9e0635ee-7a0d-4c40-9fce-9c6cc2aae4bc
 [response time] 20.555
 [number of tasks] 5
 [nm p s]
 [9] 0 1
 [30] 0 1
 [39] 0 1
 [1] 0 1
 [44] 0 1
f271a8a1-c58a-4472-b79f-ad3efcec19c7
 [response time] 20.945
 [number of tasks] 5
 [nm p s]
 [36] 0 1
 [3] 0 2
 [35] 0 1
 [11] 0 1
2de747a5-3c1a-4242-871b-63b1dd14b8e5
 [response time] 20.442
 [number of tasks] 5
 [nm p s]
 [21] 0 1
 [16] 0 1
 [13] 0 1
 [45] 0 2
064112dc-b3bd-46a2-a04f-45db80f6614a
 [response time] 21.681
 [number of tasks] 5
 [nm p s]
 [16] 0 1
 [37] 0 1
 [12] 0 1
 [11] 0 2
26178801-8e0d-45c6-8453-d78f15717c60
 [response time] 20.338
 [number of tasks] 5
 [nm p s]
 [18] 0 1
 [29] 0 1
 [36] 0 1
 [46] 0 1
 [23] 0 1
1259bedd-bd02-4171-91e5-c5633968e509
 [response time] 21.392
 [number of tasks] 5
 [nm p s]
 [21] 0 1
 [32] 0 1
 [14] 0 1
 [0] 0 1
 [44] 0 1
46ff4aca-6568-4db3-878e-d7053da68f75
 [response time] 22.904
 [number of tasks] 5
 [nm p s]
 [28] 0 1
 [27] 0 1
 [26] 0 1
 [35] 0 1
 [11] 0 1
2bf96cf0-1f62-4fbb-b3a4-03653df30273
 [response time] 22.408
 [number of tasks] 5
 [nm p s]
 [39] 0 1
 [15] 0 1
 [25] 0 1
 [46] 0 1
 [2] 0 1
7ce3fb04-8d8f-495c-b2d2-ccd720a19295
 [response time] 21.798
 [number of tasks] 5
 [nm p s]
 [42] 0 1
 [14] 0 1
 [45] 0 1
 [34] 0 1
 [1] 0 1
c3b9df05-d48e-4e45-8a1a-980aea6b1cd2
 [response time] 22.802
 [number of tasks] 5
 [nm p s]
 [2] 0 1
 [13] 0 2
 [11] 0 1
 [0] 0 1
72bcaa33-aa36-4bbc-9357-88c04f1ef685
 [response time] 23.991
 [number of tasks] 5
 [nm p s]
 [43] 0 1
 [29] 0 1
 [39] 0 1
 [25] 0 1
 [2] 0 1
3c4e6dee-5455-42bf-8f2e-6365d00737d2
 [response time] 22.614
 [number of tasks] 5
 [nm p s]
 [15] 0 1
 [47] 0 1
 [24] 0 1
 [12] 0 1
 [33] 0 1
643dfee3-4574-4216-848f-477de7772b81
 [response time] 22.468
 [number of tasks] 5
 [nm p s]
 [32] 0 1
 [25] 0 1
 [14] 0 1
 [24] 0 1
 [23] 0 1
8ea23fef-256c-4eb1-bcc5-6a326f078283
 [response time] 24.071
 [number of tasks] 5
 [nm p s]
 [7] 0 1
 [26] 0 1
 [37] 0 1
 [22] 0 1
 [11] 0 1
9dcefdf2-a6c2-4c0d-8715-b5e9651bd1f3
 [response time] 23.988
 [number of tasks] 5
 [nm p s]
 [4] 0 1
 [46] 0 1
 [44] 0 1
 [33] 0 1
 [0] 0 1
d6f385e3-63eb-4c3c-9fc4-b10e24e517ef
 [response time] 25.342
 [number of tasks] 5
 [nm p s]
 [42] 0 1
 [30] 0 1
 [28] 0 1
 [27] 0 1
 [2] 0 1
5883b3e8-0f18-40cc-9bf7-8b61c4ca0fda
 [response time] 24.871
 [number of tasks] 5
 [nm p s]
 [43] 0 1
 [8] 0 1
 [24] 0 1
 [22] 0 1
 [33] 0 1
e8e70cda-53e8-403c-a75a-9a5fa2afe5af
 [response time] 23.129
 [number of tasks] 5
 [nm p s]
 [17] 0 1
 [37] 0 1
 [46] 0 1
 [23] 0 2
e1323299-2203-4b2b-bdbd-99d1c11cbe1c
 [response time] 24.981
 [number of tasks] 5
 [nm p s]
 [9] 0 1
 [39] 0 1
 [15] 0 1
 [47] 0 1
 [11] 0 1
fbe09ca5-0d78-4ec1-93c9-3e3513f3a948
 [response time] 25.39
 [number of tasks] 5
 [nm p s]
 [31] 0 1
 [40] 0 1
 [17] 0 1
 [36] 0 1
 [22] 0 1
88ca4a22-a576-4a16-9df1-db2e34913da8
 [response time] 25.297
 [number of tasks] 5
 [nm p s]
 [20] 0 1
 [7] 0 1
 [16] 0 1
 [26] 0 1
 [3] 0 1
33cc2254-78cc-4279-a016-4de4669b7a7d
 [response time] 23.788
 [number of tasks] 5
 [nm p s]
 [29] 0 1
 [25] 0 2
 [12] 0 1
 [0] 0 1
c00e97bc-ded5-4e66-b2ac-8dd87c0b7b57
 [response time] 25.227
 [number of tasks] 5
 [nm p s]
 [49] 0 1
 [38] 0 1
 [24] 0 1
 [1] 0 1
 [0] 0 1
7a3b23a1-5c80-4574-85e0-09c9b53053ce
 [response time] 25.158
 [number of tasks] 5
 [nm p s]
 [41] 0 1
 [29] 0 1
 [17] 0 1
 [5] 0 1
 [3] 0 1
3290d714-a5a1-44aa-aa10-91c4bde145b1
 [response time] 25.573
 [number of tasks] 5
 [nm p s]
 [8] 0 1
 [7] 0 1
 [17] 0 1
 [24] 0 1
 [23] 0 1
3f6b48ef-89d0-47ef-8240-c9bfaa491d61
 [response time] 24.805
 [number of tasks] 5
 [nm p s]
 [21] 0 1
 [36] 0 1
 [46] 0 1
 [45] 0 1
 [33] 0 1
7ffa2236-00ee-410a-aadb-24155932dd71
 [response time] 27.818
 [number of tasks] 5
 [nm p s]
 [32] 0 1
 [9] 0 1
 [19] 0 1
 [27] 0 1
 [47] 0 1
87cd6ead-0fe1-4bf5-b0ab-85d1e46b37ab
 [response time] 27.987
 [number of tasks] 5
 [nm p s]
 [20] 0 1
 [19] 0 1
 [7] 0 1
 [39] 0 1
 [45] 0 1
2769fbe9-6551-4b96-bc2b-0fd1b290dcb0
 [response time] 26.644
 [number of tasks] 5
 [nm p s]
 [7] 0 1
 [16] 0 1
 [37] 0 1
 [2] 0 1
 [1] 0 1
7b542d68-7af4-4742-b195-f167309b8af4
 [response time] 25.726
 [number of tasks] 5
 [nm p s]
 [42] 0 1
 [30] 0 2
 [15] 0 1
 [33] 0 1
343ccec3-b95f-4d43-8674-4761c6ba8cda
 [response time] 27.918
 [number of tasks] 5
 [nm p s]
 [49] 0 1
 [38] 0 1
 [14] 0 1
 [46] 0 1
 [1] 0 1
21dabc06-a468-4a3c-8eb4-3d9679932fcd
 [response time] 27.304
 [number of tasks] 5
 [nm p s]
 [20] 0 1
 [18] 0 1
 [29] 0 1
 [17] 0 2
9ab26d33-2973-49c0-81ef-64e382301ab2
 [response time] 28.806
 [number of tasks] 5
 [nm p s]
 [10] 0 1
 [36] 0 1
 [45] 0 1
 [22] 0 1
 [11] 0 1
701d49aa-0046-4078-8615-4ee591050e5f
 [response time] 28.988
 [number of tasks] 5
 [nm p s]
 [32] 0 1
 [5] 0 1
 [26] 0 1
 [35] 0 1
 [1] 0 1
e2b4d910-f06a-4240-b402-1d2d02847abe
 [response time] 28.844
 [number of tasks] 5
 [nm p s]
 [8] 0 1
 [15] 0 1
 [37] 0 1
 [48] 0 1
 [44] 0 1
f1d7faac-5e2c-4547-a4f3-748939de6f0b
 [response time] 28.981
 [number of tasks] 5
 [nm p s]
 [9] 0 1
 [25] 0 1
 [36] 0 1
 [13] 0 1
 [34] 0 1
94eaaa80-d2d6-4010-927c-0699e2b0df52
 [response time] 29.307
 [number of tasks] 5
 [nm p s]
 [7] 0 1
 [38] 0 1
 [47] 0 1
 [46] 0 2
537fc215-b0c8-47f1-a67f-488193987c11
 [response time] 30.266
 [number of tasks] 5
 [nm p s]
 [30] 0 1
 [41] 0 1
 [40] 0 1
 [25] 0 1
 [13] 0 1
39f48d0a-5a21-4950-94c2-72c092510a1d
 [response time] 32.236
 [number of tasks] 5
 [nm p s]
 [43] 0 1
 [6] 0 2
 [39] 0 1
 [26] 0 1
95108441-f16f-4d06-909b-a8a327b5d772
 [response time] 32.249
 [number of tasks] 5
 [nm p s]
 [15] 0 1
 [4] 0 1
 [2] 0 1
 [44] 0 2
a4f6d74f-8199-49db-a64a-4939af146e04
 [response time] 34.377
 [number of tasks] 5
 [nm p s]
 [41] 0 1
 [14] 0 1
 [1] 0 1
 [0] 0 1
 [22] 0 1
9f4e73e8-f7e6-4dac-9d60-013a74f92f3f
 [response time] 34.375
 [number of tasks] 5
 [nm p s]
 [5] 0 1
 [48] 0 1
 [4] 0 1
 [23] 0 1
 [44] 0 1
196120b4-ba08-48df-abfc-8bbc92cbd975
 [response time] 34.784
 [number of tasks] 5
 [nm p s]
 [30] 0 1
 [8] 0 1
 [49] 0 1
 [44] 0 1
 [11] 0 1
136df37b-7d3c-443f-9917-f0b012c4af11
 [response time] 35.184
 [number of tasks] 5
 [nm p s]
 [21] 0 1
 [39] 0 1
 [38] 0 1
 [12] 0 1
 [45] 0 1
6b3ce660-e28e-4ef0-ba54-44fdb5ca6ee6
 [response time] 36.328
 [number of tasks] 5
 [nm p s]
 [41] 0 1
 [40] 0 1
 [6] 0 1
 [27] 0 1
 [47] 0 1
942cbcb6-3fc1-42f2-951b-8b36a3308b3a
 [response time] 36.662
 [number of tasks] 5
 [nm p s]
 [9] 0 1
 [30] 0 1
 [26] 0 1
 [15] 0 1
 [22] 0 1
8dc63407-b654-42a6-8296-2402b5514300
 [response time] 38.25
 [number of tasks] 5
 [nm p s]
 [27] 0 1
 [3] 0 1
 [12] 0 1
 [34] 0 1
 [45] 0 1
