[scheduler id] 3
[number of node monitors] 50

[job statistics]
d5958203-204c-4926-aaac-760df04f6b64
 [response time] 1.098
 [number of tasks] 5
 [nm p s]
 [45] 1 1
 [44] 1 1
 [20] 1 0
 [12] 1 1
 [33] 1 1
 [9] 1 0
 [6] 1 0
 [2] 1 1
 [1] 1 0
 [24] 1 0
5b23b018-ff4a-4ef8-969b-d81d61bc9ea2
 [response time] 1.277
 [number of tasks] 5
 [nm p s]
 [20] 1 1
 [40] 1 0
 [15] 1 0
 [36] 1 1
 [7] 1 1
 [6] 1 0
 [3] 1 0
 [49] 1 0
 [48] 1 1
 [24] 1 1
06d425a6-75d5-4a81-8fb9-5a110a3d5910
 [response time] 1.283
 [number of tasks] 5
 [nm p s]
 [22] 1 0
 [21] 1 1
 [38] 1 0
 [14] 1 1
 [37] 1 0
 [13] 1 0
 [35] 1 1
 [3] 1 1
 [48] 1 0
 [23] 1 1
221007b6-427f-4d8f-a258-4d78664f66f7
 [response time] 1.797
 [number of tasks] 5
 [nm p s]
 [45] 1 1
 [41] 1 0
 [15] 1 1
 [12] 1 1
 [9] 1 1
 [7] 1 0
 [26] 1 0
 [47] 1 1
 [23] 1 0
 [46] 1 0
647c099c-bd17-49b2-8aba-7470cf2f8896
 [response time] 2.185
 [number of tasks] 5
 [nm p s]
 [44] 1 1
 [21] 1 0
 [42] 1 1
 [39] 1 1
 [12] 1 0
 [34] 1 0
 [5] 1 0
 [4] 1 1
 [24] 1 0
 [46] 1 1
32963bb0-431d-44e8-9200-eeeb2d3b718d
 [response time] 2.354
 [number of tasks] 5
 [nm p s]
 [20] 1 1
 [19] 1 0
 [16] 1 0
 [38] 1 1
 [35] 1 0
 [34] 1 0
 [10] 1 1
 [47] 1 1
 [46] 1 0
 [0] 1 1
09bd43de-fd9e-40af-a61e-47407d8200f6
 [response time] 2.61
 [number of tasks] 5
 [nm p s]
 [22] 1 1
 [39] 1 1
 [15] 1 0
 [14] 1 0
 [35] 1 1
 [11] 1 1
 [9] 1 0
 [32] 1 0
 [49] 1 0
 [1] 1 1
4e7cfafb-130d-4e76-81d5-d329d02bea60
 [response time] 2.758
 [number of tasks] 5
 [nm p s]
 [45] 1 1
 [41] 1 0
 [11] 1 0
 [7] 1 1
 [30] 1 1
 [29] 1 1
 [27] 1 0
 [25] 1 1
 [1] 1 0
 [0] 1 0
579a2fdc-5c59-461f-9897-65d56dd2f976
 [response time] 3.377
 [number of tasks] 5
 [nm p s]
 [45] 1 0
 [22] 1 1
 [19] 1 1
 [38] 1 1
 [37] 1 1
 [10] 1 0
 [7] 1 0
 [6] 1 0
 [5] 1 0
 [23] 1 1
6933231b-635c-4d37-b99e-df8ab025884c
 [response time] 3.662
 [number of tasks] 5
 [nm p s]
 [22] 1 1
 [20] 1 1
 [39] 1 1
 [38] 1 0
 [15] 1 1
 [37] 1 0
 [35] 1 0
 [9] 1 0
 [7] 1 1
 [0] 1 0
e08df3cc-a0c1-4dde-adc1-3f55a7874a35
 [response time] 3.623
 [number of tasks] 5
 [nm p s]
 [19] 1 1
 [18] 1 1
 [17] 1 1
 [12] 1 1
 [35] 1 0
 [9] 1 0
 [8] 1 0
 [29] 1 0
 [25] 1 0
 [24] 1 1
ddcb06dc-4f78-4a01-94b0-56f0de374c29
 [response time] 3.965
 [number of tasks] 5
 [nm p s]
 [22] 1 0
 [19] 1 1
 [18] 1 0
 [41] 1 0
 [33] 1 1
 [32] 1 0
 [31] 1 1
 [6] 1 1
 [48] 1 1
 [0] 1 0
368cbf2a-e039-461a-b2ea-d3caed0a0aaf
 [response time] 4.041
 [number of tasks] 5
 [nm p s]
 [44] 1 1
 [19] 1 0
 [40] 1 1
 [15] 1 0
 [36] 1 1
 [7] 1 0
 [5] 1 0
 [3] 1 1
 [2] 1 1
 [46] 1 0
8d0470c2-aa52-4caa-92ac-9e941b38edf9
 [response time] 4.941
 [number of tasks] 5
 [nm p s]
 [19] 1 0
 [38] 1 1
 [36] 1 1
 [13] 1 1
 [35] 1 0
 [31] 1 0
 [30] 1 1
 [29] 1 1
 [26] 1 0
 [25] 1 0
7061adeb-f80d-4b57-acd8-b96ad0f85a55
 [response time] 4.928
 [number of tasks] 5
 [nm p s]
 [22] 1 0
 [45] 1 1
 [42] 1 0
 [37] 1 1
 [36] 1 0
 [11] 1 0
 [32] 1 1
 [3] 1 1
 [25] 1 0
 [0] 1 1
09df5895-767e-44f7-81ed-9261e75dd492
 [response time] 5.02
 [number of tasks] 5
 [nm p s]
 [21] 1 0
 [17] 1 1
 [31] 1 0
 [30] 1 1
 [5] 1 0
 [26] 1 1
 [49] 1 1
 [1] 1 0
 [47] 1 0
 [23] 1 1
b09ef802-dbc1-48e1-879f-4eac323dbaf2
 [response time] 5.61
 [number of tasks] 5
 [nm p s]
 [22] 1 1
 [18] 1 1
 [38] 1 0
 [35] 1 0
 [8] 1 1
 [30] 1 0
 [29] 1 1
 [27] 1 0
 [26] 1 1
 [0] 1 0
033688e4-451e-4e3a-9930-e3df86207050
 [response time] 5.998
 [number of tasks] 5
 [nm p s]
 [44] 1 1
 [18] 1 0
 [13] 1 0
 [35] 1 1
 [5] 1 1
 [28] 1 0
 [25] 1 0
 [2] 1 1
 [1] 1 0
 [0] 1 1
7926dd7e-eff4-46e8-831b-278bb7c08094
 [response time] 6.105
 [number of tasks] 5
 [nm p s]
 [21] 1 1
 [18] 1 0
 [41] 1 1
 [35] 1 0
 [33] 1 0
 [8] 1 1
 [26] 1 1
 [1] 1 1
 [24] 1 0
 [23] 1 0
2186c823-0e55-47fe-9c58-db6bc04fcb41
 [response time] 6.266
 [number of tasks] 5
 [nm p s]
 [43] 1 0
 [40] 1 1
 [14] 1 0
 [11] 1 1
 [34] 1 1
 [8] 1 0
 [6] 1 0
 [29] 1 0
 [2] 1 1
 [48] 1 1
7b545f11-215c-4580-b1f7-b145e25a7498
 [response time] 6.77
 [number of tasks] 5
 [nm p s]
 [20] 1 1
 [18] 1 1
 [36] 1 0
 [35] 1 0
 [33] 1 0
 [29] 1 1
 [6] 1 0
 [5] 1 1
 [49] 1 0
 [25] 1 1
41fd4fac-4f92-4943-8a05-b22dc3ad2dad
 [response time] 6.779
 [number of tasks] 5
 [nm p s]
 [20] 1 1
 [39] 1 1
 [35] 1 1
 [34] 1 0
 [8] 1 0
 [6] 1 1
 [4] 1 0
 [25] 1 1
 [1] 1 0
 [24] 1 0
9b20d096-e555-4f4d-8fcf-8ea6545e2a61
 [response time] 7.105
 [number of tasks] 5
 [nm p s]
 [16] 1 1
 [14] 1 0
 [12] 1 0
 [33] 1 0
 [32] 1 0
 [7] 1 1
 [29] 1 1
 [4] 1 1
 [49] 1 0
 [24] 1 1
8975967f-0491-47e5-8997-81da04028cf8
 [response time] 7.17
 [number of tasks] 5
 [nm p s]
 [44] 1 0
 [40] 1 0
 [14] 1 1
 [34] 1 1
 [33] 1 0
 [4] 1 0
 [49] 1 1
 [3] 1 1
 [0] 1 1
 [46] 1 0
c7650b9c-e2bc-40e3-be73-5316787ffbd3
 [response time] 7.587
 [number of tasks] 5
 [nm p s]
 [18] 1 1
 [16] 1 0
 [12] 1 0
 [35] 1 1
 [28] 1 0
 [3] 1 1
 [26] 1 1
 [25] 1 0
 [47] 1 1
 [0] 1 0
69694602-14a2-4e83-80f6-fdb13926bc5e
 [response time] 8.39
 [number of tasks] 5
 [nm p s]
 [20] 1 1
 [17] 1 1
 [35] 1 0
 [34] 1 0
 [9] 1 0
 [6] 1 0
 [5] 1 0
 [4] 1 1
 [26] 1 1
 [1] 1 1
2d1c3f16-c257-4590-939d-46b33f0a201a
 [response time] 9.141
 [number of tasks] 5
 [nm p s]
 [44] 1 1
 [19] 1 1
 [15] 1 0
 [14] 1 1
 [36] 1 0
 [33] 1 0
 [32] 1 1
 [28] 1 0
 [26] 1 0
 [48] 1 1
a3c456df-6a5f-4681-a294-5a16e9d902df
 [response time] 9.217
 [number of tasks] 5
 [nm p s]
 [22] 1 0
 [21] 1 0
 [19] 1 0
 [39] 1 1
 [37] 1 1
 [8] 1 1
 [31] 1 1
 [5] 1 0
 [4] 1 1
 [46] 1 0
28b9da7b-f2c0-471c-80ee-aa7c9c26781f
 [response time] 9.412
 [number of tasks] 5
 [nm p s]
 [17] 1 0
 [16] 1 1
 [39] 1 0
 [36] 1 1
 [34] 1 0
 [5] 1 1
 [2] 1 1
 [47] 1 0
 [23] 1 1
 [46] 1 0
ab31b972-6e8e-4a8a-ac53-de51161325fa
 [response time] 9.364
 [number of tasks] 5
 [nm p s]
 [21] 1 1
 [19] 1 0
 [18] 1 1
 [13] 1 1
 [35] 1 0
 [34] 1 0
 [8] 1 0
 [29] 1 1
 [27] 1 0
 [2] 1 1
83e64ee3-c5b4-4ef4-90a4-21f5e7cb74ba
 [response time] 9.752
 [number of tasks] 5
 [nm p s]
 [45] 1 1
 [21] 1 0
 [43] 1 0
 [15] 1 1
 [11] 1 0
 [31] 1 1
 [3] 1 0
 [26] 1 1
 [48] 1 0
 [47] 1 1
f5ceb590-2f54-4e55-8db8-6f43e434784d
 [response time] 10.023
 [number of tasks] 5
 [nm p s]
 [22] 1 1
 [20] 1 1
 [16] 1 0
 [11] 1 1
 [33] 1 1
 [7] 1 0
 [6] 1 0
 [5] 1 0
 [28] 1 0
 [25] 1 1
0d2d2f8c-ce6a-42ce-84a6-d570831a31b5
 [response time] 10.542
 [number of tasks] 5
 [nm p s]
 [22] 1 0
 [45] 1 0
 [19] 1 1
 [41] 1 1
 [34] 1 0
 [5] 1 0
 [4] 1 1
 [3] 1 1
 [2] 1 0
 [23] 1 1
119fb5b1-6199-430e-88cf-921f01c10a8f
 [response time] 10.794
 [number of tasks] 5
 [nm p s]
 [42] 1 0
 [14] 1 0
 [35] 1 1
 [32] 1 0
 [8] 1 0
 [25] 1 1
 [24] 1 1
 [47] 1 1
 [23] 1 1
 [46] 1 0
8a378752-7835-42b4-8839-c78bf8c245b0
 [response time] 11.167
 [number of tasks] 5
 [nm p s]
 [22] 1 0
 [20] 1 1
 [36] 1 0
 [33] 1 1
 [8] 1 1
 [6] 1 0
 [28] 1 0
 [26] 1 1
 [1] 1 0
 [24] 1 1
cf5d530d-395f-4a06-8fa9-1d4e62c8b7dd
 [response time] 11.357
 [number of tasks] 5
 [nm p s]
 [44] 1 1
 [39] 1 1
 [37] 1 1
 [13] 1 1
 [35] 1 1
 [4] 1 0
 [27] 1 0
 [3] 1 0
 [2] 1 0
 [23] 1 0
dbaca117-e4b2-482a-9d47-4190fbfd461f
 [response time] 11.591
 [number of tasks] 5
 [nm p s]
 [16] 1 1
 [15] 1 1
 [11] 1 1
 [34] 1 0
 [33] 1 0
 [31] 1 1
 [29] 1 0
 [27] 1 0
 [48] 1 0
 [47] 1 1
5345decb-5bd4-4483-881d-c4bf1a3299ee
 [response time] 11.885
 [number of tasks] 5
 [nm p s]
 [45] 1 0
 [44] 1 1
 [15] 1 0
 [11] 1 1
 [31] 1 0
 [7] 1 1
 [29] 1 0
 [5] 1 1
 [27] 1 0
 [2] 1 1
2fe66853-9c0d-4807-9319-50083151180f
 [response time] 12.387
 [number of tasks] 5
 [nm p s]
 [44] 1 1
 [43] 1 1
 [15] 1 1
 [36] 1 0
 [30] 1 0
 [4] 1 0
 [26] 1 1
 [25] 1 0
 [47] 1 0
 [23] 1 1
d5be2ddd-f9a3-4a61-8796-686114eb6a11
 [response time] 12.857
 [number of tasks] 5
 [nm p s]
 [43] 1 1
 [37] 1 0
 [13] 1 1
 [34] 1 0
 [10] 1 1
 [29] 1 1
 [28] 1 1
 [2] 1 0
 [48] 1 0
 [23] 1 0
a27c35cd-690f-4176-88bf-ff49915337e5
 [response time] 12.732
 [number of tasks] 5
 [nm p s]
 [45] 1 1
 [21] 1 0
 [41] 1 0
 [17] 1 1
 [14] 1 1
 [29] 1 0
 [4] 1 0
 [27] 1 1
 [3] 1 1
 [47] 1 0
e78d5f6a-b695-46b4-a9d7-e9abbbe972e4
 [response time] 13.086
 [number of tasks] 5
 [nm p s]
 [45] 1 1
 [18] 1 1
 [41] 1 0
 [38] 1 0
 [35] 1 0
 [12] 1 1
 [11] 1 1
 [32] 1 1
 [5] 1 0
 [25] 1 0
b287d502-2091-49c2-bfe7-bd001787ef2f
 [response time] 13.467
 [number of tasks] 5
 [nm p s]
 [22] 1 0
 [44] 1 1
 [18] 1 0
 [16] 1 1
 [39] 1 1
 [13] 1 0
 [34] 1 1
 [32] 1 1
 [7] 1 0
 [48] 1 0
a4dd5d31-e6d0-49ac-b71f-805bf2aa2df4
 [response time] 13.443
 [number of tasks] 5
 [nm p s]
 [45] 1 1
 [16] 1 0
 [35] 1 0
 [32] 1 0
 [30] 1 1
 [7] 1 0
 [28] 1 1
 [49] 1 1
 [25] 1 1
 [48] 1 0
301097b2-69b2-4332-8f4d-7808f031ed03
 [response time] 13.554
 [number of tasks] 5
 [nm p s]
 [45] 1 0
 [21] 1 1
 [43] 1 0
 [17] 1 1
 [14] 1 0
 [10] 1 0
 [8] 1 1
 [31] 1 1
 [6] 1 1
 [4] 1 0
733276bf-81fa-4b20-84c8-c0d491d112c8
 [response time] 14.316
 [number of tasks] 5
 [nm p s]
 [17] 1 1
 [39] 1 0
 [37] 1 1
 [13] 1 1
 [36] 1 0
 [33] 1 0
 [32] 1 1
 [7] 1 0
 [28] 1 0
 [49] 1 1
febc9741-a9b2-4611-a46e-5608e1595a04
 [response time] 14.403
 [number of tasks] 5
 [nm p s]
 [41] 1 1
 [16] 1 0
 [15] 1 0
 [35] 1 0
 [34] 1 1
 [8] 1 1
 [29] 1 0
 [26] 1 0
 [1] 1 1
 [46] 1 1
403a9459-2cb4-4a0c-b05c-38e1dc04c0af
 [response time] 14.842
 [number of tasks] 5
 [nm p s]
 [44] 1 0
 [13] 1 1
 [11] 1 1
 [9] 1 1
 [32] 1 1
 [7] 1 0
 [28] 1 0
 [2] 1 1
 [25] 1 0
 [48] 1 0
c342e193-6b34-4804-89b9-3ab919ae999e
 [response time] 15.092
 [number of tasks] 5
 [nm p s]
 [43] 1 0
 [19] 1 0
 [17] 1 1
 [15] 1 1
 [37] 1 1
 [13] 1 1
 [10] 1 0
 [2] 1 0
 [25] 1 0
 [1] 1 1
d0664690-3116-45cf-baee-014923e50aba
 [response time] 15.406
 [number of tasks] 5
 [nm p s]
 [45] 1 1
 [42] 1 0
 [41] 1 0
 [16] 1 1
 [12] 1 1
 [34] 1 0
 [33] 1 1
 [28] 1 0
 [2] 1 0
 [23] 1 1
c2cdff41-2480-45fd-a19b-d1737f8fe928
 [response time] 15.327
 [number of tasks] 5
 [nm p s]
 [21] 1 1
 [15] 1 0
 [13] 1 1
 [11] 1 0
 [9] 1 0
 [32] 1 1
 [8] 1 1
 [2] 1 0
 [1] 1 0
 [47] 1 1
c129aab4-ca22-4070-88d9-1e415dcf2a39
 [response time] 15.698
 [number of tasks] 5
 [nm p s]
 [22] 1 1
 [21] 1 1
 [19] 1 0
 [14] 1 0
 [34] 1 1
 [5] 1 1
 [28] 1 0
 [3] 1 0
 [25] 1 0
 [0] 1 1
5d4c1ce8-d3fe-41bb-89f0-2ea507656073
 [response time] 16.016
 [number of tasks] 5
 [nm p s]
 [22] 1 0
 [44] 1 1
 [41] 1 1
 [17] 1 0
 [30] 1 0
 [4] 1 1
 [27] 1 1
 [49] 1 0
 [25] 1 1
 [48] 1 0
36462710-ec16-4fbf-810d-15485f706b23
 [response time] 16.483
 [number of tasks] 5
 [nm p s]
 [44] 1 1
 [42] 1 0
 [15] 1 0
 [38] 1 1
 [13] 1 1
 [8] 1 0
 [7] 1 0
 [29] 1 1
 [4] 1 1
 [27] 1 0
5524ea4c-5f55-4050-8dae-3f9e41537a04
 [response time] 16.604
 [number of tasks] 5
 [nm p s]
 [18] 1 0
 [36] 1 1
 [12] 1 1
 [34] 1 1
 [33] 1 0
 [10] 1 0
 [29] 1 1
 [2] 1 0
 [48] 1 0
 [0] 1 1
9c33b727-f9ea-49ed-8fd4-379fc7627dc0
 [response time] 16.761
 [number of tasks] 5
 [nm p s]
 [38] 1 1
 [35] 1 1
 [11] 1 1
 [32] 1 1
 [8] 1 0
 [31] 1 1
 [27] 1 0
 [26] 1 0
 [3] 1 0
 [2] 1 0
b48e414d-3609-48dd-bf49-5f3a3bea0b7b
 [response time] 17.074
 [number of tasks] 5
 [nm p s]
 [22] 1 1
 [43] 1 1
 [18] 1 1
 [41] 1 0
 [40] 1 0
 [39] 1 0
 [36] 1 0
 [33] 1 1
 [48] 1 0
 [1] 1 1
c872fb9a-36da-4af0-96db-8cc3223a72e3
 [response time] 17.369
 [number of tasks] 5
 [nm p s]
 [19] 1 0
 [37] 1 1
 [28] 1 0
 [4] 1 1
 [3] 1 0
 [2] 1 1
 [24] 1 0
 [23] 1 1
 [0] 1 1
 [46] 1 0
4541ae82-ac1a-4f72-9ccd-66a9ce8d4a61
 [response time] 17.798
 [number of tasks] 5
 [nm p s]
 [22] 1 0
 [19] 1 1
 [39] 1 1
 [16] 1 1
 [15] 1 0
 [38] 1 0
 [36] 1 1
 [31] 1 0
 [7] 1 0
 [27] 1 1
bb30b6b1-4a2b-4cc1-88c6-ff5ca607e2f0
 [response time] 18.603
 [number of tasks] 5
 [nm p s]
 [20] 1 0
 [19] 1 0
 [16] 1 0
 [36] 1 1
 [10] 1 1
 [4] 1 0
 [49] 1 1
 [48] 1 0
 [0] 1 1
 [23] 1 1
e2afa1ca-bea8-4916-a9c2-4d74d2ee50d6
 [response time] 18.572
 [number of tasks] 5
 [nm p s]
 [45] 1 1
 [22] 1 0
 [39] 1 1
 [14] 1 1
 [32] 1 0
 [7] 1 0
 [5] 1 1
 [24] 1 0
 [23] 1 0
 [46] 1 1
8ee51077-b3fc-42dd-81ae-7e8c7fdf4b8d
 [response time] 18.965
 [number of tasks] 5
 [nm p s]
 [22] 1 0
 [16] 1 1
 [38] 1 1
 [36] 1 0
 [35] 1 0
 [34] 1 1
 [5] 1 0
 [4] 1 1
 [26] 1 1
 [0] 1 0
bed35fad-f214-4cb2-a2d9-8498d0574f96
 [response time] 19.267
 [number of tasks] 5
 [nm p s]
 [41] 1 1
 [15] 1 0
 [14] 1 1
 [37] 1 1
 [12] 1 1
 [35] 1 0
 [7] 1 1
 [29] 1 0
 [47] 1 0
 [23] 1 0
23843542-39b3-4e24-a48d-5cf0dace296d
 [response time] 19.463
 [number of tasks] 5
 [nm p s]
 [22] 1 1
 [21] 1 1
 [44] 1 1
 [41] 1 0
 [40] 1 0
 [13] 1 0
 [11] 1 0
 [33] 1 1
 [10] 1 1
 [49] 1 0
0f8f2228-410f-4515-a5ee-6b31c7036e74
 [response time] 20.121
 [number of tasks] 5
 [nm p s]
 [45] 1 0
 [43] 1 0
 [39] 1 1
 [37] 1 0
 [13] 1 0
 [30] 1 1
 [27] 1 1
 [26] 1 1
 [2] 1 1
 [0] 1 0
f401cc2a-eaf2-43ad-8371-e5369a285d8b
 [response time] 20.364
 [number of tasks] 5
 [nm p s]
 [22] 1 1
 [20] 1 0
 [18] 1 0
 [41] 1 0
 [14] 1 1
 [36] 1 1
 [12] 1 0
 [32] 1 1
 [27] 1 0
 [49] 1 1
27c75c1c-aab6-417a-8534-f5144db9e458
 [response time] 20.531
 [number of tasks] 5
 [nm p s]
 [22] 1 0
 [19] 1 0
 [39] 1 1
 [14] 1 1
 [35] 1 1
 [29] 1 0
 [27] 1 0
 [25] 1 0
 [48] 1 1
 [0] 1 1
c143aea3-02a1-4dcb-bb53-99caa585edeb
 [response time] 20.865
 [number of tasks] 5
 [nm p s]
 [45] 1 1
 [19] 1 0
 [42] 1 1
 [40] 1 1
 [39] 1 0
 [37] 1 1
 [7] 1 1
 [28] 1 0
 [1] 1 0
 [0] 1 0
ca48830f-bf31-4e12-ba3d-f787fc2128a2
 [response time] 21.25
 [number of tasks] 5
 [nm p s]
 [17] 1 0
 [39] 1 1
 [36] 1 1
 [35] 1 0
 [6] 1 1
 [5] 1 1
 [28] 1 0
 [26] 1 0
 [2] 1 1
 [25] 1 0
ae6b2404-e017-4ce2-8525-a33405e48724
 [response time] 21.588
 [number of tasks] 5
 [nm p s]
 [19] 1 0
 [14] 1 1
 [36] 1 0
 [10] 1 1
 [9] 1 0
 [8] 1 1
 [31] 1 1
 [5] 1 0
 [28] 1 0
 [2] 1 1
1b705ca9-f664-48da-b73a-f4c3bfdca9c7
 [response time] 21.763
 [number of tasks] 5
 [nm p s]
 [21] 1 1
 [19] 1 1
 [38] 1 1
 [12] 1 0
 [32] 1 0
 [5] 1 0
 [26] 1 1
 [49] 1 1
 [25] 1 0
 [1] 1 0
982a219e-f38f-4ded-a24c-e0414bbe3df9
 [response time] 21.579
 [number of tasks] 5
 [nm p s]
 [20] 1 1
 [40] 1 0
 [39] 1 1
 [14] 1 0
 [35] 1 0
 [30] 1 1
 [5] 1 0
 [26] 1 0
 [49] 1 1
 [24] 1 1
5dec6e18-f274-457d-aa28-d34cd2ece2af
 [response time] 22.072
 [number of tasks] 5
 [nm p s]
 [43] 1 1
 [19] 1 0
 [17] 1 1
 [35] 1 0
 [32] 1 0
 [5] 1 0
 [3] 1 1
 [26] 1 0
 [2] 1 1
 [48] 1 1
797e1d7f-2f7b-4caf-9d9e-77cea31007a6
 [response time] 22.336
 [number of tasks] 5
 [nm p s]
 [18] 1 1
 [39] 1 1
 [38] 1 0
 [36] 1 1
 [35] 1 0
 [34] 1 0
 [6] 1 0
 [27] 1 1
 [3] 1 0
 [26] 1 1
efd666d0-8346-4c9c-95eb-338a73571fdc
 [response time] 22.63
 [number of tasks] 5
 [nm p s]
 [19] 1 0
 [40] 1 0
 [39] 1 1
 [37] 1 0
 [10] 1 0
 [8] 1 1
 [30] 1 1
 [2] 1 1
 [47] 1 1
 [24] 1 0
13570a43-9156-4b31-abd6-9dd1de76fb67
 [response time] 22.972
 [number of tasks] 5
 [nm p s]
 [41] 1 0
 [16] 1 1
 [36] 1 1
 [35] 1 0
 [11] 1 1
 [9] 1 0
 [8] 1 0
 [29] 1 1
 [47] 1 1
 [23] 1 0
ae695188-15f1-40b5-8f4a-95fd6a295961
 [response time] 23.084
 [number of tasks] 5
 [nm p s]
 [45] 1 1
 [18] 1 0
 [17] 1 1
 [36] 1 1
 [11] 1 1
 [34] 1 0
 [10] 1 0
 [33] 1 0
 [9] 1 1
 [25] 1 0
3b16dfcc-2041-4df2-adf4-ed3f64eff66b
 [response time] 23.689
 [number of tasks] 5
 [nm p s]
 [21] 1 0
 [43] 1 1
 [19] 1 1
 [17] 1 0
 [39] 1 0
 [14] 1 1
 [36] 1 1
 [8] 1 0
 [4] 1 0
 [46] 1 1
230d0ac1-19ce-4c19-b483-17fa3e461083
 [response time] 23.779
 [number of tasks] 5
 [nm p s]
 [19] 1 0
 [41] 1 0
 [17] 1 0
 [15] 1 1
 [11] 1 0
 [5] 1 1
 [28] 1 0
 [2] 1 1
 [1] 1 1
 [24] 1 1
8e3b3fda-c45b-48a7-9dbb-7f06b3da58e3
 [response time] 24.474
 [number of tasks] 5
 [nm p s]
 [38] 1 1
 [37] 1 0
 [34] 1 0
 [9] 1 0
 [29] 1 1
 [5] 1 0
 [27] 1 0
 [49] 1 1
 [2] 1 1
 [46] 1 1
861b0eb4-5a9a-4376-ae6e-fc6d1fecfaaa
 [response time] 24.554
 [number of tasks] 5
 [nm p s]
 [22] 1 1
 [18] 1 1
 [14] 1 1
 [11] 1 0
 [8] 1 0
 [4] 1 0
 [3] 1 1
 [2] 1 0
 [24] 1 1
 [47] 1 0
a6e9de34-8474-4351-a178-ca3991ebfcc5
 [response time] 24.947
 [number of tasks] 5
 [nm p s]
 [20] 1 0
 [42] 1 1
 [17] 1 1
 [13] 1 0
 [33] 1 0
 [8] 1 1
 [30] 1 1
 [29] 1 1
 [28] 1 0
 [1] 1 0
cd63303f-ab5f-4eb8-ba4c-6124e495b507
 [response time] 25.454
 [number of tasks] 5
 [nm p s]
 [18] 1 1
 [16] 1 1
 [34] 1 0
 [33] 1 0
 [8] 1 1
 [6] 1 0
 [5] 1 1
 [4] 1 1
 [26] 1 0
 [49] 1 0
29e2081d-8fac-4663-8025-d51a28688351
 [response time] 25.686
 [number of tasks] 5
 [nm p s]
 [44] 1 0
 [43] 1 1
 [41] 1 1
 [37] 1 1
 [13] 1 0
 [10] 1 1
 [5] 1 0
 [28] 1 0
 [24] 1 1
 [47] 1 0
809fbeab-1187-4aaa-b593-81578a10292d
 [response time] 25.959
 [number of tasks] 5
 [nm p s]
 [44] 1 1
 [42] 1 1
 [39] 1 1
 [16] 1 1
 [15] 1 0
 [8] 1 1
 [28] 1 0
 [27] 1 0
 [4] 1 0
 [1] 1 0
c835210e-5af2-4c52-a86e-38dfe0db7166
 [response time] 25.913
 [number of tasks] 5
 [nm p s]
 [21] 1 1
 [20] 1 0
 [17] 1 1
 [15] 1 0
 [38] 1 1
 [14] 1 0
 [10] 1 0
 [6] 1 1
 [1] 1 0
 [23] 1 1
d74733ed-4715-422b-8555-d5b6f2de0f34
 [response time] 26.149
 [number of tasks] 5
 [nm p s]
 [21] 1 1
 [44] 1 0
 [43] 1 0
 [40] 1 1
 [38] 1 0
 [9] 1 0
 [8] 1 0
 [3] 1 1
 [2] 1 1
 [0] 1 1
63568464-0a9d-45e6-9ecc-5381e4659ef8
 [response time] 26.856
 [number of tasks] 5
 [nm p s]
 [43] 1 0
 [19] 1 1
 [42] 1 1
 [39] 1 0
 [12] 1 1
 [9] 1 0
 [30] 1 0
 [5] 1 0
 [4] 1 1
 [48] 1 1
b2e09a07-3e1a-4248-9ef0-131f0c7934d5
 [response time] 27.086
 [number of tasks] 5
 [nm p s]
 [21] 1 1
 [44] 1 0
 [18] 1 1
 [16] 1 1
 [15] 1 0
 [13] 1 1
 [10] 1 0
 [8] 1 0
 [4] 1 0
 [47] 1 1
7270e001-8a91-4d63-bf7a-b5058e3d595d
 [response time] 27.183
 [number of tasks] 5
 [nm p s]
 [17] 1 1
 [36] 1 0
 [12] 1 1
 [35] 1 0
 [11] 1 1
 [34] 1 1
 [10] 1 0
 [9] 1 0
 [26] 1 0
 [47] 1 1
3edb5304-a6ea-4618-b13d-8718ae40416d
 [response time] 27.939
 [number of tasks] 5
 [nm p s]
 [42] 1 0
 [41] 1 1
 [17] 1 0
 [40] 1 1
 [37] 1 1
 [10] 1 1
 [32] 1 0
 [2] 1 1
 [48] 1 0
 [1] 1 0
5b871d3c-dc19-429a-be27-b7d2ddcca3f1
 [response time] 28.121
 [number of tasks] 5
 [nm p s]
 [44] 1 0
 [15] 1 0
 [37] 1 0
 [33] 1 0
 [9] 1 0
 [31] 1 1
 [4] 1 1
 [27] 1 1
 [25] 1 1
 [46] 1 1
2242fba9-bb66-461b-8455-82361716473c
 [response time] 28.434
 [number of tasks] 5
 [nm p s]
 [45] 1 0
 [42] 1 1
 [39] 1 0
 [38] 1 1
 [13] 1 0
 [35] 1 0
 [32] 1 0
 [30] 1 1
 [1] 1 1
 [0] 1 1
a8f16579-52a8-4353-82da-2cd36e5c09f5
 [response time] 28.949
 [number of tasks] 5
 [nm p s]
 [22] 1 0
 [43] 1 1
 [18] 1 0
 [40] 1 0
 [39] 1 0
 [38] 1 1
 [32] 1 1
 [8] 1 1
 [4] 1 1
 [2] 1 0
d92ed71e-cac0-4e1a-a125-f7a83e80303c
 [response time] 28.982
 [number of tasks] 5
 [nm p s]
 [45] 1 0
 [21] 1 1
 [43] 1 0
 [12] 1 0
 [35] 1 0
 [31] 1 1
 [7] 1 0
 [49] 1 1
 [24] 1 1
 [23] 1 1
6964154d-9acc-4787-aae6-2e301a76e422
 [response time] 29.097
 [number of tasks] 5
 [nm p s]
 [37] 1 1
 [13] 1 0
 [12] 1 0
 [9] 1 1
 [7] 1 0
 [30] 1 0
 [29] 1 1
 [3] 1 1
 [2] 1 0
 [47] 1 1
8a448301-f2b8-4277-9577-9af69809bcb1
 [response time] 29.28
 [number of tasks] 5
 [nm p s]
 [45] 1 1
 [42] 1 0
 [41] 1 1
 [40] 1 0
 [13] 1 1
 [9] 1 0
 [8] 1 1
 [3] 1 0
 [48] 1 1
 [0] 1 0
fafa8d8e-c117-49a3-8d2b-046cf08f80d9
 [response time] 29.733
 [number of tasks] 5
 [nm p s]
 [42] 1 0
 [18] 1 0
 [41] 1 1
 [16] 1 1
 [34] 1 0
 [30] 1 1
 [28] 1 1
 [1] 1 0
 [24] 1 1
 [23] 1 0
1fd39612-a6f1-4190-a8df-77dd114e1ef9
 [response time] 29.603
 [number of tasks] 5
 [nm p s]
 [45] 1 1
 [19] 1 1
 [37] 1 1
 [36] 1 1
 [11] 1 1
 [34] 1 0
 [8] 1 0
 [27] 1 0
 [48] 1 0
 [23] 1 0
f2871f83-dc02-49ed-84b8-3a374a0491e1
 [response time] 29.876
 [number of tasks] 5
 [nm p s]
 [15] 1 1
 [12] 1 0
 [9] 1 1
 [8] 1 1
 [30] 1 0
 [6] 1 0
 [48] 1 0
 [25] 1 1
 [47] 1 1
 [0] 1 0
