[scheduler id] 4
[number of node monitors] 50

[job statistics]
77ad03e3-0163-4b6d-a13c-04d009292cd9
 [response time] 1.322
 [number of tasks] 5
 [nm p s]
 [22] 1 1
 [44] 1 0
 [42] 1 1
 [41] 1 0
 [16] 1 1
 [28] 1 1
 [4] 1 0
 [27] 1 0
 [48] 1 0
 [0] 1 1
77c7861a-437b-4c84-9508-cd00b25de983
 [response time] 1.343
 [number of tasks] 5
 [nm p s]
 [44] 1 0
 [43] 1 1
 [14] 1 1
 [13] 1 0
 [8] 1 0
 [30] 1 1
 [5] 1 0
 [49] 1 1
 [2] 1 0
 [25] 1 1
719736ba-938f-4331-bf9d-3f79c5b865a5
 [response time] 1.81
 [number of tasks] 5
 [nm p s]
 [39] 1 1
 [15] 1 1
 [14] 1 1
 [33] 1 0
 [9] 1 1
 [30] 1 0
 [3] 1 0
 [25] 1 0
 [1] 1 1
 [0] 1 0
65ad007c-e273-48cc-a1e8-991cd1d25437
 [response time] 2.174
 [number of tasks] 5
 [nm p s]
 [20] 1 1
 [42] 1 1
 [18] 1 0
 [41] 1 1
 [15] 1 0
 [12] 1 0
 [10] 1 1
 [32] 1 1
 [5] 1 0
 [3] 1 0
41a65d53-e62d-4f1e-a9c8-7c247ba376d0
 [response time] 2.116
 [number of tasks] 5
 [nm p s]
 [43] 1 1
 [19] 1 1
 [16] 1 0
 [38] 1 0
 [37] 1 1
 [32] 1 1
 [6] 1 0
 [28] 1 1
 [24] 1 0
 [46] 1 0
a03bd74d-f3ee-422b-a3af-93e1d3fa5787
 [response time] 2.613
 [number of tasks] 5
 [nm p s]
 [21] 1 0
 [43] 1 0
 [42] 1 0
 [38] 1 0
 [14] 1 0
 [11] 1 1
 [34] 1 1
 [8] 1 1
 [28] 1 1
 [47] 1 1
67dcaab8-efbb-46a3-b2b3-711b4790deee
 [response time] 2.97
 [number of tasks] 5
 [nm p s]
 [22] 1 1
 [43] 1 1
 [37] 1 0
 [11] 1 0
 [10] 1 0
 [7] 1 0
 [5] 1 0
 [3] 1 1
 [26] 1 1
 [48] 1 1
745cac1b-ffed-4561-ac54-2d9f0feb3e4e
 [response time] 3.519
 [number of tasks] 5
 [nm p s]
 [45] 1 0
 [17] 1 0
 [16] 1 1
 [39] 1 0
 [10] 1 1
 [32] 1 1
 [29] 1 1
 [28] 1 0
 [5] 1 1
 [26] 1 0
4a661486-8907-4f2b-a212-8515fcd3da7d
 [response time] 3.96
 [number of tasks] 5
 [nm p s]
 [41] 1 1
 [16] 1 0
 [39] 1 0
 [14] 1 0
 [37] 1 0
 [36] 1 1
 [35] 1 1
 [8] 1 1
 [28] 1 0
 [25] 1 1
2db48724-3d9d-4717-9ecf-a2765fb0605d
 [response time] 4.177
 [number of tasks] 5
 [nm p s]
 [22] 1 0
 [18] 1 1
 [17] 1 0
 [36] 1 0
 [33] 1 1
 [7] 1 0
 [26] 1 1
 [24] 1 0
 [47] 1 1
 [1] 1 1
fbf6aa09-3e61-412a-93e2-fec7d9db1e42
 [response time] 4.545
 [number of tasks] 5
 [nm p s]
 [22] 1 1
 [20] 1 1
 [18] 1 0
 [13] 1 1
 [9] 1 0
 [8] 1 1
 [7] 1 1
 [5] 1 0
 [47] 1 0
 [23] 1 0
35c092d1-a1b0-4255-8ef0-841cf1b8401c
 [response time] 4.539
 [number of tasks] 5
 [nm p s]
 [44] 1 1
 [20] 1 0
 [18] 1 0
 [12] 1 1
 [34] 1 1
 [8] 1 0
 [6] 1 0
 [26] 1 0
 [49] 1 1
 [25] 1 1
38841892-29c6-426a-9ea9-4a78c188badd
 [response time] 4.644
 [number of tasks] 5
 [nm p s]
 [42] 1 0
 [41] 1 0
 [38] 1 0
 [37] 1 1
 [33] 1 0
 [9] 1 1
 [5] 1 1
 [3] 1 1
 [2] 1 0
 [23] 1 1
f4c618a3-fc4b-4d5d-8d85-90fed5e941fc
 [response time] 5.403
 [number of tasks] 5
 [nm p s]
 [21] 1 1
 [42] 1 0
 [16] 1 0
 [38] 1 0
 [35] 1 0
 [33] 1 1
 [10] 1 1
 [28] 1 0
 [4] 1 1
 [2] 1 1
cc7a34ed-179c-4457-8b54-1b14a7669341
 [response time] 5.618
 [number of tasks] 5
 [nm p s]
 [45] 1 1
 [21] 1 0
 [38] 1 1
 [15] 1 1
 [12] 1 0
 [33] 1 0
 [28] 1 1
 [26] 1 0
 [49] 1 1
 [24] 1 0
36822108-7cc3-47a2-90ff-c85a705c601d
 [response time] 5.734
 [number of tasks] 5
 [nm p s]
 [45] 1 1
 [43] 1 1
 [18] 1 1
 [13] 1 0
 [12] 1 0
 [11] 1 0
 [32] 1 1
 [8] 1 0
 [26] 1 0
 [23] 1 1
398a1656-2250-4d71-8655-9573c73799df
 [response time] 6.253
 [number of tasks] 5
 [nm p s]
 [44] 1 1
 [43] 1 0
 [15] 1 1
 [32] 1 0
 [27] 1 0
 [49] 1 1
 [24] 1 1
 [0] 1 0
 [23] 1 0
 [46] 1 1
f585e7f5-aa7e-43d9-879e-baa18c28b993
 [response time] 6.306
 [number of tasks] 5
 [nm p s]
 [22] 1 1
 [21] 1 1
 [19] 1 0
 [18] 1 0
 [40] 1 1
 [38] 1 1
 [14] 1 0
 [34] 1 0
 [25] 1 0
 [48] 1 1
3aaf5b50-6904-477f-af8f-7ee898272bae
 [response time] 6.581
 [number of tasks] 5
 [nm p s]
 [43] 1 1
 [19] 1 1
 [16] 1 1
 [39] 1 0
 [15] 1 0
 [8] 1 0
 [30] 1 0
 [6] 1 1
 [28] 1 1
 [27] 1 0
84ab792a-4ff5-4c11-aa0b-606f4ffd1684
 [response time] 6.901
 [number of tasks] 5
 [nm p s]
 [21] 1 0
 [41] 1 1
 [37] 1 0
 [13] 1 1
 [11] 1 1
 [31] 1 1
 [28] 1 0
 [26] 1 1
 [2] 1 0
 [24] 1 0
e77e85bd-a676-4bfd-944d-c1530db9b1ef
 [response time] 7.042
 [number of tasks] 5
 [nm p s]
 [21] 1 1
 [42] 1 1
 [16] 1 0
 [36] 1 0
 [32] 1 1
 [29] 1 0
 [5] 1 0
 [48] 1 1
 [24] 1 1
 [0] 1 0
14a42fd2-27c5-467d-9083-ecb46f31fa34
 [response time] 8.15
 [number of tasks] 5
 [nm p s]
 [21] 1 0
 [42] 1 1
 [40] 1 1
 [38] 1 0
 [37] 1 0
 [12] 1 0
 [34] 1 0
 [9] 1 1
 [29] 1 1
 [5] 1 1
20233742-9b54-4282-8daf-e71948e5a0d3
 [response time] 8.234
 [number of tasks] 5
 [nm p s]
 [44] 1 1
 [21] 1 0
 [20] 1 1
 [19] 1 0
 [40] 1 0
 [16] 1 0
 [36] 1 1
 [10] 1 1
 [49] 1 0
 [23] 1 1
2f3caed3-483f-40e9-a4e9-1329bce2456d
 [response time] 8.24
 [number of tasks] 5
 [nm p s]
 [22] 1 0
 [45] 1 0
 [17] 1 0
 [14] 1 1
 [36] 1 0
 [11] 1 1
 [9] 1 1
 [26] 1 0
 [46] 1 1
 [23] 1 1
038937a8-6a68-4720-a967-a15b57673bbf
 [response time] 8.649
 [number of tasks] 5
 [nm p s]
 [20] 1 0
 [16] 1 1
 [38] 1 0
 [37] 1 1
 [35] 1 1
 [11] 1 0
 [33] 1 0
 [32] 1 0
 [23] 1 1
 [46] 1 1
c1fac604-c534-4513-8268-f423e5a69e66
 [response time] 9.325
 [number of tasks] 5
 [nm p s]
 [22] 1 0
 [44] 1 0
 [18] 1 0
 [41] 1 1
 [15] 1 0
 [36] 1 0
 [33] 1 1
 [6] 1 1
 [49] 1 1
 [47] 1 1
814a948f-a595-452f-8790-78ee0c6918fa
 [response time] 9.562
 [number of tasks] 5
 [nm p s]
 [42] 1 1
 [17] 1 0
 [16] 1 1
 [14] 1 1
 [13] 1 1
 [34] 1 0
 [8] 1 0
 [48] 1 0
 [47] 1 1
 [46] 1 0
441d205c-198e-4257-9585-48743c406347
 [response time] 9.494
 [number of tasks] 5
 [nm p s]
 [45] 1 1
 [21] 1 1
 [15] 1 0
 [14] 1 0
 [12] 1 1
 [33] 1 0
 [9] 1 1
 [6] 1 1
 [28] 1 0
 [27] 1 0
636df37f-d369-4018-8b57-dfd84da5fff6
 [response time] 9.662
 [number of tasks] 5
 [nm p s]
 [19] 1 0
 [42] 1 1
 [15] 1 0
 [8] 1 0
 [7] 1 1
 [28] 1 0
 [3] 1 1
 [2] 1 1
 [48] 1 1
 [47] 1 0
215bfb74-b3e3-4942-bfac-47f735f731ad
 [response time] 10.282
 [number of tasks] 5
 [nm p s]
 [45] 1 1
 [43] 1 1
 [38] 1 1
 [11] 1 0
 [30] 1 1
 [27] 1 0
 [49] 1 1
 [2] 1 0
 [25] 1 0
 [24] 1 0
c5b6e43c-63d8-463c-8442-f213e558fa96
 [response time] 10.178
 [number of tasks] 5
 [nm p s]
 [44] 1 1
 [18] 1 1
 [38] 1 1
 [14] 1 0
 [13] 1 0
 [36] 1 0
 [29] 1 1
 [27] 1 1
 [26] 1 0
 [46] 1 0
9f8f00de-15e8-4ccc-a164-d946f7e52bd5
 [response time] 10.177
 [number of tasks] 5
 [nm p s]
 [16] 1 1
 [38] 1 1
 [10] 1 0
 [8] 1 0
 [5] 1 0
 [4] 1 0
 [26] 1 1
 [25] 1 0
 [2] 1 1
 [0] 1 1
62124bbb-3ca1-4d67-afb2-1ee43911dc21
 [response time] 10.388
 [number of tasks] 5
 [nm p s]
 [21] 1 1
 [42] 1 1
 [18] 1 0
 [41] 1 0
 [15] 1 0
 [9] 1 1
 [8] 1 0
 [28] 1 1
 [48] 1 1
 [2] 1 0
010b6ffb-74bb-49f9-aef3-13e973900ef0
 [response time] 10.717
 [number of tasks] 5
 [nm p s]
 [22] 1 0
 [14] 1 1
 [37] 1 1
 [34] 1 0
 [10] 1 0
 [32] 1 1
 [29] 1 1
 [2] 1 1
 [47] 1 0
 [23] 1 0
8b3a9931-9913-4a0f-960b-2458b7ebd281
 [response time] 11.552
 [number of tasks] 5
 [nm p s]
 [42] 1 1
 [36] 1 0
 [34] 1 0
 [33] 1 1
 [26] 1 1
 [49] 1 0
 [25] 1 1
 [48] 1 1
 [1] 1 0
 [46] 1 0
b06ada43-0283-4dbf-8e9b-c1d9180d2071
 [response time] 11.76
 [number of tasks] 5
 [nm p s]
 [19] 1 0
 [42] 1 0
 [16] 1 1
 [38] 1 1
 [14] 1 1
 [10] 1 0
 [31] 1 1
 [6] 1 0
 [28] 1 1
 [47] 1 0
f157ad8f-2045-4210-954b-4b0d298811f0
 [response time] 11.617
 [number of tasks] 5
 [nm p s]
 [20] 1 1
 [19] 1 1
 [42] 1 1
 [35] 1 0
 [33] 1 0
 [28] 1 0
 [3] 1 1
 [24] 1 0
 [23] 1 1
 [0] 1 0
f26f9c05-4c3d-4788-bef8-0653df9aca31
 [response time] 11.774
 [number of tasks] 5
 [nm p s]
 [22] 1 0
 [45] 1 1
 [20] 1 1
 [43] 1 1
 [15] 1 0
 [35] 1 1
 [11] 1 1
 [4] 1 0
 [3] 1 0
 [48] 1 0
c8c43165-b7d4-48a1-b820-8d1077c748bf
 [response time] 11.876
 [number of tasks] 5
 [nm p s]
 [21] 1 1
 [20] 1 1
 [39] 1 1
 [15] 1 0
 [13] 1 1
 [12] 1 1
 [11] 1 0
 [30] 1 0
 [26] 1 0
 [24] 1 0
bb591770-33f2-4504-8f4d-a24dd41c51f6
 [response time] 12.702
 [number of tasks] 5
 [nm p s]
 [45] 1 0
 [22] 1 1
 [44] 1 0
 [43] 1 0
 [15] 1 0
 [38] 1 0
 [10] 1 1
 [2] 1 1
 [1] 1 1
 [46] 1 1
d64cf1d9-89de-4375-9bb8-e671118b8d74
 [response time] 12.663
 [number of tasks] 5
 [nm p s]
 [41] 1 1
 [13] 1 0
 [11] 1 1
 [34] 1 0
 [33] 1 1
 [10] 1 0
 [31] 1 1
 [2] 1 0
 [48] 1 0
 [0] 1 1
89db8f8b-2a06-4a7d-80a8-3d2de3bf9a8a
 [response time] 12.953
 [number of tasks] 5
 [nm p s]
 [22] 1 1
 [19] 1 1
 [16] 1 0
 [13] 1 0
 [34] 1 0
 [49] 1 1
 [25] 1 1
 [47] 1 0
 [24] 1 1
 [46] 1 0
01e5e78e-2e5b-4e1f-8cb9-f5dc60796d87
 [response time] 13.369
 [number of tasks] 5
 [nm p s]
 [45] 1 0
 [20] 1 0
 [43] 1 1
 [18] 1 1
 [15] 1 0
 [8] 1 1
 [29] 1 1
 [26] 1 0
 [2] 1 0
 [46] 1 1
3160079b-cd1e-4e5c-bbd2-b620d6aff8ef
 [response time] 13.47
 [number of tasks] 5
 [nm p s]
 [44] 1 1
 [42] 1 1
 [16] 1 0
 [38] 1 1
 [10] 1 1
 [33] 1 0
 [8] 1 0
 [5] 1 0
 [26] 1 1
 [48] 1 0
2c80f2b8-aff5-4d88-bfd5-61cc6d08d96b
 [response time] 13.36
 [number of tasks] 5
 [nm p s]
 [22] 1 1
 [20] 1 0
 [17] 1 1
 [15] 1 0
 [7] 1 1
 [29] 1 0
 [6] 1 1
 [2] 1 1
 [25] 1 0
 [48] 1 0
19096842-497c-4d33-99ed-8dbbe37b8add
 [response time] 14.438
 [number of tasks] 5
 [nm p s]
 [45] 1 0
 [21] 1 1
 [43] 1 0
 [41] 1 1
 [11] 1 1
 [10] 1 1
 [6] 1 1
 [29] 1 0
 [26] 1 0
 [25] 1 0
3e7faa56-9830-48af-80a8-c510e4999350
 [response time] 14.382
 [number of tasks] 5
 [nm p s]
 [42] 1 0
 [40] 1 1
 [15] 1 0
 [38] 1 0
 [11] 1 0
 [31] 1 0
 [7] 1 1
 [6] 1 1
 [27] 1 1
 [46] 1 1
6ff3217e-c783-4930-9293-a4e1401fdff2
 [response time] 14.414
 [number of tasks] 5
 [nm p s]
 [20] 1 0
 [14] 1 1
 [36] 1 1
 [12] 1 1
 [11] 1 0
 [9] 1 0
 [31] 1 1
 [2] 1 0
 [24] 1 1
 [23] 1 0
13fd30d0-5843-45b7-a47a-5d94495b116c
 [response time] 15.389
 [number of tasks] 5
 [nm p s]
 [44] 1 1
 [42] 1 1
 [11] 1 0
 [8] 1 0
 [31] 1 0
 [7] 1 1
 [29] 1 0
 [4] 1 1
 [25] 1 0
 [24] 1 1
61c435c8-98cd-409d-bb77-bb789841384c
 [response time] 15.341
 [number of tasks] 5
 [nm p s]
 [40] 1 1
 [39] 1 1
 [15] 1 0
 [12] 1 1
 [11] 1 1
 [9] 1 0
 [49] 1 1
 [26] 1 0
 [48] 1 0
 [1] 1 0
17b804f6-298a-49d0-b3bc-758ea891ebc2
 [response time] 15.446
 [number of tasks] 5
 [nm p s]
 [20] 1 0
 [17] 1 0
 [39] 1 1
 [36] 1 1
 [9] 1 0
 [30] 1 1
 [26] 1 0
 [25] 1 0
 [1] 1 1
 [0] 1 1
05171ded-058d-4079-9a1e-29e4280647ea
 [response time] 15.628
 [number of tasks] 5
 [nm p s]
 [20] 1 1
 [42] 1 1
 [37] 1 1
 [13] 1 0
 [36] 1 0
 [31] 1 1
 [26] 1 0
 [1] 1 0
 [23] 1 1
 [46] 1 0
d0de46f6-1f6c-4784-ac39-468fc98259b9
 [response time] 16.089
 [number of tasks] 5
 [nm p s]
 [39] 1 1
 [36] 1 1
 [9] 1 1
 [31] 1 0
 [30] 1 0
 [28] 1 1
 [48] 1 0
 [25] 1 0
 [47] 1 1
 [23] 1 0
51e9ac8e-2759-4453-aacb-b785440a5ec1
 [response time] 16.049
 [number of tasks] 5
 [nm p s]
 [19] 1 1
 [18] 1 1
 [39] 1 0
 [16] 1 0
 [36] 1 0
 [8] 1 1
 [7] 1 1
 [2] 1 0
 [48] 1 1
 [23] 1 0
88640fa4-55a5-4c57-8ef6-e94278f5e31e
 [response time] 16.942
 [number of tasks] 5
 [nm p s]
 [18] 1 1
 [40] 1 1
 [37] 1 1
 [30] 1 0
 [5] 1 0
 [3] 1 0
 [25] 1 0
 [48] 1 0
 [2] 1 1
 [23] 1 1
84c46b67-9a93-40b1-9f22-295de6542380
 [response time] 16.94
 [number of tasks] 5
 [nm p s]
 [19] 1 0
 [40] 1 1
 [17] 1 1
 [38] 1 0
 [14] 1 1
 [36] 1 0
 [31] 1 0
 [49] 1 1
 [3] 1 0
 [23] 1 1
b6b67942-f61a-40de-a966-9ca8c63b063e
 [response time] 17.408
 [number of tasks] 5
 [nm p s]
 [16] 1 1
 [36] 1 1
 [11] 1 0
 [10] 1 0
 [32] 1 1
 [29] 1 0
 [5] 1 1
 [48] 1 1
 [1] 1 0
 [23] 1 0
44bd7e02-8a4f-4402-91db-98124eea06f0
 [response time] 17.532
 [number of tasks] 5
 [nm p s]
 [45] 1 1
 [39] 1 0
 [36] 1 0
 [11] 1 0
 [33] 1 1
 [10] 1 1
 [6] 1 0
 [3] 1 1
 [47] 1 1
 [46] 1 0
7bcb7500-749a-4d7a-a649-1ceb7b2bc533
 [response time] 17.692
 [number of tasks] 5
 [nm p s]
 [44] 1 0
 [15] 1 1
 [38] 1 1
 [12] 1 1
 [11] 1 0
 [31] 1 1
 [30] 1 0
 [25] 1 0
 [1] 1 1
 [46] 1 0
0bb281dd-e714-49a2-8b84-e8f529b9c73c
 [response time] 18.351
 [number of tasks] 5
 [nm p s]
 [19] 1 1
 [42] 1 1
 [41] 1 0
 [15] 1 1
 [14] 1 1
 [13] 1 0
 [7] 1 0
 [4] 1 1
 [49] 1 0
 [25] 1 0
637db515-c892-4d0c-baca-2183e7321b1f
 [response time] 18.383
 [number of tasks] 5
 [nm p s]
 [45] 1 1
 [43] 1 1
 [40] 1 1
 [14] 1 0
 [34] 1 0
 [9] 1 1
 [32] 1 1
 [30] 1 0
 [2] 1 0
 [1] 1 0
b5fa3db3-06f3-4be6-b8bd-be67f1063a4f
 [response time] 18.654
 [number of tasks] 5
 [nm p s]
 [21] 1 0
 [16] 1 0
 [39] 1 1
 [9] 1 1
 [49] 1 0
 [3] 1 0
 [26] 1 1
 [2] 1 0
 [47] 1 1
 [46] 1 1
24d18d6e-2d2e-4a74-a735-0cf58e8b73b4
 [response time] 18.938
 [number of tasks] 5
 [nm p s]
 [22] 1 0
 [20] 1 0
 [19] 1 1
 [16] 1 1
 [15] 1 1
 [38] 1 1
 [9] 1 0
 [30] 1 0
 [47] 1 0
 [23] 1 1
adbf16f1-5d91-45b3-9083-f331e2441e1a
 [response time] 19.131
 [number of tasks] 5
 [nm p s]
 [22] 1 1
 [41] 1 0
 [13] 1 0
 [36] 1 1
 [32] 1 1
 [8] 1 1
 [30] 1 0
 [29] 1 0
 [5] 1 1
 [49] 1 0
3e8388bd-a981-4347-a8d5-e076bdc71c52
 [response time] 19.782
 [number of tasks] 5
 [nm p s]
 [42] 1 0
 [18] 1 1
 [17] 1 1
 [16] 1 1
 [15] 1 0
 [13] 1 0
 [9] 1 0
 [32] 1 0
 [0] 1 1
 [46] 1 1
f38eccc0-7393-4738-b796-6e7a1db8b6c6
 [response time] 19.82
 [number of tasks] 5
 [nm p s]
 [21] 1 0
 [43] 1 1
 [40] 1 0
 [15] 1 0
 [14] 1 0
 [32] 1 1
 [29] 1 1
 [4] 1 0
 [25] 1 1
 [0] 1 1
f4850749-945f-4688-bb04-e8693fb6ace4
 [response time] 20.012
 [number of tasks] 5
 [nm p s]
 [21] 1 1
 [41] 1 0
 [38] 1 1
 [13] 1 0
 [12] 1 1
 [34] 1 0
 [33] 1 0
 [10] 1 1
 [25] 1 1
 [0] 1 0
e404baae-ee73-4560-889d-5b77329c0cee
 [response time] 20.604
 [number of tasks] 5
 [nm p s]
 [22] 1 0
 [44] 1 0
 [16] 1 1
 [8] 1 1
 [28] 1 0
 [4] 1 0
 [27] 1 1
 [49] 1 0
 [25] 1 1
 [23] 1 1
68fb79c3-7814-42e6-8c70-b033a860d54b
 [response time] 20.849
 [number of tasks] 5
 [nm p s]
 [14] 1 1
 [12] 1 0
 [10] 1 0
 [31] 1 1
 [6] 1 1
 [28] 1 1
 [27] 1 0
 [3] 1 0
 [25] 1 0
 [24] 1 1
61cb0a63-5e6e-41db-bc7f-6d5ba504a40f
 [response time] 21.225
 [number of tasks] 5
 [nm p s]
 [42] 1 1
 [12] 1 0
 [9] 1 1
 [31] 1 0
 [5] 1 1
 [28] 1 0
 [27] 1 0
 [1] 1 1
 [24] 1 0
 [46] 1 1
2141036e-f278-41b4-a240-9191717f273a
 [response time] 21.498
 [number of tasks] 5
 [nm p s]
 [22] 1 0
 [40] 1 1
 [38] 1 0
 [13] 1 0
 [36] 1 0
 [7] 1 1
 [29] 1 1
 [2] 1 0
 [24] 1 1
 [23] 1 1
a341d7fe-cd51-4e0a-b163-b1bcdc473c0d
 [response time] 21.885
 [number of tasks] 5
 [nm p s]
 [19] 1 0
 [16] 1 0
 [38] 1 1
 [35] 1 0
 [11] 1 1
 [32] 1 1
 [6] 1 0
 [3] 1 1
 [25] 1 1
 [0] 1 0
84341491-d4df-4eb7-920f-d097b8bb42a9
 [response time] 22.078
 [number of tasks] 5
 [nm p s]
 [21] 1 1
 [19] 1 0
 [42] 1 1
 [13] 1 1
 [12] 1 0
 [8] 1 0
 [7] 1 1
 [5] 1 1
 [49] 1 0
 [23] 1 0
6e4ab8bd-5b71-45f8-9a88-645697c48182
 [response time] 22.161
 [number of tasks] 5
 [nm p s]
 [42] 1 1
 [15] 1 1
 [38] 1 0
 [31] 1 0
 [3] 1 0
 [26] 1 0
 [48] 1 1
 [25] 1 1
 [1] 1 0
 [0] 1 1
95df2dbf-de9e-48c4-b1f5-f609c94eb8bb
 [response time] 22.303
 [number of tasks] 5
 [nm p s]
 [18] 1 1
 [41] 1 0
 [16] 1 1
 [38] 1 0
 [37] 1 0
 [10] 1 1
 [7] 1 1
 [49] 1 0
 [23] 1 0
 [46] 1 1
384ee611-32d4-4942-b156-1e00f2afb4b8
 [response time] 22.441
 [number of tasks] 5
 [nm p s]
 [44] 1 1
 [41] 1 1
 [39] 1 1
 [38] 1 0
 [34] 1 1
 [33] 1 0
 [30] 1 1
 [49] 1 0
 [0] 1 0
 [23] 1 0
6be635b3-0fce-4d5e-9f54-e15042eb164f
 [response time] 22.719
 [number of tasks] 5
 [nm p s]
 [44] 1 0
 [42] 1 1
 [17] 1 1
 [37] 1 0
 [34] 1 1
 [32] 1 1
 [8] 1 0
 [3] 1 0
 [24] 1 1
 [23] 1 0
22587f8f-f510-4e5e-ab17-679cd89bb4a6
 [response time] 23.001
 [number of tasks] 5
 [nm p s]
 [22] 1 1
 [44] 1 0
 [17] 1 0
 [12] 1 0
 [33] 1 1
 [10] 1 0
 [6] 1 1
 [29] 1 0
 [3] 1 1
 [48] 1 1
e4d36e1f-4a7e-43c0-9f64-002eeca48e0d
 [response time] 23.494
 [number of tasks] 5
 [nm p s]
 [44] 1 1
 [39] 1 0
 [14] 1 1
 [13] 1 0
 [12] 1 1
 [11] 1 0
 [10] 1 1
 [6] 1 0
 [49] 1 0
 [1] 1 1
1b30c2fc-9843-48e3-8362-653733339859
 [response time] 23.689
 [number of tasks] 5
 [nm p s]
 [43] 1 0
 [18] 1 0
 [41] 1 1
 [40] 1 1
 [13] 1 0
 [34] 1 1
 [11] 1 1
 [6] 1 1
 [2] 1 0
 [48] 1 0
a22c842f-b5b1-400b-8767-655f318c0e46
 [response time] 24.117
 [number of tasks] 5
 [nm p s]
 [22] 1 1
 [36] 1 0
 [12] 1 1
 [35] 1 1
 [31] 1 1
 [30] 1 0
 [26] 1 0
 [2] 1 1
 [48] 1 0
 [23] 1 0
8fdf17f5-c828-4f28-a71d-fe1d21e80ff1
 [response time] 24.098
 [number of tasks] 5
 [nm p s]
 [42] 1 1
 [16] 1 1
 [12] 1 0
 [5] 1 0
 [49] 1 0
 [2] 1 0
 [48] 1 0
 [1] 1 1
 [0] 1 1
 [46] 1 1
1cdc8594-58ea-4080-961e-ba522deea58a
 [response time] 24.822
 [number of tasks] 5
 [nm p s]
 [43] 1 1
 [11] 1 1
 [34] 1 1
 [9] 1 1
 [8] 1 0
 [31] 1 0
 [7] 1 0
 [48] 1 0
 [47] 1 1
 [46] 1 0
666cafd7-7e2e-4980-939c-b32bec30745a
 [response time] 25.095
 [number of tasks] 5
 [nm p s]
 [36] 1 1
 [12] 1 0
 [33] 1 1
 [9] 1 1
 [6] 1 1
 [48] 1 0
 [24] 1 1
 [1] 1 0
 [47] 1 0
 [23] 1 0
ce3c161c-f46d-41bb-9605-fe1690acc302
 [response time] 25.426
 [number of tasks] 5
 [nm p s]
 [22] 1 1
 [45] 1 0
 [17] 1 1
 [14] 1 1
 [34] 1 0
 [9] 1 0
 [5] 1 0
 [28] 1 0
 [27] 1 1
 [23] 1 1
ee9c45ee-e659-475d-80dc-cd9ede394316
 [response time] 25.625
 [number of tasks] 5
 [nm p s]
 [13] 1 1
 [34] 1 1
 [32] 1 1
 [30] 1 0
 [6] 1 0
 [29] 1 0
 [5] 1 1
 [28] 1 0
 [26] 1 1
 [49] 1 0
70c501ea-4891-491c-978c-b629652e7736
 [response time] 25.842
 [number of tasks] 5
 [nm p s]
 [19] 1 1
 [14] 1 1
 [37] 1 0
 [36] 1 0
 [35] 1 1
 [28] 1 0
 [3] 1 1
 [2] 1 0
 [24] 1 0
 [0] 1 1
ca1876ba-c7be-4f13-b136-17a1f15ce465
 [response time] 26.016
 [number of tasks] 5
 [nm p s]
 [20] 1 1
 [19] 1 0
 [17] 1 1
 [11] 1 0
 [8] 1 1
 [7] 1 0
 [30] 1 1
 [29] 1 0
 [5] 1 0
 [49] 1 1
8c97ec4f-2c58-452f-afbe-d4e2102d11d1
 [response time] 26.351
 [number of tasks] 5
 [nm p s]
 [15] 1 0
 [13] 1 0
 [36] 1 1
 [10] 1 0
 [5] 1 1
 [28] 1 0
 [27] 1 1
 [48] 1 1
 [1] 1 0
 [23] 1 1
3c436d9c-8b63-413f-a498-3b2e878edf0b
 [response time] 26.301
 [number of tasks] 5
 [nm p s]
 [22] 1 0
 [44] 1 1
 [36] 1 1
 [8] 1 1
 [29] 1 1
 [28] 1 1
 [27] 1 0
 [2] 1 0
 [23] 1 0
 [46] 1 0
e264ad94-ac29-4683-b3c8-bc1a4cfca51f
 [response time] 26.596
 [number of tasks] 5
 [nm p s]
 [22] 1 0
 [19] 1 1
 [14] 1 1
 [12] 1 1
 [11] 1 1
 [10] 1 0
 [30] 1 0
 [29] 1 1
 [5] 1 0
 [48] 1 0
8a9ceff9-6391-45dd-b76f-fb238d236596
 [response time] 27.567
 [number of tasks] 5
 [nm p s]
 [22] 1 0
 [19] 1 0
 [36] 1 1
 [29] 1 1
 [5] 1 1
 [4] 1 0
 [26] 1 1
 [25] 1 1
 [1] 1 0
 [46] 1 0
df503d2b-36df-4269-bb70-48983ec2c717
 [response time] 27.807
 [number of tasks] 5
 [nm p s]
 [22] 1 0
 [45] 1 1
 [17] 1 0
 [13] 1 1
 [12] 1 0
 [9] 1 1
 [7] 1 0
 [30] 1 0
 [4] 1 1
 [49] 1 1
d78fa32a-9b34-443f-b456-5d414944b8b1
 [response time] 27.737
 [number of tasks] 5
 [nm p s]
 [22] 1 0
 [44] 1 0
 [43] 1 0
 [38] 1 1
 [12] 1 0
 [8] 1 1
 [6] 1 1
 [5] 1 1
 [4] 1 0
 [47] 1 1
f39c99b4-cfc0-496f-8ddf-b3325ad85afa
 [response time] 28.778
 [number of tasks] 5
 [nm p s]
 [22] 1 0
 [19] 1 0
 [40] 1 0
 [39] 1 1
 [36] 1 1
 [33] 1 1
 [7] 1 0
 [2] 1 1
 [1] 1 0
 [23] 1 1
5bde7829-2b9f-4d87-9de4-b0c672902593
 [response time] 28.83
 [number of tasks] 5
 [nm p s]
 [18] 1 0
 [41] 1 1
 [40] 1 0
 [13] 1 0
 [32] 1 0
 [6] 1 1
 [5] 1 1
 [27] 1 0
 [1] 1 1
 [46] 1 1
fc97e9b6-fd93-42c4-b71d-46504744382e
 [response time] 29.021
 [number of tasks] 5
 [nm p s]
 [18] 1 0
 [15] 1 1
 [12] 1 0
 [34] 1 0
 [31] 1 0
 [7] 1 0
 [30] 1 1
 [5] 1 1
 [2] 1 1
 [47] 1 1
f0d7ee26-17dc-452f-97c7-34e2d3d886c5
 [response time] 29.378
 [number of tasks] 5
 [nm p s]
 [42] 1 1
 [36] 1 0
 [35] 1 0
 [34] 1 1
 [31] 1 0
 [7] 1 1
 [29] 1 0
 [4] 1 0
 [49] 1 1
 [24] 1 1
bfcbc454-b91f-44fe-b02e-f2f8ca966208
 [response time] 29.502
 [number of tasks] 5
 [nm p s]
 [22] 1 1
 [43] 1 0
 [18] 1 0
 [40] 1 0
 [16] 1 0
 [12] 1 1
 [7] 1 0
 [27] 1 1
 [25] 1 1
 [46] 1 1
2bc7bfca-3341-437d-9551-129ba4ffa31b
 [response time] 29.778
 [number of tasks] 5
 [nm p s]
 [19] 1 1
 [18] 1 1
 [16] 1 0
 [39] 1 0
 [35] 1 0
 [7] 1 0
 [30] 1 0
 [2] 1 1
 [1] 1 1
 [23] 1 1
