[scheduler id] 1
[number of node monitors] 50

[job statistics]
e7ecaadd-a6c7-472e-9547-5952f1a38dc2
 [response time] 0.759
 [number of tasks] 5
 [nm p s]
 [45] 1 0
 [41] 1 1
 [35] 1 0
 [33] 1 0
 [9] 1 0
 [27] 1 1
 [49] 1 1
 [25] 1 1
 [23] 1 0
 [46] 1 1
d9d4ab73-4f2a-4817-9486-fa5a34e7ae4c
 [response time] 1.29
 [number of tasks] 5
 [nm p s]
 [22] 1 1
 [42] 1 0
 [18] 1 1
 [40] 1 0
 [14] 1 0
 [36] 1 0
 [33] 1 1
 [8] 1 1
 [31] 1 1
 [4] 1 0
32b114b3-a9bb-4340-ac06-6d1c9b65aa62
 [response time] 1.802
 [number of tasks] 5
 [nm p s]
 [45] 1 0
 [17] 1 1
 [12] 1 0
 [34] 1 1
 [9] 1 0
 [32] 1 1
 [31] 1 0
 [7] 1 1
 [49] 1 0
 [48] 1 1
d32bd374-96d3-4fed-9faa-4689f8b5e24b
 [response time] 2.402
 [number of tasks] 5
 [nm p s]
 [22] 1 1
 [45] 1 0
 [44] 1 0
 [42] 1 0
 [18] 1 1
 [16] 1 1
 [13] 1 1
 [32] 1 0
 [3] 1 1
 [24] 1 0
52606fc9-b31e-4037-ae00-291712676aab
 [response time] 2.506
 [number of tasks] 5
 [nm p s]
 [39] 1 0
 [13] 1 0
 [35] 1 0
 [8] 1 1
 [30] 1 1
 [27] 1 1
 [26] 1 1
 [24] 1 0
 [0] 1 0
 [23] 1 1
c11d39a6-4bda-45e2-8430-856a01634fb6
 [response time] 3.167
 [number of tasks] 5
 [nm p s]
 [20] 1 1
 [42] 1 0
 [17] 1 1
 [38] 1 0
 [14] 1 0
 [35] 1 0
 [9] 1 1
 [5] 1 1
 [28] 1 1
 [1] 1 0
822d0737-e241-46e6-a1ba-ad3a9818fde9
 [response time] 3.254
 [number of tasks] 5
 [nm p s]
 [45] 1 0
 [21] 1 1
 [20] 1 0
 [43] 1 0
 [40] 1 1
 [11] 1 0
 [6] 1 1
 [29] 1 1
 [28] 1 0
 [26] 1 1
e6d09d34-92ff-408b-9bde-ea93e5205d98
 [response time] 3.169
 [number of tasks] 5
 [nm p s]
 [22] 1 0
 [18] 1 1
 [41] 1 1
 [15] 1 0
 [37] 1 0
 [11] 1 0
 [31] 1 1
 [30] 1 0
 [47] 1 1
 [0] 1 1
26db81e4-5f87-4fb2-a3b8-7d1d7e8ae3f8
 [response time] 4.201
 [number of tasks] 5
 [nm p s]
 [21] 1 1
 [16] 1 0
 [13] 1 1
 [35] 1 0
 [11] 1 0
 [9] 1 0
 [32] 1 1
 [7] 1 0
 [28] 1 1
 [0] 1 1
27f5e038-0f9b-4d58-8733-4500ea67ad7e
 [response time] 4.585
 [number of tasks] 5
 [nm p s]
 [14] 1 1
 [11] 1 0
 [32] 1 1
 [8] 1 1
 [6] 1 0
 [4] 1 1
 [27] 1 1
 [26] 1 0
 [1] 1 0
 [0] 1 0
3e72d838-b2be-4cc2-bb02-4fe3e34f3e21
 [response time] 4.664
 [number of tasks] 5
 [nm p s]
 [43] 1 1
 [18] 1 1
 [16] 1 0
 [11] 1 1
 [34] 1 0
 [30] 1 1
 [4] 1 0
 [49] 1 1
 [23] 1 0
 [46] 1 0
89cad12b-bb55-4d70-b720-90ce32be398c
 [response time] 4.765
 [number of tasks] 5
 [nm p s]
 [45] 1 1
 [44] 1 0
 [20] 1 0
 [38] 1 1
 [13] 1 0
 [11] 1 0
 [8] 1 1
 [30] 1 1
 [28] 1 0
 [4] 1 1
37ef5e76-144f-4c6e-ba76-653a74b02f89
 [response time] 5.381
 [number of tasks] 5
 [nm p s]
 [43] 1 0
 [39] 1 1
 [38] 1 0
 [11] 1 1
 [7] 1 1
 [5] 1 1
 [27] 1 0
 [2] 1 0
 [25] 1 1
 [0] 1 0
4c1c389c-06cc-4f62-89c1-8b2a0f4ea43e
 [response time] 5.667
 [number of tasks] 5
 [nm p s]
 [19] 1 1
 [42] 1 1
 [35] 1 0
 [9] 1 1
 [31] 1 0
 [30] 1 1
 [28] 1 0
 [1] 1 0
 [23] 1 0
 [46] 1 1
da2cfc16-a067-458b-91d9-ffd6ea2ca618
 [response time] 5.824
 [number of tasks] 5
 [nm p s]
 [37] 1 1
 [36] 1 1
 [35] 1 0
 [11] 1 0
 [10] 1 1
 [9] 1 1
 [30] 1 0
 [28] 1 0
 [49] 1 1
 [23] 1 0
028ddddc-ff2b-43e0-876d-40bb6e13851e
 [response time] 6.29
 [number of tasks] 5
 [nm p s]
 [39] 1 0
 [16] 1 0
 [15] 1 0
 [12] 1 1
 [33] 1 1
 [9] 1 0
 [32] 1 0
 [31] 1 1
 [7] 1 1
 [23] 1 1
7a974218-818c-454c-baaa-c47af7af7f60
 [response time] 6.778
 [number of tasks] 5
 [nm p s]
 [17] 1 1
 [40] 1 0
 [13] 1 0
 [11] 1 0
 [34] 1 1
 [10] 1 1
 [33] 1 0
 [49] 1 0
 [25] 1 1
 [0] 1 1
8f13318b-10b5-40a1-ba73-78cfb6a3ce03
 [response time] 6.799
 [number of tasks] 5
 [nm p s]
 [20] 1 0
 [14] 1 1
 [37] 1 1
 [36] 1 1
 [12] 1 1
 [10] 1 0
 [9] 1 0
 [29] 1 0
 [26] 1 0
 [47] 1 1
6412143e-9dde-4b2d-adbe-1fee92218de9
 [response time] 7.24
 [number of tasks] 5
 [nm p s]
 [22] 1 0
 [44] 1 0
 [20] 1 1
 [18] 1 0
 [40] 1 1
 [36] 1 0
 [35] 1 1
 [34] 1 0
 [46] 1 1
 [23] 1 1
f841bc62-2cd7-43ce-9d1d-2e48acdac39a
 [response time] 7.462
 [number of tasks] 5
 [nm p s]
 [45] 1 1
 [20] 1 0
 [19] 1 1
 [41] 1 1
 [39] 1 0
 [12] 1 1
 [35] 1 0
 [11] 1 1
 [7] 1 0
 [25] 1 0
a34560f1-9293-43b2-aa08-c650d744e6f3
 [response time] 7.276
 [number of tasks] 5
 [nm p s]
 [43] 1 1
 [19] 1 0
 [42] 1 0
 [17] 1 1
 [39] 1 0
 [37] 1 1
 [8] 1 1
 [29] 1 1
 [3] 1 0
 [23] 1 0
07eb76bf-e757-420c-8365-e3f37c94b915
 [response time] 7.603
 [number of tasks] 5
 [nm p s]
 [20] 1 1
 [42] 1 0
 [15] 1 0
 [38] 1 1
 [34] 1 0
 [27] 1 0
 [3] 1 1
 [48] 1 1
 [25] 1 0
 [23] 1 1
031e5e03-20a6-42ab-a653-c6ba8e314e99
 [response time] 8.159
 [number of tasks] 5
 [nm p s]
 [41] 1 0
 [16] 1 1
 [15] 1 1
 [38] 1 0
 [12] 1 0
 [11] 1 0
 [7] 1 1
 [3] 1 0
 [49] 1 1
 [2] 1 1
66f52d07-8327-42b7-a77b-1ae45d7109eb
 [response time] 8.22
 [number of tasks] 5
 [nm p s]
 [45] 1 0
 [43] 1 0
 [19] 1 1
 [40] 1 1
 [16] 1 1
 [35] 1 0
 [34] 1 0
 [10] 1 1
 [8] 1 1
 [6] 1 0
a1167c0c-e753-4466-bdfe-45852b962b05
 [response time] 8.738
 [number of tasks] 5
 [nm p s]
 [43] 1 0
 [42] 1 1
 [17] 1 0
 [30] 1 1
 [28] 1 0
 [27] 1 1
 [26] 1 0
 [3] 1 1
 [1] 1 1
 [46] 1 0
a6dd1379-4d20-4883-91f1-fbf5a49d2650
 [response time] 8.745
 [number of tasks] 5
 [nm p s]
 [21] 1 1
 [18] 1 1
 [14] 1 0
 [9] 1 1
 [31] 1 1
 [30] 1 1
 [28] 1 0
 [27] 1 0
 [3] 1 0
 [46] 1 0
f5013d6b-d4c9-4055-a19e-641e12da51df
 [response time] 9.243
 [number of tasks] 5
 [nm p s]
 [44] 1 0
 [20] 1 1
 [42] 1 0
 [40] 1 1
 [5] 1 0
 [28] 1 1
 [49] 1 0
 [24] 1 1
 [23] 1 0
 [0] 1 1
a4811bc9-0318-49cb-a280-2efcfab4cc86
 [response time] 9.533
 [number of tasks] 5
 [nm p s]
 [45] 1 1
 [20] 1 0
 [16] 1 0
 [38] 1 1
 [12] 1 1
 [31] 1 0
 [27] 1 0
 [24] 1 0
 [23] 1 1
 [46] 1 1
b281a1e4-01de-4557-8185-05f98c003857
 [response time] 9.567
 [number of tasks] 5
 [nm p s]
 [44] 1 1
 [43] 1 1
 [41] 1 1
 [35] 1 1
 [11] 1 0
 [33] 1 0
 [9] 1 0
 [32] 1 0
 [26] 1 1
 [49] 1 0
b0d5b3e1-aab9-4e22-b1d2-00e8e42a21b7
 [response time] 10.114
 [number of tasks] 5
 [nm p s]
 [18] 1 0
 [17] 1 0
 [39] 1 0
 [15] 1 1
 [14] 1 0
 [34] 1 1
 [33] 1 1
 [10] 1 0
 [32] 1 1
 [7] 1 1
30ac65ed-58d2-4c47-81f7-3ca7c24ca734
 [response time] 10.174
 [number of tasks] 5
 [nm p s]
 [43] 1 0
 [40] 1 1
 [15] 1 0
 [14] 1 1
 [13] 1 0
 [10] 1 1
 [9] 1 1
 [29] 1 1
 [49] 1 0
 [46] 1 0
69929811-d64c-4740-951e-9007f032319d
 [response time] 10.404
 [number of tasks] 5
 [nm p s]
 [45] 1 1
 [19] 1 1
 [42] 1 0
 [17] 1 0
 [39] 1 1
 [6] 1 1
 [4] 1 1
 [2] 1 0
 [25] 1 0
 [48] 1 0
63d4daf2-010e-4f78-a14a-81711c97fe75
 [response time] 11.098
 [number of tasks] 5
 [nm p s]
 [19] 1 0
 [36] 1 1
 [34] 1 0
 [10] 1 0
 [31] 1 1
 [30] 1 1
 [5] 1 0
 [4] 1 0
 [3] 1 1
 [24] 1 1
e7a96122-a204-4c89-a407-9ac7f34026a6
 [response time] 11.108
 [number of tasks] 5
 [nm p s]
 [45] 1 0
 [22] 1 0
 [19] 1 0
 [38] 1 1
 [12] 1 1
 [10] 1 1
 [9] 1 1
 [7] 1 0
 [3] 1 0
 [49] 1 1
f01a83ab-ce0c-4087-8f7f-dbc5c95024ea
 [response time] 10.981
 [number of tasks] 5
 [nm p s]
 [45] 1 0
 [21] 1 0
 [13] 1 0
 [36] 1 1
 [11] 1 1
 [34] 1 1
 [9] 1 0
 [6] 1 0
 [49] 1 1
 [0] 1 1
668b97bc-393b-48aa-a51a-c0bc4d70e98d
 [response time] 11.564
 [number of tasks] 5
 [nm p s]
 [21] 1 0
 [41] 1 1
 [39] 1 1
 [14] 1 0
 [35] 1 0
 [33] 1 0
 [31] 1 1
 [30] 1 1
 [48] 1 1
 [47] 1 0
90e776b8-2ddf-4dcf-8450-96669c4d59bb
 [response time] 11.691
 [number of tasks] 5
 [nm p s]
 [22] 1 1
 [44] 1 0
 [39] 1 1
 [14] 1 0
 [34] 1 1
 [4] 1 0
 [26] 1 0
 [1] 1 1
 [24] 1 0
 [0] 1 1
c2376cf5-060f-4986-9015-5946e6d814af
 [response time] 12.307
 [number of tasks] 5
 [nm p s]
 [17] 1 0
 [16] 1 1
 [38] 1 1
 [14] 1 0
 [37] 1 0
 [36] 1 0
 [8] 1 1
 [31] 1 1
 [25] 1 1
 [1] 1 0
a340cfc4-fab6-4766-9be4-fa2f6b89458b
 [response time] 12.469
 [number of tasks] 5
 [nm p s]
 [17] 1 0
 [38] 1 1
 [35] 1 1
 [34] 1 0
 [32] 1 1
 [7] 1 1
 [28] 1 0
 [26] 1 0
 [0] 1 1
 [23] 1 0
2d3d0641-0f99-4a8a-baf9-88fe2b7e4fd3
 [response time] 12.611
 [number of tasks] 5
 [nm p s]
 [22] 1 1
 [44] 1 0
 [41] 1 0
 [39] 1 1
 [37] 1 0
 [31] 1 0
 [28] 1 1
 [26] 1 1
 [1] 1 0
 [47] 1 1
1fe01fb9-3ea3-4b71-8677-f18ce24be550
 [response time] 12.758
 [number of tasks] 5
 [nm p s]
 [21] 1 1
 [41] 1 0
 [13] 1 0
 [12] 1 1
 [34] 1 0
 [29] 1 0
 [28] 1 1
 [27] 1 1
 [49] 1 1
 [26] 1 0
1030462b-35f9-4b7f-824d-20b3b5103466
 [response time] 12.929
 [number of tasks] 5
 [nm p s]
 [44] 1 0
 [19] 1 1
 [39] 1 0
 [15] 1 0
 [13] 1 1
 [34] 1 1
 [28] 1 0
 [27] 1 1
 [48] 1 1
 [46] 1 0
82cc2e11-f637-4755-ae2e-6a9a4e46d45f
 [response time] 12.827
 [number of tasks] 5
 [nm p s]
 [42] 1 1
 [17] 1 0
 [14] 1 0
 [36] 1 1
 [31] 1 1
 [7] 1 0
 [30] 1 1
 [6] 1 1
 [29] 1 0
 [48] 1 0
4dc86594-c8b7-49f8-9873-e0729f1e9798
 [response time] 13.532
 [number of tasks] 5
 [nm p s]
 [45] 1 0
 [20] 1 0
 [16] 1 0
 [13] 1 0
 [36] 1 1
 [35] 1 1
 [11] 1 0
 [33] 1 1
 [48] 1 1
 [0] 1 1
f213c45f-2762-4bb6-af27-2a3f9eac71c7
 [response time] 13.505
 [number of tasks] 5
 [nm p s]
 [42] 1 0
 [18] 1 0
 [41] 1 1
 [13] 1 0
 [36] 1 1
 [12] 1 0
 [9] 1 1
 [8] 1 0
 [27] 1 1
 [47] 1 1
8f7a807b-c13f-4430-87ff-41f938ab4ee2
 [response time] 13.939
 [number of tasks] 5
 [nm p s]
 [45] 1 0
 [22] 1 1
 [40] 1 1
 [10] 1 0
 [32] 1 1
 [5] 1 1
 [28] 1 0
 [49] 1 1
 [48] 1 0
 [1] 1 0
b5aa22d3-be8d-4378-bd92-0c165e76c4e2
 [response time] 14.21
 [number of tasks] 5
 [nm p s]
 [20] 1 1
 [41] 1 0
 [16] 1 1
 [11] 1 1
 [33] 1 0
 [31] 1 1
 [30] 1 1
 [49] 1 0
 [25] 1 0
 [0] 1 0
75f8113d-17b7-4d75-b58f-011e6c22887b
 [response time] 14.997
 [number of tasks] 5
 [nm p s]
 [41] 1 0
 [39] 1 1
 [15] 1 1
 [35] 1 1
 [34] 1 0
 [10] 1 0
 [28] 1 1
 [4] 1 0
 [48] 1 1
 [47] 1 0
181ca515-0b2b-428a-a3b6-c6f631453db4
 [response time] 15.191
 [number of tasks] 5
 [nm p s]
 [41] 1 1
 [40] 1 1
 [17] 1 0
 [35] 1 0
 [34] 1 1
 [9] 1 0
 [27] 1 1
 [3] 1 0
 [2] 1 1
 [46] 1 0
dc139fb3-6613-4813-93cd-d23cbac054c4
 [response time] 15.251
 [number of tasks] 5
 [nm p s]
 [16] 1 1
 [15] 1 1
 [37] 1 0
 [35] 1 0
 [7] 1 0
 [4] 1 1
 [3] 1 0
 [2] 1 1
 [24] 1 0
 [46] 1 1
a9e6176d-a04e-4c4b-87d4-3157d0551e59
 [response time] 15.493
 [number of tasks] 5
 [nm p s]
 [22] 1 1
 [42] 1 0
 [15] 1 1
 [37] 1 0
 [35] 1 1
 [33] 1 0
 [32] 1 0
 [8] 1 1
 [6] 1 0
 [48] 1 1
714cc337-95ee-421b-93ae-1809e720e200
 [response time] 15.576
 [number of tasks] 5
 [nm p s]
 [45] 1 0
 [41] 1 1
 [34] 1 1
 [33] 1 1
 [10] 1 1
 [5] 1 1
 [28] 1 0
 [27] 1 0
 [3] 1 0
 [49] 1 0
e05a3d5d-30e9-4a6c-9707-51784ffd71e3
 [response time] 15.876
 [number of tasks] 5
 [nm p s]
 [20] 1 1
 [16] 1 1
 [14] 1 1
 [13] 1 0
 [36] 1 1
 [12] 1 0
 [10] 1 0
 [26] 1 1
 [25] 1 0
 [1] 1 0
ded64d45-2c0f-4a1d-bde4-3e53c377c098
 [response time] 16.278
 [number of tasks] 5
 [nm p s]
 [44] 1 0
 [14] 1 1
 [37] 1 0
 [12] 1 0
 [33] 1 1
 [31] 1 1
 [30] 1 1
 [25] 1 0
 [1] 1 0
 [24] 1 1
0c8802f2-3326-453c-a685-e500b8834b41
 [response time] 16.606
 [number of tasks] 5
 [nm p s]
 [19] 1 0
 [15] 1 0
 [10] 1 1
 [9] 1 1
 [5] 1 0
 [3] 1 0
 [26] 1 1
 [25] 1 1
 [1] 1 0
 [0] 1 1
b07a3ffc-f312-4efd-87ef-ec80436edb08
 [response time] 16.761
 [number of tasks] 5
 [nm p s]
 [20] 1 1
 [19] 1 1
 [17] 1 1
 [16] 1 1
 [38] 1 0
 [13] 1 0
 [34] 1 0
 [33] 1 0
 [6] 1 1
 [46] 1 0
74e92f69-a737-48ce-9e9e-e903324fe52d
 [response time] 17.049
 [number of tasks] 5
 [nm p s]
 [45] 1 1
 [21] 1 0
 [15] 1 0
 [14] 1 1
 [13] 1 0
 [8] 1 1
 [27] 1 1
 [26] 1 1
 [1] 1 0
 [46] 1 0
867a0b3d-55a7-4490-bc19-76f4c0b90c59
 [response time] 17.834
 [number of tasks] 5
 [nm p s]
 [18] 1 0
 [15] 1 1
 [37] 1 0
 [13] 1 1
 [35] 1 1
 [6] 1 1
 [29] 1 0
 [27] 1 0
 [26] 1 0
 [24] 1 1
555220da-82a3-4624-8007-c82c05a8d8fb
 [response time] 18.022
 [number of tasks] 5
 [nm p s]
 [41] 1 0
 [35] 1 1
 [11] 1 0
 [34] 1 1
 [7] 1 1
 [6] 1 0
 [49] 1 1
 [2] 1 0
 [48] 1 1
 [46] 1 0
c1fa21e5-8e40-4e72-a858-f4f5eb02f758
 [response time] 18.063
 [number of tasks] 5
 [nm p s]
 [22] 1 0
 [18] 1 1
 [38] 1 1
 [13] 1 1
 [34] 1 1
 [33] 1 0
 [4] 1 0
 [2] 1 0
 [1] 1 1
 [23] 1 0
50f3994d-f528-4b1c-8625-a5bc26939b4f
 [response time] 18.357
 [number of tasks] 5
 [nm p s]
 [22] 1 1
 [21] 1 1
 [34] 1 0
 [9] 1 0
 [32] 1 0
 [7] 1 0
 [27] 1 0
 [2] 1 1
 [25] 1 1
 [47] 1 1
1438da04-28c4-4f0d-a9c2-80fe8c7c485e
 [response time] 19.173
 [number of tasks] 5
 [nm p s]
 [42] 1 1
 [38] 1 0
 [35] 1 1
 [11] 1 0
 [31] 1 1
 [30] 1 0
 [2] 1 0
 [1] 1 1
 [0] 1 1
 [23] 1 0
911aa6bb-69e1-4409-a4e8-4b08ea40f816
 [response time] 19.515
 [number of tasks] 5
 [nm p s]
 [44] 1 1
 [43] 1 1
 [19] 1 0
 [18] 1 1
 [40] 1 0
 [37] 1 0
 [13] 1 1
 [8] 1 1
 [30] 1 0
 [28] 1 0
7648c9f9-796b-4072-b499-a92354ba10a1
 [response time] 19.62
 [number of tasks] 5
 [nm p s]
 [19] 1 0
 [42] 1 0
 [41] 1 1
 [17] 1 1
 [32] 1 0
 [9] 1 1
 [30] 1 0
 [6] 1 1
 [25] 1 1
 [1] 1 0
1c9301f2-7a3e-4b27-919d-8ad4b3003761
 [response time] 20.082
 [number of tasks] 5
 [nm p s]
 [45] 1 0
 [20] 1 1
 [19] 1 1
 [18] 1 0
 [41] 1 0
 [40] 1 0
 [39] 1 1
 [16] 1 0
 [10] 1 1
 [4] 1 1
705d518d-7be0-42b9-9718-b429a96844ee
 [response time] 20.031
 [number of tasks] 5
 [nm p s]
 [42] 1 1
 [40] 1 0
 [34] 1 1
 [31] 1 1
 [6] 1 0
 [29] 1 0
 [28] 1 0
 [48] 1 1
 [1] 1 1
 [47] 1 0
9b19fa78-c36b-4579-8b1e-5ea1d3cab838
 [response time] 20.638
 [number of tasks] 5
 [nm p s]
 [45] 1 0
 [20] 1 0
 [18] 1 1
 [41] 1 0
 [34] 1 0
 [9] 1 1
 [31] 1 1
 [49] 1 1
 [1] 1 0
 [23] 1 1
6f5bbd45-309c-44d2-84b9-54ccf1d557f0
 [response time] 20.711
 [number of tasks] 5
 [nm p s]
 [43] 1 1
 [17] 1 0
 [16] 1 0
 [33] 1 1
 [10] 1 1
 [9] 1 0
 [32] 1 0
 [29] 1 1
 [4] 1 1
 [46] 1 0
8cdf8a31-53bd-4755-be2d-e8406ae49984
 [response time] 20.644
 [number of tasks] 5
 [nm p s]
 [19] 1 1
 [18] 1 1
 [40] 1 0
 [13] 1 0
 [36] 1 1
 [32] 1 0
 [31] 1 0
 [29] 1 1
 [5] 1 0
 [24] 1 1
d067441e-6db7-4ff5-a44c-05b58301c3ba
 [response time] 21.345
 [number of tasks] 5
 [nm p s]
 [45] 1 0
 [40] 1 0
 [13] 1 1
 [12] 1 0
 [32] 1 1
 [6] 1 1
 [27] 1 0
 [3] 1 0
 [25] 1 1
 [0] 1 1
74a8cf75-2249-476b-98dc-58648088d0cc
 [response time] 21.497
 [number of tasks] 5
 [nm p s]
 [22] 1 0
 [42] 1 1
 [16] 1 1
 [14] 1 0
 [13] 1 0
 [36] 1 1
 [35] 1 0
 [11] 1 1
 [9] 1 1
 [31] 1 0
2123887c-ec16-4ef9-9843-c663b3984520
 [response time] 21.475
 [number of tasks] 5
 [nm p s]
 [22] 1 0
 [44] 1 1
 [41] 1 0
 [17] 1 1
 [16] 1 0
 [9] 1 0
 [8] 1 0
 [6] 1 1
 [48] 1 1
 [46] 1 1
a1020e1b-07fc-4484-b290-581e9a083cf0
 [response time] 22.389
 [number of tasks] 5
 [nm p s]
 [20] 1 1
 [17] 1 0
 [40] 1 1
 [15] 1 1
 [37] 1 1
 [35] 1 1
 [9] 1 0
 [31] 1 0
 [26] 1 0
 [24] 1 0
026d0861-ceed-44a3-81f9-d8aaa3580c84
 [response time] 22.407
 [number of tasks] 5
 [nm p s]
 [45] 1 0
 [43] 1 0
 [19] 1 1
 [37] 1 0
 [12] 1 0
 [35] 1 0
 [31] 1 1
 [4] 1 1
 [48] 1 1
 [25] 1 1
c2664a9a-fd4d-4a8a-b889-8b94b57c0067
 [response time] 22.722
 [number of tasks] 5
 [nm p s]
 [40] 1 0
 [37] 1 1
 [14] 1 0
 [36] 1 1
 [33] 1 0
 [28] 1 1
 [27] 1 1
 [25] 1 0
 [23] 1 0
 [46] 1 1
38e1d747-292d-4100-b2b8-322c0b7bebd7
 [response time] 22.787
 [number of tasks] 5
 [nm p s]
 [41] 1 1
 [39] 1 0
 [15] 1 1
 [14] 1 0
 [34] 1 1
 [10] 1 0
 [29] 1 1
 [5] 1 0
 [4] 1 0
 [26] 1 1
2947dacc-ef1b-4a6c-af98-6c76545987c2
 [response time] 23.206
 [number of tasks] 5
 [nm p s]
 [45] 1 1
 [39] 1 1
 [34] 1 0
 [10] 1 0
 [32] 1 0
 [8] 1 1
 [5] 1 0
 [4] 1 1
 [47] 1 0
 [23] 1 1
b3adf257-4ac4-4c81-9628-a83833ca78bd
 [response time] 23.203
 [number of tasks] 5
 [nm p s]
 [20] 1 1
 [40] 1 1
 [36] 1 0
 [13] 1 0
 [32] 1 1
 [8] 1 0
 [7] 1 1
 [25] 1 0
 [47] 1 0
 [0] 1 1
f76a2949-975b-48c4-adde-61bdc280ce8e
 [response time] 23.835
 [number of tasks] 5
 [nm p s]
 [21] 1 0
 [38] 1 0
 [35] 1 0
 [9] 1 1
 [7] 1 1
 [5] 1 0
 [28] 1 1
 [47] 1 1
 [0] 1 1
 [46] 1 0
e66d317b-93d9-451f-8b07-a41e8f44751f
 [response time] 24.231
 [number of tasks] 5
 [nm p s]
 [44] 1 1
 [17] 1 0
 [16] 1 0
 [35] 1 1
 [32] 1 1
 [8] 1 0
 [5] 1 1
 [25] 1 0
 [48] 1 1
 [46] 1 0
561c4139-796a-4da9-b77f-fc05c135104d
 [response time] 24.309
 [number of tasks] 5
 [nm p s]
 [21] 1 1
 [20] 1 1
 [40] 1 0
 [39] 1 1
 [12] 1 0
 [33] 1 1
 [32] 1 1
 [9] 1 0
 [7] 1 0
 [48] 1 0
d67e3bec-aff6-4947-91f7-e99ff1a855d8
 [response time] 24.738
 [number of tasks] 5
 [nm p s]
 [43] 1 1
 [13] 1 1
 [35] 1 0
 [32] 1 0
 [31] 1 1
 [7] 1 0
 [3] 1 0
 [48] 1 1
 [1] 1 0
 [0] 1 1
a5cacebf-5640-4150-b5b5-249f8474d33a
 [response time] 24.9
 [number of tasks] 5
 [nm p s]
 [39] 1 1
 [38] 1 1
 [36] 1 0
 [12] 1 1
 [34] 1 1
 [9] 1 0
 [31] 1 0
 [7] 1 0
 [4] 1 1
 [23] 1 0
93c6d215-cf59-427d-a343-8578233978f8
 [response time] 25.566
 [number of tasks] 5
 [nm p s]
 [22] 1 1
 [45] 1 1
 [11] 1 1
 [33] 1 0
 [10] 1 1
 [30] 1 0
 [28] 1 1
 [3] 1 0
 [49] 1 0
 [46] 1 0
5a0a78e4-7c25-4d69-8395-74b826606653
 [response time] 25.526
 [number of tasks] 5
 [nm p s]
 [18] 1 0
 [39] 1 0
 [15] 1 1
 [13] 1 0
 [12] 1 1
 [30] 1 0
 [4] 1 1
 [26] 1 0
 [47] 1 1
 [46] 1 1
3dafc870-2f6f-4a19-b037-5e990b80f050
 [response time] 25.453
 [number of tasks] 5
 [nm p s]
 [20] 1 1
 [19] 1 1
 [16] 1 0
 [15] 1 0
 [14] 1 1
 [9] 1 1
 [4] 1 0
 [26] 1 1
 [1] 1 0
 [46] 1 0
4738069c-2f54-437c-bd5f-4239567d43a8
 [response time] 26.361
 [number of tasks] 5
 [nm p s]
 [22] 1 0
 [43] 1 0
 [41] 1 1
 [16] 1 0
 [14] 1 0
 [33] 1 1
 [32] 1 1
 [8] 1 0
 [48] 1 1
 [46] 1 1
23a8e8bb-ca95-4bdb-89b5-17b7875231d4
 [response time] 26.735
 [number of tasks] 5
 [nm p s]
 [21] 1 0
 [43] 1 1
 [39] 1 0
 [38] 1 1
 [9] 1 1
 [8] 1 0
 [30] 1 1
 [5] 1 1
 [49] 1 0
 [25] 1 0
b3baa3c5-6456-4363-ab98-db49a4fb7394
 [response time] 26.959
 [number of tasks] 5
 [nm p s]
 [43] 1 0
 [40] 1 1
 [15] 1 1
 [11] 1 0
 [32] 1 1
 [31] 1 0
 [8] 1 0
 [28] 1 0
 [3] 1 1
 [1] 1 1
a01060ac-ee90-4955-9dcf-a26011481c10
 [response time] 27.188
 [number of tasks] 5
 [nm p s]
 [22] 1 1
 [44] 1 0
 [20] 1 1
 [35] 1 1
 [10] 1 1
 [8] 1 0
 [5] 1 0
 [25] 1 0
 [23] 1 0
 [46] 1 1
ea44fc18-22ef-4dad-86b9-758f6c7eb31c
 [response time] 27.57
 [number of tasks] 5
 [nm p s]
 [16] 1 1
 [15] 1 1
 [14] 1 1
 [35] 1 1
 [7] 1 0
 [30] 1 1
 [28] 1 0
 [26] 1 0
 [25] 1 0
 [46] 1 0
9bac086b-0608-469b-885a-17375dd8b638
 [response time] 27.831
 [number of tasks] 5
 [nm p s]
 [22] 1 1
 [44] 1 1
 [43] 1 1
 [19] 1 0
 [39] 1 1
 [7] 1 0
 [5] 1 0
 [25] 1 0
 [48] 1 1
 [1] 1 0
24456224-481a-411e-b1f9-7ae486e291c1
 [response time] 28.119
 [number of tasks] 5
 [nm p s]
 [19] 1 1
 [18] 1 0
 [40] 1 0
 [16] 1 1
 [14] 1 0
 [5] 1 0
 [28] 1 0
 [27] 1 1
 [26] 1 1
 [0] 1 1
047f9950-8f65-498a-9fa1-ec283c48f889
 [response time] 28.505
 [number of tasks] 5
 [nm p s]
 [22] 1 1
 [42] 1 0
 [18] 1 0
 [17] 1 1
 [34] 1 1
 [11] 1 0
 [30] 1 0
 [27] 1 1
 [25] 1 1
 [47] 1 0
ca1a6420-b5a3-489a-a0be-32baa5897ba1
 [response time] 28.67
 [number of tasks] 5
 [nm p s]
 [42] 1 0
 [14] 1 0
 [12] 1 1
 [35] 1 1
 [10] 1 0
 [32] 1 1
 [31] 1 1
 [2] 1 0
 [48] 1 0
 [1] 1 1
04d4c69c-54f9-459e-8ccf-7f4062bc446b
 [response time] 28.758
 [number of tasks] 5
 [nm p s]
 [44] 1 1
 [17] 1 1
 [39] 1 0
 [15] 1 0
 [37] 1 1
 [34] 1 0
 [5] 1 0
 [27] 1 1
 [2] 1 0
 [23] 1 1
8d275765-cbb7-42c8-9b82-43dbd3c9d3b5
 [response time] 28.804
 [number of tasks] 5
 [nm p s]
 [42] 1 0
 [18] 1 0
 [14] 1 1
 [13] 1 1
 [34] 1 0
 [30] 1 0
 [4] 1 0
 [3] 1 1
 [49] 1 1
 [1] 1 1
8e9cd099-2fd9-4d82-8bd8-14f4f25590dc
 [response time] 28.977
 [number of tasks] 5
 [nm p s]
 [45] 1 0
 [19] 1 1
 [38] 1 1
 [34] 1 0
 [10] 1 1
 [28] 1 0
 [3] 1 0
 [25] 1 1
 [48] 1 0
 [46] 1 1
264999bb-2faf-47e1-b51f-7b92789cbdb3
 [response time] 29.347
 [number of tasks] 5
 [nm p s]
 [44] 1 1
 [43] 1 1
 [42] 1 1
 [17] 1 0
 [14] 1 0
 [35] 1 0
 [30] 1 0
 [28] 1 1
 [49] 1 1
 [2] 1 0
99360e66-8061-4c70-94dd-b3c7c63e56cd
 [response time] 29.585
 [number of tasks] 5
 [nm p s]
 [44] 1 1
 [20] 1 1
 [42] 1 0
 [15] 1 0
 [37] 1 0
 [6] 1 1
 [4] 1 1
 [3] 1 0
 [26] 1 1
 [1] 1 0
