[scheduler id] 0
[number of node monitors] 50

[job statistics]
a2c58300-8aac-4525-bda7-dec9ea0b8ad7
 [response time] 1.004
 [number of tasks] 5
 [nm p s]
 [43] 1 0
 [16] 1 0
 [39] 1 0
 [38] 1 1
 [15] 1 1
 [37] 1 0
 [13] 1 1
 [34] 1 1
 [5] 1 1
 [2] 1 0
f1b879bc-626b-48a1-b1ae-3e0f0e76172d
 [response time] 1.242
 [number of tasks] 5
 [nm p s]
 [43] 1 0
 [20] 1 0
 [19] 1 1
 [38] 1 0
 [12] 1 0
 [32] 1 1
 [30] 1 0
 [4] 1 1
 [26] 1 1
 [1] 1 1
362ebe7d-45bd-4408-af33-ba71175d033f
 [response time] 1.971
 [number of tasks] 5
 [nm p s]
 [21] 1 1
 [37] 1 1
 [14] 1 0
 [35] 1 0
 [10] 1 0
 [6] 1 1
 [5] 1 1
 [48] 1 0
 [47] 1 0
 [46] 1 1
3b2cc6ef-2d0f-4c70-a7b5-13e0ecf5f88f
 [response time] 2.094
 [number of tasks] 5
 [nm p s]
 [18] 1 1
 [40] 1 0
 [14] 1 0
 [12] 1 0
 [7] 1 0
 [5] 1 1
 [27] 1 1
 [3] 1 0
 [25] 1 1
 [24] 1 1
a15e1836-47d8-4ea6-ba57-e7aa7ab0f1d3
 [response time] 2.425
 [number of tasks] 5
 [nm p s]
 [20] 1 0
 [16] 1 0
 [13] 1 1
 [10] 1 1
 [9] 1 1
 [32] 1 0
 [7] 1 0
 [4] 1 1
 [48] 1 1
 [46] 1 0
dc14c62f-4703-495d-bf54-838533ea6264
 [response time] 2.598
 [number of tasks] 5
 [nm p s]
 [45] 1 1
 [38] 1 1
 [37] 1 0
 [35] 1 0
 [32] 1 1
 [31] 1 0
 [47] 1 0
 [0] 1 1
 [23] 1 1
 [46] 1 0
fb75a082-6953-4cbc-8069-862a1f17540f
 [response time] 2.725
 [number of tasks] 5
 [nm p s]
 [17] 1 1
 [15] 1 0
 [37] 1 1
 [36] 1 1
 [9] 1 0
 [31] 1 0
 [7] 1 1
 [49] 1 1
 [24] 1 0
 [46] 1 0
3148df65-ea7c-4086-9283-28426abb52cd
 [response time] 3.004
 [number of tasks] 5
 [nm p s]
 [44] 1 1
 [43] 1 0
 [15] 1 1
 [14] 1 0
 [13] 1 1
 [8] 1 0
 [26] 1 0
 [3] 1 0
 [25] 1 1
 [48] 1 1
a199b960-200c-4388-b20b-e07ea6ec22dd
 [response time] 3.39
 [number of tasks] 5
 [nm p s]
 [21] 1 1
 [40] 1 0
 [11] 1 0
 [34] 1 1
 [9] 1 0
 [3] 1 0
 [26] 1 0
 [48] 1 1
 [24] 1 1
 [46] 1 1
fe0dde44-4837-454b-8724-61b4abeb7f33
 [response time] 3.495
 [number of tasks] 5
 [nm p s]
 [22] 1 0
 [40] 1 0
 [14] 1 0
 [36] 1 1
 [34] 1 1
 [29] 1 0
 [49] 1 1
 [2] 1 1
 [1] 1 1
 [0] 1 0
c1b6aac1-3d3c-4048-a764-ba1d1bce6c9d
 [response time] 3.821
 [number of tasks] 5
 [nm p s]
 [44] 1 0
 [42] 1 1
 [16] 1 0
 [15] 1 1
 [13] 1 0
 [12] 1 1
 [34] 1 1
 [10] 1 1
 [8] 1 0
 [48] 1 0
eb146415-4479-41ff-952d-9b0457638279
 [response time] 3.955
 [number of tasks] 5
 [nm p s]
 [43] 1 1
 [41] 1 0
 [16] 1 1
 [13] 1 0
 [35] 1 0
 [9] 1 0
 [3] 1 1
 [23] 1 1
 [0] 1 0
 [46] 1 1
43d9ece8-a411-4c83-83ba-2808516536e2
 [response time] 4.726
 [number of tasks] 5
 [nm p s]
 [22] 1 0
 [43] 1 1
 [41] 1 1
 [35] 1 0
 [33] 1 1
 [31] 1 1
 [6] 1 0
 [25] 1 0
 [2] 1 0
 [46] 1 1
be81089e-3e31-4a7f-90fa-81aa720f2506
 [response time] 4.979
 [number of tasks] 5
 [nm p s]
 [45] 1 1
 [42] 1 0
 [17] 1 1
 [40] 1 0
 [15] 1 1
 [13] 1 0
 [12] 1 1
 [8] 1 0
 [29] 1 0
 [1] 1 1
75226994-7f8e-4433-a9f8-7fe283abd96f
 [response time] 5.009
 [number of tasks] 5
 [nm p s]
 [21] 1 1
 [20] 1 1
 [16] 1 0
 [35] 1 1
 [11] 1 0
 [10] 1 1
 [32] 1 1
 [6] 1 0
 [1] 1 0
 [0] 1 0
43090cb4-22d8-41c3-ae70-1341bf4da0d1
 [response time] 5.562
 [number of tasks] 5
 [nm p s]
 [45] 1 1
 [18] 1 1
 [17] 1 1
 [12] 1 0
 [10] 1 1
 [30] 1 0
 [6] 1 0
 [1] 1 0
 [47] 1 1
 [0] 1 0
46679463-f232-493e-980f-6bee0c87aefe
 [response time] 5.494
 [number of tasks] 5
 [nm p s]
 [21] 1 0
 [41] 1 0
 [15] 1 0
 [12] 1 1
 [34] 1 1
 [7] 1 1
 [29] 1 1
 [5] 1 0
 [48] 1 1
 [1] 1 0
87173f73-4d58-49f2-9ae9-2b4374d752ee
 [response time] 5.711
 [number of tasks] 5
 [nm p s]
 [19] 1 1
 [16] 1 0
 [14] 1 1
 [34] 1 1
 [33] 1 0
 [31] 1 0
 [5] 1 0
 [4] 1 0
 [27] 1 1
 [24] 1 1
a2046484-13f6-4261-9614-facc6dfe3125
 [response time] 5.967
 [number of tasks] 5
 [nm p s]
 [21] 1 0
 [43] 1 0
 [42] 1 0
 [17] 1 0
 [40] 1 1
 [16] 1 0
 [39] 1 1
 [37] 1 1
 [32] 1 1
 [3] 1 1
0c71893c-1d2a-4d0b-97a8-b506d449a242
 [response time] 6.349
 [number of tasks] 5
 [nm p s]
 [22] 1 1
 [45] 1 1
 [44] 1 1
 [18] 1 0
 [40] 1 1
 [14] 1 1
 [35] 1 0
 [31] 1 0
 [29] 1 0
 [28] 1 0
fb39ec62-09ac-4016-a2a6-8787ce1c550e
 [response time] 6.63
 [number of tasks] 5
 [nm p s]
 [22] 1 1
 [44] 1 0
 [42] 1 1
 [17] 1 1
 [16] 1 1
 [35] 1 0
 [11] 1 0
 [28] 1 0
 [2] 1 0
 [1] 1 1
ee86c710-6cb8-4c68-8cbe-3b66536ef156
 [response time] 7.151
 [number of tasks] 5
 [nm p s]
 [22] 1 1
 [21] 1 0
 [38] 1 1
 [14] 1 0
 [32] 1 0
 [8] 1 1
 [7] 1 1
 [27] 1 1
 [49] 1 0
 [24] 1 0
1fe34d27-73d1-4fec-b1a2-adfffcb87a5b
 [response time] 7.528
 [number of tasks] 5
 [nm p s]
 [17] 1 1
 [39] 1 1
 [38] 1 0
 [13] 1 1
 [33] 1 0
 [6] 1 1
 [5] 1 0
 [4] 1 0
 [25] 1 1
 [46] 1 0
e1e00346-7680-44c4-8f7b-931db9ea8463
 [response time] 7.755
 [number of tasks] 5
 [nm p s]
 [45] 1 1
 [21] 1 1
 [15] 1 0
 [14] 1 0
 [34] 1 1
 [10] 1 0
 [32] 1 1
 [31] 1 1
 [49] 1 0
 [48] 1 0
836a8b2c-f3f3-44e4-8d30-c0f790b53c46
 [response time] 7.765
 [number of tasks] 5
 [nm p s]
 [43] 1 1
 [41] 1 1
 [37] 1 0
 [36] 1 1
 [12] 1 0
 [33] 1 0
 [9] 1 0
 [31] 1 1
 [25] 1 1
 [46] 1 0
025880f1-d6eb-4080-bee7-e50f359a59ef
 [response time] 7.913
 [number of tasks] 5
 [nm p s]
 [45] 1 1
 [22] 1 1
 [44] 1 0
 [18] 1 1
 [36] 1 0
 [32] 1 0
 [5] 1 0
 [3] 1 0
 [47] 1 1
 [0] 1 1
ebf7592b-d847-4dd1-8cdc-205d9ca827b9
 [response time] 8.215
 [number of tasks] 5
 [nm p s]
 [21] 1 1
 [13] 1 1
 [12] 1 1
 [35] 1 0
 [9] 1 0
 [5] 1 0
 [27] 1 1
 [25] 1 0
 [24] 1 1
 [46] 1 0
4f9ab0a9-c78d-47e9-9e21-dd8a97b0fe65
 [response time] 9.003
 [number of tasks] 5
 [nm p s]
 [19] 1 0
 [39] 1 1
 [14] 1 0
 [36] 1 1
 [34] 1 1
 [33] 1 0
 [7] 1 0
 [3] 1 1
 [49] 1 0
 [25] 1 1
b99ab423-5081-43e8-be1e-3721030453de
 [response time] 9.136
 [number of tasks] 5
 [nm p s]
 [22] 1 1
 [20] 1 0
 [17] 1 1
 [35] 1 0
 [12] 1 1
 [32] 1 0
 [7] 1 1
 [30] 1 1
 [48] 1 0
 [46] 1 0
2b4a82c3-6cd6-4114-8df5-4c3487619a6e
 [response time] 9.093
 [number of tasks] 5
 [nm p s]
 [22] 1 1
 [44] 1 0
 [19] 1 0
 [41] 1 1
 [16] 1 0
 [15] 1 1
 [27] 1 0
 [2] 1 1
 [24] 1 1
 [23] 1 0
69e8ad57-760e-4c25-a2e8-1d38b34040f9
 [response time] 9.427
 [number of tasks] 5
 [nm p s]
 [15] 1 0
 [13] 1 1
 [11] 1 0
 [34] 1 0
 [31] 1 1
 [29] 1 1
 [5] 1 0
 [28] 1 1
 [27] 1 1
 [2] 1 0
6687db21-f0f1-4471-bb22-7813e20592d4
 [response time] 9.712
 [number of tasks] 5
 [nm p s]
 [44] 1 0
 [17] 1 0
 [40] 1 1
 [38] 1 1
 [37] 1 0
 [13] 1 1
 [12] 1 1
 [6] 1 1
 [25] 1 0
 [23] 1 0
a74a8d78-5fa1-4124-8346-78ef8f11e6a7
 [response time] 9.891
 [number of tasks] 5
 [nm p s]
 [16] 1 0
 [37] 1 1
 [34] 1 0
 [9] 1 0
 [5] 1 0
 [4] 1 1
 [49] 1 0
 [25] 1 1
 [2] 1 1
 [24] 1 1
358c4409-f8e2-479a-a878-f43aee16461a
 [response time] 10.14
 [number of tasks] 5
 [nm p s]
 [22] 1 0
 [44] 1 0
 [20] 1 0
 [40] 1 1
 [8] 1 1
 [30] 1 1
 [6] 1 0
 [4] 1 1
 [3] 1 0
 [0] 1 1
2a003896-9e1b-43e4-9eaa-9bf1ce26b020
 [response time] 10.71
 [number of tasks] 5
 [nm p s]
 [22] 1 0
 [18] 1 0
 [17] 1 0
 [40] 1 0
 [13] 1 1
 [34] 1 1
 [29] 1 1
 [6] 1 0
 [28] 1 1
 [1] 1 1
2cf567e4-90c3-407d-8b46-71de897bade4
 [response time] 10.843
 [number of tasks] 5
 [nm p s]
 [44] 1 0
 [20] 1 1
 [43] 1 1
 [40] 1 1
 [38] 1 0
 [10] 1 0
 [29] 1 1
 [27] 1 0
 [47] 1 0
 [46] 1 1
760d3238-f26b-4b6a-9015-22ac1d91a363
 [response time] 10.878
 [number of tasks] 5
 [nm p s]
 [45] 1 0
 [42] 1 0
 [41] 1 1
 [36] 1 0
 [8] 1 0
 [30] 1 1
 [4] 1 1
 [49] 1 0
 [47] 1 1
 [46] 1 1
c703d925-0e5b-4300-8845-e46d6688fc2e
 [response time] 10.817
 [number of tasks] 5
 [nm p s]
 [16] 1 1
 [13] 1 0
 [11] 1 1
 [8] 1 0
 [7] 1 1
 [29] 1 0
 [25] 1 0
 [48] 1 0
 [0] 1 1
 [23] 1 1
17ae32cd-63a3-4782-b2c4-a81f45ee2d49
 [response time] 11.174
 [number of tasks] 5
 [nm p s]
 [22] 1 0
 [45] 1 1
 [44] 1 1
 [15] 1 1
 [38] 1 0
 [30] 1 0
 [6] 1 0
 [27] 1 1
 [3] 1 0
 [1] 1 1
82cd874b-b9d9-47af-a4a0-834a1cc0a68c
 [response time] 11.647
 [number of tasks] 5
 [nm p s]
 [42] 1 0
 [18] 1 1
 [14] 1 0
 [37] 1 1
 [36] 1 1
 [34] 1 0
 [32] 1 1
 [9] 1 1
 [29] 1 0
 [28] 1 0
45c67a23-79e8-435e-80c4-14511d314b0a
 [response time] 12.08
 [number of tasks] 5
 [nm p s]
 [21] 1 0
 [19] 1 1
 [42] 1 1
 [18] 1 1
 [15] 1 0
 [37] 1 0
 [33] 1 1
 [30] 1 1
 [29] 1 0
 [48] 1 0
c03444de-3f8b-4205-9a6a-c95ead86f2ce
 [response time] 12.536
 [number of tasks] 5
 [nm p s]
 [21] 1 0
 [15] 1 1
 [38] 1 0
 [11] 1 0
 [34] 1 1
 [10] 1 1
 [32] 1 1
 [9] 1 1
 [5] 1 0
 [48] 1 0
44ebae05-c432-448b-8db4-ec4f58c6017d
 [response time] 12.752
 [number of tasks] 5
 [nm p s]
 [21] 1 0
 [20] 1 1
 [14] 1 0
 [13] 1 0
 [33] 1 1
 [32] 1 0
 [6] 1 1
 [29] 1 1
 [4] 1 1
 [2] 1 0
3b8e4e9b-a76f-4067-9dfd-68afe1606dbe
 [response time] 12.69
 [number of tasks] 5
 [nm p s]
 [21] 1 0
 [20] 1 0
 [39] 1 1
 [11] 1 0
 [9] 1 1
 [8] 1 1
 [28] 1 0
 [26] 1 0
 [24] 1 1
 [23] 1 1
7df5ff50-1a2b-4636-9bc4-acac2bf4733e
 [response time] 13.505
 [number of tasks] 5
 [nm p s]
 [22] 1 0
 [21] 1 0
 [19] 1 1
 [18] 1 1
 [14] 1 0
 [36] 1 1
 [31] 1 0
 [48] 1 0
 [1] 1 1
 [24] 1 1
ba9020ae-96f4-46c2-a21c-5c588123fce8
 [response time] 13.814
 [number of tasks] 5
 [nm p s]
 [39] 1 1
 [38] 1 0
 [13] 1 1
 [35] 1 0
 [8] 1 0
 [28] 1 1
 [26] 1 1
 [47] 1 0
 [23] 1 1
 [46] 1 0
94c8904a-e4fe-4ae1-9762-3b820bbf2b28
 [response time] 14.32
 [number of tasks] 5
 [nm p s]
 [22] 1 0
 [45] 1 1
 [43] 1 0
 [39] 1 0
 [29] 1 1
 [4] 1 1
 [27] 1 1
 [26] 1 0
 [47] 1 0
 [24] 1 1
75fabab4-65b9-4436-bdba-a161297c3b6c
 [response time] 14.535
 [number of tasks] 5
 [nm p s]
 [42] 1 1
 [15] 1 1
 [13] 1 0
 [35] 1 0
 [10] 1 0
 [8] 1 0
 [29] 1 0
 [26] 1 1
 [24] 1 1
 [23] 1 1
bcb7dd4d-f4a7-4d5a-aa28-609581333944
 [response time] 14.555
 [number of tasks] 5
 [nm p s]
 [21] 1 1
 [42] 1 0
 [40] 1 1
 [10] 1 0
 [33] 1 0
 [30] 1 1
 [6] 1 0
 [28] 1 1
 [2] 1 1
 [46] 1 0
dca3aaaa-c16f-471c-a689-10940353729a
 [response time] 14.718
 [number of tasks] 5
 [nm p s]
 [42] 1 0
 [19] 1 0
 [38] 1 1
 [37] 1 1
 [36] 1 1
 [10] 1 0
 [32] 1 0
 [6] 1 1
 [29] 1 0
 [47] 1 1
c9f03d0a-f2e1-4e88-a077-6b49ddae6a65
 [response time] 15.058
 [number of tasks] 5
 [nm p s]
 [20] 1 1
 [14] 1 1
 [9] 1 1
 [30] 1 0
 [4] 1 0
 [27] 1 0
 [26] 1 0
 [3] 1 1
 [25] 1 1
 [47] 1 0
a52fe8c7-70d8-4153-9ff5-295851d0bfe7
 [response time] 15.653
 [number of tasks] 5
 [nm p s]
 [45] 1 1
 [43] 1 1
 [42] 1 0
 [14] 1 1
 [12] 1 0
 [31] 1 0
 [6] 1 1
 [26] 1 0
 [25] 1 0
 [0] 1 1
adef6d4b-48c7-41be-9cfa-67fbd22bbf8c
 [response time] 15.76
 [number of tasks] 5
 [nm p s]
 [22] 1 1
 [20] 1 0
 [17] 1 1
 [15] 1 0
 [13] 1 0
 [10] 1 0
 [8] 1 0
 [30] 1 1
 [49] 1 1
 [48] 1 1
50ec27b2-3860-48ad-8c0c-0043d59372c3
 [response time] 16.035
 [number of tasks] 5
 [nm p s]
 [42] 1 0
 [40] 1 1
 [39] 1 1
 [37] 1 1
 [13] 1 0
 [12] 1 0
 [35] 1 0
 [27] 1 1
 [2] 1 1
 [23] 1 0
7e2222fd-bf40-4d71-bcf1-4f83e70353e2
 [response time] 16.039
 [number of tasks] 5
 [nm p s]
 [17] 1 0
 [38] 1 1
 [14] 1 1
 [36] 1 0
 [11] 1 1
 [7] 1 0
 [6] 1 1
 [5] 1 1
 [2] 1 0
 [23] 1 0
1a75009c-c89e-488e-8b36-5150438072b8
 [response time] 16.631
 [number of tasks] 5
 [nm p s]
 [22] 1 0
 [21] 1 1
 [18] 1 1
 [31] 1 0
 [5] 1 1
 [28] 1 1
 [27] 1 1
 [3] 1 0
 [49] 1 0
 [46] 1 0
233f83a5-7fa5-4446-849f-fef1c0126d9a
 [response time] 16.781
 [number of tasks] 5
 [nm p s]
 [21] 1 1
 [39] 1 1
 [36] 1 0
 [29] 1 1
 [26] 1 0
 [25] 1 0
 [1] 1 1
 [47] 1 1
 [0] 1 0
 [23] 1 0
9244e99b-7469-4994-8144-0b6de530bbe7
 [response time] 17.189
 [number of tasks] 5
 [nm p s]
 [22] 1 0
 [42] 1 1
 [17] 1 1
 [16] 1 0
 [38] 1 0
 [13] 1 1
 [6] 1 0
 [29] 1 1
 [2] 1 0
 [48] 1 1
0d8e8a99-d72f-4924-90ce-8b8192607ae4
 [response time] 17.362
 [number of tasks] 5
 [nm p s]
 [44] 1 1
 [21] 1 0
 [20] 1 1
 [42] 1 1
 [40] 1 0
 [35] 1 1
 [10] 1 0
 [9] 1 0
 [29] 1 0
 [4] 1 1
e843a89c-60a1-424c-ac47-9a201a4f04a4
 [response time] 17.422
 [number of tasks] 5
 [nm p s]
 [22] 1 1
 [21] 1 0
 [41] 1 1
 [40] 1 0
 [14] 1 1
 [12] 1 1
 [7] 1 0
 [26] 1 0
 [2] 1 0
 [46] 1 1
afeab88c-ac24-4861-b6f5-44b871889934
 [response time] 17.399
 [number of tasks] 5
 [nm p s]
 [17] 1 0
 [11] 1 0
 [7] 1 1
 [30] 1 0
 [5] 1 1
 [3] 1 1
 [25] 1 0
 [1] 1 0
 [24] 1 1
 [0] 1 1
9bbf3578-4278-4c1e-98e9-f2baf7a02403
 [response time] 17.53
 [number of tasks] 5
 [nm p s]
 [41] 1 1
 [17] 1 1
 [13] 1 0
 [9] 1 1
 [32] 1 0
 [8] 1 1
 [30] 1 0
 [6] 1 0
 [49] 1 1
 [46] 1 0
2209f215-9dfd-4256-ab9c-565f3d597c0e
 [response time] 17.857
 [number of tasks] 5
 [nm p s]
 [20] 1 1
 [19] 1 0
 [17] 1 0
 [16] 1 0
 [37] 1 1
 [34] 1 0
 [29] 1 1
 [28] 1 1
 [26] 1 1
 [1] 1 0
92bde4b0-6fb7-4070-b480-554120c62d91
 [response time] 18.362
 [number of tasks] 5
 [nm p s]
 [45] 1 0
 [44] 1 1
 [21] 1 0
 [17] 1 1
 [11] 1 1
 [33] 1 1
 [30] 1 1
 [29] 1 0
 [49] 1 0
 [2] 1 0
f55db7fd-3231-48df-8f1a-d8d611ba5cdd
 [response time] 18.41
 [number of tasks] 5
 [nm p s]
 [44] 1 1
 [36] 1 0
 [13] 1 1
 [11] 1 1
 [10] 1 0
 [29] 1 0
 [28] 1 1
 [47] 1 0
 [23] 1 0
 [0] 1 1
dd843a64-4334-4ea4-8efb-85a4830da9dc
 [response time] 18.926
 [number of tasks] 5
 [nm p s]
 [19] 1 0
 [41] 1 1
 [40] 1 0
 [10] 1 1
 [33] 1 0
 [31] 1 0
 [29] 1 1
 [27] 1 1
 [48] 1 0
 [24] 1 1
17373dc0-6aed-437e-ac53-0dfb29d0be0d
 [response time] 19.256
 [number of tasks] 5
 [nm p s]
 [21] 1 1
 [19] 1 0
 [40] 1 1
 [15] 1 0
 [35] 1 1
 [33] 1 0
 [32] 1 0
 [8] 1 1
 [6] 1 1
 [0] 1 0
dd10a810-2f5e-4f17-9588-740ccb994dec
 [response time] 19.869
 [number of tasks] 5
 [nm p s]
 [45] 1 1
 [40] 1 0
 [14] 1 0
 [37] 1 1
 [6] 1 0
 [5] 1 0
 [28] 1 1
 [4] 1 1
 [47] 1 1
 [0] 1 0
2f1c2d00-0910-4faa-822f-30fb50398aad
 [response time] 20.013
 [number of tasks] 5
 [nm p s]
 [18] 1 0
 [15] 1 1
 [13] 1 0
 [29] 1 0
 [27] 1 1
 [26] 1 1
 [2] 1 1
 [25] 1 0
 [46] 1 1
 [0] 1 0
461496bc-c3fe-4345-b293-7e4388b88ac9
 [response time] 20.298
 [number of tasks] 5
 [nm p s]
 [22] 1 0
 [21] 1 0
 [43] 1 0
 [19] 1 1
 [42] 1 0
 [33] 1 1
 [28] 1 1
 [5] 1 1
 [3] 1 1
 [1] 1 0
1bf56b15-d9e0-4682-8582-29df47f7c3bd
 [response time] 20.609
 [number of tasks] 5
 [nm p s]
 [19] 1 1
 [40] 1 0
 [17] 1 0
 [16] 1 0
 [35] 1 1
 [34] 1 1
 [32] 1 1
 [5] 1 0
 [3] 1 1
 [46] 1 0
fe84269f-4911-4caa-a180-2a5cc2404406
 [response time] 20.734
 [number of tasks] 5
 [nm p s]
 [45] 1 0
 [43] 1 1
 [19] 1 0
 [16] 1 0
 [33] 1 0
 [6] 1 0
 [26] 1 1
 [1] 1 1
 [24] 1 1
 [47] 1 1
3c2107a0-cf5c-4f11-b558-9f6479ef6979
 [response time] 21.002
 [number of tasks] 5
 [nm p s]
 [18] 1 1
 [41] 1 1
 [38] 1 0
 [37] 1 1
 [13] 1 1
 [34] 1 0
 [33] 1 1
 [9] 1 0
 [32] 1 0
 [5] 1 0
bd4f744a-3fc8-4eee-88ba-2196eff3c5bf
 [response time] 21.708
 [number of tasks] 5
 [nm p s]
 [45] 1 1
 [44] 1 0
 [19] 1 1
 [42] 1 0
 [15] 1 1
 [33] 1 1
 [10] 1 0
 [32] 1 0
 [8] 1 0
 [28] 1 1
7d6cfbbe-70e8-4f09-b869-5ac89ae2f462
 [response time] 22.203
 [number of tasks] 5
 [nm p s]
 [42] 1 1
 [17] 1 0
 [12] 1 0
 [34] 1 0
 [33] 1 1
 [31] 1 0
 [6] 1 1
 [4] 1 1
 [2] 1 0
 [23] 1 1
eb83f485-60c9-403b-9e95-7fd9bcb00a9a
 [response time] 22.211
 [number of tasks] 5
 [nm p s]
 [40] 1 0
 [38] 1 1
 [35] 1 0
 [33] 1 0
 [9] 1 1
 [30] 1 1
 [29] 1 1
 [49] 1 0
 [1] 1 0
 [47] 1 1
eb5a7068-5f4b-4778-bc05-98736d0eb6db
 [response time] 22.718
 [number of tasks] 5
 [nm p s]
 [21] 1 1
 [43] 1 1
 [42] 1 0
 [18] 1 0
 [14] 1 1
 [10] 1 1
 [5] 1 0
 [4] 1 1
 [26] 1 0
 [25] 1 0
e0625fb4-e9a0-4569-9399-0d30c0ad9c4d
 [response time] 22.897
 [number of tasks] 5
 [nm p s]
 [22] 1 1
 [21] 1 0
 [20] 1 1
 [19] 1 0
 [18] 1 0
 [10] 1 0
 [32] 1 0
 [5] 1 1
 [48] 1 1
 [25] 1 1
bc15de46-2246-48d9-a61f-16a3a0de6698
 [response time] 23.043
 [number of tasks] 5
 [nm p s]
 [44] 1 0
 [20] 1 1
 [18] 1 0
 [17] 1 0
 [36] 1 1
 [13] 1 1
 [35] 1 1
 [34] 1 0
 [30] 1 0
 [28] 1 1
f953d349-9d13-4b66-b9af-acae1c6281ff
 [response time] 23.637
 [number of tasks] 5
 [nm p s]
 [45] 1 0
 [44] 1 1
 [20] 1 0
 [19] 1 0
 [37] 1 1
 [9] 1 0
 [27] 1 1
 [3] 1 1
 [2] 1 1
 [25] 1 0
afa91c48-5cdc-4555-8dd3-f0e0a8c5638c
 [response time] 24.014
 [number of tasks] 5
 [nm p s]
 [45] 1 0
 [44] 1 0
 [21] 1 0
 [42] 1 1
 [19] 1 1
 [40] 1 0
 [12] 1 0
 [31] 1 1
 [25] 1 1
 [48] 1 1
72288a7f-082f-4050-bf51-83f0e99c687c
 [response time] 24.084
 [number of tasks] 5
 [nm p s]
 [40] 1 0
 [15] 1 1
 [8] 1 1
 [31] 1 0
 [7] 1 1
 [6] 1 1
 [3] 1 0
 [49] 1 1
 [48] 1 0
 [1] 1 0
6a53d577-393f-43de-8fbe-d86abd3300cd
 [response time] 24.565
 [number of tasks] 5
 [nm p s]
 [45] 1 1
 [21] 1 0
 [20] 1 1
 [41] 1 0
 [40] 1 0
 [37] 1 1
 [30] 1 1
 [49] 1 0
 [1] 1 1
 [23] 1 0
bc38ad3c-076a-41cf-b837-07e54b93abb8
 [response time] 24.749
 [number of tasks] 5
 [nm p s]
 [18] 1 1
 [41] 1 1
 [40] 1 1
 [14] 1 1
 [12] 1 0
 [33] 1 0
 [32] 1 0
 [8] 1 0
 [49] 1 0
 [23] 1 1
a2cc052e-d944-43d1-9b3f-e5ae80da54e2
 [response time] 24.768
 [number of tasks] 5
 [nm p s]
 [44] 1 1
 [21] 1 0
 [13] 1 1
 [36] 1 1
 [35] 1 0
 [11] 1 1
 [9] 1 0
 [7] 1 0
 [27] 1 1
 [48] 1 0
b9e41be7-2665-4624-9bf4-390d298af3f5
 [response time] 25.343
 [number of tasks] 5
 [nm p s]
 [21] 1 1
 [16] 1 1
 [39] 1 0
 [12] 1 0
 [34] 1 0
 [8] 1 0
 [31] 1 1
 [7] 1 1
 [29] 1 1
 [23] 1 0
325fc2a6-8c80-4541-a5bd-28bbda85555d
 [response time] 25.832
 [number of tasks] 5
 [nm p s]
 [45] 1 1
 [16] 1 0
 [15] 1 0
 [38] 1 1
 [11] 1 1
 [34] 1 0
 [33] 1 0
 [3] 1 1
 [25] 1 0
 [1] 1 1
0017a89e-efcc-48b8-9566-d3bbe80552a1
 [response time] 25.943
 [number of tasks] 5
 [nm p s]
 [22] 1 1
 [18] 1 1
 [38] 1 0
 [14] 1 1
 [13] 1 1
 [34] 1 0
 [6] 1 0
 [49] 1 0
 [2] 1 1
 [0] 1 0
cb1fb2ed-6f01-4e84-8f0d-dcaa1a00a17c
 [response time] 26.025
 [number of tasks] 5
 [nm p s]
 [45] 1 1
 [43] 1 0
 [40] 1 1
 [39] 1 0
 [15] 1 0
 [35] 1 1
 [11] 1 0
 [34] 1 0
 [10] 1 1
 [31] 1 1
ea860d5b-ffe7-41ab-bba6-93bcb8e8fb07
 [response time] 26.202
 [number of tasks] 5
 [nm p s]
 [43] 1 0
 [17] 1 1
 [39] 1 0
 [15] 1 0
 [14] 1 0
 [13] 1 1
 [9] 1 0
 [4] 1 1
 [26] 1 1
 [47] 1 1
6a4e5db0-ad58-4670-8cc3-cb94a7b0a048
 [response time] 26.64
 [number of tasks] 5
 [nm p s]
 [42] 1 1
 [39] 1 0
 [38] 1 0
 [37] 1 0
 [35] 1 0
 [33] 1 1
 [49] 1 0
 [25] 1 1
 [2] 1 1
 [1] 1 1
19b958d3-7b6e-49a6-9529-22e26b3349f7
 [response time] 26.97
 [number of tasks] 5
 [nm p s]
 [22] 1 1
 [44] 1 1
 [43] 1 0
 [18] 1 1
 [37] 1 0
 [32] 1 0
 [27] 1 1
 [26] 1 0
 [25] 1 1
 [46] 1 0
4cadbb85-6ed0-4dac-87b5-6b5ef6e94fb1
 [response time] 26.976
 [number of tasks] 5
 [nm p s]
 [43] 1 0
 [17] 1 1
 [39] 1 0
 [12] 1 1
 [31] 1 0
 [7] 1 0
 [6] 1 1
 [26] 1 1
 [49] 1 0
 [48] 1 1
455a05ea-d95c-4925-8866-40f46c0787c3
 [response time] 27.101
 [number of tasks] 5
 [nm p s]
 [43] 1 0
 [19] 1 1
 [39] 1 0
 [34] 1 1
 [10] 1 0
 [31] 1 1
 [30] 1 0
 [26] 1 0
 [49] 1 1
 [24] 1 1
9eca49aa-13cc-486f-a01d-cc03c8c3eaf1
 [response time] 27.923
 [number of tasks] 5
 [nm p s]
 [45] 1 1
 [20] 1 0
 [18] 1 1
 [35] 1 0
 [10] 1 0
 [8] 1 0
 [7] 1 1
 [28] 1 1
 [25] 1 1
 [46] 1 0
3e56b609-3a13-4299-bec4-4334c4fbcf3f
 [response time] 28.346
 [number of tasks] 5
 [nm p s]
 [44] 1 0
 [17] 1 1
 [15] 1 1
 [38] 1 0
 [14] 1 1
 [12] 1 0
 [35] 1 0
 [9] 1 0
 [7] 1 1
 [2] 1 1
10a153d5-5f51-46ce-bb48-896bc9a3dac9
 [response time] 28.654
 [number of tasks] 5
 [nm p s]
 [44] 1 1
 [40] 1 1
 [16] 1 1
 [39] 1 0
 [33] 1 1
 [32] 1 0
 [48] 1 0
 [1] 1 0
 [23] 1 1
 [0] 1 0
9d346654-2bf0-4b5e-83e1-1e697501fdd6
 [response time] 28.916
 [number of tasks] 5
 [nm p s]
 [22] 1 0
 [40] 1 0
 [39] 1 1
 [38] 1 1
 [37] 1 0
 [36] 1 1
 [12] 1 0
 [10] 1 1
 [27] 1 0
 [0] 1 1
3e438b45-0137-45df-8b12-8978fc88a17a
 [response time] 29.248
 [number of tasks] 5
 [nm p s]
 [21] 1 0
 [43] 1 0
 [18] 1 0
 [40] 1 1
 [16] 1 1
 [15] 1 0
 [36] 1 1
 [33] 1 0
 [26] 1 1
 [2] 1 1
cf04395d-4ddf-49c6-839d-ca8eab3aba0c
 [response time] 29.556
 [number of tasks] 5
 [nm p s]
 [18] 1 0
 [17] 1 1
 [16] 1 0
 [39] 1 0
 [35] 1 1
 [12] 1 0
 [29] 1 1
 [48] 1 1
 [47] 1 0
 [0] 1 1
