[scheduler id] 2
[number of node monitors] 50

[job statistics]
27a353c6-0d98-4225-88f7-b7d837eed665
 [response time] 1.184
 [number of tasks] 5
 [nm p s]
 [21] 1 1
 [40] 1 1
 [17] 1 1
 [16] 1 0
 [37] 1 1
 [13] 1 0
 [36] 1 0
 [10] 1 1
 [32] 1 0
 [7] 1 0
546f90fb-50dc-4244-a43a-2f351b0ad5a4
 [response time] 2.111
 [number of tasks] 5
 [nm p s]
 [19] 1 1
 [41] 1 1
 [40] 1 0
 [6] 1 1
 [5] 1 0
 [27] 1 1
 [49] 1 0
 [24] 1 1
 [0] 1 0
 [46] 1 0
5a0bf9f9-dcea-4f23-81c3-8641d211e17a
 [response time] 2.094
 [number of tasks] 5
 [nm p s]
 [19] 1 0
 [15] 1 1
 [35] 1 1
 [33] 1 1
 [31] 1 1
 [5] 1 0
 [27] 1 0
 [26] 1 1
 [25] 1 0
 [24] 1 0
032ea99e-d47a-4e36-a957-22c69cad6347
 [response time] 2.209
 [number of tasks] 5
 [nm p s]
 [40] 1 1
 [16] 1 1
 [38] 1 1
 [3] 1 1
 [2] 1 1
 [48] 1 0
 [1] 1 0
 [24] 1 0
 [47] 1 0
 [23] 1 0
a16a45ba-4af4-4a8b-bc5a-c074159eb1b9
 [response time] 2.237
 [number of tasks] 5
 [nm p s]
 [21] 1 0
 [42] 1 0
 [18] 1 0
 [39] 1 1
 [14] 1 0
 [11] 1 1
 [32] 1 0
 [31] 1 1
 [29] 1 1
 [2] 1 1
25ac57e1-c815-45c8-9cc3-fccbe5310121
 [response time] 2.708
 [number of tasks] 5
 [nm p s]
 [21] 1 1
 [19] 1 0
 [42] 1 1
 [41] 1 1
 [37] 1 0
 [32] 1 0
 [8] 1 1
 [30] 1 1
 [28] 1 0
 [27] 1 0
edca7f04-0208-44c7-9443-a9983697137a
 [response time] 2.803
 [number of tasks] 5
 [nm p s]
 [20] 1 0
 [18] 1 0
 [17] 1 1
 [38] 1 0
 [14] 1 1
 [37] 1 0
 [33] 1 1
 [6] 1 0
 [49] 1 1
 [2] 1 1
8cb8b6b5-3060-4af5-a231-90be5c2206cb
 [response time] 2.687
 [number of tasks] 5
 [nm p s]
 [44] 1 1
 [20] 1 0
 [42] 1 0
 [41] 1 0
 [16] 1 1
 [39] 1 1
 [36] 1 1
 [4] 1 1
 [26] 1 0
 [2] 1 0
53d02f7b-1470-4c31-b7a6-afa0117a1b78
 [response time] 3.278
 [number of tasks] 5
 [nm p s]
 [21] 1 1
 [43] 1 0
 [40] 1 0
 [17] 1 1
 [39] 1 0
 [12] 1 1
 [35] 1 1
 [11] 1 1
 [7] 1 0
 [30] 1 0
0102833e-af5b-4d16-84c2-7ed9cbcab2dc
 [response time] 3.915
 [number of tasks] 5
 [nm p s]
 [20] 1 0
 [42] 1 1
 [38] 1 0
 [14] 1 1
 [13] 1 1
 [9] 1 1
 [28] 1 0
 [5] 1 0
 [4] 1 1
 [25] 1 0
9e8408df-eb99-4ef4-b87e-dfe60f86b98c
 [response time] 4.082
 [number of tasks] 5
 [nm p s]
 [45] 1 1
 [39] 1 0
 [14] 1 0
 [11] 1 1
 [33] 1 1
 [9] 1 0
 [32] 1 1
 [7] 1 0
 [27] 1 1
 [47] 1 0
789d063b-e6b6-4434-8e80-844799dab645
 [response time] 4.132
 [number of tasks] 5
 [nm p s]
 [41] 1 0
 [40] 1 1
 [35] 1 0
 [31] 1 0
 [6] 1 1
 [5] 1 1
 [49] 1 1
 [25] 1 1
 [1] 1 0
 [23] 1 0
799fb644-f6c5-4665-bf11-30a00a3a113b
 [response time] 4.665
 [number of tasks] 5
 [nm p s]
 [42] 1 1
 [40] 1 1
 [14] 1 0
 [35] 1 0
 [8] 1 0
 [31] 1 0
 [29] 1 1
 [5] 1 0
 [27] 1 1
 [24] 1 1
b2203079-d7ee-41f8-8d92-8bae9c5099ee
 [response time] 4.693
 [number of tasks] 5
 [nm p s]
 [45] 1 1
 [44] 1 0
 [42] 1 0
 [16] 1 1
 [15] 1 0
 [38] 1 1
 [9] 1 1
 [7] 1 1
 [6] 1 0
 [25] 1 0
c7b915d2-14ec-4098-b58e-58fa3de832a8
 [response time] 5.198
 [number of tasks] 5
 [nm p s]
 [44] 1 0
 [20] 1 0
 [43] 1 0
 [39] 1 1
 [36] 1 0
 [8] 1 0
 [6] 1 1
 [27] 1 1
 [26] 1 1
 [47] 1 1
78381671-6b02-49ea-bab2-3bf9e62cf10b
 [response time] 5.565
 [number of tasks] 5
 [nm p s]
 [20] 1 0
 [42] 1 0
 [16] 1 1
 [38] 1 0
 [37] 1 1
 [32] 1 0
 [31] 1 1
 [28] 1 1
 [1] 1 1
 [47] 1 0
e0229e07-59c7-4acc-a803-ca9029b81f05
 [response time] 5.592
 [number of tasks] 5
 [nm p s]
 [41] 1 1
 [40] 1 1
 [39] 1 1
 [16] 1 0
 [11] 1 0
 [33] 1 0
 [6] 1 1
 [4] 1 0
 [25] 1 0
 [48] 1 1
726e2d6b-4852-47df-99da-cbd0adb59ef9
 [response time] 5.731
 [number of tasks] 5
 [nm p s]
 [20] 1 1
 [17] 1 1
 [16] 1 0
 [14] 1 0
 [13] 1 1
 [36] 1 1
 [10] 1 0
 [31] 1 0
 [30] 1 0
 [48] 1 1
34b98493-a81c-4fc5-b6cf-0e945bdccc46
 [response time] 5.996
 [number of tasks] 5
 [nm p s]
 [45] 1 0
 [38] 1 0
 [15] 1 1
 [13] 1 1
 [36] 1 0
 [10] 1 1
 [29] 1 1
 [28] 1 0
 [49] 1 1
 [0] 1 0
d04d15cd-7de9-421b-827e-be3bc35e8b1b
 [response time] 6.273
 [number of tasks] 5
 [nm p s]
 [42] 1 1
 [35] 1 0
 [34] 1 1
 [33] 1 1
 [32] 1 0
 [31] 1 0
 [30] 1 0
 [28] 1 0
 [27] 1 1
 [46] 1 1
520a90e1-d573-4d19-a9f6-fdfc13c486d4
 [response time] 6.649
 [number of tasks] 5
 [nm p s]
 [20] 1 1
 [19] 1 1
 [39] 1 0
 [33] 1 0
 [9] 1 1
 [8] 1 0
 [30] 1 1
 [2] 1 1
 [0] 1 0
 [23] 1 0
54172777-36c9-4334-b423-5902bc7428e6
 [response time] 6.738
 [number of tasks] 5
 [nm p s]
 [20] 1 0
 [42] 1 0
 [16] 1 0
 [32] 1 1
 [5] 1 1
 [4] 1 1
 [27] 1 1
 [49] 1 1
 [25] 1 0
 [46] 1 0
5d771c59-1219-41fa-bec3-e9ca9f7897c1
 [response time] 7.396
 [number of tasks] 5
 [nm p s]
 [44] 1 1
 [19] 1 1
 [40] 1 0
 [33] 1 1
 [10] 1 1
 [9] 1 1
 [5] 1 0
 [4] 1 0
 [0] 1 0
 [46] 1 0
38829e26-44c8-4297-bf8f-a1178d2010e8
 [response time] 7.415
 [number of tasks] 5
 [nm p s]
 [40] 1 0
 [15] 1 1
 [38] 1 0
 [37] 1 1
 [12] 1 0
 [35] 1 0
 [29] 1 1
 [28] 1 1
 [3] 1 1
 [25] 1 0
f1df0006-07b0-4df9-85d7-18a508d23668
 [response time] 8.42
 [number of tasks] 5
 [nm p s]
 [22] 1 1
 [21] 1 0
 [35] 1 0
 [11] 1 0
 [33] 1 1
 [7] 1 0
 [6] 1 1
 [5] 1 0
 [48] 1 1
 [23] 1 1
25ee9149-a39e-4acd-aa4d-a03b2767a839
 [response time] 8.283
 [number of tasks] 5
 [nm p s]
 [20] 1 1
 [38] 1 1
 [31] 1 1
 [6] 1 1
 [26] 1 0
 [49] 1 0
 [1] 1 1
 [0] 1 0
 [23] 1 0
 [46] 1 0
d3bd4605-3830-4922-be9c-4b2f90d3192c
 [response time] 8.435
 [number of tasks] 5
 [nm p s]
 [44] 1 0
 [43] 1 1
 [17] 1 0
 [15] 1 1
 [12] 1 0
 [11] 1 0
 [32] 1 1
 [30] 1 1
 [28] 1 1
 [46] 1 0
42258fa0-4a46-4ea8-aeb7-c951d3ee4256
 [response time] 8.858
 [number of tasks] 5
 [nm p s]
 [22] 1 0
 [21] 1 0
 [11] 1 0
 [10] 1 1
 [5] 1 1
 [28] 1 0
 [4] 1 1
 [3] 1 0
 [49] 1 1
 [25] 1 1
a76485ff-7ba2-4bd3-9b41-17fb9d98e820
 [response time] 9.077
 [number of tasks] 5
 [nm p s]
 [42] 1 0
 [41] 1 1
 [39] 1 0
 [37] 1 1
 [35] 1 1
 [11] 1 1
 [8] 1 0
 [29] 1 1
 [49] 1 0
 [25] 1 0
a78dc2b8-a7c4-4c10-ab55-2881db1918b3
 [response time] 9.986
 [number of tasks] 5
 [nm p s]
 [17] 1 0
 [16] 1 0
 [39] 1 0
 [36] 1 1
 [10] 1 1
 [32] 1 1
 [8] 1 0
 [6] 1 0
 [26] 1 1
 [1] 1 1
0b70a0e6-3982-43b4-ab65-4639a640e5eb
 [response time] 9.881
 [number of tasks] 5
 [nm p s]
 [20] 1 0
 [17] 1 1
 [14] 1 0
 [36] 1 0
 [11] 1 1
 [33] 1 0
 [31] 1 1
 [7] 1 1
 [27] 1 0
 [1] 1 1
f680ea63-f48e-4365-9c7d-fd4a0dd1e1a4
 [response time] 10.267
 [number of tasks] 5
 [nm p s]
 [22] 1 1
 [45] 1 1
 [18] 1 0
 [17] 1 1
 [14] 1 1
 [36] 1 0
 [7] 1 0
 [5] 1 1
 [49] 1 0
 [2] 1 0
9191c784-1b00-4deb-bbcb-f9aaf73fd108
 [response time] 10.549
 [number of tasks] 5
 [nm p s]
 [19] 1 1
 [40] 1 0
 [37] 1 1
 [36] 1 1
 [34] 1 0
 [10] 1 0
 [8] 1 0
 [30] 1 1
 [48] 1 0
 [46] 1 1
23038187-1d57-4205-ac95-e6d0b6ceb42c
 [response time] 10.679
 [number of tasks] 5
 [nm p s]
 [45] 1 0
 [21] 1 1
 [35] 1 1
 [12] 1 1
 [10] 1 0
 [32] 1 0
 [7] 1 1
 [30] 1 1
 [3] 1 0
 [49] 1 0
efca912e-1c04-4eca-a8d1-f4b4b726df03
 [response time] 11.311
 [number of tasks] 5
 [nm p s]
 [22] 1 1
 [45] 1 0
 [17] 1 1
 [34] 1 0
 [10] 1 0
 [31] 1 1
 [29] 1 1
 [5] 1 1
 [3] 1 0
 [1] 1 0
ec9088a1-f8b0-4732-bd08-2552d9bdb591
 [response time] 11.454
 [number of tasks] 5
 [nm p s]
 [22] 1 1
 [21] 1 1
 [19] 1 1
 [16] 1 1
 [34] 1 0
 [6] 1 1
 [27] 1 0
 [26] 1 0
 [48] 1 0
 [23] 1 0
a5f2f33a-6616-4feb-925d-c2616cfa825a
 [response time] 11.655
 [number of tasks] 5
 [nm p s]
 [43] 1 1
 [17] 1 0
 [16] 1 1
 [31] 1 0
 [7] 1 0
 [30] 1 0
 [49] 1 0
 [2] 1 1
 [25] 1 1
 [46] 1 1
17962c14-f572-48ff-a619-eb9fc5d82fb2
 [response time] 11.979
 [number of tasks] 5
 [nm p s]
 [21] 1 0
 [17] 1 1
 [38] 1 1
 [14] 1 0
 [37] 1 1
 [31] 1 0
 [28] 1 0
 [4] 1 1
 [26] 1 0
 [24] 1 1
e4d7f55b-d168-4798-addb-371ad1117048
 [response time] 12.151
 [number of tasks] 5
 [nm p s]
 [45] 1 0
 [21] 1 0
 [17] 1 0
 [40] 1 1
 [37] 1 1
 [5] 1 1
 [28] 1 1
 [3] 1 0
 [48] 1 1
 [47] 1 0
d21259e2-c5a6-494b-923e-df38568f371c
 [response time] 12.449
 [number of tasks] 5
 [nm p s]
 [22] 1 0
 [21] 1 1
 [20] 1 0
 [41] 1 1
 [16] 1 1
 [14] 1 1
 [31] 1 0
 [3] 1 1
 [2] 1 0
 [23] 1 0
a20e71ee-b580-4957-a100-1a561258384c
 [response time] 13.187
 [number of tasks] 5
 [nm p s]
 [18] 1 1
 [16] 1 0
 [15] 1 0
 [37] 1 1
 [10] 1 0
 [32] 1 1
 [5] 1 1
 [3] 1 0
 [2] 1 0
 [0] 1 1
1cb5ffa6-c4cb-454c-8377-fc6c9cad6c24
 [response time] 13.186
 [number of tasks] 5
 [nm p s]
 [21] 1 0
 [17] 1 0
 [33] 1 0
 [7] 1 1
 [6] 1 1
 [5] 1 0
 [4] 1 1
 [3] 1 0
 [25] 1 1
 [47] 1 1
a8aec4dd-89fc-4385-b0ae-b7b6a3db7cdf
 [response time] 13.31
 [number of tasks] 5
 [nm p s]
 [41] 1 0
 [16] 1 1
 [15] 1 1
 [38] 1 1
 [14] 1 1
 [13] 1 0
 [35] 1 1
 [34] 1 0
 [31] 1 0
 [0] 1 0
a72592a3-99a0-4634-911c-61ad5ad35acc
 [response time] 13.507
 [number of tasks] 5
 [nm p s]
 [20] 1 1
 [43] 1 0
 [42] 1 0
 [40] 1 1
 [38] 1 0
 [34] 1 0
 [5] 1 0
 [3] 1 1
 [1] 1 1
 [0] 1 1
e56860e3-197d-4c99-866d-2cab407ddedc
 [response time] 13.829
 [number of tasks] 5
 [nm p s]
 [22] 1 0
 [21] 1 0
 [19] 1 1
 [38] 1 0
 [12] 1 1
 [33] 1 1
 [10] 1 0
 [9] 1 1
 [5] 1 0
 [0] 1 1
fbc0e711-eac7-41ae-9e5a-8aa3fc943b9e
 [response time] 14.301
 [number of tasks] 5
 [nm p s]
 [43] 1 1
 [42] 1 0
 [40] 1 1
 [39] 1 1
 [38] 1 1
 [35] 1 1
 [8] 1 0
 [48] 1 0
 [47] 1 0
 [0] 1 0
ad00fdd9-dfed-4be7-9c1a-bffe8c58e40b
 [response time] 14.16
 [number of tasks] 5
 [nm p s]
 [22] 1 0
 [44] 1 1
 [20] 1 1
 [43] 1 0
 [19] 1 1
 [38] 1 0
 [12] 1 1
 [35] 1 0
 [33] 1 0
 [47] 1 1
f8157eb8-cf49-4b90-9226-887f08e0dc5a
 [response time] 14.441
 [number of tasks] 5
 [nm p s]
 [22] 1 1
 [43] 1 1
 [37] 1 1
 [13] 1 0
 [11] 1 0
 [34] 1 0
 [29] 1 1
 [25] 1 0
 [2] 1 0
 [24] 1 1
59369f33-16c7-4e4e-b1ee-ccf13e467821
 [response time] 14.573
 [number of tasks] 5
 [nm p s]
 [17] 1 1
 [13] 1 0
 [35] 1 0
 [7] 1 0
 [6] 1 0
 [3] 1 1
 [26] 1 0
 [25] 1 1
 [48] 1 1
 [1] 1 1
71ab3982-8565-4c9f-b479-588042443d6e
 [response time] 14.85
 [number of tasks] 5
 [nm p s]
 [43] 1 1
 [18] 1 1
 [11] 1 0
 [34] 1 0
 [10] 1 0
 [32] 1 0
 [27] 1 0
 [26] 1 1
 [0] 1 1
 [23] 1 1
a2e02c11-d3d1-4c40-9376-ff5de58219e4
 [response time] 15.041
 [number of tasks] 5
 [nm p s]
 [19] 1 1
 [41] 1 0
 [38] 1 0
 [33] 1 1
 [10] 1 0
 [32] 1 1
 [30] 1 0
 [49] 1 1
 [48] 1 0
 [2] 1 1
622436ea-700a-41ef-a0ca-b8df8340f44e
 [response time] 15.198
 [number of tasks] 5
 [nm p s]
 [17] 1 0
 [16] 1 0
 [13] 1 0
 [10] 1 1
 [8] 1 1
 [6] 1 1
 [5] 1 1
 [25] 1 1
 [48] 1 0
 [1] 1 0
dde7b5f9-661e-42ab-881e-386c15e1e74b
 [response time] 15.715
 [number of tasks] 5
 [nm p s]
 [22] 1 1
 [20] 1 0
 [11] 1 0
 [33] 1 0
 [32] 1 1
 [9] 1 0
 [7] 1 1
 [3] 1 1
 [49] 1 0
 [23] 1 1
4f141654-a4b8-4c62-ac3f-d461c0bb15cb
 [response time] 16.372
 [number of tasks] 5
 [nm p s]
 [18] 1 1
 [15] 1 1
 [38] 1 0
 [36] 1 0
 [12] 1 1
 [29] 1 0
 [26] 1 0
 [48] 1 0
 [1] 1 1
 [46] 1 1
afbbc81b-9a75-4245-9c9a-d407e89da47b
 [response time] 16.378
 [number of tasks] 5
 [nm p s]
 [19] 1 1
 [41] 1 1
 [39] 1 0
 [9] 1 1
 [32] 1 1
 [30] 1 0
 [26] 1 0
 [49] 1 0
 [24] 1 0
 [46] 1 1
2dcf0d19-ebc4-40e7-af5a-5efbcbf24937
 [response time] 16.583
 [number of tasks] 5
 [nm p s]
 [21] 1 1
 [43] 1 1
 [16] 1 1
 [32] 1 0
 [30] 1 0
 [29] 1 1
 [4] 1 0
 [3] 1 1
 [49] 1 0
 [25] 1 0
e98f24aa-c0e9-4633-8970-60e377890232
 [response time] 16.545
 [number of tasks] 5
 [nm p s]
 [18] 1 1
 [41] 1 0
 [38] 1 1
 [36] 1 0
 [33] 1 1
 [32] 1 0
 [31] 1 0
 [7] 1 1
 [28] 1 0
 [0] 1 1
ba374899-b74a-4ea5-839e-980c4987d030
 [response time] 16.496
 [number of tasks] 5
 [nm p s]
 [44] 1 1
 [39] 1 0
 [38] 1 0
 [37] 1 0
 [35] 1 1
 [34] 1 1
 [11] 1 0
 [9] 1 1
 [31] 1 0
 [30] 1 1
2617b1dc-2b39-4b21-a3e3-83486f359150
 [response time] 17.312
 [number of tasks] 5
 [nm p s]
 [21] 1 1
 [20] 1 1
 [16] 1 0
 [11] 1 1
 [34] 1 0
 [10] 1 0
 [7] 1 1
 [3] 1 1
 [48] 1 0
 [23] 1 0
bbef6dbd-f8f6-4bdb-9cf0-0591168b0bdb
 [response time] 17.545
 [number of tasks] 5
 [nm p s]
 [22] 1 1
 [18] 1 0
 [16] 1 1
 [37] 1 0
 [11] 1 0
 [33] 1 0
 [30] 1 1
 [28] 1 1
 [25] 1 1
 [46] 1 0
4333b41c-571a-49c9-a72e-6dd0f3c8ad0f
 [response time] 17.538
 [number of tasks] 5
 [nm p s]
 [45] 1 1
 [42] 1 1
 [19] 1 0
 [18] 1 0
 [40] 1 1
 [13] 1 0
 [12] 1 1
 [34] 1 1
 [32] 1 0
 [6] 1 0
5daa335c-901f-49d8-b16c-977c7f45aadc
 [response time] 18.076
 [number of tasks] 5
 [nm p s]
 [43] 1 1
 [41] 1 0
 [36] 1 1
 [34] 1 0
 [33] 1 0
 [31] 1 1
 [7] 1 0
 [27] 1 1
 [49] 1 0
 [48] 1 1
004c88f9-5633-477e-8fdf-43a116effd11
 [response time] 18.107
 [number of tasks] 5
 [nm p s]
 [20] 1 1
 [19] 1 0
 [35] 1 0
 [12] 1 1
 [11] 1 0
 [33] 1 0
 [3] 1 1
 [2] 1 0
 [24] 1 1
 [23] 1 1
3c3555bd-cb38-4919-87b3-07796aeb0801
 [response time] 18.874
 [number of tasks] 5
 [nm p s]
 [22] 1 1
 [43] 1 1
 [20] 1 1
 [42] 1 1
 [40] 1 0
 [39] 1 0
 [36] 1 0
 [24] 1 0
 [23] 1 0
 [0] 1 1
3fe3e3a8-2d9e-4b8b-bcb2-4d3321f72b9b
 [response time] 19.111
 [number of tasks] 5
 [nm p s]
 [20] 1 0
 [19] 1 0
 [13] 1 0
 [11] 1 1
 [34] 1 0
 [8] 1 1
 [7] 1 1
 [5] 1 0
 [4] 1 1
 [49] 1 1
f4907e35-bf4a-4507-b258-933c8ee8fd97
 [response time] 19.305
 [number of tasks] 5
 [nm p s]
 [42] 1 0
 [19] 1 0
 [39] 1 0
 [33] 1 1
 [30] 1 1
 [28] 1 1
 [3] 1 1
 [49] 1 0
 [1] 1 0
 [46] 1 1
c37c564c-c992-4311-a68d-4c0393fd0e5d
 [response time] 19.825
 [number of tasks] 5
 [nm p s]
 [45] 1 1
 [43] 1 1
 [18] 1 0
 [17] 1 0
 [16] 1 0
 [15] 1 1
 [12] 1 1
 [9] 1 1
 [6] 1 0
 [4] 1 0
c843bee2-b5f7-43ad-bf65-4dadcf825756
 [response time] 19.808
 [number of tasks] 5
 [nm p s]
 [45] 1 0
 [44] 1 1
 [41] 1 0
 [40] 1 1
 [8] 1 1
 [31] 1 0
 [4] 1 0
 [3] 1 1
 [26] 1 1
 [1] 1 0
8844ff67-a2f0-4975-b551-932b230b0a9e
 [response time] 20.355
 [number of tasks] 5
 [nm p s]
 [21] 1 1
 [19] 1 0
 [41] 1 1
 [17] 1 0
 [38] 1 1
 [11] 1 1
 [32] 1 0
 [26] 1 1
 [1] 1 0
 [0] 1 0
118a8979-bf9c-438e-ade6-8fb511497214
 [response time] 20.94
 [number of tasks] 5
 [nm p s]
 [44] 1 1
 [17] 1 1
 [40] 1 1
 [39] 1 1
 [12] 1 1
 [10] 1 0
 [33] 1 0
 [9] 1 0
 [49] 1 0
 [46] 1 0
ddbdd244-bf1b-4cde-ad7e-1a920e50423e
 [response time] 21.337
 [number of tasks] 5
 [nm p s]
 [22] 1 1
 [21] 1 0
 [43] 1 0
 [17] 1 1
 [37] 1 0
 [11] 1 1
 [33] 1 0
 [9] 1 0
 [24] 1 1
 [47] 1 1
a91c92e6-1a5d-4f44-9d30-91f33aedfa69
 [response time] 21.375
 [number of tasks] 5
 [nm p s]
 [22] 1 0
 [36] 1 1
 [35] 1 1
 [34] 1 1
 [8] 1 1
 [31] 1 0
 [28] 1 0
 [3] 1 0
 [24] 1 0
 [23] 1 1
eb484a97-9386-405d-a244-3d61b2c02d59
 [response time] 21.486
 [number of tasks] 5
 [nm p s]
 [45] 1 1
 [44] 1 1
 [41] 1 1
 [40] 1 0
 [16] 1 0
 [12] 1 1
 [35] 1 0
 [10] 1 1
 [31] 1 0
 [49] 1 0
9494797c-7e9c-4c45-ade4-754bfcc356b8
 [response time] 21.479
 [number of tasks] 5
 [nm p s]
 [44] 1 0
 [41] 1 0
 [14] 1 0
 [34] 1 1
 [9] 1 0
 [6] 1 0
 [27] 1 1
 [2] 1 1
 [1] 1 1
 [0] 1 1
09c5c76f-343c-448d-b2f2-c7321d01ad7c
 [response time] 21.709
 [number of tasks] 5
 [nm p s]
 [43] 1 1
 [15] 1 1
 [33] 1 0
 [6] 1 0
 [27] 1 0
 [49] 1 0
 [48] 1 1
 [1] 1 1
 [24] 1 0
 [47] 1 1
1e5962ea-5e18-4042-ab8f-76761ddbd005
 [response time] 22.087
 [number of tasks] 5
 [nm p s]
 [45] 1 0
 [19] 1 0
 [12] 1 1
 [6] 1 0
 [4] 1 1
 [27] 1 1
 [26] 1 0
 [49] 1 1
 [48] 1 1
 [24] 1 0
c8d8ffbe-6f0b-4cdd-b4a7-fcd603cbe294
 [response time] 22.309
 [number of tasks] 5
 [nm p s]
 [18] 1 0
 [41] 1 1
 [17] 1 1
 [16] 1 0
 [38] 1 0
 [33] 1 1
 [8] 1 1
 [27] 1 0
 [25] 1 0
 [47] 1 1
49ca21ed-88d7-419a-9834-3a6f2e77724b
 [response time] 22.999
 [number of tasks] 5
 [nm p s]
 [19] 1 0
 [18] 1 0
 [40] 1 0
 [39] 1 1
 [38] 1 1
 [12] 1 1
 [10] 1 0
 [32] 1 0
 [5] 1 1
 [24] 1 1
6c708030-a26e-492b-8c91-8210103a8579
 [response time] 23.531
 [number of tasks] 5
 [nm p s]
 [21] 1 1
 [16] 1 0
 [39] 1 1
 [13] 1 1
 [10] 1 0
 [32] 1 0
 [28] 1 1
 [27] 1 0
 [49] 1 1
 [25] 1 0
619370a0-1d3f-40a1-8141-8593d9e9c3c5
 [response time] 23.744
 [number of tasks] 5
 [nm p s]
 [20] 1 0
 [18] 1 1
 [37] 1 1
 [36] 1 0
 [11] 1 1
 [10] 1 0
 [30] 1 1
 [25] 1 0
 [48] 1 1
 [23] 1 0
f41daeef-ffad-4f84-966d-3dcc59b1a2b8
 [response time] 23.758
 [number of tasks] 5
 [nm p s]
 [45] 1 0
 [19] 1 0
 [41] 1 1
 [16] 1 1
 [38] 1 1
 [31] 1 1
 [27] 1 0
 [26] 1 1
 [48] 1 0
 [46] 1 0
f07298ec-4f89-4591-bcba-06058b7c2c13
 [response time] 24.103
 [number of tasks] 5
 [nm p s]
 [43] 1 0
 [17] 1 1
 [15] 1 1
 [37] 1 0
 [34] 1 0
 [30] 1 1
 [6] 1 0
 [27] 1 1
 [3] 1 0
 [23] 1 1
dd2f35c3-7820-4f77-acdd-053cb9c23d00
 [response time] 24.282
 [number of tasks] 5
 [nm p s]
 [22] 1 1
 [45] 1 1
 [12] 1 0
 [35] 1 1
 [33] 1 1
 [7] 1 0
 [4] 1 1
 [26] 1 0
 [2] 1 0
 [0] 1 0
277bbb9a-a436-48be-ac59-540eb3fa6aea
 [response time] 24.534
 [number of tasks] 5
 [nm p s]
 [22] 1 1
 [21] 1 0
 [8] 1 1
 [31] 1 0
 [7] 1 1
 [29] 1 1
 [27] 1 0
 [25] 1 1
 [48] 1 0
 [46] 1 0
0d79782d-b6c7-4e9f-bf4a-1195336622ca
 [response time] 24.72
 [number of tasks] 5
 [nm p s]
 [45] 1 1
 [39] 1 0
 [16] 1 1
 [36] 1 0
 [12] 1 0
 [35] 1 0
 [32] 1 1
 [49] 1 1
 [25] 1 0
 [46] 1 1
e768298d-498a-44e0-9cc2-3b5566c7b2e4
 [response time] 24.843
 [number of tasks] 5
 [nm p s]
 [18] 1 1
 [40] 1 0
 [39] 1 0
 [37] 1 1
 [10] 1 1
 [32] 1 0
 [7] 1 0
 [28] 1 1
 [27] 1 0
 [0] 1 1
8d687a06-32d3-46ad-914c-00d532d6c336
 [response time] 25.015
 [number of tasks] 5
 [nm p s]
 [44] 1 1
 [36] 1 0
 [12] 1 1
 [34] 1 0
 [9] 1 1
 [5] 1 0
 [27] 1 0
 [3] 1 0
 [26] 1 1
 [2] 1 1
15a219d5-83a2-4ee0-8571-062689dae0bd
 [response time] 25.367
 [number of tasks] 5
 [nm p s]
 [43] 1 0
 [40] 1 1
 [39] 1 1
 [15] 1 1
 [36] 1 0
 [35] 1 0
 [4] 1 0
 [3] 1 0
 [49] 1 1
 [25] 1 1
c0c7776b-eae1-427b-962c-6f21a3e65323
 [response time] 26.275
 [number of tasks] 5
 [nm p s]
 [18] 1 0
 [37] 1 1
 [9] 1 1
 [31] 1 0
 [7] 1 1
 [5] 1 0
 [48] 1 1
 [24] 1 1
 [47] 1 0
 [0] 1 0
43eb2632-80ea-4cf9-9afa-c83078f86c79
 [response time] 26.726
 [number of tasks] 5
 [nm p s]
 [22] 1 0
 [45] 1 0
 [44] 1 0
 [20] 1 0
 [15] 1 1
 [37] 1 1
 [35] 1 1
 [11] 1 0
 [32] 1 1
 [24] 1 1
63b05f60-0752-4475-9fd9-ff0cabd5581c
 [response time] 26.604
 [number of tasks] 5
 [nm p s]
 [22] 1 0
 [45] 1 0
 [19] 1 1
 [41] 1 1
 [16] 1 1
 [13] 1 0
 [31] 1 1
 [30] 1 0
 [6] 1 1
 [27] 1 0
b5f67260-4a4f-4632-83a1-2777b85b2217
 [response time] 26.704
 [number of tasks] 5
 [nm p s]
 [45] 1 1
 [18] 1 0
 [39] 1 1
 [15] 1 0
 [36] 1 1
 [34] 1 1
 [10] 1 0
 [7] 1 1
 [25] 1 0
 [48] 1 0
cb2cae70-9afa-41b7-a243-041f133366d2
 [response time] 27.348
 [number of tasks] 5
 [nm p s]
 [20] 1 1
 [43] 1 1
 [18] 1 0
 [17] 1 0
 [35] 1 1
 [8] 1 1
 [30] 1 0
 [28] 1 1
 [4] 1 0
 [3] 1 0
c9680b68-bf7a-4314-9552-83a6fc83a1b6
 [response time] 27.508
 [number of tasks] 5
 [nm p s]
 [39] 1 1
 [38] 1 1
 [37] 1 0
 [13] 1 0
 [12] 1 0
 [11] 1 0
 [32] 1 1
 [4] 1 0
 [1] 1 1
 [0] 1 1
be6adc79-1aa3-475c-a3de-44fd465afc9a
 [response time] 27.926
 [number of tasks] 5
 [nm p s]
 [42] 1 1
 [37] 1 1
 [12] 1 1
 [33] 1 1
 [10] 1 0
 [5] 1 0
 [28] 1 0
 [3] 1 0
 [2] 1 1
 [48] 1 0
ef76ee48-ada8-44e4-a4a1-186f8ad70dae
 [response time] 28.112
 [number of tasks] 5
 [nm p s]
 [45] 1 1
 [43] 1 0
 [42] 1 0
 [34] 1 1
 [10] 1 0
 [7] 1 0
 [29] 1 1
 [48] 1 1
 [24] 1 1
 [0] 1 0
d042fd59-f134-4fc5-bdf3-dcc38ec30791
 [response time] 28.409
 [number of tasks] 5
 [nm p s]
 [19] 1 0
 [18] 1 0
 [35] 1 1
 [11] 1 1
 [9] 1 1
 [5] 1 0
 [28] 1 1
 [4] 1 0
 [3] 1 1
 [1] 1 0
1e0ecd8c-3b1d-486e-9309-f13914ad5d19
 [response time] 28.452
 [number of tasks] 5
 [nm p s]
 [22] 1 0
 [21] 1 1
 [44] 1 1
 [19] 1 0
 [41] 1 1
 [34] 1 1
 [31] 1 0
 [28] 1 1
 [2] 1 0
 [48] 1 0
7b901ab7-2f1d-48ec-9126-913eafe51d4b
 [response time] 28.763
 [number of tasks] 5
 [nm p s]
 [45] 1 1
 [21] 1 1
 [43] 1 1
 [18] 1 1
 [15] 1 0
 [14] 1 0
 [12] 1 0
 [29] 1 1
 [48] 1 0
 [1] 1 0
61d3bed0-bcde-4f32-8633-304c1f6d0715
 [response time] 29.099
 [number of tasks] 5
 [nm p s]
 [21] 1 0
 [41] 1 1
 [39] 1 0
 [34] 1 0
 [7] 1 1
 [30] 1 1
 [5] 1 0
 [47] 1 1
 [0] 1 0
 [23] 1 1
